2021-11-24 13:32:02,455 DEBUG    root            Loaded Command Group: [u'gcloud', u'auth']
2021-11-24 13:32:02,577 DEBUG    root            Loaded Command Group: [u'gcloud', u'auth', u'login']
2021-11-24 13:32:02,583 DEBUG    root            Running [gcloud.auth.login] with arguments: []
2021-11-24 13:32:02,737 DEBUG    requests_oauthlib.oauth2_session Generated new state Bpw2H5T4Rt2vHcoPjvxiCVMK6opOyu.
2021-11-24 13:32:03,107 INFO     ___FILE_ONLY___ Your browser has been opened to visit:

    https://accounts.google.com/o/oauth2/auth?response_type=code&client_id=32555940559.apps.googleusercontent.com&redirect_uri=http%3A%2F%2Flocalhost%3A8085%2F&scope=openid+https%3A%2F%2Fwww.googleapis.com%2Fauth%2Fuserinfo.email+https%3A%2F%2Fwww.googleapis.com%2Fauth%2Fcloud-platform+https%3A%2F%2Fwww.googleapis.com%2Fauth%2Fappengine.admin+https%3A%2F%2Fwww.googleapis.com%2Fauth%2Fcompute+https%3A%2F%2Fwww.googleapis.com%2Fauth%2Faccounts.reauth&state=Bpw2H5T4Rt2vHcoPjvxiCVMK6opOyu&code_challenge=ZxYyM8cP98z5LWfkLooe70EKTRimLY2J3Ooj4AlR29s&code_challenge_method=S256&access_type=offline


2021-11-24 13:32:09,400 INFO     google_auth_oauthlib.flow "GET /?state=Bpw2H5T4Rt2vHcoPjvxiCVMK6opOyu&code=4/0AX4XfWjcxHlgnYUEr_QZBry6x8VjjLbTKlN3AXk9OYDDDWOom0DGpDs6K3f4IlfE0GzahQ&scope=email%20openid%20https://www.googleapis.com/auth/userinfo.email%20https://www.googleapis.com/auth/cloud-platform%20https://www.googleapis.com/auth/appengine.admin%20https://www.googleapis.com/auth/compute%20https://www.googleapis.com/auth/accounts.reauth&authuser=0&prompt=consent HTTP/1.1" 200 959
2021-11-24 13:32:09,403 DEBUG    requests_oauthlib.oauth2_session Requesting url https://oauth2.googleapis.com/token using method POST.
2021-11-24 13:32:09,404 DEBUG    requests_oauthlib.oauth2_session Supplying headers {'Content-Type': 'application/x-www-form-urlencoded;charset=UTF-8', 'Accept': 'application/json', 'user-agent': 'google-cloud-sdk gcloud/364.0.0 command/gcloud.auth.login invocation-id/a13afa55af634592a5d96ebe6de5dc90 environment/None environment-version/None interactive/True from-script/False python/2.7.16 term/xterm-256color (Macintosh; Intel Mac OS X 19.6.0)'} and data {u'code': u'4/0AX4XfWjcxHlgnYUEr_QZBry6x8VjjLbTKlN3AXk9OYDDDWOom0DGpDs6K3f4IlfE0GzahQ', u'code_verifier': u'kRMvnl~JRypL_2eGn1e0UO1.fk_N-RJWjFA5r_7jc9BUPah7NlVypRxq7yTbRFpEJNc7euZo5v.T4qehmul0446v7PwgklHT.LcFPK0~6-DcqKBlGuAz7hUtKiyRoA78', u'redirect_uri': u'http://localhost:8085/', u'client_id': u'32555940559.apps.googleusercontent.com', u'client_secret': u'ZmssLNjJy2998hD4CTg2ejr2', u'grant_type': u'authorization_code'}
2021-11-24 13:32:09,404 DEBUG    requests_oauthlib.oauth2_session Passing through key word arguments {'verify': True, 'json': None, 'proxies': None, 'timeout': None, 'auth': None}.
2021-11-24 13:32:09,564 DEBUG    urllib3.connectionpool Starting new HTTPS connection (1): oauth2.googleapis.com:443
2021-11-24 13:32:09,818 DEBUG    urllib3.connectionpool https://oauth2.googleapis.com:443 "POST /token HTTP/1.1" 200 None
2021-11-24 13:32:09,820 DEBUG    requests_oauthlib.oauth2_session Prepared fetch token request body grant_type=authorization_code&client_id=32555940559.apps.googleusercontent.com&client_secret=ZmssLNjJy2998hD4CTg2ejr2&code_verifier=kRMvnl%7EJRypL_2eGn1e0UO1.fk_N-RJWjFA5r_7jc9BUPah7NlVypRxq7yTbRFpEJNc7euZo5v.T4qehmul0446v7PwgklHT.LcFPK0%7E6-DcqKBlGuAz7hUtKiyRoA78&code=4%2F0AX4XfWjcxHlgnYUEr_QZBry6x8VjjLbTKlN3AXk9OYDDDWOom0DGpDs6K3f4IlfE0GzahQ&redirect_uri=http%3A%2F%2Flocalhost%3A8085%2F
2021-11-24 13:32:09,820 DEBUG    requests_oauthlib.oauth2_session Request to fetch token completed with status 200.
2021-11-24 13:32:09,820 DEBUG    requests_oauthlib.oauth2_session Request headers were {'Content-Length': '391', 'Accept-Encoding': 'gzip, deflate', 'Accept': 'application/json', 'user-agent': 'google-cloud-sdk gcloud/364.0.0 command/gcloud.auth.login invocation-id/a13afa55af634592a5d96ebe6de5dc90 environment/None environment-version/None interactive/True from-script/False python/2.7.16 term/xterm-256color (Macintosh; Intel Mac OS X 19.6.0)', 'Connection': 'keep-alive', 'Content-Type': 'application/x-www-form-urlencoded;charset=UTF-8'}
2021-11-24 13:32:09,820 DEBUG    requests_oauthlib.oauth2_session Request body was code=4%2F0AX4XfWjcxHlgnYUEr_QZBry6x8VjjLbTKlN3AXk9OYDDDWOom0DGpDs6K3f4IlfE0GzahQ&code_verifier=kRMvnl%7EJRypL_2eGn1e0UO1.fk_N-RJWjFA5r_7jc9BUPah7NlVypRxq7yTbRFpEJNc7euZo5v.T4qehmul0446v7PwgklHT.LcFPK0%7E6-DcqKBlGuAz7hUtKiyRoA78&redirect_uri=http%3A%2F%2Flocalhost%3A8085%2F&client_id=32555940559.apps.googleusercontent.com&client_secret=ZmssLNjJy2998hD4CTg2ejr2&grant_type=authorization_code
2021-11-24 13:32:09,821 DEBUG    requests_oauthlib.oauth2_session Response headers were {'X-XSS-Protection': '0', 'X-Content-Type-Options': 'nosniff', 'Content-Encoding': 'gzip', 'Transfer-Encoding': 'chunked', 'Expires': 'Mon, 01 Jan 1990 00:00:00 GMT', 'Vary': 'Origin, X-Origin, Referer', 'Server': 'scaffolding on HTTPServer2', 'Pragma': 'no-cache', 'Cache-Control': 'no-cache, no-store, max-age=0, must-revalidate', 'Date': 'Wed, 24 Nov 2021 21:32:09 GMT', 'X-Frame-Options': 'SAMEORIGIN', 'Alt-Svc': 'h3=":443"; ma=2592000,h3-29=":443"; ma=2592000,h3-Q050=":443"; ma=2592000,h3-Q046=":443"; ma=2592000,h3-Q043=":443"; ma=2592000,quic=":443"; ma=2592000; v="46,43"', 'Content-Type': 'application/json; charset=utf-8'} and content {
  "access_token": "ya29.a0ARrdaM8EtrWzQfR8k84xJXDYuyYM0cXncLlMpjGbY3nHwCCGPJEkFqe1y82f3u0W9sGMRDMpM-3M7Hc4G_HqPADonZ8T_LGAz7K-PXah7lHRC5ZjGlwjvjo6WF_RdxCz09oaPahfi8RZkeeJB1fcPj5RoAW4TbF_98nd",
  "expires_in": 3599,
  "refresh_token": "1//063mrqlo36NXLCgYIARAAGAYSNwF-L9Ir1o5_EUmXh4PNEIUqY7Fj86NDd_2xS94EVK58TaNwfaeUVfGwKOXF3-5S5ZFvGUaEngs",
  "scope": "https://www.googleapis.com/auth/compute https://www.googleapis.com/auth/accounts.reauth openid https://www.googleapis.com/auth/cloud-platform https://www.googleapis.com/auth/appengine.admin https://www.googleapis.com/auth/userinfo.email",
  "token_type": "Bearer",
  "id_token": "eyJhbGciOiJSUzI1NiIsImtpZCI6ImQ0ZTA2Y2ViMjJiMDFiZTU2YzIxM2M5ODU0MGFiNTYzYmZmNWE1OGMiLCJ0eXAiOiJKV1QifQ.eyJpc3MiOiJodHRwczovL2FjY291bnRzLmdvb2dsZS5jb20iLCJhenAiOiIzMjU1NTk0MDU1OS5hcHBzLmdvb2dsZXVzZXJjb250ZW50LmNvbSIsImF1ZCI6IjMyNTU1OTQwNTU5LmFwcHMuZ29vZ2xldXNlcmNvbnRlbnQuY29tIiwic3ViIjoiMTAxNDIwNTIzNTk3NzQ0Mjk1MDYyIiwiZW1haWwiOiJ6YWNoc3RhbWVnbmFAZ21haWwuY29tIiwiZW1haWxfdmVyaWZpZWQiOnRydWUsImF0X2hhc2giOiIwS2w0UnJvaWVTeVpFNkl5cVRpTlhRIiwiaWF0IjoxNjM3Nzg5NTI5LCJleHAiOjE2Mzc3OTMxMjl9.Oiwvx6zOkHT4swS0F3nhogJhTVmp107sloZY7LXBKqevEboiFZX7B8R9-ngb4rs-WckrMaNL8h1ztdbksNP62g6r-15EWxivUzEUjMBns596uFTL_9eHmMaGm-T0K5PziGwq_AuJ33xzYvVp6q69MDjw9WH8s5t9Q-TPot_tsB9FV7y3VDs8UifEoEMWg1ZmSNa8Ky6lw-RPjlarGxoyoPWW12aVl_iI13m_pVHbIJn9rp5uYAQt0G4UPq2uXfUgNDj1L1rAze2IU3tlcHnrwCDCvd82z3Xxgpffwn0rbTFE5ERXkYawWZxcGIMSUZJYkf1itjnyh4jVevUShMbyug"
}.
2021-11-24 13:32:09,821 DEBUG    requests_oauthlib.oauth2_session Invoking 0 token response hooks.
2021-11-24 13:32:09,821 DEBUG    requests_oauthlib.oauth2_session Obtained token {u'token_type': u'Bearer', u'refresh_token': u'1//063mrqlo36NXLCgYIARAAGAYSNwF-L9Ir1o5_EUmXh4PNEIUqY7Fj86NDd_2xS94EVK58TaNwfaeUVfGwKOXF3-5S5ZFvGUaEngs', u'scope': [u'https://www.googleapis.com/auth/compute', u'https://www.googleapis.com/auth/accounts.reauth', u'openid', u'https://www.googleapis.com/auth/cloud-platform', u'https://www.googleapis.com/auth/appengine.admin', u'https://www.googleapis.com/auth/userinfo.email'], u'access_token': u'ya29.a0ARrdaM8EtrWzQfR8k84xJXDYuyYM0cXncLlMpjGbY3nHwCCGPJEkFqe1y82f3u0W9sGMRDMpM-3M7Hc4G_HqPADonZ8T_LGAz7K-PXah7lHRC5ZjGlwjvjo6WF_RdxCz09oaPahfi8RZkeeJB1fcPj5RoAW4TbF_98nd', u'id_token': u'eyJhbGciOiJSUzI1NiIsImtpZCI6ImQ0ZTA2Y2ViMjJiMDFiZTU2YzIxM2M5ODU0MGFiNTYzYmZmNWE1OGMiLCJ0eXAiOiJKV1QifQ.eyJpc3MiOiJodHRwczovL2FjY291bnRzLmdvb2dsZS5jb20iLCJhenAiOiIzMjU1NTk0MDU1OS5hcHBzLmdvb2dsZXVzZXJjb250ZW50LmNvbSIsImF1ZCI6IjMyNTU1OTQwNTU5LmFwcHMuZ29vZ2xldXNlcmNvbnRlbnQuY29tIiwic3ViIjoiMTAxNDIwNTIzNTk3NzQ0Mjk1MDYyIiwiZW1haWwiOiJ6YWNoc3RhbWVnbmFAZ21haWwuY29tIiwiZW1haWxfdmVyaWZpZWQiOnRydWUsImF0X2hhc2giOiIwS2w0UnJvaWVTeVpFNkl5cVRpTlhRIiwiaWF0IjoxNjM3Nzg5NTI5LCJleHAiOjE2Mzc3OTMxMjl9.Oiwvx6zOkHT4swS0F3nhogJhTVmp107sloZY7LXBKqevEboiFZX7B8R9-ngb4rs-WckrMaNL8h1ztdbksNP62g6r-15EWxivUzEUjMBns596uFTL_9eHmMaGm-T0K5PziGwq_AuJ33xzYvVp6q69MDjw9WH8s5t9Q-TPot_tsB9FV7y3VDs8UifEoEMWg1ZmSNa8Ky6lw-RPjlarGxoyoPWW12aVl_iI13m_pVHbIJn9rp5uYAQt0G4UPq2uXfUgNDj1L1rAze2IU3tlcHnrwCDCvd82z3Xxgpffwn0rbTFE5ERXkYawWZxcGIMSUZJYkf1itjnyh4jVevUShMbyug', u'expires_in': 3599, u'expires_at': 1637793128.821413}.
2021-11-24 13:32:09,837 INFO     ___FILE_ONLY___ 
You are now logged in as [zachstamegna@gmail.com].
Your current project is [high-comfort-332206].  You can change this setting by running:
  $ gcloud config set project PROJECT_ID

2021-11-24 13:32:09,844 INFO     root            Display format: "none"
