2021-11-22 13:04:06,686 DEBUG    root            Loaded Command Group: [u'gcloud', u'auth']
2021-11-22 13:04:06,737 DEBUG    root            Loaded Command Group: [u'gcloud', u'auth', u'login']
2021-11-22 13:04:06,740 DEBUG    root            Running [gcloud.auth.login] with arguments: []
2021-11-22 13:04:07,908 DEBUG    requests_oauthlib.oauth2_session Generated new state 17AY2gFcA5fGpqs3JvT3Q4513QSNjT.
2021-11-22 13:04:08,116 INFO     ___FILE_ONLY___ Your browser has been opened to visit:

    https://accounts.google.com/o/oauth2/auth?response_type=code&client_id=32555940559.apps.googleusercontent.com&redirect_uri=http%3A%2F%2Flocalhost%3A8085%2F&scope=openid+https%3A%2F%2Fwww.googleapis.com%2Fauth%2Fuserinfo.email+https%3A%2F%2Fwww.googleapis.com%2Fauth%2Fcloud-platform+https%3A%2F%2Fwww.googleapis.com%2Fauth%2Fappengine.admin+https%3A%2F%2Fwww.googleapis.com%2Fauth%2Fcompute+https%3A%2F%2Fwww.googleapis.com%2Fauth%2Faccounts.reauth&state=17AY2gFcA5fGpqs3JvT3Q4513QSNjT&code_challenge=DP-AgJ9zhAcDQM078ytDBR9eQeykhMes8n5Mi3mcUYs&code_challenge_method=S256&access_type=offline


2021-11-22 13:04:14,311 INFO     google_auth_oauthlib.flow "GET /?state=17AY2gFcA5fGpqs3JvT3Q4513QSNjT&code=4/0AX4XfWhDqPvn8_LTl9WkSUkmvh2INhYdZUjkMZoDYRBHwT_obGIHisjpRfCV1Jo7ZZPZUA&scope=email%20openid%20https://www.googleapis.com/auth/userinfo.email%20https://www.googleapis.com/auth/cloud-platform%20https://www.googleapis.com/auth/appengine.admin%20https://www.googleapis.com/auth/compute%20https://www.googleapis.com/auth/accounts.reauth&authuser=0&prompt=consent HTTP/1.1" 200 959
2021-11-22 13:04:14,313 DEBUG    requests_oauthlib.oauth2_session Requesting url https://oauth2.googleapis.com/token using method POST.
2021-11-22 13:04:14,313 DEBUG    requests_oauthlib.oauth2_session Supplying headers {'Content-Type': 'application/x-www-form-urlencoded;charset=UTF-8', 'Accept': 'application/json', 'user-agent': 'google-cloud-sdk gcloud/364.0.0 command/gcloud.auth.login invocation-id/be486dfaaa634a4f8e4b6590d3807229 environment/None environment-version/None interactive/True from-script/False python/2.7.16 term/xterm-256color (Macintosh; Intel Mac OS X 19.6.0)'} and data {u'code': u'4/0AX4XfWhDqPvn8_LTl9WkSUkmvh2INhYdZUjkMZoDYRBHwT_obGIHisjpRfCV1Jo7ZZPZUA', u'code_verifier': u'wX0In8gbj1wAs_JaB_0kRh8u_dBM5RwIoyE1QFB3uD_b._c_2zGPYH~7SEZuHovRQ310MFxGlCvyO.2fipCX1ojh~NzYjlmruWiAW9WGkABgLP~lIaBfNxH1OZiPB8Vk', u'redirect_uri': u'http://localhost:8085/', u'client_id': u'32555940559.apps.googleusercontent.com', u'client_secret': u'ZmssLNjJy2998hD4CTg2ejr2', u'grant_type': u'authorization_code'}
2021-11-22 13:04:14,313 DEBUG    requests_oauthlib.oauth2_session Passing through key word arguments {'verify': True, 'json': None, 'proxies': None, 'timeout': None, 'auth': None}.
2021-11-22 13:04:14,393 DEBUG    urllib3.connectionpool Starting new HTTPS connection (1): oauth2.googleapis.com:443
2021-11-22 13:04:14,672 DEBUG    urllib3.connectionpool https://oauth2.googleapis.com:443 "POST /token HTTP/1.1" 200 None
2021-11-22 13:04:14,673 DEBUG    requests_oauthlib.oauth2_session Prepared fetch token request body grant_type=authorization_code&client_id=32555940559.apps.googleusercontent.com&client_secret=ZmssLNjJy2998hD4CTg2ejr2&code_verifier=wX0In8gbj1wAs_JaB_0kRh8u_dBM5RwIoyE1QFB3uD_b._c_2zGPYH%7E7SEZuHovRQ310MFxGlCvyO.2fipCX1ojh%7ENzYjlmruWiAW9WGkABgLP%7ElIaBfNxH1OZiPB8Vk&code=4%2F0AX4XfWhDqPvn8_LTl9WkSUkmvh2INhYdZUjkMZoDYRBHwT_obGIHisjpRfCV1Jo7ZZPZUA&redirect_uri=http%3A%2F%2Flocalhost%3A8085%2F
2021-11-22 13:04:14,673 DEBUG    requests_oauthlib.oauth2_session Request to fetch token completed with status 200.
2021-11-22 13:04:14,673 DEBUG    requests_oauthlib.oauth2_session Request headers were {'Content-Length': '393', 'Accept-Encoding': 'gzip, deflate', 'Accept': 'application/json', 'user-agent': 'google-cloud-sdk gcloud/364.0.0 command/gcloud.auth.login invocation-id/be486dfaaa634a4f8e4b6590d3807229 environment/None environment-version/None interactive/True from-script/False python/2.7.16 term/xterm-256color (Macintosh; Intel Mac OS X 19.6.0)', 'Connection': 'keep-alive', 'Content-Type': 'application/x-www-form-urlencoded;charset=UTF-8'}
2021-11-22 13:04:14,674 DEBUG    requests_oauthlib.oauth2_session Request body was code=4%2F0AX4XfWhDqPvn8_LTl9WkSUkmvh2INhYdZUjkMZoDYRBHwT_obGIHisjpRfCV1Jo7ZZPZUA&code_verifier=wX0In8gbj1wAs_JaB_0kRh8u_dBM5RwIoyE1QFB3uD_b._c_2zGPYH%7E7SEZuHovRQ310MFxGlCvyO.2fipCX1ojh%7ENzYjlmruWiAW9WGkABgLP%7ElIaBfNxH1OZiPB8Vk&redirect_uri=http%3A%2F%2Flocalhost%3A8085%2F&client_id=32555940559.apps.googleusercontent.com&client_secret=ZmssLNjJy2998hD4CTg2ejr2&grant_type=authorization_code
2021-11-22 13:04:14,674 DEBUG    requests_oauthlib.oauth2_session Response headers were {'X-XSS-Protection': '0', 'X-Content-Type-Options': 'nosniff', 'Content-Encoding': 'gzip', 'Transfer-Encoding': 'chunked', 'Expires': 'Mon, 01 Jan 1990 00:00:00 GMT', 'Vary': 'Origin, X-Origin, Referer', 'Server': 'scaffolding on HTTPServer2', 'Pragma': 'no-cache', 'Cache-Control': 'no-cache, no-store, max-age=0, must-revalidate', 'Date': 'Mon, 22 Nov 2021 21:04:14 GMT', 'X-Frame-Options': 'SAMEORIGIN', 'Alt-Svc': 'h3=":443"; ma=2592000,h3-29=":443"; ma=2592000,h3-Q050=":443"; ma=2592000,h3-Q046=":443"; ma=2592000,h3-Q043=":443"; ma=2592000,quic=":443"; ma=2592000; v="46,43"', 'Content-Type': 'application/json; charset=utf-8'} and content {
  "access_token": "ya29.a0ARrdaM-ns4_9qOWw4RQJozTH0rzfCHxTr6unFMZgWhP7HeL1umh2NKu27a29LVwzp2q0gVJz4UJtpKfFSh7lC6SbkHWzUuZKJec-4tvF9zBCwhVEkZn0iF8HgDTjJX1411qcHfNUASnWraqa5QoQ4eduQy7qNoEdLMJZ",
  "expires_in": 3599,
  "refresh_token": "1//06S1_pe7zZ1CqCgYIARAAGAYSNwF-L9IrMNDmwFFElTLTHzdL0WfD_srSQ97dvM0Xt_vTh0nlwSMsfgPm4RUFoODv7CbrmOvUhu0",
  "scope": "https://www.googleapis.com/auth/compute https://www.googleapis.com/auth/accounts.reauth https://www.googleapis.com/auth/userinfo.email https://www.googleapis.com/auth/cloud-platform https://www.googleapis.com/auth/appengine.admin openid",
  "token_type": "Bearer",
  "id_token": "eyJhbGciOiJSUzI1NiIsImtpZCI6IjAzMmIyZWYzZDJjMjgwNjE1N2Y4YTliOWY0ZWY3Nzk4MzRmODVhZGEiLCJ0eXAiOiJKV1QifQ.eyJpc3MiOiJodHRwczovL2FjY291bnRzLmdvb2dsZS5jb20iLCJhenAiOiIzMjU1NTk0MDU1OS5hcHBzLmdvb2dsZXVzZXJjb250ZW50LmNvbSIsImF1ZCI6IjMyNTU1OTQwNTU5LmFwcHMuZ29vZ2xldXNlcmNvbnRlbnQuY29tIiwic3ViIjoiMTAxNDIwNTIzNTk3NzQ0Mjk1MDYyIiwiZW1haWwiOiJ6YWNoc3RhbWVnbmFAZ21haWwuY29tIiwiZW1haWxfdmVyaWZpZWQiOnRydWUsImF0X2hhc2giOiJoUnJvRDZjaWFmaHBWTV93WDhoNDRRIiwiaWF0IjoxNjM3NjE1MDU0LCJleHAiOjE2Mzc2MTg2NTR9.jpBLn7pF5kGWIxDe9Pd4k9tbdGZ6wc4RATnFnNFXsVo7I8wSPW3oC1TwjiDCNuHpgFUAuADtu_gxrzLfrrV0nd867pAoAf2nKVhiKRQTKEYHVe8Zub8SDmfgoYJdEUFlbizJr52-KkrQ6s_MHC9FbwWTUD8F8D6S7LZ8RntLTlF-pAN7MzYwC6AmLBxtKCi8lwUeiMWvKHrpg0GqBvHIqEHXO_bitqGPtkJWXeZyrZAAYEjB7yRiUn1b5JX8edYcHaij2JzTbYvN9NDAgIKeACYqD3NXLocNqTRYc8cujMy9BD6bi3JHqcVLEUDrjfmTYUXI0DJ4-PWCA-CWisQ_Xg"
}.
2021-11-22 13:04:14,674 DEBUG    requests_oauthlib.oauth2_session Invoking 0 token response hooks.
2021-11-22 13:04:14,674 DEBUG    requests_oauthlib.oauth2_session Obtained token {u'token_type': u'Bearer', u'refresh_token': u'1//06S1_pe7zZ1CqCgYIARAAGAYSNwF-L9IrMNDmwFFElTLTHzdL0WfD_srSQ97dvM0Xt_vTh0nlwSMsfgPm4RUFoODv7CbrmOvUhu0', u'scope': [u'https://www.googleapis.com/auth/compute', u'https://www.googleapis.com/auth/accounts.reauth', u'https://www.googleapis.com/auth/userinfo.email', u'https://www.googleapis.com/auth/cloud-platform', u'https://www.googleapis.com/auth/appengine.admin', u'openid'], u'access_token': u'ya29.a0ARrdaM-ns4_9qOWw4RQJozTH0rzfCHxTr6unFMZgWhP7HeL1umh2NKu27a29LVwzp2q0gVJz4UJtpKfFSh7lC6SbkHWzUuZKJec-4tvF9zBCwhVEkZn0iF8HgDTjJX1411qcHfNUASnWraqa5QoQ4eduQy7qNoEdLMJZ', u'id_token': u'eyJhbGciOiJSUzI1NiIsImtpZCI6IjAzMmIyZWYzZDJjMjgwNjE1N2Y4YTliOWY0ZWY3Nzk4MzRmODVhZGEiLCJ0eXAiOiJKV1QifQ.eyJpc3MiOiJodHRwczovL2FjY291bnRzLmdvb2dsZS5jb20iLCJhenAiOiIzMjU1NTk0MDU1OS5hcHBzLmdvb2dsZXVzZXJjb250ZW50LmNvbSIsImF1ZCI6IjMyNTU1OTQwNTU5LmFwcHMuZ29vZ2xldXNlcmNvbnRlbnQuY29tIiwic3ViIjoiMTAxNDIwNTIzNTk3NzQ0Mjk1MDYyIiwiZW1haWwiOiJ6YWNoc3RhbWVnbmFAZ21haWwuY29tIiwiZW1haWxfdmVyaWZpZWQiOnRydWUsImF0X2hhc2giOiJoUnJvRDZjaWFmaHBWTV93WDhoNDRRIiwiaWF0IjoxNjM3NjE1MDU0LCJleHAiOjE2Mzc2MTg2NTR9.jpBLn7pF5kGWIxDe9Pd4k9tbdGZ6wc4RATnFnNFXsVo7I8wSPW3oC1TwjiDCNuHpgFUAuADtu_gxrzLfrrV0nd867pAoAf2nKVhiKRQTKEYHVe8Zub8SDmfgoYJdEUFlbizJr52-KkrQ6s_MHC9FbwWTUD8F8D6S7LZ8RntLTlF-pAN7MzYwC6AmLBxtKCi8lwUeiMWvKHrpg0GqBvHIqEHXO_bitqGPtkJWXeZyrZAAYEjB7yRiUn1b5JX8edYcHaij2JzTbYvN9NDAgIKeACYqD3NXLocNqTRYc8cujMy9BD6bi3JHqcVLEUDrjfmTYUXI0DJ4-PWCA-CWisQ_Xg', u'expires_in': 3599, u'expires_at': 1637618653.674612}.
2021-11-22 13:04:14,683 INFO     ___FILE_ONLY___ 
You are now logged in as [zachstamegna@gmail.com].
Your current project is [high-comfort-332206].  You can change this setting by running:
  $ gcloud config set project PROJECT_ID

2021-11-22 13:04:14,687 INFO     root            Display format: "none"
