2021-11-22 14:23:05,571 DEBUG    root            Loaded Command Group: [u'gcloud', u'auth']
2021-11-22 14:23:05,636 DEBUG    root            Loaded Command Group: [u'gcloud', u'auth', u'login']
2021-11-22 14:23:05,638 DEBUG    root            Running [gcloud.auth.login] with arguments: []
2021-11-22 14:23:05,699 DEBUG    requests_oauthlib.oauth2_session Generated new state H5ESnWWJM7u9sK6EZteF1KbOniIhXi.
2021-11-22 14:23:05,921 INFO     ___FILE_ONLY___ Your browser has been opened to visit:

    https://accounts.google.com/o/oauth2/auth?response_type=code&client_id=32555940559.apps.googleusercontent.com&redirect_uri=http%3A%2F%2Flocalhost%3A8085%2F&scope=openid+https%3A%2F%2Fwww.googleapis.com%2Fauth%2Fuserinfo.email+https%3A%2F%2Fwww.googleapis.com%2Fauth%2Fcloud-platform+https%3A%2F%2Fwww.googleapis.com%2Fauth%2Fappengine.admin+https%3A%2F%2Fwww.googleapis.com%2Fauth%2Fcompute+https%3A%2F%2Fwww.googleapis.com%2Fauth%2Faccounts.reauth&state=H5ESnWWJM7u9sK6EZteF1KbOniIhXi&code_challenge=ACoe0gHU-ropsg7frnMtZ-w8IEWJHDNPD8-5Ij8ldUw&code_challenge_method=S256&access_type=offline


2021-11-22 14:23:10,189 INFO     google_auth_oauthlib.flow "GET /?state=H5ESnWWJM7u9sK6EZteF1KbOniIhXi&code=4/0AX4XfWikecPmgbvOYqGyX0mOL6VvUGCjtOMw3iZlP6XJcIf-46yMIqJtCJa6PjeGE6DZRQ&scope=email%20openid%20https://www.googleapis.com/auth/userinfo.email%20https://www.googleapis.com/auth/cloud-platform%20https://www.googleapis.com/auth/appengine.admin%20https://www.googleapis.com/auth/compute%20https://www.googleapis.com/auth/accounts.reauth&authuser=0&prompt=consent HTTP/1.1" 200 959
2021-11-22 14:23:10,190 DEBUG    requests_oauthlib.oauth2_session Requesting url https://oauth2.googleapis.com/token using method POST.
2021-11-22 14:23:10,190 DEBUG    requests_oauthlib.oauth2_session Supplying headers {'Content-Type': 'application/x-www-form-urlencoded;charset=UTF-8', 'Accept': 'application/json', 'user-agent': 'google-cloud-sdk gcloud/364.0.0 command/gcloud.auth.login invocation-id/ab9b863398ea4d038586af5e2635642b environment/None environment-version/None interactive/True from-script/False python/2.7.16 term/xterm-256color (Macintosh; Intel Mac OS X 19.6.0)'} and data {u'code': u'4/0AX4XfWikecPmgbvOYqGyX0mOL6VvUGCjtOMw3iZlP6XJcIf-46yMIqJtCJa6PjeGE6DZRQ', u'code_verifier': u'Y.zA41ERUbSnUr~jgKro6mDACU6nvMgio5piH6xcgsz-FbkFre.AHwjrw6goxC3j1rP7t.YnZgsE1g9HJLt.cDIaHCUR_CVQd7NwC5G~FiuEMQf_kHAf.habCj75s6Qp', u'redirect_uri': u'http://localhost:8085/', u'client_id': u'32555940559.apps.googleusercontent.com', u'client_secret': u'ZmssLNjJy2998hD4CTg2ejr2', u'grant_type': u'authorization_code'}
2021-11-22 14:23:10,191 DEBUG    requests_oauthlib.oauth2_session Passing through key word arguments {'verify': True, 'json': None, 'proxies': None, 'timeout': None, 'auth': None}.
2021-11-22 14:23:10,274 DEBUG    urllib3.connectionpool Starting new HTTPS connection (1): oauth2.googleapis.com:443
2021-11-22 14:23:10,502 DEBUG    urllib3.connectionpool https://oauth2.googleapis.com:443 "POST /token HTTP/1.1" 200 None
2021-11-22 14:23:10,504 DEBUG    requests_oauthlib.oauth2_session Prepared fetch token request body grant_type=authorization_code&client_id=32555940559.apps.googleusercontent.com&client_secret=ZmssLNjJy2998hD4CTg2ejr2&code_verifier=Y.zA41ERUbSnUr%7EjgKro6mDACU6nvMgio5piH6xcgsz-FbkFre.AHwjrw6goxC3j1rP7t.YnZgsE1g9HJLt.cDIaHCUR_CVQd7NwC5G%7EFiuEMQf_kHAf.habCj75s6Qp&code=4%2F0AX4XfWikecPmgbvOYqGyX0mOL6VvUGCjtOMw3iZlP6XJcIf-46yMIqJtCJa6PjeGE6DZRQ&redirect_uri=http%3A%2F%2Flocalhost%3A8085%2F
2021-11-22 14:23:10,504 DEBUG    requests_oauthlib.oauth2_session Request to fetch token completed with status 200.
2021-11-22 14:23:10,504 DEBUG    requests_oauthlib.oauth2_session Request headers were {'Content-Length': '391', 'Accept-Encoding': 'gzip, deflate', 'Accept': 'application/json', 'user-agent': 'google-cloud-sdk gcloud/364.0.0 command/gcloud.auth.login invocation-id/ab9b863398ea4d038586af5e2635642b environment/None environment-version/None interactive/True from-script/False python/2.7.16 term/xterm-256color (Macintosh; Intel Mac OS X 19.6.0)', 'Connection': 'keep-alive', 'Content-Type': 'application/x-www-form-urlencoded;charset=UTF-8'}
2021-11-22 14:23:10,504 DEBUG    requests_oauthlib.oauth2_session Request body was code=4%2F0AX4XfWikecPmgbvOYqGyX0mOL6VvUGCjtOMw3iZlP6XJcIf-46yMIqJtCJa6PjeGE6DZRQ&code_verifier=Y.zA41ERUbSnUr%7EjgKro6mDACU6nvMgio5piH6xcgsz-FbkFre.AHwjrw6goxC3j1rP7t.YnZgsE1g9HJLt.cDIaHCUR_CVQd7NwC5G%7EFiuEMQf_kHAf.habCj75s6Qp&redirect_uri=http%3A%2F%2Flocalhost%3A8085%2F&client_id=32555940559.apps.googleusercontent.com&client_secret=ZmssLNjJy2998hD4CTg2ejr2&grant_type=authorization_code
2021-11-22 14:23:10,504 DEBUG    requests_oauthlib.oauth2_session Response headers were {'X-XSS-Protection': '0', 'X-Content-Type-Options': 'nosniff', 'Content-Encoding': 'gzip', 'Transfer-Encoding': 'chunked', 'Expires': 'Mon, 01 Jan 1990 00:00:00 GMT', 'Vary': 'Origin, X-Origin, Referer', 'Server': 'scaffolding on HTTPServer2', 'Pragma': 'no-cache', 'Cache-Control': 'no-cache, no-store, max-age=0, must-revalidate', 'Date': 'Mon, 22 Nov 2021 22:23:10 GMT', 'X-Frame-Options': 'SAMEORIGIN', 'Alt-Svc': 'h3=":443"; ma=2592000,h3-29=":443"; ma=2592000,h3-Q050=":443"; ma=2592000,h3-Q046=":443"; ma=2592000,h3-Q043=":443"; ma=2592000,quic=":443"; ma=2592000; v="46,43"', 'Content-Type': 'application/json; charset=utf-8'} and content {
  "access_token": "ya29.a0ARrdaM9qSAAkDHeh1IRctnc5Hy8d36hWVI58gqhwzooG0yYWZaoajuojIzHFIkyCAenc5JMekqql33FNOTxas7P67fWciA2Qm_YBJrV-NlkJhtMh5Gm5qbO-XZvKTxPLo1OTXfGTgdKYDa_6vBlLukrKcdM-JdJv1igS",
  "expires_in": 3599,
  "refresh_token": "1//06cw3_ahxcT3-CgYIARAAGAYSNwF-L9IrfVG1d_3lkY_jusmknIpnarw-U7fhfY3cMcN_b5fX9RX4jSqHGmOd8wcVLYOLdlDZ6vY",
  "scope": "https://www.googleapis.com/auth/compute https://www.googleapis.com/auth/userinfo.email https://www.googleapis.com/auth/cloud-platform https://www.googleapis.com/auth/accounts.reauth openid https://www.googleapis.com/auth/appengine.admin",
  "token_type": "Bearer",
  "id_token": "eyJhbGciOiJSUzI1NiIsImtpZCI6IjAzMmIyZWYzZDJjMjgwNjE1N2Y4YTliOWY0ZWY3Nzk4MzRmODVhZGEiLCJ0eXAiOiJKV1QifQ.eyJpc3MiOiJodHRwczovL2FjY291bnRzLmdvb2dsZS5jb20iLCJhenAiOiIzMjU1NTk0MDU1OS5hcHBzLmdvb2dsZXVzZXJjb250ZW50LmNvbSIsImF1ZCI6IjMyNTU1OTQwNTU5LmFwcHMuZ29vZ2xldXNlcmNvbnRlbnQuY29tIiwic3ViIjoiMTAxNDIwNTIzNTk3NzQ0Mjk1MDYyIiwiZW1haWwiOiJ6YWNoc3RhbWVnbmFAZ21haWwuY29tIiwiZW1haWxfdmVyaWZpZWQiOnRydWUsImF0X2hhc2giOiJwODlDeXR4d0VFaG51NjcxVUtIT1pBIiwiaWF0IjoxNjM3NjE5NzkwLCJleHAiOjE2Mzc2MjMzOTB9.dtktY9EyDt8SJIdT_Rd5DI1bZa1a5iJLvmk3pxg6woKpG0MSnxWacEznrv1Myt2V_fDhFT0aojchC6b9vlOTLaFnsojWhodm-cm72Jqqtbq1j6L1vKwmUGlVJxPmDezFKbDs4GZJfcD3BBTrZ2Ynu1WeDU7uV_VxADuR39hKjuhGfFmZJHrP1I1_R8WoyeTC0E1urHDQx-5yPwcqnbEWlt6ljK-WqDpIQnaQNVqUBBAcx6uOEkYfYNanA-Qj3K3JKfNFe53TGZqK65-3YS3JrZ2MKHIMZb1UrONhM0IxD5lhA49qqqbWLiZrE2Fsz7bsKFgky5NxoKaYpCkbG3sSFg"
}.
2021-11-22 14:23:10,505 DEBUG    requests_oauthlib.oauth2_session Invoking 0 token response hooks.
2021-11-22 14:23:10,505 DEBUG    requests_oauthlib.oauth2_session Obtained token {u'token_type': u'Bearer', u'refresh_token': u'1//06cw3_ahxcT3-CgYIARAAGAYSNwF-L9IrfVG1d_3lkY_jusmknIpnarw-U7fhfY3cMcN_b5fX9RX4jSqHGmOd8wcVLYOLdlDZ6vY', u'scope': [u'https://www.googleapis.com/auth/compute', u'https://www.googleapis.com/auth/userinfo.email', u'https://www.googleapis.com/auth/cloud-platform', u'https://www.googleapis.com/auth/accounts.reauth', u'openid', u'https://www.googleapis.com/auth/appengine.admin'], u'access_token': u'ya29.a0ARrdaM9qSAAkDHeh1IRctnc5Hy8d36hWVI58gqhwzooG0yYWZaoajuojIzHFIkyCAenc5JMekqql33FNOTxas7P67fWciA2Qm_YBJrV-NlkJhtMh5Gm5qbO-XZvKTxPLo1OTXfGTgdKYDa_6vBlLukrKcdM-JdJv1igS', u'id_token': u'eyJhbGciOiJSUzI1NiIsImtpZCI6IjAzMmIyZWYzZDJjMjgwNjE1N2Y4YTliOWY0ZWY3Nzk4MzRmODVhZGEiLCJ0eXAiOiJKV1QifQ.eyJpc3MiOiJodHRwczovL2FjY291bnRzLmdvb2dsZS5jb20iLCJhenAiOiIzMjU1NTk0MDU1OS5hcHBzLmdvb2dsZXVzZXJjb250ZW50LmNvbSIsImF1ZCI6IjMyNTU1OTQwNTU5LmFwcHMuZ29vZ2xldXNlcmNvbnRlbnQuY29tIiwic3ViIjoiMTAxNDIwNTIzNTk3NzQ0Mjk1MDYyIiwiZW1haWwiOiJ6YWNoc3RhbWVnbmFAZ21haWwuY29tIiwiZW1haWxfdmVyaWZpZWQiOnRydWUsImF0X2hhc2giOiJwODlDeXR4d0VFaG51NjcxVUtIT1pBIiwiaWF0IjoxNjM3NjE5NzkwLCJleHAiOjE2Mzc2MjMzOTB9.dtktY9EyDt8SJIdT_Rd5DI1bZa1a5iJLvmk3pxg6woKpG0MSnxWacEznrv1Myt2V_fDhFT0aojchC6b9vlOTLaFnsojWhodm-cm72Jqqtbq1j6L1vKwmUGlVJxPmDezFKbDs4GZJfcD3BBTrZ2Ynu1WeDU7uV_VxADuR39hKjuhGfFmZJHrP1I1_R8WoyeTC0E1urHDQx-5yPwcqnbEWlt6ljK-WqDpIQnaQNVqUBBAcx6uOEkYfYNanA-Qj3K3JKfNFe53TGZqK65-3YS3JrZ2MKHIMZb1UrONhM0IxD5lhA49qqqbWLiZrE2Fsz7bsKFgky5NxoKaYpCkbG3sSFg', u'expires_in': 3599, u'expires_at': 1637623389.505317}.
2021-11-22 14:23:10,519 INFO     ___FILE_ONLY___ 
You are now logged in as [zachstamegna@gmail.com].
Your current project is [high-comfort-332206].  You can change this setting by running:
  $ gcloud config set project PROJECT_ID

2021-11-22 14:23:10,525 INFO     root            Display format: "none"
2021-11-22 14:23:10,684 DEBUG    root            Checking for updates...
2021-11-22 14:23:10,738 DEBUG    urllib3.connectionpool Starting new HTTPS connection (1): dl.google.com:443
2021-11-22 14:23:10,868 DEBUG    urllib3.connectionpool https://dl.google.com:443 "GET /dl/cloudsdk/channels/rapid/components-2.json HTTP/1.1" 200 171933
2021-11-22 14:23:10,962 DEBUG    root            Updating notification cache...
2021-11-22 14:23:10,962 DEBUG    root            Activating notification: [default]
2021-11-22 14:23:10,963 INFO     ___FILE_ONLY___ 

Updates are available for some Cloud SDK components.  To install them,
please run:
  $ gcloud components update


