2021-11-22 14:37:44,282 DEBUG    root            Loaded Command Group: [u'gcloud', u'auth']
2021-11-22 14:37:44,338 DEBUG    root            Loaded Command Group: [u'gcloud', u'auth', u'login']
2021-11-22 14:37:44,341 DEBUG    root            Running [gcloud.auth.login] with arguments: []
2021-11-22 14:37:44,439 DEBUG    requests_oauthlib.oauth2_session Generated new state JzDMFKT1rW2u0Rvr3mhqHTpdSAMGMG.
2021-11-22 14:37:44,663 INFO     ___FILE_ONLY___ Your browser has been opened to visit:

    https://accounts.google.com/o/oauth2/auth?response_type=code&client_id=32555940559.apps.googleusercontent.com&redirect_uri=http%3A%2F%2Flocalhost%3A8085%2F&scope=openid+https%3A%2F%2Fwww.googleapis.com%2Fauth%2Fuserinfo.email+https%3A%2F%2Fwww.googleapis.com%2Fauth%2Fcloud-platform+https%3A%2F%2Fwww.googleapis.com%2Fauth%2Fappengine.admin+https%3A%2F%2Fwww.googleapis.com%2Fauth%2Fcompute+https%3A%2F%2Fwww.googleapis.com%2Fauth%2Faccounts.reauth&state=JzDMFKT1rW2u0Rvr3mhqHTpdSAMGMG&code_challenge=pTOj_IkzDzQ16_tUTtC-zHfRVbFin4dwUa4GgXSeTwg&code_challenge_method=S256&access_type=offline


2021-11-22 14:37:53,765 INFO     google_auth_oauthlib.flow "GET /?state=JzDMFKT1rW2u0Rvr3mhqHTpdSAMGMG&code=4/0AX4XfWgXB2hHYXg9LjPNWlr-7RFJSz8ZSkSvREAytiPLy2JBt68yjRT-IObTb7-Ay1DJMw&scope=email%20openid%20https://www.googleapis.com/auth/userinfo.email%20https://www.googleapis.com/auth/cloud-platform%20https://www.googleapis.com/auth/appengine.admin%20https://www.googleapis.com/auth/compute%20https://www.googleapis.com/auth/accounts.reauth&authuser=0&prompt=consent HTTP/1.1" 200 959
2021-11-22 14:37:53,768 DEBUG    requests_oauthlib.oauth2_session Requesting url https://oauth2.googleapis.com/token using method POST.
2021-11-22 14:37:53,768 DEBUG    requests_oauthlib.oauth2_session Supplying headers {'Content-Type': 'application/x-www-form-urlencoded;charset=UTF-8', 'Accept': 'application/json', 'user-agent': 'google-cloud-sdk gcloud/364.0.0 command/gcloud.auth.login invocation-id/e522450ad4e846cca9efe06eeed49f38 environment/None environment-version/None interactive/True from-script/False python/2.7.16 term/xterm-256color (Macintosh; Intel Mac OS X 19.6.0)'} and data {u'code': u'4/0AX4XfWgXB2hHYXg9LjPNWlr-7RFJSz8ZSkSvREAytiPLy2JBt68yjRT-IObTb7-Ay1DJMw', u'code_verifier': u'xH2npLWUy.gtc5D_n76UNdxflOA~DebXDg48oAiad5dRgOdmMRRdnrsitu9qERkXx4e9nQ-wo5EXqqKkP_nvA7iWLtE4KtdIzEAYrJy2XV0KvmkvtCMNrOIpDs-4Qu-w', u'redirect_uri': u'http://localhost:8085/', u'client_id': u'32555940559.apps.googleusercontent.com', u'client_secret': u'ZmssLNjJy2998hD4CTg2ejr2', u'grant_type': u'authorization_code'}
2021-11-22 14:37:53,768 DEBUG    requests_oauthlib.oauth2_session Passing through key word arguments {'verify': True, 'json': None, 'proxies': None, 'timeout': None, 'auth': None}.
2021-11-22 14:37:53,844 DEBUG    urllib3.connectionpool Starting new HTTPS connection (1): oauth2.googleapis.com:443
2021-11-22 14:37:54,069 DEBUG    urllib3.connectionpool https://oauth2.googleapis.com:443 "POST /token HTTP/1.1" 200 None
2021-11-22 14:37:54,071 DEBUG    requests_oauthlib.oauth2_session Prepared fetch token request body grant_type=authorization_code&client_id=32555940559.apps.googleusercontent.com&client_secret=ZmssLNjJy2998hD4CTg2ejr2&code_verifier=xH2npLWUy.gtc5D_n76UNdxflOA%7EDebXDg48oAiad5dRgOdmMRRdnrsitu9qERkXx4e9nQ-wo5EXqqKkP_nvA7iWLtE4KtdIzEAYrJy2XV0KvmkvtCMNrOIpDs-4Qu-w&code=4%2F0AX4XfWgXB2hHYXg9LjPNWlr-7RFJSz8ZSkSvREAytiPLy2JBt68yjRT-IObTb7-Ay1DJMw&redirect_uri=http%3A%2F%2Flocalhost%3A8085%2F
2021-11-22 14:37:54,072 DEBUG    requests_oauthlib.oauth2_session Request to fetch token completed with status 200.
2021-11-22 14:37:54,073 DEBUG    requests_oauthlib.oauth2_session Request headers were {'Content-Length': '389', 'Accept-Encoding': 'gzip, deflate', 'Accept': 'application/json', 'user-agent': 'google-cloud-sdk gcloud/364.0.0 command/gcloud.auth.login invocation-id/e522450ad4e846cca9efe06eeed49f38 environment/None environment-version/None interactive/True from-script/False python/2.7.16 term/xterm-256color (Macintosh; Intel Mac OS X 19.6.0)', 'Connection': 'keep-alive', 'Content-Type': 'application/x-www-form-urlencoded;charset=UTF-8'}
2021-11-22 14:37:54,073 DEBUG    requests_oauthlib.oauth2_session Request body was code=4%2F0AX4XfWgXB2hHYXg9LjPNWlr-7RFJSz8ZSkSvREAytiPLy2JBt68yjRT-IObTb7-Ay1DJMw&code_verifier=xH2npLWUy.gtc5D_n76UNdxflOA%7EDebXDg48oAiad5dRgOdmMRRdnrsitu9qERkXx4e9nQ-wo5EXqqKkP_nvA7iWLtE4KtdIzEAYrJy2XV0KvmkvtCMNrOIpDs-4Qu-w&redirect_uri=http%3A%2F%2Flocalhost%3A8085%2F&client_id=32555940559.apps.googleusercontent.com&client_secret=ZmssLNjJy2998hD4CTg2ejr2&grant_type=authorization_code
2021-11-22 14:37:54,073 DEBUG    requests_oauthlib.oauth2_session Response headers were {'X-XSS-Protection': '0', 'X-Content-Type-Options': 'nosniff', 'Content-Encoding': 'gzip', 'Transfer-Encoding': 'chunked', 'Expires': 'Mon, 01 Jan 1990 00:00:00 GMT', 'Vary': 'Origin, X-Origin, Referer', 'Server': 'scaffolding on HTTPServer2', 'Pragma': 'no-cache', 'Cache-Control': 'no-cache, no-store, max-age=0, must-revalidate', 'Date': 'Mon, 22 Nov 2021 22:37:54 GMT', 'X-Frame-Options': 'SAMEORIGIN', 'Alt-Svc': 'h3=":443"; ma=2592000,h3-29=":443"; ma=2592000,h3-Q050=":443"; ma=2592000,h3-Q046=":443"; ma=2592000,h3-Q043=":443"; ma=2592000,quic=":443"; ma=2592000; v="46,43"', 'Content-Type': 'application/json; charset=utf-8'} and content {
  "access_token": "ya29.a0ARrdaM_EyOShHd0ifGOEv8gulO92cwAI1OoAg8Odnk83ks6ECNeuPoYL098X81RDlUkXPnOphX4b_CLRyBsuLHM3Lls0mRpVmhm-dbA_o9FNIn7N9m6G3J-0kHgm7dx9P61h_P0k9NZlVg9WRmo7JRTvqljXpLab3nLk",
  "expires_in": 3599,
  "refresh_token": "1//06FgvOW4B6NbdCgYIARAAGAYSNwF-L9IrruuqZ0KmoHHdGtx9-I37S15PkgSXDvaaXVqJya2Djnc-d8iGjhxp3MvMFKdxI4IejrY",
  "scope": "openid https://www.googleapis.com/auth/cloud-platform https://www.googleapis.com/auth/userinfo.email https://www.googleapis.com/auth/appengine.admin https://www.googleapis.com/auth/compute https://www.googleapis.com/auth/accounts.reauth",
  "token_type": "Bearer",
  "id_token": "eyJhbGciOiJSUzI1NiIsImtpZCI6IjAzMmIyZWYzZDJjMjgwNjE1N2Y4YTliOWY0ZWY3Nzk4MzRmODVhZGEiLCJ0eXAiOiJKV1QifQ.eyJpc3MiOiJodHRwczovL2FjY291bnRzLmdvb2dsZS5jb20iLCJhenAiOiIzMjU1NTk0MDU1OS5hcHBzLmdvb2dsZXVzZXJjb250ZW50LmNvbSIsImF1ZCI6IjMyNTU1OTQwNTU5LmFwcHMuZ29vZ2xldXNlcmNvbnRlbnQuY29tIiwic3ViIjoiMTAxNDIwNTIzNTk3NzQ0Mjk1MDYyIiwiZW1haWwiOiJ6YWNoc3RhbWVnbmFAZ21haWwuY29tIiwiZW1haWxfdmVyaWZpZWQiOnRydWUsImF0X2hhc2giOiJrc1NsYlJDLWt1aHpxZW1pbHJ5MWpBIiwiaWF0IjoxNjM3NjIwNjc0LCJleHAiOjE2Mzc2MjQyNzR9.ytz0hLTkMPOWTPUq1XFliYTw9k2Ywf3OWguCPBge6WtVp7su-dZbWR5jveUZficYSJ5KQNGuGyhG-pH8WkfhRwd_liSZp3qpmI6y13CvTe8uVdHysojq1-PIZBh1njeUgTcZgziQ1CHfpNB-QmtVOeLQyB6Jtl_fJ4fh7fZUteqVORAGNaUpy18L-IGG2avnvQfGcM7_qIyJi8nq1-BnnE6vQXbqKLuK5v7o-zrTA8S0waS1tbMF-iZnEeVot9IJkArbg7IatlfpaLNW-_PzSbQsSoH-Eli7R1HfZEMeJ2xD4qFSymi7q8wO2xsMJZ5n2WSeTZvmHqXJsDPwia41pg"
}.
2021-11-22 14:37:54,073 DEBUG    requests_oauthlib.oauth2_session Invoking 0 token response hooks.
2021-11-22 14:37:54,074 DEBUG    requests_oauthlib.oauth2_session Obtained token {u'token_type': u'Bearer', u'refresh_token': u'1//06FgvOW4B6NbdCgYIARAAGAYSNwF-L9IrruuqZ0KmoHHdGtx9-I37S15PkgSXDvaaXVqJya2Djnc-d8iGjhxp3MvMFKdxI4IejrY', u'scope': [u'openid', u'https://www.googleapis.com/auth/cloud-platform', u'https://www.googleapis.com/auth/userinfo.email', u'https://www.googleapis.com/auth/appengine.admin', u'https://www.googleapis.com/auth/compute', u'https://www.googleapis.com/auth/accounts.reauth'], u'access_token': u'ya29.a0ARrdaM_EyOShHd0ifGOEv8gulO92cwAI1OoAg8Odnk83ks6ECNeuPoYL098X81RDlUkXPnOphX4b_CLRyBsuLHM3Lls0mRpVmhm-dbA_o9FNIn7N9m6G3J-0kHgm7dx9P61h_P0k9NZlVg9WRmo7JRTvqljXpLab3nLk', u'id_token': u'eyJhbGciOiJSUzI1NiIsImtpZCI6IjAzMmIyZWYzZDJjMjgwNjE1N2Y4YTliOWY0ZWY3Nzk4MzRmODVhZGEiLCJ0eXAiOiJKV1QifQ.eyJpc3MiOiJodHRwczovL2FjY291bnRzLmdvb2dsZS5jb20iLCJhenAiOiIzMjU1NTk0MDU1OS5hcHBzLmdvb2dsZXVzZXJjb250ZW50LmNvbSIsImF1ZCI6IjMyNTU1OTQwNTU5LmFwcHMuZ29vZ2xldXNlcmNvbnRlbnQuY29tIiwic3ViIjoiMTAxNDIwNTIzNTk3NzQ0Mjk1MDYyIiwiZW1haWwiOiJ6YWNoc3RhbWVnbmFAZ21haWwuY29tIiwiZW1haWxfdmVyaWZpZWQiOnRydWUsImF0X2hhc2giOiJrc1NsYlJDLWt1aHpxZW1pbHJ5MWpBIiwiaWF0IjoxNjM3NjIwNjc0LCJleHAiOjE2Mzc2MjQyNzR9.ytz0hLTkMPOWTPUq1XFliYTw9k2Ywf3OWguCPBge6WtVp7su-dZbWR5jveUZficYSJ5KQNGuGyhG-pH8WkfhRwd_liSZp3qpmI6y13CvTe8uVdHysojq1-PIZBh1njeUgTcZgziQ1CHfpNB-QmtVOeLQyB6Jtl_fJ4fh7fZUteqVORAGNaUpy18L-IGG2avnvQfGcM7_qIyJi8nq1-BnnE6vQXbqKLuK5v7o-zrTA8S0waS1tbMF-iZnEeVot9IJkArbg7IatlfpaLNW-_PzSbQsSoH-Eli7R1HfZEMeJ2xD4qFSymi7q8wO2xsMJZ5n2WSeTZvmHqXJsDPwia41pg', u'expires_in': 3599, u'expires_at': 1637624273.07411}.
2021-11-22 14:37:54,092 INFO     ___FILE_ONLY___ 
You are now logged in as [zachstamegna@gmail.com].
Your current project is [high-comfort-332206].  You can change this setting by running:
  $ gcloud config set project PROJECT_ID

2021-11-22 14:37:54,101 INFO     root            Display format: "none"
