2021-11-22 14:31:59,432 DEBUG    root            Loaded Command Group: [u'gcloud', u'auth']
2021-11-22 14:31:59,480 DEBUG    root            Loaded Command Group: [u'gcloud', u'auth', u'login']
2021-11-22 14:31:59,483 DEBUG    root            Running [gcloud.auth.login] with arguments: []
2021-11-22 14:31:59,527 DEBUG    requests_oauthlib.oauth2_session Generated new state FIPZQPKSTK2qR0Q2VaYSfDWDnilkGl.
2021-11-22 14:31:59,769 INFO     ___FILE_ONLY___ Your browser has been opened to visit:

    https://accounts.google.com/o/oauth2/auth?response_type=code&client_id=32555940559.apps.googleusercontent.com&redirect_uri=http%3A%2F%2Flocalhost%3A8085%2F&scope=openid+https%3A%2F%2Fwww.googleapis.com%2Fauth%2Fuserinfo.email+https%3A%2F%2Fwww.googleapis.com%2Fauth%2Fcloud-platform+https%3A%2F%2Fwww.googleapis.com%2Fauth%2Fappengine.admin+https%3A%2F%2Fwww.googleapis.com%2Fauth%2Fcompute+https%3A%2F%2Fwww.googleapis.com%2Fauth%2Faccounts.reauth&state=FIPZQPKSTK2qR0Q2VaYSfDWDnilkGl&code_challenge=Wn2_TFNYeDZKBbniupD23J1R8rmwdxe3Y8bXVoAEws0&code_challenge_method=S256&access_type=offline


2021-11-22 14:32:04,926 INFO     google_auth_oauthlib.flow "GET /?state=FIPZQPKSTK2qR0Q2VaYSfDWDnilkGl&code=4/0AX4XfWj7r9xdGTPcYEZFe7rfKXiTWUvPBNm6xeGtUwtdY5oNRrod3Ko35hebolBeztHZ3g&scope=email%20openid%20https://www.googleapis.com/auth/userinfo.email%20https://www.googleapis.com/auth/cloud-platform%20https://www.googleapis.com/auth/appengine.admin%20https://www.googleapis.com/auth/compute%20https://www.googleapis.com/auth/accounts.reauth&authuser=0&prompt=consent HTTP/1.1" 200 959
2021-11-22 14:32:04,929 DEBUG    requests_oauthlib.oauth2_session Requesting url https://oauth2.googleapis.com/token using method POST.
2021-11-22 14:32:04,929 DEBUG    requests_oauthlib.oauth2_session Supplying headers {'Content-Type': 'application/x-www-form-urlencoded;charset=UTF-8', 'Accept': 'application/json', 'user-agent': 'google-cloud-sdk gcloud/364.0.0 command/gcloud.auth.login invocation-id/8ca7a6a58628443dad0203275fb2c11e environment/None environment-version/None interactive/True from-script/False python/2.7.16 term/xterm-256color (Macintosh; Intel Mac OS X 19.6.0)'} and data {u'code': u'4/0AX4XfWj7r9xdGTPcYEZFe7rfKXiTWUvPBNm6xeGtUwtdY5oNRrod3Ko35hebolBeztHZ3g', u'code_verifier': u'yOIXv9~NnJpfShTt84cH2DsVk4iOZeF~I8.T-D9AGuv-47PxE8.NYwfulEka9tIloO~JuKIonmmNGrG-2A2J6XfFch0S4QZib4RfbCr6XuAQHYQEN.rNbuGPX~iCnKIV', u'redirect_uri': u'http://localhost:8085/', u'client_id': u'32555940559.apps.googleusercontent.com', u'client_secret': u'ZmssLNjJy2998hD4CTg2ejr2', u'grant_type': u'authorization_code'}
2021-11-22 14:32:04,930 DEBUG    requests_oauthlib.oauth2_session Passing through key word arguments {'verify': True, 'json': None, 'proxies': None, 'timeout': None, 'auth': None}.
2021-11-22 14:32:08,017 DEBUG    urllib3.connectionpool Starting new HTTPS connection (1): oauth2.googleapis.com:443
2021-11-22 14:32:08,278 DEBUG    urllib3.connectionpool https://oauth2.googleapis.com:443 "POST /token HTTP/1.1" 200 None
2021-11-22 14:32:08,281 DEBUG    requests_oauthlib.oauth2_session Prepared fetch token request body grant_type=authorization_code&client_id=32555940559.apps.googleusercontent.com&client_secret=ZmssLNjJy2998hD4CTg2ejr2&code_verifier=yOIXv9%7ENnJpfShTt84cH2DsVk4iOZeF%7EI8.T-D9AGuv-47PxE8.NYwfulEka9tIloO%7EJuKIonmmNGrG-2A2J6XfFch0S4QZib4RfbCr6XuAQHYQEN.rNbuGPX%7EiCnKIV&code=4%2F0AX4XfWj7r9xdGTPcYEZFe7rfKXiTWUvPBNm6xeGtUwtdY5oNRrod3Ko35hebolBeztHZ3g&redirect_uri=http%3A%2F%2Flocalhost%3A8085%2F
2021-11-22 14:32:08,281 DEBUG    requests_oauthlib.oauth2_session Request to fetch token completed with status 200.
2021-11-22 14:32:08,282 DEBUG    requests_oauthlib.oauth2_session Request headers were {'Content-Length': '395', 'Accept-Encoding': 'gzip, deflate', 'Accept': 'application/json', 'user-agent': 'google-cloud-sdk gcloud/364.0.0 command/gcloud.auth.login invocation-id/8ca7a6a58628443dad0203275fb2c11e environment/None environment-version/None interactive/True from-script/False python/2.7.16 term/xterm-256color (Macintosh; Intel Mac OS X 19.6.0)', 'Connection': 'keep-alive', 'Content-Type': 'application/x-www-form-urlencoded;charset=UTF-8'}
2021-11-22 14:32:08,282 DEBUG    requests_oauthlib.oauth2_session Request body was code=4%2F0AX4XfWj7r9xdGTPcYEZFe7rfKXiTWUvPBNm6xeGtUwtdY5oNRrod3Ko35hebolBeztHZ3g&code_verifier=yOIXv9%7ENnJpfShTt84cH2DsVk4iOZeF%7EI8.T-D9AGuv-47PxE8.NYwfulEka9tIloO%7EJuKIonmmNGrG-2A2J6XfFch0S4QZib4RfbCr6XuAQHYQEN.rNbuGPX%7EiCnKIV&redirect_uri=http%3A%2F%2Flocalhost%3A8085%2F&client_id=32555940559.apps.googleusercontent.com&client_secret=ZmssLNjJy2998hD4CTg2ejr2&grant_type=authorization_code
2021-11-22 14:32:08,282 DEBUG    requests_oauthlib.oauth2_session Response headers were {'X-XSS-Protection': '0', 'X-Content-Type-Options': 'nosniff', 'Content-Encoding': 'gzip', 'Transfer-Encoding': 'chunked', 'Expires': 'Mon, 01 Jan 1990 00:00:00 GMT', 'Vary': 'Origin, X-Origin, Referer', 'Server': 'scaffolding on HTTPServer2', 'Pragma': 'no-cache', 'Cache-Control': 'no-cache, no-store, max-age=0, must-revalidate', 'Date': 'Mon, 22 Nov 2021 22:32:08 GMT', 'X-Frame-Options': 'SAMEORIGIN', 'Alt-Svc': 'h3=":443"; ma=2592000,h3-29=":443"; ma=2592000,h3-Q050=":443"; ma=2592000,h3-Q046=":443"; ma=2592000,h3-Q043=":443"; ma=2592000,quic=":443"; ma=2592000; v="46,43"', 'Content-Type': 'application/json; charset=utf-8'} and content {
  "access_token": "ya29.a0ARrdaM8wibA3URxKGEXfMRl6e9h4ufvKE7dQTdA8zx0FbtpxXULzNddB8Zl3JkEUhrEUAjM4vxWr-ZytY0cEezAIQcGKE7ZxiprVgeoY9MPXsjZUOAbk3svci-FT818OCfRJwZwKIJqC4ptFjGb3jmGfcKxpAvcFwoxN",
  "expires_in": 3599,
  "refresh_token": "1//06SXVv0HP4P7UCgYIARAAGAYSNwF-L9Ir0fBLAzCWH7E75h_SUTcNaq1UckoT8wgkZ0obkfWIOBnODyL53v9Kez11AJjbNVIOLD4",
  "scope": "openid https://www.googleapis.com/auth/cloud-platform https://www.googleapis.com/auth/appengine.admin https://www.googleapis.com/auth/compute https://www.googleapis.com/auth/accounts.reauth https://www.googleapis.com/auth/userinfo.email",
  "token_type": "Bearer",
  "id_token": "eyJhbGciOiJSUzI1NiIsImtpZCI6IjAzMmIyZWYzZDJjMjgwNjE1N2Y4YTliOWY0ZWY3Nzk4MzRmODVhZGEiLCJ0eXAiOiJKV1QifQ.eyJpc3MiOiJodHRwczovL2FjY291bnRzLmdvb2dsZS5jb20iLCJhenAiOiIzMjU1NTk0MDU1OS5hcHBzLmdvb2dsZXVzZXJjb250ZW50LmNvbSIsImF1ZCI6IjMyNTU1OTQwNTU5LmFwcHMuZ29vZ2xldXNlcmNvbnRlbnQuY29tIiwic3ViIjoiMTAxNDIwNTIzNTk3NzQ0Mjk1MDYyIiwiZW1haWwiOiJ6YWNoc3RhbWVnbmFAZ21haWwuY29tIiwiZW1haWxfdmVyaWZpZWQiOnRydWUsImF0X2hhc2giOiJaSUg2T0NHenozQU44R1VaNGdzRFRRIiwiaWF0IjoxNjM3NjIwMzI4LCJleHAiOjE2Mzc2MjM5Mjh9.Akv5qMXbX45Z8s3KChKwordf2tXEjXhztU5vB01K7S4j-CE4d0e9n1rro6q7ugxjig5Q2pG-r6gHhWLcbLs6-PlQCHDqMkVhCQfo2lgItgSriNJ978-xu2gLNQrC9Uz1xp_COkLuWVt7iwRusCQGexLdaehV7eGog3ugChmCZJR4st0APmJcIGFU3v1VH1DRoWrxcxs-DlKin9a_b3eImBu6LtLt4nt5dTy_ikCUrrdFSHYGkCCowQIQc9Ovq88QpkCaMDjLhO3YLV9qRek04DoiJnrvNkbrMwWaRijzqExqSWIpflJQX2H-AxI-09TbEwDgMYPgQ3RhSoLHgqgxcA"
}.
2021-11-22 14:32:08,282 DEBUG    requests_oauthlib.oauth2_session Invoking 0 token response hooks.
2021-11-22 14:32:08,282 DEBUG    requests_oauthlib.oauth2_session Obtained token {u'token_type': u'Bearer', u'refresh_token': u'1//06SXVv0HP4P7UCgYIARAAGAYSNwF-L9Ir0fBLAzCWH7E75h_SUTcNaq1UckoT8wgkZ0obkfWIOBnODyL53v9Kez11AJjbNVIOLD4', u'scope': [u'openid', u'https://www.googleapis.com/auth/cloud-platform', u'https://www.googleapis.com/auth/appengine.admin', u'https://www.googleapis.com/auth/compute', u'https://www.googleapis.com/auth/accounts.reauth', u'https://www.googleapis.com/auth/userinfo.email'], u'access_token': u'ya29.a0ARrdaM8wibA3URxKGEXfMRl6e9h4ufvKE7dQTdA8zx0FbtpxXULzNddB8Zl3JkEUhrEUAjM4vxWr-ZytY0cEezAIQcGKE7ZxiprVgeoY9MPXsjZUOAbk3svci-FT818OCfRJwZwKIJqC4ptFjGb3jmGfcKxpAvcFwoxN', u'id_token': u'eyJhbGciOiJSUzI1NiIsImtpZCI6IjAzMmIyZWYzZDJjMjgwNjE1N2Y4YTliOWY0ZWY3Nzk4MzRmODVhZGEiLCJ0eXAiOiJKV1QifQ.eyJpc3MiOiJodHRwczovL2FjY291bnRzLmdvb2dsZS5jb20iLCJhenAiOiIzMjU1NTk0MDU1OS5hcHBzLmdvb2dsZXVzZXJjb250ZW50LmNvbSIsImF1ZCI6IjMyNTU1OTQwNTU5LmFwcHMuZ29vZ2xldXNlcmNvbnRlbnQuY29tIiwic3ViIjoiMTAxNDIwNTIzNTk3NzQ0Mjk1MDYyIiwiZW1haWwiOiJ6YWNoc3RhbWVnbmFAZ21haWwuY29tIiwiZW1haWxfdmVyaWZpZWQiOnRydWUsImF0X2hhc2giOiJaSUg2T0NHenozQU44R1VaNGdzRFRRIiwiaWF0IjoxNjM3NjIwMzI4LCJleHAiOjE2Mzc2MjM5Mjh9.Akv5qMXbX45Z8s3KChKwordf2tXEjXhztU5vB01K7S4j-CE4d0e9n1rro6q7ugxjig5Q2pG-r6gHhWLcbLs6-PlQCHDqMkVhCQfo2lgItgSriNJ978-xu2gLNQrC9Uz1xp_COkLuWVt7iwRusCQGexLdaehV7eGog3ugChmCZJR4st0APmJcIGFU3v1VH1DRoWrxcxs-DlKin9a_b3eImBu6LtLt4nt5dTy_ikCUrrdFSHYGkCCowQIQc9Ovq88QpkCaMDjLhO3YLV9qRek04DoiJnrvNkbrMwWaRijzqExqSWIpflJQX2H-AxI-09TbEwDgMYPgQ3RhSoLHgqgxcA', u'expires_in': 3599, u'expires_at': 1637623927.282754}.
2021-11-22 14:32:08,296 INFO     ___FILE_ONLY___ 
You are now logged in as [zachstamegna@gmail.com].
Your current project is [high-comfort-332206].  You can change this setting by running:
  $ gcloud config set project PROJECT_ID

2021-11-22 14:32:08,297 INFO     root            Display format: "none"
