2021-11-22 14:56:04,132 DEBUG    root            Loaded Command Group: [u'gcloud', u'auth']
2021-11-22 14:56:04,183 DEBUG    root            Loaded Command Group: [u'gcloud', u'auth', u'login']
2021-11-22 14:56:04,187 DEBUG    root            Running [gcloud.auth.login] with arguments: []
2021-11-22 14:56:05,319 DEBUG    requests_oauthlib.oauth2_session Generated new state bR5cdjdNJ8vpaKrMa2UvOICj3VjDTT.
2021-11-22 14:56:05,545 INFO     ___FILE_ONLY___ Your browser has been opened to visit:

    https://accounts.google.com/o/oauth2/auth?response_type=code&client_id=32555940559.apps.googleusercontent.com&redirect_uri=http%3A%2F%2Flocalhost%3A8085%2F&scope=openid+https%3A%2F%2Fwww.googleapis.com%2Fauth%2Fuserinfo.email+https%3A%2F%2Fwww.googleapis.com%2Fauth%2Fcloud-platform+https%3A%2F%2Fwww.googleapis.com%2Fauth%2Fappengine.admin+https%3A%2F%2Fwww.googleapis.com%2Fauth%2Fcompute+https%3A%2F%2Fwww.googleapis.com%2Fauth%2Faccounts.reauth&state=bR5cdjdNJ8vpaKrMa2UvOICj3VjDTT&code_challenge=l8EkaV06KRbOPftXALuHsIwZXLyFq6V2B0johFrT1xw&code_challenge_method=S256&access_type=offline


2021-11-22 14:56:11,245 INFO     google_auth_oauthlib.flow "GET /?state=bR5cdjdNJ8vpaKrMa2UvOICj3VjDTT&code=4/0AX4XfWgPy8Y5UEtyi_F8HNCU80kEYhiR6ZY_B0xiCwVmop-uuVxikLi6vF_Hu5ggrRtWlQ&scope=email%20openid%20https://www.googleapis.com/auth/userinfo.email%20https://www.googleapis.com/auth/cloud-platform%20https://www.googleapis.com/auth/appengine.admin%20https://www.googleapis.com/auth/compute%20https://www.googleapis.com/auth/accounts.reauth&authuser=0&prompt=consent HTTP/1.1" 200 959
2021-11-22 14:56:11,248 DEBUG    requests_oauthlib.oauth2_session Requesting url https://oauth2.googleapis.com/token using method POST.
2021-11-22 14:56:11,248 DEBUG    requests_oauthlib.oauth2_session Supplying headers {'Content-Type': 'application/x-www-form-urlencoded;charset=UTF-8', 'Accept': 'application/json', 'user-agent': 'google-cloud-sdk gcloud/364.0.0 command/gcloud.auth.login invocation-id/9cdd73c77d964666a8992680abe6ecff environment/None environment-version/None interactive/True from-script/False python/2.7.16 term/xterm-256color (Macintosh; Intel Mac OS X 19.6.0)'} and data {u'code': u'4/0AX4XfWgPy8Y5UEtyi_F8HNCU80kEYhiR6ZY_B0xiCwVmop-uuVxikLi6vF_Hu5ggrRtWlQ', u'code_verifier': u'vR035~H51hn8bkNRNw4-4lmx~my-Pq4DBt_M~b3nQq5foTY88x9s0-LhVgpGH-v9g9lfs2olCuBD03xJt~cpm6vPc6zMWbXW5ycN7-ZFHN0Ya4mHIcQp155Z_HLjnNad', u'redirect_uri': u'http://localhost:8085/', u'client_id': u'32555940559.apps.googleusercontent.com', u'client_secret': u'ZmssLNjJy2998hD4CTg2ejr2', u'grant_type': u'authorization_code'}
2021-11-22 14:56:11,249 DEBUG    requests_oauthlib.oauth2_session Passing through key word arguments {'verify': True, 'json': None, 'proxies': None, 'timeout': None, 'auth': None}.
2021-11-22 14:56:11,333 DEBUG    urllib3.connectionpool Starting new HTTPS connection (1): oauth2.googleapis.com:443
2021-11-22 14:56:11,601 DEBUG    urllib3.connectionpool https://oauth2.googleapis.com:443 "POST /token HTTP/1.1" 200 None
2021-11-22 14:56:11,603 DEBUG    requests_oauthlib.oauth2_session Prepared fetch token request body grant_type=authorization_code&client_id=32555940559.apps.googleusercontent.com&client_secret=ZmssLNjJy2998hD4CTg2ejr2&code_verifier=vR035%7EH51hn8bkNRNw4-4lmx%7Emy-Pq4DBt_M%7Eb3nQq5foTY88x9s0-LhVgpGH-v9g9lfs2olCuBD03xJt%7Ecpm6vPc6zMWbXW5ycN7-ZFHN0Ya4mHIcQp155Z_HLjnNad&code=4%2F0AX4XfWgPy8Y5UEtyi_F8HNCU80kEYhiR6ZY_B0xiCwVmop-uuVxikLi6vF_Hu5ggrRtWlQ&redirect_uri=http%3A%2F%2Flocalhost%3A8085%2F
2021-11-22 14:56:11,603 DEBUG    requests_oauthlib.oauth2_session Request to fetch token completed with status 200.
2021-11-22 14:56:11,604 DEBUG    requests_oauthlib.oauth2_session Request headers were {'Content-Length': '395', 'Accept-Encoding': 'gzip, deflate', 'Accept': 'application/json', 'user-agent': 'google-cloud-sdk gcloud/364.0.0 command/gcloud.auth.login invocation-id/9cdd73c77d964666a8992680abe6ecff environment/None environment-version/None interactive/True from-script/False python/2.7.16 term/xterm-256color (Macintosh; Intel Mac OS X 19.6.0)', 'Connection': 'keep-alive', 'Content-Type': 'application/x-www-form-urlencoded;charset=UTF-8'}
2021-11-22 14:56:11,604 DEBUG    requests_oauthlib.oauth2_session Request body was code=4%2F0AX4XfWgPy8Y5UEtyi_F8HNCU80kEYhiR6ZY_B0xiCwVmop-uuVxikLi6vF_Hu5ggrRtWlQ&code_verifier=vR035%7EH51hn8bkNRNw4-4lmx%7Emy-Pq4DBt_M%7Eb3nQq5foTY88x9s0-LhVgpGH-v9g9lfs2olCuBD03xJt%7Ecpm6vPc6zMWbXW5ycN7-ZFHN0Ya4mHIcQp155Z_HLjnNad&redirect_uri=http%3A%2F%2Flocalhost%3A8085%2F&client_id=32555940559.apps.googleusercontent.com&client_secret=ZmssLNjJy2998hD4CTg2ejr2&grant_type=authorization_code
2021-11-22 14:56:11,604 DEBUG    requests_oauthlib.oauth2_session Response headers were {'X-XSS-Protection': '0', 'X-Content-Type-Options': 'nosniff', 'Content-Encoding': 'gzip', 'Transfer-Encoding': 'chunked', 'Expires': 'Mon, 01 Jan 1990 00:00:00 GMT', 'Vary': 'Origin, X-Origin, Referer', 'Server': 'scaffolding on HTTPServer2', 'Pragma': 'no-cache', 'Cache-Control': 'no-cache, no-store, max-age=0, must-revalidate', 'Date': 'Mon, 22 Nov 2021 22:56:11 GMT', 'X-Frame-Options': 'SAMEORIGIN', 'Alt-Svc': 'h3=":443"; ma=2592000,h3-29=":443"; ma=2592000,h3-Q050=":443"; ma=2592000,h3-Q046=":443"; ma=2592000,h3-Q043=":443"; ma=2592000,quic=":443"; ma=2592000; v="46,43"', 'Content-Type': 'application/json; charset=utf-8'} and content {
  "access_token": "ya29.a0ARrdaM_0hNGoB3lh2_Bd4rLIzLBr-Z9CHdHTl44p5Dx_mkQ14OvvcsIme1HTzwuY9SV6DJqcGmjeNgznqbV3ZdZXr0CMdPEBvx5wJDj0wJr5bvHWqq1vLGhXfVx7GZ-l5Y57eGlUKrDKO45Pbhd3D5Tyino9MExJkAFK",
  "expires_in": 3599,
  "refresh_token": "1//06MT-7C7zw67YCgYIARAAGAYSNwF-L9Ir3_m-hV5VLb4AhDh75JdzS3ymocOO7pJ3es4ETN8ScCoVu2gEr9HQmsNOvHDRicQ5IEI",
  "scope": "https://www.googleapis.com/auth/cloud-platform https://www.googleapis.com/auth/appengine.admin https://www.googleapis.com/auth/compute https://www.googleapis.com/auth/userinfo.email https://www.googleapis.com/auth/accounts.reauth openid",
  "token_type": "Bearer",
  "id_token": "eyJhbGciOiJSUzI1NiIsImtpZCI6IjAzMmIyZWYzZDJjMjgwNjE1N2Y4YTliOWY0ZWY3Nzk4MzRmODVhZGEiLCJ0eXAiOiJKV1QifQ.eyJpc3MiOiJodHRwczovL2FjY291bnRzLmdvb2dsZS5jb20iLCJhenAiOiIzMjU1NTk0MDU1OS5hcHBzLmdvb2dsZXVzZXJjb250ZW50LmNvbSIsImF1ZCI6IjMyNTU1OTQwNTU5LmFwcHMuZ29vZ2xldXNlcmNvbnRlbnQuY29tIiwic3ViIjoiMTAxNDIwNTIzNTk3NzQ0Mjk1MDYyIiwiZW1haWwiOiJ6YWNoc3RhbWVnbmFAZ21haWwuY29tIiwiZW1haWxfdmVyaWZpZWQiOnRydWUsImF0X2hhc2giOiJFMGs2d0U5bk1oNGhDNmxTajFaUUtBIiwiaWF0IjoxNjM3NjIxNzcxLCJleHAiOjE2Mzc2MjUzNzF9.i06fyJ8hXjSuPez3YWuRRO4vLpL2VLQOXH_CAY4I_KKqvOsRPktt5zMzMry0SRWiPnsiP3yLmNh79z2sN3nydHZwcjLDAHa4wI48LxFFOSNbg-jpesVF8-gfqVDK8pWWo9UXIoLQMuMR5ugmL4NSed85NMdmquNWDfVE2SA6igtnLMU987QJ3xC8Cn7eh6DFsQ0QSGrwg8NN9EoN3GccV5XdTvIZ7s72XnSD3GQ2rtkQnsmGD_r-zgNwFphWexN_dUd_2fkI_cTUEIedcOucFbgzp40w1KBAk-PcPsVYHAHN63zGewzT8vt00m64iWtlMf8RJbeCZ9y-135PVr3PvA"
}.
2021-11-22 14:56:11,604 DEBUG    requests_oauthlib.oauth2_session Invoking 0 token response hooks.
2021-11-22 14:56:11,604 DEBUG    requests_oauthlib.oauth2_session Obtained token {u'token_type': u'Bearer', u'refresh_token': u'1//06MT-7C7zw67YCgYIARAAGAYSNwF-L9Ir3_m-hV5VLb4AhDh75JdzS3ymocOO7pJ3es4ETN8ScCoVu2gEr9HQmsNOvHDRicQ5IEI', u'scope': [u'https://www.googleapis.com/auth/cloud-platform', u'https://www.googleapis.com/auth/appengine.admin', u'https://www.googleapis.com/auth/compute', u'https://www.googleapis.com/auth/userinfo.email', u'https://www.googleapis.com/auth/accounts.reauth', u'openid'], u'access_token': u'ya29.a0ARrdaM_0hNGoB3lh2_Bd4rLIzLBr-Z9CHdHTl44p5Dx_mkQ14OvvcsIme1HTzwuY9SV6DJqcGmjeNgznqbV3ZdZXr0CMdPEBvx5wJDj0wJr5bvHWqq1vLGhXfVx7GZ-l5Y57eGlUKrDKO45Pbhd3D5Tyino9MExJkAFK', u'id_token': u'eyJhbGciOiJSUzI1NiIsImtpZCI6IjAzMmIyZWYzZDJjMjgwNjE1N2Y4YTliOWY0ZWY3Nzk4MzRmODVhZGEiLCJ0eXAiOiJKV1QifQ.eyJpc3MiOiJodHRwczovL2FjY291bnRzLmdvb2dsZS5jb20iLCJhenAiOiIzMjU1NTk0MDU1OS5hcHBzLmdvb2dsZXVzZXJjb250ZW50LmNvbSIsImF1ZCI6IjMyNTU1OTQwNTU5LmFwcHMuZ29vZ2xldXNlcmNvbnRlbnQuY29tIiwic3ViIjoiMTAxNDIwNTIzNTk3NzQ0Mjk1MDYyIiwiZW1haWwiOiJ6YWNoc3RhbWVnbmFAZ21haWwuY29tIiwiZW1haWxfdmVyaWZpZWQiOnRydWUsImF0X2hhc2giOiJFMGs2d0U5bk1oNGhDNmxTajFaUUtBIiwiaWF0IjoxNjM3NjIxNzcxLCJleHAiOjE2Mzc2MjUzNzF9.i06fyJ8hXjSuPez3YWuRRO4vLpL2VLQOXH_CAY4I_KKqvOsRPktt5zMzMry0SRWiPnsiP3yLmNh79z2sN3nydHZwcjLDAHa4wI48LxFFOSNbg-jpesVF8-gfqVDK8pWWo9UXIoLQMuMR5ugmL4NSed85NMdmquNWDfVE2SA6igtnLMU987QJ3xC8Cn7eh6DFsQ0QSGrwg8NN9EoN3GccV5XdTvIZ7s72XnSD3GQ2rtkQnsmGD_r-zgNwFphWexN_dUd_2fkI_cTUEIedcOucFbgzp40w1KBAk-PcPsVYHAHN63zGewzT8vt00m64iWtlMf8RJbeCZ9y-135PVr3PvA', u'expires_in': 3599, u'expires_at': 1637625370.604837}.
2021-11-22 14:56:11,617 INFO     ___FILE_ONLY___ 
You are now logged in as [zachstamegna@gmail.com].
Your current project is [high-comfort-332206].  You can change this setting by running:
  $ gcloud config set project PROJECT_ID

2021-11-22 14:56:11,626 INFO     root            Display format: "none"
