2021-11-22 17:35:24,327 DEBUG    root            Loaded Command Group: [u'gcloud', u'auth']
2021-11-22 17:35:24,413 DEBUG    root            Loaded Command Group: [u'gcloud', u'auth', u'login']
2021-11-22 17:35:24,416 DEBUG    root            Running [gcloud.auth.login] with arguments: []
2021-11-22 17:35:25,561 DEBUG    requests_oauthlib.oauth2_session Generated new state CVaWtn3sEO4mUQFWkQAz1MFiVeZdPm.
2021-11-22 17:35:25,796 INFO     ___FILE_ONLY___ Your browser has been opened to visit:

    https://accounts.google.com/o/oauth2/auth?response_type=code&client_id=32555940559.apps.googleusercontent.com&redirect_uri=http%3A%2F%2Flocalhost%3A8085%2F&scope=openid+https%3A%2F%2Fwww.googleapis.com%2Fauth%2Fuserinfo.email+https%3A%2F%2Fwww.googleapis.com%2Fauth%2Fcloud-platform+https%3A%2F%2Fwww.googleapis.com%2Fauth%2Fappengine.admin+https%3A%2F%2Fwww.googleapis.com%2Fauth%2Fcompute+https%3A%2F%2Fwww.googleapis.com%2Fauth%2Faccounts.reauth&state=CVaWtn3sEO4mUQFWkQAz1MFiVeZdPm&code_challenge=hZPp29fy8iMatRl66WbKcsd7Si4oz3uej5CbZ_iceoI&code_challenge_method=S256&access_type=offline


2021-11-22 17:35:54,390 INFO     google_auth_oauthlib.flow "GET /?state=CVaWtn3sEO4mUQFWkQAz1MFiVeZdPm&code=4/0AX4XfWgeZtlaUyfUeP_LVwzcgvPvyHoArwenPeIEwJ8_G7BlgD41XjQtvLL-XaZg51wM0w&scope=email%20openid%20https://www.googleapis.com/auth/userinfo.email%20https://www.googleapis.com/auth/cloud-platform%20https://www.googleapis.com/auth/appengine.admin%20https://www.googleapis.com/auth/compute%20https://www.googleapis.com/auth/accounts.reauth&authuser=0&prompt=consent HTTP/1.1" 200 959
2021-11-22 17:35:54,391 DEBUG    requests_oauthlib.oauth2_session Requesting url https://oauth2.googleapis.com/token using method POST.
2021-11-22 17:35:54,391 DEBUG    requests_oauthlib.oauth2_session Supplying headers {'Content-Type': 'application/x-www-form-urlencoded;charset=UTF-8', 'Accept': 'application/json', 'user-agent': 'google-cloud-sdk gcloud/364.0.0 command/gcloud.auth.login invocation-id/c82440b9f7ab44aea891d1468ffc3470 environment/None environment-version/None interactive/True from-script/False python/2.7.16 term/xterm-256color (Macintosh; Intel Mac OS X 19.6.0)'} and data {u'code': u'4/0AX4XfWgeZtlaUyfUeP_LVwzcgvPvyHoArwenPeIEwJ8_G7BlgD41XjQtvLL-XaZg51wM0w', u'code_verifier': u'E6OCQYOyT5C_lVP0pYyFO6bgZxVFMfZGQ60geZ.Tlw.dFD2R1MuGg9fGlew8wGSN29e.cbOvEQroTeyj16hNyKNRx1zw7Cg-m114n38uuY.DA4TlvIGeMPKGY.ZjXtvH', u'redirect_uri': u'http://localhost:8085/', u'client_id': u'32555940559.apps.googleusercontent.com', u'client_secret': u'ZmssLNjJy2998hD4CTg2ejr2', u'grant_type': u'authorization_code'}
2021-11-22 17:35:54,391 DEBUG    requests_oauthlib.oauth2_session Passing through key word arguments {'verify': True, 'json': None, 'proxies': None, 'timeout': None, 'auth': None}.
2021-11-22 17:35:54,465 DEBUG    urllib3.connectionpool Starting new HTTPS connection (1): oauth2.googleapis.com:443
2021-11-22 17:35:54,684 DEBUG    urllib3.connectionpool https://oauth2.googleapis.com:443 "POST /token HTTP/1.1" 200 None
2021-11-22 17:35:54,686 DEBUG    requests_oauthlib.oauth2_session Prepared fetch token request body grant_type=authorization_code&client_id=32555940559.apps.googleusercontent.com&client_secret=ZmssLNjJy2998hD4CTg2ejr2&code_verifier=E6OCQYOyT5C_lVP0pYyFO6bgZxVFMfZGQ60geZ.Tlw.dFD2R1MuGg9fGlew8wGSN29e.cbOvEQroTeyj16hNyKNRx1zw7Cg-m114n38uuY.DA4TlvIGeMPKGY.ZjXtvH&code=4%2F0AX4XfWgeZtlaUyfUeP_LVwzcgvPvyHoArwenPeIEwJ8_G7BlgD41XjQtvLL-XaZg51wM0w&redirect_uri=http%3A%2F%2Flocalhost%3A8085%2F
2021-11-22 17:35:54,687 DEBUG    requests_oauthlib.oauth2_session Request to fetch token completed with status 200.
2021-11-22 17:35:54,687 DEBUG    requests_oauthlib.oauth2_session Request headers were {'Content-Length': '387', 'Accept-Encoding': 'gzip, deflate', 'Accept': 'application/json', 'user-agent': 'google-cloud-sdk gcloud/364.0.0 command/gcloud.auth.login invocation-id/c82440b9f7ab44aea891d1468ffc3470 environment/None environment-version/None interactive/True from-script/False python/2.7.16 term/xterm-256color (Macintosh; Intel Mac OS X 19.6.0)', 'Connection': 'keep-alive', 'Content-Type': 'application/x-www-form-urlencoded;charset=UTF-8'}
2021-11-22 17:35:54,687 DEBUG    requests_oauthlib.oauth2_session Request body was code=4%2F0AX4XfWgeZtlaUyfUeP_LVwzcgvPvyHoArwenPeIEwJ8_G7BlgD41XjQtvLL-XaZg51wM0w&code_verifier=E6OCQYOyT5C_lVP0pYyFO6bgZxVFMfZGQ60geZ.Tlw.dFD2R1MuGg9fGlew8wGSN29e.cbOvEQroTeyj16hNyKNRx1zw7Cg-m114n38uuY.DA4TlvIGeMPKGY.ZjXtvH&redirect_uri=http%3A%2F%2Flocalhost%3A8085%2F&client_id=32555940559.apps.googleusercontent.com&client_secret=ZmssLNjJy2998hD4CTg2ejr2&grant_type=authorization_code
2021-11-22 17:35:54,688 DEBUG    requests_oauthlib.oauth2_session Response headers were {'X-XSS-Protection': '0', 'X-Content-Type-Options': 'nosniff', 'Content-Encoding': 'gzip', 'Transfer-Encoding': 'chunked', 'Expires': 'Mon, 01 Jan 1990 00:00:00 GMT', 'Vary': 'Origin, X-Origin, Referer', 'Server': 'scaffolding on HTTPServer2', 'Pragma': 'no-cache', 'Cache-Control': 'no-cache, no-store, max-age=0, must-revalidate', 'Date': 'Tue, 23 Nov 2021 01:35:54 GMT', 'X-Frame-Options': 'SAMEORIGIN', 'Alt-Svc': 'h3=":443"; ma=2592000,h3-29=":443"; ma=2592000,h3-Q050=":443"; ma=2592000,h3-Q046=":443"; ma=2592000,h3-Q043=":443"; ma=2592000,quic=":443"; ma=2592000; v="46,43"', 'Content-Type': 'application/json; charset=utf-8'} and content {
  "access_token": "ya29.a0ARrdaM8DdjjagJ_RcH-3Udclf_qgIKGFaosONRuB7Nbx2ImOpLWVZrCafM8gPEOri6xpf3MAzn2qHXBQIKizmn10JOvzB_yZXoquLWeKHyOj0qUDykO0zO648eBwJ_hfhu_2xk7wRwx-rsPb_kRN8lfsxET0FgtInNW0",
  "expires_in": 3599,
  "refresh_token": "1//065mBfwui3s9OCgYIARAAGAYSNwF-L9IripueUe5f2ARDPA2qIRpEuC0fhINoPQ45gV7PW4iqA9VhYQQ05e61JSvVeJTdYWy6fG8",
  "scope": "https://www.googleapis.com/auth/compute https://www.googleapis.com/auth/appengine.admin openid https://www.googleapis.com/auth/accounts.reauth https://www.googleapis.com/auth/cloud-platform https://www.googleapis.com/auth/userinfo.email",
  "token_type": "Bearer",
  "id_token": "eyJhbGciOiJSUzI1NiIsImtpZCI6IjAzMmIyZWYzZDJjMjgwNjE1N2Y4YTliOWY0ZWY3Nzk4MzRmODVhZGEiLCJ0eXAiOiJKV1QifQ.eyJpc3MiOiJodHRwczovL2FjY291bnRzLmdvb2dsZS5jb20iLCJhenAiOiIzMjU1NTk0MDU1OS5hcHBzLmdvb2dsZXVzZXJjb250ZW50LmNvbSIsImF1ZCI6IjMyNTU1OTQwNTU5LmFwcHMuZ29vZ2xldXNlcmNvbnRlbnQuY29tIiwic3ViIjoiMTAxNDIwNTIzNTk3NzQ0Mjk1MDYyIiwiZW1haWwiOiJ6YWNoc3RhbWVnbmFAZ21haWwuY29tIiwiZW1haWxfdmVyaWZpZWQiOnRydWUsImF0X2hhc2giOiJQNHh4UEFlem9lcjFCcHJ4X0VVV0tnIiwiaWF0IjoxNjM3NjMxMzU0LCJleHAiOjE2Mzc2MzQ5NTR9.quDoT0ib8pPXVNI_FUS3D4nwRVLaebWn7RgsGj-UgUBBGM23Fvm-WSUEy3i3mzYXdwqG9L7FXW02a75tVSlrlQhUVPHiNERrSbOPhH5LGAFUO6Idk0mhLJeUX6V8HANeryvodMLYiU6nyDJ6mdUN2IFIwS10VXDsbXiatPsEEMq30d2zKE5GsVqq7v15bC9Mpp0_76ESu81Azah0OSvx9OTG23U0w-ni4QN1au0OFA5IEjq7QY8jCien7tfskVM3GtW0rtNLcSvNogBEw8eHgDuPs-PJmqorPyAdNfzL9Y0s0IFjD9xdI9nsstuS-M1axi2Xt3ukUMDZ3MUBBz0KhQ"
}.
2021-11-22 17:35:54,688 DEBUG    requests_oauthlib.oauth2_session Invoking 0 token response hooks.
2021-11-22 17:35:54,688 DEBUG    requests_oauthlib.oauth2_session Obtained token {u'token_type': u'Bearer', u'refresh_token': u'1//065mBfwui3s9OCgYIARAAGAYSNwF-L9IripueUe5f2ARDPA2qIRpEuC0fhINoPQ45gV7PW4iqA9VhYQQ05e61JSvVeJTdYWy6fG8', u'scope': [u'https://www.googleapis.com/auth/compute', u'https://www.googleapis.com/auth/appengine.admin', u'openid', u'https://www.googleapis.com/auth/accounts.reauth', u'https://www.googleapis.com/auth/cloud-platform', u'https://www.googleapis.com/auth/userinfo.email'], u'access_token': u'ya29.a0ARrdaM8DdjjagJ_RcH-3Udclf_qgIKGFaosONRuB7Nbx2ImOpLWVZrCafM8gPEOri6xpf3MAzn2qHXBQIKizmn10JOvzB_yZXoquLWeKHyOj0qUDykO0zO648eBwJ_hfhu_2xk7wRwx-rsPb_kRN8lfsxET0FgtInNW0', u'id_token': u'eyJhbGciOiJSUzI1NiIsImtpZCI6IjAzMmIyZWYzZDJjMjgwNjE1N2Y4YTliOWY0ZWY3Nzk4MzRmODVhZGEiLCJ0eXAiOiJKV1QifQ.eyJpc3MiOiJodHRwczovL2FjY291bnRzLmdvb2dsZS5jb20iLCJhenAiOiIzMjU1NTk0MDU1OS5hcHBzLmdvb2dsZXVzZXJjb250ZW50LmNvbSIsImF1ZCI6IjMyNTU1OTQwNTU5LmFwcHMuZ29vZ2xldXNlcmNvbnRlbnQuY29tIiwic3ViIjoiMTAxNDIwNTIzNTk3NzQ0Mjk1MDYyIiwiZW1haWwiOiJ6YWNoc3RhbWVnbmFAZ21haWwuY29tIiwiZW1haWxfdmVyaWZpZWQiOnRydWUsImF0X2hhc2giOiJQNHh4UEFlem9lcjFCcHJ4X0VVV0tnIiwiaWF0IjoxNjM3NjMxMzU0LCJleHAiOjE2Mzc2MzQ5NTR9.quDoT0ib8pPXVNI_FUS3D4nwRVLaebWn7RgsGj-UgUBBGM23Fvm-WSUEy3i3mzYXdwqG9L7FXW02a75tVSlrlQhUVPHiNERrSbOPhH5LGAFUO6Idk0mhLJeUX6V8HANeryvodMLYiU6nyDJ6mdUN2IFIwS10VXDsbXiatPsEEMq30d2zKE5GsVqq7v15bC9Mpp0_76ESu81Azah0OSvx9OTG23U0w-ni4QN1au0OFA5IEjq7QY8jCien7tfskVM3GtW0rtNLcSvNogBEw8eHgDuPs-PJmqorPyAdNfzL9Y0s0IFjD9xdI9nsstuS-M1axi2Xt3ukUMDZ3MUBBz0KhQ', u'expires_in': 3599, u'expires_at': 1637634953.688877}.
2021-11-22 17:35:54,710 INFO     ___FILE_ONLY___ 
You are now logged in as [zachstamegna@gmail.com].
Your current project is [high-comfort-332206].  You can change this setting by running:
  $ gcloud config set project PROJECT_ID

2021-11-22 17:35:54,716 INFO     root            Display format: "none"
