2021-11-18 20:39:12,299 DEBUG    root            Loaded Command Group: [u'gcloud', u'auth']
2021-11-18 20:39:12,381 DEBUG    root            Loaded Command Group: [u'gcloud', u'auth', u'login']
2021-11-18 20:39:12,386 DEBUG    root            Running [gcloud.auth.login] with arguments: []
2021-11-18 20:39:12,811 DEBUG    requests_oauthlib.oauth2_session Generated new state vp5vTUfpJPWGz9MbXgd9X0x6hx76wX.
2021-11-18 20:39:13,141 INFO     ___FILE_ONLY___ Your browser has been opened to visit:

    https://accounts.google.com/o/oauth2/auth?response_type=code&client_id=32555940559.apps.googleusercontent.com&redirect_uri=http%3A%2F%2Flocalhost%3A8085%2F&scope=openid+https%3A%2F%2Fwww.googleapis.com%2Fauth%2Fuserinfo.email+https%3A%2F%2Fwww.googleapis.com%2Fauth%2Fcloud-platform+https%3A%2F%2Fwww.googleapis.com%2Fauth%2Fappengine.admin+https%3A%2F%2Fwww.googleapis.com%2Fauth%2Fcompute+https%3A%2F%2Fwww.googleapis.com%2Fauth%2Faccounts.reauth&state=vp5vTUfpJPWGz9MbXgd9X0x6hx76wX&code_challenge=OX4NKEBRMKgnsxYgDuUWMZMhKubh55ehxt745RDR3RI&code_challenge_method=S256&access_type=offline


2021-11-18 20:39:18,011 INFO     google_auth_oauthlib.flow "GET /?state=vp5vTUfpJPWGz9MbXgd9X0x6hx76wX&code=4/0AX4XfWj4xeG_jMbklqmrPbd9dxwNrynrhjXAC4Zs-cUqD0igcn2LzcWoIKpAnjzL-W2ErA&scope=email%20openid%20https://www.googleapis.com/auth/userinfo.email%20https://www.googleapis.com/auth/cloud-platform%20https://www.googleapis.com/auth/appengine.admin%20https://www.googleapis.com/auth/compute%20https://www.googleapis.com/auth/accounts.reauth&authuser=0&prompt=consent HTTP/1.1" 200 959
2021-11-18 20:39:18,013 DEBUG    requests_oauthlib.oauth2_session Requesting url https://oauth2.googleapis.com/token using method POST.
2021-11-18 20:39:18,013 DEBUG    requests_oauthlib.oauth2_session Supplying headers {'Content-Type': 'application/x-www-form-urlencoded;charset=UTF-8', 'Accept': 'application/json', 'user-agent': 'google-cloud-sdk gcloud/364.0.0 command/gcloud.auth.login invocation-id/efe20b651e6546df8f30d7ea60b598fa environment/None environment-version/None interactive/True from-script/False python/2.7.16 term/xterm-256color (Macintosh; Intel Mac OS X 19.6.0)'} and data {u'code': u'4/0AX4XfWj4xeG_jMbklqmrPbd9dxwNrynrhjXAC4Zs-cUqD0igcn2LzcWoIKpAnjzL-W2ErA', u'code_verifier': u'g6I_ALjQZAduo_U9hJOpTdnNuM3e32Hjk1oYAzyjAdZq-v5eIjaVEZGdQWFsGpuQ~0D1Vhe1eMiMXFPRd3lKlMYNr93e~DNf0Ld3YUuSWk0_84GO40~qK42l8Uhc6EQy', u'redirect_uri': u'http://localhost:8085/', u'client_id': u'32555940559.apps.googleusercontent.com', u'client_secret': u'ZmssLNjJy2998hD4CTg2ejr2', u'grant_type': u'authorization_code'}
2021-11-18 20:39:18,013 DEBUG    requests_oauthlib.oauth2_session Passing through key word arguments {'verify': True, 'json': None, 'proxies': None, 'timeout': None, 'auth': None}.
2021-11-18 20:39:18,110 DEBUG    urllib3.connectionpool Starting new HTTPS connection (1): oauth2.googleapis.com:443
2021-11-18 20:39:18,403 DEBUG    urllib3.connectionpool https://oauth2.googleapis.com:443 "POST /token HTTP/1.1" 200 None
2021-11-18 20:39:18,405 DEBUG    requests_oauthlib.oauth2_session Prepared fetch token request body grant_type=authorization_code&client_id=32555940559.apps.googleusercontent.com&client_secret=ZmssLNjJy2998hD4CTg2ejr2&code_verifier=g6I_ALjQZAduo_U9hJOpTdnNuM3e32Hjk1oYAzyjAdZq-v5eIjaVEZGdQWFsGpuQ%7E0D1Vhe1eMiMXFPRd3lKlMYNr93e%7EDNf0Ld3YUuSWk0_84GO40%7EqK42l8Uhc6EQy&code=4%2F0AX4XfWj4xeG_jMbklqmrPbd9dxwNrynrhjXAC4Zs-cUqD0igcn2LzcWoIKpAnjzL-W2ErA&redirect_uri=http%3A%2F%2Flocalhost%3A8085%2F
2021-11-18 20:39:18,405 DEBUG    requests_oauthlib.oauth2_session Request to fetch token completed with status 200.
2021-11-18 20:39:18,406 DEBUG    requests_oauthlib.oauth2_session Request headers were {'Content-Length': '393', 'Accept-Encoding': 'gzip, deflate', 'Accept': 'application/json', 'user-agent': 'google-cloud-sdk gcloud/364.0.0 command/gcloud.auth.login invocation-id/efe20b651e6546df8f30d7ea60b598fa environment/None environment-version/None interactive/True from-script/False python/2.7.16 term/xterm-256color (Macintosh; Intel Mac OS X 19.6.0)', 'Connection': 'keep-alive', 'Content-Type': 'application/x-www-form-urlencoded;charset=UTF-8'}
2021-11-18 20:39:18,406 DEBUG    requests_oauthlib.oauth2_session Request body was code=4%2F0AX4XfWj4xeG_jMbklqmrPbd9dxwNrynrhjXAC4Zs-cUqD0igcn2LzcWoIKpAnjzL-W2ErA&code_verifier=g6I_ALjQZAduo_U9hJOpTdnNuM3e32Hjk1oYAzyjAdZq-v5eIjaVEZGdQWFsGpuQ%7E0D1Vhe1eMiMXFPRd3lKlMYNr93e%7EDNf0Ld3YUuSWk0_84GO40%7EqK42l8Uhc6EQy&redirect_uri=http%3A%2F%2Flocalhost%3A8085%2F&client_id=32555940559.apps.googleusercontent.com&client_secret=ZmssLNjJy2998hD4CTg2ejr2&grant_type=authorization_code
2021-11-18 20:39:18,406 DEBUG    requests_oauthlib.oauth2_session Response headers were {'X-XSS-Protection': '0', 'X-Content-Type-Options': 'nosniff', 'Content-Encoding': 'gzip', 'Transfer-Encoding': 'chunked', 'Expires': 'Mon, 01 Jan 1990 00:00:00 GMT', 'Vary': 'Origin, X-Origin, Referer', 'Server': 'scaffolding on HTTPServer2', 'Pragma': 'no-cache', 'Cache-Control': 'no-cache, no-store, max-age=0, must-revalidate', 'Date': 'Fri, 19 Nov 2021 04:39:18 GMT', 'X-Frame-Options': 'SAMEORIGIN', 'Alt-Svc': 'h3=":443"; ma=2592000,h3-29=":443"; ma=2592000,h3-Q050=":443"; ma=2592000,h3-Q046=":443"; ma=2592000,h3-Q043=":443"; ma=2592000,quic=":443"; ma=2592000; v="46,43"', 'Content-Type': 'application/json; charset=utf-8'} and content {
  "access_token": "ya29.a0ARrdaM_EmFN7OELpTWCc35mqEctRYMOWjZqfWHNMUCIYu1rXrhg0KOIzZtucbKjamwHzgZB9hpAQO2pjg7-WmQkU-CU3UENXSGxLChY4wOfwsJW0CdVezM07ersA3d5y4AvskNYdpkyBAM19UYVe_RbEZYFE3G7Owv90",
  "expires_in": 3599,
  "refresh_token": "1//06zbndVmtZpysCgYIARAAGAYSNwF-L9Ir6qk7HqjEXTakKXd0NoLr7e4MJPNZGCrznEO7-PgwEqZJIysFDuBK8hxJpXZnu6hNoQI",
  "scope": "openid https://www.googleapis.com/auth/cloud-platform https://www.googleapis.com/auth/accounts.reauth https://www.googleapis.com/auth/userinfo.email https://www.googleapis.com/auth/compute https://www.googleapis.com/auth/appengine.admin",
  "token_type": "Bearer",
  "id_token": "eyJhbGciOiJSUzI1NiIsImtpZCI6IjAzMmIyZWYzZDJjMjgwNjE1N2Y4YTliOWY0ZWY3Nzk4MzRmODVhZGEiLCJ0eXAiOiJKV1QifQ.eyJpc3MiOiJodHRwczovL2FjY291bnRzLmdvb2dsZS5jb20iLCJhenAiOiIzMjU1NTk0MDU1OS5hcHBzLmdvb2dsZXVzZXJjb250ZW50LmNvbSIsImF1ZCI6IjMyNTU1OTQwNTU5LmFwcHMuZ29vZ2xldXNlcmNvbnRlbnQuY29tIiwic3ViIjoiMTAxNDIwNTIzNTk3NzQ0Mjk1MDYyIiwiZW1haWwiOiJ6YWNoc3RhbWVnbmFAZ21haWwuY29tIiwiZW1haWxfdmVyaWZpZWQiOnRydWUsImF0X2hhc2giOiJtcF9DWE5obWI2QU9wSUNSYUhKdkpRIiwiaWF0IjoxNjM3Mjk2NzU4LCJleHAiOjE2MzczMDAzNTh9.nACp8qXA8icBdMnv8Hj5FqoLubmpThT07otlk14ejB3TRu68KNEwUtWLqXSnR9iN62Vyk3X6FhXxEvFtbzFZWgBYk-dZV-PAJ2N8Lmm3vqOR62Q1uSOotw9qTyzU85sva6hHlK9ds512MPEN28DTBw7B97fd5dJ4TkbMmjsxu8gZ83urGLKtmc1q8wj6_RRk8VTZFlTRf6zTUQHcyIhSKDf-YbCNz8QKiGRrcGAbcIjaPfdidoqpjk5Yk78e7RavIf1zsY0qOz49MZa0fkOLryw0DWbsfT-f7avFYWVBbTO9IJ2k9rHOC6WfvFKxz7rQVAzRJgStkBAsLYvGNkELzQ"
}.
2021-11-18 20:39:18,406 DEBUG    requests_oauthlib.oauth2_session Invoking 0 token response hooks.
2021-11-18 20:39:18,407 DEBUG    requests_oauthlib.oauth2_session Obtained token {u'token_type': u'Bearer', u'refresh_token': u'1//06zbndVmtZpysCgYIARAAGAYSNwF-L9Ir6qk7HqjEXTakKXd0NoLr7e4MJPNZGCrznEO7-PgwEqZJIysFDuBK8hxJpXZnu6hNoQI', u'scope': [u'openid', u'https://www.googleapis.com/auth/cloud-platform', u'https://www.googleapis.com/auth/accounts.reauth', u'https://www.googleapis.com/auth/userinfo.email', u'https://www.googleapis.com/auth/compute', u'https://www.googleapis.com/auth/appengine.admin'], u'access_token': u'ya29.a0ARrdaM_EmFN7OELpTWCc35mqEctRYMOWjZqfWHNMUCIYu1rXrhg0KOIzZtucbKjamwHzgZB9hpAQO2pjg7-WmQkU-CU3UENXSGxLChY4wOfwsJW0CdVezM07ersA3d5y4AvskNYdpkyBAM19UYVe_RbEZYFE3G7Owv90', u'id_token': u'eyJhbGciOiJSUzI1NiIsImtpZCI6IjAzMmIyZWYzZDJjMjgwNjE1N2Y4YTliOWY0ZWY3Nzk4MzRmODVhZGEiLCJ0eXAiOiJKV1QifQ.eyJpc3MiOiJodHRwczovL2FjY291bnRzLmdvb2dsZS5jb20iLCJhenAiOiIzMjU1NTk0MDU1OS5hcHBzLmdvb2dsZXVzZXJjb250ZW50LmNvbSIsImF1ZCI6IjMyNTU1OTQwNTU5LmFwcHMuZ29vZ2xldXNlcmNvbnRlbnQuY29tIiwic3ViIjoiMTAxNDIwNTIzNTk3NzQ0Mjk1MDYyIiwiZW1haWwiOiJ6YWNoc3RhbWVnbmFAZ21haWwuY29tIiwiZW1haWxfdmVyaWZpZWQiOnRydWUsImF0X2hhc2giOiJtcF9DWE5obWI2QU9wSUNSYUhKdkpRIiwiaWF0IjoxNjM3Mjk2NzU4LCJleHAiOjE2MzczMDAzNTh9.nACp8qXA8icBdMnv8Hj5FqoLubmpThT07otlk14ejB3TRu68KNEwUtWLqXSnR9iN62Vyk3X6FhXxEvFtbzFZWgBYk-dZV-PAJ2N8Lmm3vqOR62Q1uSOotw9qTyzU85sva6hHlK9ds512MPEN28DTBw7B97fd5dJ4TkbMmjsxu8gZ83urGLKtmc1q8wj6_RRk8VTZFlTRf6zTUQHcyIhSKDf-YbCNz8QKiGRrcGAbcIjaPfdidoqpjk5Yk78e7RavIf1zsY0qOz49MZa0fkOLryw0DWbsfT-f7avFYWVBbTO9IJ2k9rHOC6WfvFKxz7rQVAzRJgStkBAsLYvGNkELzQ', u'expires_in': 3599, u'expires_at': 1637300357.407206}.
2021-11-18 20:39:18,432 INFO     ___FILE_ONLY___ 
You are now logged in as [zachstamegna@gmail.com].
Your current project is [high-comfort-332206].  You can change this setting by running:
  $ gcloud config set project PROJECT_ID

2021-11-18 20:39:18,439 INFO     root            Display format: "none"
2021-11-18 20:39:18,621 DEBUG    root            Checking for updates...
2021-11-18 20:39:18,701 DEBUG    urllib3.connectionpool Starting new HTTPS connection (1): dl.google.com:443
2021-11-18 20:39:18,857 DEBUG    urllib3.connectionpool https://dl.google.com:443 "GET /dl/cloudsdk/channels/rapid/components-2.json HTTP/1.1" 200 171933
2021-11-18 20:39:18,988 INFO     ___FILE_ONLY___ 

Updates are available for some Cloud SDK components.  To install them,
please run:
  $ gcloud components update


