2021-11-18 22:37:24,163 DEBUG    root            Loaded Command Group: [u'gcloud', u'auth']
2021-11-18 22:37:24,220 DEBUG    root            Loaded Command Group: [u'gcloud', u'auth', u'login']
2021-11-18 22:37:24,223 DEBUG    root            Running [gcloud.auth.login] with arguments: []
2021-11-18 22:37:29,228 DEBUG    requests_oauthlib.oauth2_session Generated new state WXMiyXtn4VkIl96uJfzy7vkLZU8QXZ.
2021-11-18 22:37:29,466 INFO     ___FILE_ONLY___ Your browser has been opened to visit:

    https://accounts.google.com/o/oauth2/auth?response_type=code&client_id=32555940559.apps.googleusercontent.com&redirect_uri=http%3A%2F%2Flocalhost%3A8085%2F&scope=openid+https%3A%2F%2Fwww.googleapis.com%2Fauth%2Fuserinfo.email+https%3A%2F%2Fwww.googleapis.com%2Fauth%2Fcloud-platform+https%3A%2F%2Fwww.googleapis.com%2Fauth%2Fappengine.admin+https%3A%2F%2Fwww.googleapis.com%2Fauth%2Fcompute+https%3A%2F%2Fwww.googleapis.com%2Fauth%2Faccounts.reauth&state=WXMiyXtn4VkIl96uJfzy7vkLZU8QXZ&code_challenge=_pcGu8CoXR1S4hDSebDTHP867uewO8hLXqW0XYFn8Uo&code_challenge_method=S256&access_type=offline


2021-11-18 22:37:35,424 INFO     google_auth_oauthlib.flow "GET /?state=WXMiyXtn4VkIl96uJfzy7vkLZU8QXZ&code=4/0AX4XfWieflGbWUKLY2U_KDNNfgvVyzm5LpScrnuF4JPnrThU4CCHoZKP6FQw8RJyweridg&scope=email%20openid%20https://www.googleapis.com/auth/userinfo.email%20https://www.googleapis.com/auth/cloud-platform%20https://www.googleapis.com/auth/appengine.admin%20https://www.googleapis.com/auth/compute%20https://www.googleapis.com/auth/accounts.reauth&authuser=0&prompt=consent HTTP/1.1" 200 959
2021-11-18 22:37:35,425 DEBUG    requests_oauthlib.oauth2_session Requesting url https://oauth2.googleapis.com/token using method POST.
2021-11-18 22:37:35,425 DEBUG    requests_oauthlib.oauth2_session Supplying headers {'Content-Type': 'application/x-www-form-urlencoded;charset=UTF-8', 'Accept': 'application/json', 'user-agent': 'google-cloud-sdk gcloud/364.0.0 command/gcloud.auth.login invocation-id/af77f4bd6f1a49abb37940bad38aac2f environment/None environment-version/None interactive/True from-script/False python/2.7.16 term/xterm-256color (Macintosh; Intel Mac OS X 19.6.0)'} and data {u'code': u'4/0AX4XfWieflGbWUKLY2U_KDNNfgvVyzm5LpScrnuF4JPnrThU4CCHoZKP6FQw8RJyweridg', u'code_verifier': u'f~NdZiZljkf.MDyWrZ00MVpt.BTnHjNTYyDTYIa-~6liuH9NoZyXoaCIEmW-iIKhRGWfjT8ZgdFYTzHdf2p4rItxkbWR151h.7.RBDj9ssM6fsCU1yWaoCNiMMSM~mjF', u'redirect_uri': u'http://localhost:8085/', u'client_id': u'32555940559.apps.googleusercontent.com', u'client_secret': u'ZmssLNjJy2998hD4CTg2ejr2', u'grant_type': u'authorization_code'}
2021-11-18 22:37:35,425 DEBUG    requests_oauthlib.oauth2_session Passing through key word arguments {'verify': True, 'json': None, 'proxies': None, 'timeout': None, 'auth': None}.
2021-11-18 22:37:36,429 DEBUG    urllib3.connectionpool Starting new HTTPS connection (1): oauth2.googleapis.com:443
2021-11-18 22:37:36,747 DEBUG    urllib3.connectionpool https://oauth2.googleapis.com:443 "POST /token HTTP/1.1" 200 None
2021-11-18 22:37:36,751 DEBUG    requests_oauthlib.oauth2_session Prepared fetch token request body grant_type=authorization_code&client_id=32555940559.apps.googleusercontent.com&client_secret=ZmssLNjJy2998hD4CTg2ejr2&code_verifier=f%7ENdZiZljkf.MDyWrZ00MVpt.BTnHjNTYyDTYIa-%7E6liuH9NoZyXoaCIEmW-iIKhRGWfjT8ZgdFYTzHdf2p4rItxkbWR151h.7.RBDj9ssM6fsCU1yWaoCNiMMSM%7EmjF&code=4%2F0AX4XfWieflGbWUKLY2U_KDNNfgvVyzm5LpScrnuF4JPnrThU4CCHoZKP6FQw8RJyweridg&redirect_uri=http%3A%2F%2Flocalhost%3A8085%2F
2021-11-18 22:37:36,751 DEBUG    requests_oauthlib.oauth2_session Request to fetch token completed with status 200.
2021-11-18 22:37:36,752 DEBUG    requests_oauthlib.oauth2_session Request headers were {'Content-Length': '393', 'Accept-Encoding': 'gzip, deflate', 'Accept': 'application/json', 'user-agent': 'google-cloud-sdk gcloud/364.0.0 command/gcloud.auth.login invocation-id/af77f4bd6f1a49abb37940bad38aac2f environment/None environment-version/None interactive/True from-script/False python/2.7.16 term/xterm-256color (Macintosh; Intel Mac OS X 19.6.0)', 'Connection': 'keep-alive', 'Content-Type': 'application/x-www-form-urlencoded;charset=UTF-8'}
2021-11-18 22:37:36,752 DEBUG    requests_oauthlib.oauth2_session Request body was code=4%2F0AX4XfWieflGbWUKLY2U_KDNNfgvVyzm5LpScrnuF4JPnrThU4CCHoZKP6FQw8RJyweridg&code_verifier=f%7ENdZiZljkf.MDyWrZ00MVpt.BTnHjNTYyDTYIa-%7E6liuH9NoZyXoaCIEmW-iIKhRGWfjT8ZgdFYTzHdf2p4rItxkbWR151h.7.RBDj9ssM6fsCU1yWaoCNiMMSM%7EmjF&redirect_uri=http%3A%2F%2Flocalhost%3A8085%2F&client_id=32555940559.apps.googleusercontent.com&client_secret=ZmssLNjJy2998hD4CTg2ejr2&grant_type=authorization_code
2021-11-18 22:37:36,753 DEBUG    requests_oauthlib.oauth2_session Response headers were {'X-XSS-Protection': '0', 'X-Content-Type-Options': 'nosniff', 'Content-Encoding': 'gzip', 'Transfer-Encoding': 'chunked', 'Expires': 'Mon, 01 Jan 1990 00:00:00 GMT', 'Vary': 'Origin, X-Origin, Referer', 'Server': 'scaffolding on HTTPServer2', 'Pragma': 'no-cache', 'Cache-Control': 'no-cache, no-store, max-age=0, must-revalidate', 'Date': 'Fri, 19 Nov 2021 06:37:36 GMT', 'X-Frame-Options': 'SAMEORIGIN', 'Alt-Svc': 'h3=":443"; ma=2592000,h3-29=":443"; ma=2592000,h3-Q050=":443"; ma=2592000,h3-Q046=":443"; ma=2592000,h3-Q043=":443"; ma=2592000,quic=":443"; ma=2592000; v="46,43"', 'Content-Type': 'application/json; charset=utf-8'} and content {
  "access_token": "ya29.a0ARrdaM9RWtIkOT-xOku-KAbKIbdrZcrkA7bkOXamaTkvfscb0wcbK11pIixZLKy_-SXefAqzJs-P_Q3JVcpRan3csqM05dBdnUd2zUmJz9-oCa-YxpDYbZGjP0OXaY4lI5p3JQKZiF7TBzQ5JeHRN2UJEEFT7YngorBy",
  "expires_in": 3599,
  "refresh_token": "1//06d5BvmSiV5ehCgYIARAAGAYSNwF-L9Ir3NZT4EI4DQ3n61ZCPtYlvRE4bIGiXSE4NONtyjXRUvy0Ki8rgnfCMVS9QfJG2t_LCEA",
  "scope": "https://www.googleapis.com/auth/userinfo.email openid https://www.googleapis.com/auth/cloud-platform https://www.googleapis.com/auth/appengine.admin https://www.googleapis.com/auth/accounts.reauth https://www.googleapis.com/auth/compute",
  "token_type": "Bearer",
  "id_token": "eyJhbGciOiJSUzI1NiIsImtpZCI6IjAzMmIyZWYzZDJjMjgwNjE1N2Y4YTliOWY0ZWY3Nzk4MzRmODVhZGEiLCJ0eXAiOiJKV1QifQ.eyJpc3MiOiJodHRwczovL2FjY291bnRzLmdvb2dsZS5jb20iLCJhenAiOiIzMjU1NTk0MDU1OS5hcHBzLmdvb2dsZXVzZXJjb250ZW50LmNvbSIsImF1ZCI6IjMyNTU1OTQwNTU5LmFwcHMuZ29vZ2xldXNlcmNvbnRlbnQuY29tIiwic3ViIjoiMTAxNDIwNTIzNTk3NzQ0Mjk1MDYyIiwiZW1haWwiOiJ6YWNoc3RhbWVnbmFAZ21haWwuY29tIiwiZW1haWxfdmVyaWZpZWQiOnRydWUsImF0X2hhc2giOiJjUnhMNjFWNnM2ZUI2bWtieG5Pc293IiwiaWF0IjoxNjM3MzAzODU2LCJleHAiOjE2MzczMDc0NTZ9.yOXe-ifCLRoxVvrH7tYGLILfDZmM2ea_jiqiHa7X9lNPzUhnykqY1nK7If9RvymsARpWAQa4vLInMWorgom1W_jr1hMavEMntA85_aAhFQrhWJLVNn7LIGwsrKYixXziPVqZXst4F1duCDf5Ge5TJGKAqwUFnesav_xv_UptMKi5uaKMn5gDOcaUejXRR8qDhPuhYFZg8ZrDBl1qNIaKsaTWxq_ktItGPzZir64ISorrtklSRg-HbrcfwJ5kjPz-ip3A_8I25-KRkhE1wRH6PybZuCYiuTVa-mXCAm_lYPeQ6X3HySPpmUaHT4hlUcA_j_emj5ExD7FTMJM_BfVxqQ"
}.
2021-11-18 22:37:36,753 DEBUG    requests_oauthlib.oauth2_session Invoking 0 token response hooks.
2021-11-18 22:37:36,754 DEBUG    requests_oauthlib.oauth2_session Obtained token {u'token_type': u'Bearer', u'refresh_token': u'1//06d5BvmSiV5ehCgYIARAAGAYSNwF-L9Ir3NZT4EI4DQ3n61ZCPtYlvRE4bIGiXSE4NONtyjXRUvy0Ki8rgnfCMVS9QfJG2t_LCEA', u'scope': [u'https://www.googleapis.com/auth/userinfo.email', u'openid', u'https://www.googleapis.com/auth/cloud-platform', u'https://www.googleapis.com/auth/appengine.admin', u'https://www.googleapis.com/auth/accounts.reauth', u'https://www.googleapis.com/auth/compute'], u'access_token': u'ya29.a0ARrdaM9RWtIkOT-xOku-KAbKIbdrZcrkA7bkOXamaTkvfscb0wcbK11pIixZLKy_-SXefAqzJs-P_Q3JVcpRan3csqM05dBdnUd2zUmJz9-oCa-YxpDYbZGjP0OXaY4lI5p3JQKZiF7TBzQ5JeHRN2UJEEFT7YngorBy', u'id_token': u'eyJhbGciOiJSUzI1NiIsImtpZCI6IjAzMmIyZWYzZDJjMjgwNjE1N2Y4YTliOWY0ZWY3Nzk4MzRmODVhZGEiLCJ0eXAiOiJKV1QifQ.eyJpc3MiOiJodHRwczovL2FjY291bnRzLmdvb2dsZS5jb20iLCJhenAiOiIzMjU1NTk0MDU1OS5hcHBzLmdvb2dsZXVzZXJjb250ZW50LmNvbSIsImF1ZCI6IjMyNTU1OTQwNTU5LmFwcHMuZ29vZ2xldXNlcmNvbnRlbnQuY29tIiwic3ViIjoiMTAxNDIwNTIzNTk3NzQ0Mjk1MDYyIiwiZW1haWwiOiJ6YWNoc3RhbWVnbmFAZ21haWwuY29tIiwiZW1haWxfdmVyaWZpZWQiOnRydWUsImF0X2hhc2giOiJjUnhMNjFWNnM2ZUI2bWtieG5Pc293IiwiaWF0IjoxNjM3MzAzODU2LCJleHAiOjE2MzczMDc0NTZ9.yOXe-ifCLRoxVvrH7tYGLILfDZmM2ea_jiqiHa7X9lNPzUhnykqY1nK7If9RvymsARpWAQa4vLInMWorgom1W_jr1hMavEMntA85_aAhFQrhWJLVNn7LIGwsrKYixXziPVqZXst4F1duCDf5Ge5TJGKAqwUFnesav_xv_UptMKi5uaKMn5gDOcaUejXRR8qDhPuhYFZg8ZrDBl1qNIaKsaTWxq_ktItGPzZir64ISorrtklSRg-HbrcfwJ5kjPz-ip3A_8I25-KRkhE1wRH6PybZuCYiuTVa-mXCAm_lYPeQ6X3HySPpmUaHT4hlUcA_j_emj5ExD7FTMJM_BfVxqQ', u'expires_in': 3599, u'expires_at': 1637307455.754218}.
2021-11-18 22:37:36,772 INFO     ___FILE_ONLY___ 
You are now logged in as [zachstamegna@gmail.com].
Your current project is [high-comfort-332206].  You can change this setting by running:
  $ gcloud config set project PROJECT_ID

2021-11-18 22:37:36,777 INFO     root            Display format: "none"
