2021-11-16 00:14:59,334 DEBUG    root            Loaded Command Group: [u'gcloud', u'auth']
2021-11-16 00:14:59,387 DEBUG    root            Loaded Command Group: [u'gcloud', u'auth', u'login']
2021-11-16 00:14:59,390 DEBUG    root            Running [gcloud.auth.login] with arguments: []
2021-11-16 00:14:59,452 DEBUG    requests_oauthlib.oauth2_session Generated new state aH8yEkEnosZoz3U41kjozX8qAnhbpB.
2021-11-16 00:14:59,711 INFO     ___FILE_ONLY___ Your browser has been opened to visit:

    https://accounts.google.com/o/oauth2/auth?response_type=code&client_id=32555940559.apps.googleusercontent.com&redirect_uri=http%3A%2F%2Flocalhost%3A8085%2F&scope=openid+https%3A%2F%2Fwww.googleapis.com%2Fauth%2Fuserinfo.email+https%3A%2F%2Fwww.googleapis.com%2Fauth%2Fcloud-platform+https%3A%2F%2Fwww.googleapis.com%2Fauth%2Fappengine.admin+https%3A%2F%2Fwww.googleapis.com%2Fauth%2Fcompute+https%3A%2F%2Fwww.googleapis.com%2Fauth%2Faccounts.reauth&state=aH8yEkEnosZoz3U41kjozX8qAnhbpB&code_challenge=iAz3l0eI-hc0Btc4rZHN8tg0Pamibc8028VUcxhCtCA&code_challenge_method=S256&access_type=offline


2021-11-16 00:15:10,221 INFO     google_auth_oauthlib.flow "GET /?state=aH8yEkEnosZoz3U41kjozX8qAnhbpB&code=4/0AX4XfWjtCcjIKvtWf_Uk8I_SziNDADbYDNYh-88W3GDO86VRf5LLEWJP34R92SjPAKj3Kg&scope=email%20openid%20https://www.googleapis.com/auth/userinfo.email%20https://www.googleapis.com/auth/cloud-platform%20https://www.googleapis.com/auth/appengine.admin%20https://www.googleapis.com/auth/compute%20https://www.googleapis.com/auth/accounts.reauth&authuser=0&prompt=consent HTTP/1.1" 200 959
2021-11-16 00:15:10,222 DEBUG    requests_oauthlib.oauth2_session Requesting url https://oauth2.googleapis.com/token using method POST.
2021-11-16 00:15:10,222 DEBUG    requests_oauthlib.oauth2_session Supplying headers {'Content-Type': 'application/x-www-form-urlencoded;charset=UTF-8', 'Accept': 'application/json', 'user-agent': 'google-cloud-sdk gcloud/364.0.0 command/gcloud.auth.login invocation-id/51cdd498a9f24025bb3b0ec07786051e environment/None environment-version/None interactive/True from-script/False python/2.7.16 term/xterm-256color (Macintosh; Intel Mac OS X 19.6.0)'} and data {u'code': u'4/0AX4XfWjtCcjIKvtWf_Uk8I_SziNDADbYDNYh-88W3GDO86VRf5LLEWJP34R92SjPAKj3Kg', u'code_verifier': u'GKMNhSBjp-R8U4NuL-iey0DQd9lQr-~S0r_htvzG1dPu.EbjKC3W24WRS5lEl8-7UGP4IWFtQZhg9fbeKUz58B5rS_VXOWWZ9ruBrRykFv8fRDLXLbHtt1TPZdTUOvC0', u'redirect_uri': u'http://localhost:8085/', u'client_id': u'32555940559.apps.googleusercontent.com', u'client_secret': u'ZmssLNjJy2998hD4CTg2ejr2', u'grant_type': u'authorization_code'}
2021-11-16 00:15:10,222 DEBUG    requests_oauthlib.oauth2_session Passing through key word arguments {'verify': True, 'json': None, 'proxies': None, 'timeout': None, 'auth': None}.
2021-11-16 00:15:10,358 DEBUG    urllib3.connectionpool Starting new HTTPS connection (1): oauth2.googleapis.com:443
2021-11-16 00:15:10,611 DEBUG    urllib3.connectionpool https://oauth2.googleapis.com:443 "POST /token HTTP/1.1" 200 None
2021-11-16 00:15:10,613 DEBUG    requests_oauthlib.oauth2_session Prepared fetch token request body grant_type=authorization_code&client_id=32555940559.apps.googleusercontent.com&client_secret=ZmssLNjJy2998hD4CTg2ejr2&code_verifier=GKMNhSBjp-R8U4NuL-iey0DQd9lQr-%7ES0r_htvzG1dPu.EbjKC3W24WRS5lEl8-7UGP4IWFtQZhg9fbeKUz58B5rS_VXOWWZ9ruBrRykFv8fRDLXLbHtt1TPZdTUOvC0&code=4%2F0AX4XfWjtCcjIKvtWf_Uk8I_SziNDADbYDNYh-88W3GDO86VRf5LLEWJP34R92SjPAKj3Kg&redirect_uri=http%3A%2F%2Flocalhost%3A8085%2F
2021-11-16 00:15:10,614 DEBUG    requests_oauthlib.oauth2_session Request to fetch token completed with status 200.
2021-11-16 00:15:10,614 DEBUG    requests_oauthlib.oauth2_session Request headers were {'Content-Length': '389', 'Accept-Encoding': 'gzip, deflate', 'Accept': 'application/json', 'user-agent': 'google-cloud-sdk gcloud/364.0.0 command/gcloud.auth.login invocation-id/51cdd498a9f24025bb3b0ec07786051e environment/None environment-version/None interactive/True from-script/False python/2.7.16 term/xterm-256color (Macintosh; Intel Mac OS X 19.6.0)', 'Connection': 'keep-alive', 'Content-Type': 'application/x-www-form-urlencoded;charset=UTF-8'}
2021-11-16 00:15:10,615 DEBUG    requests_oauthlib.oauth2_session Request body was code=4%2F0AX4XfWjtCcjIKvtWf_Uk8I_SziNDADbYDNYh-88W3GDO86VRf5LLEWJP34R92SjPAKj3Kg&code_verifier=GKMNhSBjp-R8U4NuL-iey0DQd9lQr-%7ES0r_htvzG1dPu.EbjKC3W24WRS5lEl8-7UGP4IWFtQZhg9fbeKUz58B5rS_VXOWWZ9ruBrRykFv8fRDLXLbHtt1TPZdTUOvC0&redirect_uri=http%3A%2F%2Flocalhost%3A8085%2F&client_id=32555940559.apps.googleusercontent.com&client_secret=ZmssLNjJy2998hD4CTg2ejr2&grant_type=authorization_code
2021-11-16 00:15:10,615 DEBUG    requests_oauthlib.oauth2_session Response headers were {'X-XSS-Protection': '0', 'X-Content-Type-Options': 'nosniff', 'Content-Encoding': 'gzip', 'Transfer-Encoding': 'chunked', 'Expires': 'Mon, 01 Jan 1990 00:00:00 GMT', 'Vary': 'Origin, X-Origin, Referer', 'Server': 'scaffolding on HTTPServer2', 'Pragma': 'no-cache', 'Cache-Control': 'no-cache, no-store, max-age=0, must-revalidate', 'Date': 'Tue, 16 Nov 2021 08:15:10 GMT', 'X-Frame-Options': 'SAMEORIGIN', 'Alt-Svc': 'h3=":443"; ma=2592000,h3-29=":443"; ma=2592000,h3-Q050=":443"; ma=2592000,h3-Q046=":443"; ma=2592000,h3-Q043=":443"; ma=2592000,quic=":443"; ma=2592000; v="46,43"', 'Content-Type': 'application/json; charset=utf-8'} and content {
  "access_token": "ya29.a0ARrdaM8sRdYttaP2CKiByNMHvckzuwAkTstSiztVNLbPL97sK2XC9oF4v7uPnh-G0UFA9PpnKSxzbUPNJYHr8hKb5u9VhkA3F3aLTOUXXgkwEZp9OAOxuQku2Us64jIQZwP0chNcet8_JpuCP_7FnkRM--8vIBmbUNOU",
  "expires_in": 3599,
  "refresh_token": "1//06VIyjJiSkoulCgYIARAAGAYSNwF-L9Ir_0D4bmnYmYlAtgiD0lm_NDdbdze5toukM-hod8rau6_fFvZdr7iyazWne5Hd1lO4Gms",
  "scope": "https://www.googleapis.com/auth/appengine.admin https://www.googleapis.com/auth/userinfo.email openid https://www.googleapis.com/auth/accounts.reauth https://www.googleapis.com/auth/cloud-platform https://www.googleapis.com/auth/compute",
  "token_type": "Bearer",
  "id_token": "eyJhbGciOiJSUzI1NiIsImtpZCI6IjAzMmIyZWYzZDJjMjgwNjE1N2Y4YTliOWY0ZWY3Nzk4MzRmODVhZGEiLCJ0eXAiOiJKV1QifQ.eyJpc3MiOiJodHRwczovL2FjY291bnRzLmdvb2dsZS5jb20iLCJhenAiOiIzMjU1NTk0MDU1OS5hcHBzLmdvb2dsZXVzZXJjb250ZW50LmNvbSIsImF1ZCI6IjMyNTU1OTQwNTU5LmFwcHMuZ29vZ2xldXNlcmNvbnRlbnQuY29tIiwic3ViIjoiMTAxNDIwNTIzNTk3NzQ0Mjk1MDYyIiwiZW1haWwiOiJ6YWNoc3RhbWVnbmFAZ21haWwuY29tIiwiZW1haWxfdmVyaWZpZWQiOnRydWUsImF0X2hhc2giOiJNSnhGb0Z5NE5aTXpVcFg1d3Q0M0NnIiwiaWF0IjoxNjM3MDUwNTEwLCJleHAiOjE2MzcwNTQxMTB9.Yls-k8gF0o0i3D-8pkTZ8LnkFaXXL9-EBSDNAUr2kMFe-uP8DuuzfaiWJ22lphplkraKHnTgcvqi9X2SrdoIfBCWL73YjeSuuIcoVyA5Z-0qY-3PXhQmXisR7UNWMACyVGtjrxybluo3jeHTb9seJACqLIUy6cw9FXZ7oU4j5OiDnjqVqCjpwgpoPltBUG2rCQfV82OMvOz6zdy_-MUb1WWaCJJcjq5wKS8CyvhGMVJfd4-GJOsWAIiyAllqpoa2jTfqQ_QKf9qYJay1iB1vJbvFP7yrjsqc_P3QQ5WRwO6Njs0uBfXhfHG9h--lKDYanMHbiJR4sD6O4sT5X7Rnzw"
}.
2021-11-16 00:15:10,616 DEBUG    requests_oauthlib.oauth2_session Invoking 0 token response hooks.
2021-11-16 00:15:10,616 DEBUG    requests_oauthlib.oauth2_session Obtained token {u'token_type': u'Bearer', u'refresh_token': u'1//06VIyjJiSkoulCgYIARAAGAYSNwF-L9Ir_0D4bmnYmYlAtgiD0lm_NDdbdze5toukM-hod8rau6_fFvZdr7iyazWne5Hd1lO4Gms', u'scope': [u'https://www.googleapis.com/auth/appengine.admin', u'https://www.googleapis.com/auth/userinfo.email', u'openid', u'https://www.googleapis.com/auth/accounts.reauth', u'https://www.googleapis.com/auth/cloud-platform', u'https://www.googleapis.com/auth/compute'], u'access_token': u'ya29.a0ARrdaM8sRdYttaP2CKiByNMHvckzuwAkTstSiztVNLbPL97sK2XC9oF4v7uPnh-G0UFA9PpnKSxzbUPNJYHr8hKb5u9VhkA3F3aLTOUXXgkwEZp9OAOxuQku2Us64jIQZwP0chNcet8_JpuCP_7FnkRM--8vIBmbUNOU', u'id_token': u'eyJhbGciOiJSUzI1NiIsImtpZCI6IjAzMmIyZWYzZDJjMjgwNjE1N2Y4YTliOWY0ZWY3Nzk4MzRmODVhZGEiLCJ0eXAiOiJKV1QifQ.eyJpc3MiOiJodHRwczovL2FjY291bnRzLmdvb2dsZS5jb20iLCJhenAiOiIzMjU1NTk0MDU1OS5hcHBzLmdvb2dsZXVzZXJjb250ZW50LmNvbSIsImF1ZCI6IjMyNTU1OTQwNTU5LmFwcHMuZ29vZ2xldXNlcmNvbnRlbnQuY29tIiwic3ViIjoiMTAxNDIwNTIzNTk3NzQ0Mjk1MDYyIiwiZW1haWwiOiJ6YWNoc3RhbWVnbmFAZ21haWwuY29tIiwiZW1haWxfdmVyaWZpZWQiOnRydWUsImF0X2hhc2giOiJNSnhGb0Z5NE5aTXpVcFg1d3Q0M0NnIiwiaWF0IjoxNjM3MDUwNTEwLCJleHAiOjE2MzcwNTQxMTB9.Yls-k8gF0o0i3D-8pkTZ8LnkFaXXL9-EBSDNAUr2kMFe-uP8DuuzfaiWJ22lphplkraKHnTgcvqi9X2SrdoIfBCWL73YjeSuuIcoVyA5Z-0qY-3PXhQmXisR7UNWMACyVGtjrxybluo3jeHTb9seJACqLIUy6cw9FXZ7oU4j5OiDnjqVqCjpwgpoPltBUG2rCQfV82OMvOz6zdy_-MUb1WWaCJJcjq5wKS8CyvhGMVJfd4-GJOsWAIiyAllqpoa2jTfqQ_QKf9qYJay1iB1vJbvFP7yrjsqc_P3QQ5WRwO6Njs0uBfXhfHG9h--lKDYanMHbiJR4sD6O4sT5X7Rnzw', u'expires_in': 3599, u'expires_at': 1637054109.616257}.
2021-11-16 00:15:10,634 INFO     ___FILE_ONLY___ 
You are now logged in as [zachstamegna@gmail.com].
Your current project is [high-comfort-332206].  You can change this setting by running:
  $ gcloud config set project PROJECT_ID

2021-11-16 00:15:10,640 INFO     root            Display format: "none"
2021-11-16 00:15:10,822 DEBUG    root            Checking for updates...
2021-11-16 00:15:10,883 DEBUG    urllib3.connectionpool Starting new HTTPS connection (1): dl.google.com:443
2021-11-16 00:15:11,095 DEBUG    urllib3.connectionpool https://dl.google.com:443 "GET /dl/cloudsdk/channels/rapid/components-2.json HTTP/1.1" 200 169906
