2021-11-16 14:34:31,184 DEBUG    root            Loaded Command Group: [u'gcloud', u'auth']
2021-11-16 14:34:31,245 DEBUG    root            Loaded Command Group: [u'gcloud', u'auth', u'login']
2021-11-16 14:34:31,248 DEBUG    root            Running [gcloud.auth.login] with arguments: []
2021-11-16 14:34:31,370 DEBUG    requests_oauthlib.oauth2_session Generated new state RcJQAN3m54HL2TIhLj7jvAEmSElZbX.
2021-11-16 14:34:31,709 INFO     ___FILE_ONLY___ Your browser has been opened to visit:

    https://accounts.google.com/o/oauth2/auth?response_type=code&client_id=32555940559.apps.googleusercontent.com&redirect_uri=http%3A%2F%2Flocalhost%3A8085%2F&scope=openid+https%3A%2F%2Fwww.googleapis.com%2Fauth%2Fuserinfo.email+https%3A%2F%2Fwww.googleapis.com%2Fauth%2Fcloud-platform+https%3A%2F%2Fwww.googleapis.com%2Fauth%2Fappengine.admin+https%3A%2F%2Fwww.googleapis.com%2Fauth%2Fcompute+https%3A%2F%2Fwww.googleapis.com%2Fauth%2Faccounts.reauth&state=RcJQAN3m54HL2TIhLj7jvAEmSElZbX&code_challenge=Yy6wUFr34v5ZGqJox7gXgJvYmLOdlv8cdJ_T8Dl-srE&code_challenge_method=S256&access_type=offline


2021-11-16 14:34:37,342 INFO     google_auth_oauthlib.flow "GET /?state=RcJQAN3m54HL2TIhLj7jvAEmSElZbX&code=4/0AX4XfWiPPsxtbkZoaZ69qHIn3P70mef7QrGdwSHenMM22htXdBDIgAoM29N2eSDf5p9cFA&scope=email%20openid%20https://www.googleapis.com/auth/userinfo.email%20https://www.googleapis.com/auth/cloud-platform%20https://www.googleapis.com/auth/appengine.admin%20https://www.googleapis.com/auth/compute%20https://www.googleapis.com/auth/accounts.reauth&authuser=0&prompt=consent HTTP/1.1" 200 959
2021-11-16 14:34:37,345 DEBUG    requests_oauthlib.oauth2_session Requesting url https://oauth2.googleapis.com/token using method POST.
2021-11-16 14:34:37,345 DEBUG    requests_oauthlib.oauth2_session Supplying headers {'Content-Type': 'application/x-www-form-urlencoded;charset=UTF-8', 'Accept': 'application/json', 'user-agent': 'google-cloud-sdk gcloud/364.0.0 command/gcloud.auth.login invocation-id/c630bc5383c0404ea647d057e11c4259 environment/None environment-version/None interactive/True from-script/False python/2.7.16 term/xterm-256color (Macintosh; Intel Mac OS X 19.6.0)'} and data {u'code': u'4/0AX4XfWiPPsxtbkZoaZ69qHIn3P70mef7QrGdwSHenMM22htXdBDIgAoM29N2eSDf5p9cFA', u'code_verifier': u'LhNKEmch4RNEpdoUjkB5buIa657BUuDZw8BrH6yZ0CWJ-abtETSVkNKYlLPou4HvSSvG5qIFqHKSTvYceSv8Os.UHUrcX9Hg0cjxXskbTXG7J.fvTlDvMi-KVIq~xg3a', u'redirect_uri': u'http://localhost:8085/', u'client_id': u'32555940559.apps.googleusercontent.com', u'client_secret': u'ZmssLNjJy2998hD4CTg2ejr2', u'grant_type': u'authorization_code'}
2021-11-16 14:34:37,345 DEBUG    requests_oauthlib.oauth2_session Passing through key word arguments {'verify': True, 'json': None, 'proxies': None, 'timeout': None, 'auth': None}.
2021-11-16 14:34:37,399 DEBUG    urllib3.connectionpool Starting new HTTPS connection (1): oauth2.googleapis.com:443
2021-11-16 14:34:37,677 DEBUG    urllib3.connectionpool https://oauth2.googleapis.com:443 "POST /token HTTP/1.1" 200 None
2021-11-16 14:34:37,679 DEBUG    requests_oauthlib.oauth2_session Prepared fetch token request body grant_type=authorization_code&client_id=32555940559.apps.googleusercontent.com&client_secret=ZmssLNjJy2998hD4CTg2ejr2&code_verifier=LhNKEmch4RNEpdoUjkB5buIa657BUuDZw8BrH6yZ0CWJ-abtETSVkNKYlLPou4HvSSvG5qIFqHKSTvYceSv8Os.UHUrcX9Hg0cjxXskbTXG7J.fvTlDvMi-KVIq%7Exg3a&code=4%2F0AX4XfWiPPsxtbkZoaZ69qHIn3P70mef7QrGdwSHenMM22htXdBDIgAoM29N2eSDf5p9cFA&redirect_uri=http%3A%2F%2Flocalhost%3A8085%2F
2021-11-16 14:34:37,679 DEBUG    requests_oauthlib.oauth2_session Request to fetch token completed with status 200.
2021-11-16 14:34:37,680 DEBUG    requests_oauthlib.oauth2_session Request headers were {'Content-Length': '389', 'Accept-Encoding': 'gzip, deflate', 'Accept': 'application/json', 'user-agent': 'google-cloud-sdk gcloud/364.0.0 command/gcloud.auth.login invocation-id/c630bc5383c0404ea647d057e11c4259 environment/None environment-version/None interactive/True from-script/False python/2.7.16 term/xterm-256color (Macintosh; Intel Mac OS X 19.6.0)', 'Connection': 'keep-alive', 'Content-Type': 'application/x-www-form-urlencoded;charset=UTF-8'}
2021-11-16 14:34:37,681 DEBUG    requests_oauthlib.oauth2_session Request body was code=4%2F0AX4XfWiPPsxtbkZoaZ69qHIn3P70mef7QrGdwSHenMM22htXdBDIgAoM29N2eSDf5p9cFA&code_verifier=LhNKEmch4RNEpdoUjkB5buIa657BUuDZw8BrH6yZ0CWJ-abtETSVkNKYlLPou4HvSSvG5qIFqHKSTvYceSv8Os.UHUrcX9Hg0cjxXskbTXG7J.fvTlDvMi-KVIq%7Exg3a&redirect_uri=http%3A%2F%2Flocalhost%3A8085%2F&client_id=32555940559.apps.googleusercontent.com&client_secret=ZmssLNjJy2998hD4CTg2ejr2&grant_type=authorization_code
2021-11-16 14:34:37,681 DEBUG    requests_oauthlib.oauth2_session Response headers were {'X-XSS-Protection': '0', 'X-Content-Type-Options': 'nosniff', 'Content-Encoding': 'gzip', 'Transfer-Encoding': 'chunked', 'Expires': 'Mon, 01 Jan 1990 00:00:00 GMT', 'Vary': 'Origin, X-Origin, Referer', 'Server': 'scaffolding on HTTPServer2', 'Pragma': 'no-cache', 'Cache-Control': 'no-cache, no-store, max-age=0, must-revalidate', 'Date': 'Tue, 16 Nov 2021 22:34:37 GMT', 'X-Frame-Options': 'SAMEORIGIN', 'Alt-Svc': 'h3=":443"; ma=2592000,h3-29=":443"; ma=2592000,h3-Q050=":443"; ma=2592000,h3-Q046=":443"; ma=2592000,h3-Q043=":443"; ma=2592000,quic=":443"; ma=2592000; v="46,43"', 'Content-Type': 'application/json; charset=utf-8'} and content {
  "access_token": "ya29.a0ARrdaM-Y4U3xx64FgUuTA2DFtaGM_OxZmLkLybuSPTE9sB18DNGMtpbhHEPmLh0IS4CloBCzqYoRayjAtSSYoRhZJ4Zk5qx7JDm4CDfyMTU0-mJ5hwUGhwiOcDc4IpqgKxlJHuoNfDlvgWFE9PebhuapB88Pq3DJ2iGM",
  "expires_in": 3599,
  "refresh_token": "1//06xjH5h7M07HKCgYIARAAGAYSNwF-L9IrtJnhlN96GLvENDz9ZZWW7IFnOYvRgjMdJaREoqicCYzSHBVtqp0RPsVvlgny2DBWcKU",
  "scope": "https://www.googleapis.com/auth/appengine.admin https://www.googleapis.com/auth/userinfo.email openid https://www.googleapis.com/auth/compute https://www.googleapis.com/auth/accounts.reauth https://www.googleapis.com/auth/cloud-platform",
  "token_type": "Bearer",
  "id_token": "eyJhbGciOiJSUzI1NiIsImtpZCI6IjAzMmIyZWYzZDJjMjgwNjE1N2Y4YTliOWY0ZWY3Nzk4MzRmODVhZGEiLCJ0eXAiOiJKV1QifQ.eyJpc3MiOiJodHRwczovL2FjY291bnRzLmdvb2dsZS5jb20iLCJhenAiOiIzMjU1NTk0MDU1OS5hcHBzLmdvb2dsZXVzZXJjb250ZW50LmNvbSIsImF1ZCI6IjMyNTU1OTQwNTU5LmFwcHMuZ29vZ2xldXNlcmNvbnRlbnQuY29tIiwic3ViIjoiMTAxNDIwNTIzNTk3NzQ0Mjk1MDYyIiwiZW1haWwiOiJ6YWNoc3RhbWVnbmFAZ21haWwuY29tIiwiZW1haWxfdmVyaWZpZWQiOnRydWUsImF0X2hhc2giOiJhWE9CNFhwMTR1VmFuOVdDT3E0WUFnIiwiaWF0IjoxNjM3MTAyMDc3LCJleHAiOjE2MzcxMDU2Nzd9.rrEHbfpco0IJxckdvGgfF56HxGyM8oVClUpKxpy-KVoQJu9jgC37HzzJLmXraG6BFPF8VYEuotlsgLu7Nykgq4S0PD_Bins5bjbL66IIkA0hkBhD7qzWE2v5zpuSwZ9Jgyv6JfJaKLkO9nf9VIq1TQRqTTIGry2NnJqVQIV1pn3A2GU5UySMg-JRtDQGTDPK0HdufHGvzT4cE8Iq0E_g3XcGKKVcThJUGCPzfiQmFYx2LmASuFXYb6YH6NUYmSqCMm0beMVxQMLENO9rXLTdD--_MFksU_3bI9jQZntwn1HD-VXp24BEDH0dHK5btmcqzVCwzaGUtEL3tuYGxXMI8g"
}.
2021-11-16 14:34:37,681 DEBUG    requests_oauthlib.oauth2_session Invoking 0 token response hooks.
2021-11-16 14:34:37,682 DEBUG    requests_oauthlib.oauth2_session Obtained token {u'token_type': u'Bearer', u'refresh_token': u'1//06xjH5h7M07HKCgYIARAAGAYSNwF-L9IrtJnhlN96GLvENDz9ZZWW7IFnOYvRgjMdJaREoqicCYzSHBVtqp0RPsVvlgny2DBWcKU', u'scope': [u'https://www.googleapis.com/auth/appengine.admin', u'https://www.googleapis.com/auth/userinfo.email', u'openid', u'https://www.googleapis.com/auth/compute', u'https://www.googleapis.com/auth/accounts.reauth', u'https://www.googleapis.com/auth/cloud-platform'], u'access_token': u'ya29.a0ARrdaM-Y4U3xx64FgUuTA2DFtaGM_OxZmLkLybuSPTE9sB18DNGMtpbhHEPmLh0IS4CloBCzqYoRayjAtSSYoRhZJ4Zk5qx7JDm4CDfyMTU0-mJ5hwUGhwiOcDc4IpqgKxlJHuoNfDlvgWFE9PebhuapB88Pq3DJ2iGM', u'id_token': u'eyJhbGciOiJSUzI1NiIsImtpZCI6IjAzMmIyZWYzZDJjMjgwNjE1N2Y4YTliOWY0ZWY3Nzk4MzRmODVhZGEiLCJ0eXAiOiJKV1QifQ.eyJpc3MiOiJodHRwczovL2FjY291bnRzLmdvb2dsZS5jb20iLCJhenAiOiIzMjU1NTk0MDU1OS5hcHBzLmdvb2dsZXVzZXJjb250ZW50LmNvbSIsImF1ZCI6IjMyNTU1OTQwNTU5LmFwcHMuZ29vZ2xldXNlcmNvbnRlbnQuY29tIiwic3ViIjoiMTAxNDIwNTIzNTk3NzQ0Mjk1MDYyIiwiZW1haWwiOiJ6YWNoc3RhbWVnbmFAZ21haWwuY29tIiwiZW1haWxfdmVyaWZpZWQiOnRydWUsImF0X2hhc2giOiJhWE9CNFhwMTR1VmFuOVdDT3E0WUFnIiwiaWF0IjoxNjM3MTAyMDc3LCJleHAiOjE2MzcxMDU2Nzd9.rrEHbfpco0IJxckdvGgfF56HxGyM8oVClUpKxpy-KVoQJu9jgC37HzzJLmXraG6BFPF8VYEuotlsgLu7Nykgq4S0PD_Bins5bjbL66IIkA0hkBhD7qzWE2v5zpuSwZ9Jgyv6JfJaKLkO9nf9VIq1TQRqTTIGry2NnJqVQIV1pn3A2GU5UySMg-JRtDQGTDPK0HdufHGvzT4cE8Iq0E_g3XcGKKVcThJUGCPzfiQmFYx2LmASuFXYb6YH6NUYmSqCMm0beMVxQMLENO9rXLTdD--_MFksU_3bI9jQZntwn1HD-VXp24BEDH0dHK5btmcqzVCwzaGUtEL3tuYGxXMI8g', u'expires_in': 3599, u'expires_at': 1637105676.682245}.
2021-11-16 14:34:37,699 INFO     ___FILE_ONLY___ 
You are now logged in as [zachstamegna@gmail.com].
Your current project is [high-comfort-332206].  You can change this setting by running:
  $ gcloud config set project PROJECT_ID

2021-11-16 14:34:37,709 INFO     root            Display format: "none"
