2021-11-16 23:32:48,727 DEBUG    root            Loaded Command Group: [u'gcloud', u'auth']
2021-11-16 23:32:48,808 DEBUG    root            Loaded Command Group: [u'gcloud', u'auth', u'login']
2021-11-16 23:32:48,813 DEBUG    root            Running [gcloud.auth.login] with arguments: []
2021-11-16 23:32:48,938 DEBUG    requests_oauthlib.oauth2_session Generated new state pG810GW2rcegCHA21FlZf4gEL1Hw1j.
2021-11-16 23:32:49,241 INFO     ___FILE_ONLY___ Your browser has been opened to visit:

    https://accounts.google.com/o/oauth2/auth?response_type=code&client_id=32555940559.apps.googleusercontent.com&redirect_uri=http%3A%2F%2Flocalhost%3A8085%2F&scope=openid+https%3A%2F%2Fwww.googleapis.com%2Fauth%2Fuserinfo.email+https%3A%2F%2Fwww.googleapis.com%2Fauth%2Fcloud-platform+https%3A%2F%2Fwww.googleapis.com%2Fauth%2Fappengine.admin+https%3A%2F%2Fwww.googleapis.com%2Fauth%2Fcompute+https%3A%2F%2Fwww.googleapis.com%2Fauth%2Faccounts.reauth&state=pG810GW2rcegCHA21FlZf4gEL1Hw1j&code_challenge=tbDP3S_jKy6OteisvfibmhZvJqOlDkcB7S4ttekcvUI&code_challenge_method=S256&access_type=offline


2021-11-16 23:32:58,982 INFO     google_auth_oauthlib.flow "GET /?state=pG810GW2rcegCHA21FlZf4gEL1Hw1j&code=4/0AX4XfWhA04z5-hoSBjtWBzHp1HhfspSfkLiSfDDZRF-y8TSQhGT_uNntnZr_Vf1RIDcokQ&scope=email%20openid%20https://www.googleapis.com/auth/userinfo.email%20https://www.googleapis.com/auth/cloud-platform%20https://www.googleapis.com/auth/appengine.admin%20https://www.googleapis.com/auth/compute%20https://www.googleapis.com/auth/accounts.reauth&authuser=0&prompt=consent HTTP/1.1" 200 959
2021-11-16 23:32:58,984 DEBUG    requests_oauthlib.oauth2_session Requesting url https://oauth2.googleapis.com/token using method POST.
2021-11-16 23:32:58,984 DEBUG    requests_oauthlib.oauth2_session Supplying headers {'Content-Type': 'application/x-www-form-urlencoded;charset=UTF-8', 'Accept': 'application/json', 'user-agent': 'google-cloud-sdk gcloud/364.0.0 command/gcloud.auth.login invocation-id/ae50ca80ae5a4fa69eba605594afb4a1 environment/None environment-version/None interactive/True from-script/False python/2.7.16 term/xterm-256color (Macintosh; Intel Mac OS X 19.6.0)'} and data {u'code': u'4/0AX4XfWhA04z5-hoSBjtWBzHp1HhfspSfkLiSfDDZRF-y8TSQhGT_uNntnZr_Vf1RIDcokQ', u'code_verifier': u'rQw7fJjmNAEut-37cioPqh6oVKg7edPn00JybFT5qj-AUajxmHX~f700pwiu~l.6EWvqosZCzbcSpi2T~XJejiYjXDcSkZU_vv_K9ZMq6Clu8XUkXd-lHlAOsxPD2zF9', u'redirect_uri': u'http://localhost:8085/', u'client_id': u'32555940559.apps.googleusercontent.com', u'client_secret': u'ZmssLNjJy2998hD4CTg2ejr2', u'grant_type': u'authorization_code'}
2021-11-16 23:32:58,985 DEBUG    requests_oauthlib.oauth2_session Passing through key word arguments {'verify': True, 'json': None, 'proxies': None, 'timeout': None, 'auth': None}.
2021-11-16 23:32:59,042 DEBUG    urllib3.connectionpool Starting new HTTPS connection (1): oauth2.googleapis.com:443
2021-11-16 23:32:59,302 DEBUG    urllib3.connectionpool https://oauth2.googleapis.com:443 "POST /token HTTP/1.1" 200 None
2021-11-16 23:32:59,304 DEBUG    requests_oauthlib.oauth2_session Prepared fetch token request body grant_type=authorization_code&client_id=32555940559.apps.googleusercontent.com&client_secret=ZmssLNjJy2998hD4CTg2ejr2&code_verifier=rQw7fJjmNAEut-37cioPqh6oVKg7edPn00JybFT5qj-AUajxmHX%7Ef700pwiu%7El.6EWvqosZCzbcSpi2T%7EXJejiYjXDcSkZU_vv_K9ZMq6Clu8XUkXd-lHlAOsxPD2zF9&code=4%2F0AX4XfWhA04z5-hoSBjtWBzHp1HhfspSfkLiSfDDZRF-y8TSQhGT_uNntnZr_Vf1RIDcokQ&redirect_uri=http%3A%2F%2Flocalhost%3A8085%2F
2021-11-16 23:32:59,304 DEBUG    requests_oauthlib.oauth2_session Request to fetch token completed with status 200.
2021-11-16 23:32:59,306 DEBUG    requests_oauthlib.oauth2_session Request headers were {'Content-Length': '393', 'Accept-Encoding': 'gzip, deflate', 'Accept': 'application/json', 'user-agent': 'google-cloud-sdk gcloud/364.0.0 command/gcloud.auth.login invocation-id/ae50ca80ae5a4fa69eba605594afb4a1 environment/None environment-version/None interactive/True from-script/False python/2.7.16 term/xterm-256color (Macintosh; Intel Mac OS X 19.6.0)', 'Connection': 'keep-alive', 'Content-Type': 'application/x-www-form-urlencoded;charset=UTF-8'}
2021-11-16 23:32:59,306 DEBUG    requests_oauthlib.oauth2_session Request body was code=4%2F0AX4XfWhA04z5-hoSBjtWBzHp1HhfspSfkLiSfDDZRF-y8TSQhGT_uNntnZr_Vf1RIDcokQ&code_verifier=rQw7fJjmNAEut-37cioPqh6oVKg7edPn00JybFT5qj-AUajxmHX%7Ef700pwiu%7El.6EWvqosZCzbcSpi2T%7EXJejiYjXDcSkZU_vv_K9ZMq6Clu8XUkXd-lHlAOsxPD2zF9&redirect_uri=http%3A%2F%2Flocalhost%3A8085%2F&client_id=32555940559.apps.googleusercontent.com&client_secret=ZmssLNjJy2998hD4CTg2ejr2&grant_type=authorization_code
2021-11-16 23:32:59,306 DEBUG    requests_oauthlib.oauth2_session Response headers were {'X-XSS-Protection': '0', 'X-Content-Type-Options': 'nosniff', 'Content-Encoding': 'gzip', 'Transfer-Encoding': 'chunked', 'Expires': 'Mon, 01 Jan 1990 00:00:00 GMT', 'Vary': 'Origin, X-Origin, Referer', 'Server': 'scaffolding on HTTPServer2', 'Pragma': 'no-cache', 'Cache-Control': 'no-cache, no-store, max-age=0, must-revalidate', 'Date': 'Wed, 17 Nov 2021 07:32:59 GMT', 'X-Frame-Options': 'SAMEORIGIN', 'Alt-Svc': 'h3=":443"; ma=2592000,h3-29=":443"; ma=2592000,h3-Q050=":443"; ma=2592000,h3-Q046=":443"; ma=2592000,h3-Q043=":443"; ma=2592000,quic=":443"; ma=2592000; v="46,43"', 'Content-Type': 'application/json; charset=utf-8'} and content {
  "access_token": "ya29.a0ARrdaM_NTcLQmmvEPa6_9d1-8aOl-3DGhpbHFnkHERDx3BdVWWY56ByyLjcyyV5-7jjVroCEBoJDQdC96hQ0ItyZwFQyqO2OgyrW4ZA5CV5hoqqa2c4aL2sgCnCY2k054W51OhxQ-cPoA4JweRkGfynUvXc-Rz9noZC9",
  "expires_in": 3599,
  "refresh_token": "1//06P_ZLOn5nnX4CgYIARAAGAYSNwF-L9IrVu-jSbjDxUFlsV6uqq3wvPFawlKtBlkyY5tCm-0SY3pMN_Uz8oT3T9NBl_vuTcZR0Bo",
  "scope": "openid https://www.googleapis.com/auth/cloud-platform https://www.googleapis.com/auth/compute https://www.googleapis.com/auth/userinfo.email https://www.googleapis.com/auth/accounts.reauth https://www.googleapis.com/auth/appengine.admin",
  "token_type": "Bearer",
  "id_token": "eyJhbGciOiJSUzI1NiIsImtpZCI6IjAzMmIyZWYzZDJjMjgwNjE1N2Y4YTliOWY0ZWY3Nzk4MzRmODVhZGEiLCJ0eXAiOiJKV1QifQ.eyJpc3MiOiJodHRwczovL2FjY291bnRzLmdvb2dsZS5jb20iLCJhenAiOiIzMjU1NTk0MDU1OS5hcHBzLmdvb2dsZXVzZXJjb250ZW50LmNvbSIsImF1ZCI6IjMyNTU1OTQwNTU5LmFwcHMuZ29vZ2xldXNlcmNvbnRlbnQuY29tIiwic3ViIjoiMTAxNDIwNTIzNTk3NzQ0Mjk1MDYyIiwiZW1haWwiOiJ6YWNoc3RhbWVnbmFAZ21haWwuY29tIiwiZW1haWxfdmVyaWZpZWQiOnRydWUsImF0X2hhc2giOiJDLXZ5Z0xCWUtnTkRJb0hZMVJKT3RnIiwiaWF0IjoxNjM3MTM0Mzc5LCJleHAiOjE2MzcxMzc5Nzl9.LUsW_LujbunxsIYz2JVi83-5KsnQqSof8_--GRlnrOQvTV1S_XQlTxeo-56J4xjDnok1QOmyvNVj0ee5cGtwJEvcULbkvozUCZabDT0E6NZSk0-d3nZaOon-1Gfs5tgjB4_IYZ-_D-kzX-txAjs5MlL54j5MXprlba136FJ64asVDGDG2snLb_wOjqo7ATCHF5BAOQJy35iNngl2OrPJnXVGQj6EZZ87glIppVPrBO32Pk8rMtRwKI7TlzuAkrf1eD8TcwG51UdXe_5ecvVCplPYH31zyIh2lCDvNcJ2NWURTZSn7iVKbzAuJDEYib3JRO8_0BwrIIgZlJvEMbLN6Q"
}.
2021-11-16 23:32:59,306 DEBUG    requests_oauthlib.oauth2_session Invoking 0 token response hooks.
2021-11-16 23:32:59,307 DEBUG    requests_oauthlib.oauth2_session Obtained token {u'token_type': u'Bearer', u'refresh_token': u'1//06P_ZLOn5nnX4CgYIARAAGAYSNwF-L9IrVu-jSbjDxUFlsV6uqq3wvPFawlKtBlkyY5tCm-0SY3pMN_Uz8oT3T9NBl_vuTcZR0Bo', u'scope': [u'openid', u'https://www.googleapis.com/auth/cloud-platform', u'https://www.googleapis.com/auth/compute', u'https://www.googleapis.com/auth/userinfo.email', u'https://www.googleapis.com/auth/accounts.reauth', u'https://www.googleapis.com/auth/appengine.admin'], u'access_token': u'ya29.a0ARrdaM_NTcLQmmvEPa6_9d1-8aOl-3DGhpbHFnkHERDx3BdVWWY56ByyLjcyyV5-7jjVroCEBoJDQdC96hQ0ItyZwFQyqO2OgyrW4ZA5CV5hoqqa2c4aL2sgCnCY2k054W51OhxQ-cPoA4JweRkGfynUvXc-Rz9noZC9', u'id_token': u'eyJhbGciOiJSUzI1NiIsImtpZCI6IjAzMmIyZWYzZDJjMjgwNjE1N2Y4YTliOWY0ZWY3Nzk4MzRmODVhZGEiLCJ0eXAiOiJKV1QifQ.eyJpc3MiOiJodHRwczovL2FjY291bnRzLmdvb2dsZS5jb20iLCJhenAiOiIzMjU1NTk0MDU1OS5hcHBzLmdvb2dsZXVzZXJjb250ZW50LmNvbSIsImF1ZCI6IjMyNTU1OTQwNTU5LmFwcHMuZ29vZ2xldXNlcmNvbnRlbnQuY29tIiwic3ViIjoiMTAxNDIwNTIzNTk3NzQ0Mjk1MDYyIiwiZW1haWwiOiJ6YWNoc3RhbWVnbmFAZ21haWwuY29tIiwiZW1haWxfdmVyaWZpZWQiOnRydWUsImF0X2hhc2giOiJDLXZ5Z0xCWUtnTkRJb0hZMVJKT3RnIiwiaWF0IjoxNjM3MTM0Mzc5LCJleHAiOjE2MzcxMzc5Nzl9.LUsW_LujbunxsIYz2JVi83-5KsnQqSof8_--GRlnrOQvTV1S_XQlTxeo-56J4xjDnok1QOmyvNVj0ee5cGtwJEvcULbkvozUCZabDT0E6NZSk0-d3nZaOon-1Gfs5tgjB4_IYZ-_D-kzX-txAjs5MlL54j5MXprlba136FJ64asVDGDG2snLb_wOjqo7ATCHF5BAOQJy35iNngl2OrPJnXVGQj6EZZ87glIppVPrBO32Pk8rMtRwKI7TlzuAkrf1eD8TcwG51UdXe_5ecvVCplPYH31zyIh2lCDvNcJ2NWURTZSn7iVKbzAuJDEYib3JRO8_0BwrIIgZlJvEMbLN6Q', u'expires_in': 3599, u'expires_at': 1637137978.307212}.
2021-11-16 23:32:59,324 INFO     ___FILE_ONLY___ 
You are now logged in as [zachstamegna@gmail.com].
Your current project is [high-comfort-332206].  You can change this setting by running:
  $ gcloud config set project PROJECT_ID

2021-11-16 23:32:59,332 INFO     root            Display format: "none"
