2021-11-25 00:57:19,993 DEBUG    root            Loaded Command Group: [u'gcloud', u'auth']
2021-11-25 00:57:20,068 DEBUG    root            Loaded Command Group: [u'gcloud', u'auth', u'login']
2021-11-25 00:57:20,072 DEBUG    root            Running [gcloud.auth.login] with arguments: []
2021-11-25 00:57:21,328 DEBUG    requests_oauthlib.oauth2_session Generated new state NXY907i9poY0T6qx4lB7TOaxjtqwyR.
2021-11-25 00:57:21,577 INFO     ___FILE_ONLY___ Your browser has been opened to visit:

    https://accounts.google.com/o/oauth2/auth?response_type=code&client_id=32555940559.apps.googleusercontent.com&redirect_uri=http%3A%2F%2Flocalhost%3A8085%2F&scope=openid+https%3A%2F%2Fwww.googleapis.com%2Fauth%2Fuserinfo.email+https%3A%2F%2Fwww.googleapis.com%2Fauth%2Fcloud-platform+https%3A%2F%2Fwww.googleapis.com%2Fauth%2Fappengine.admin+https%3A%2F%2Fwww.googleapis.com%2Fauth%2Fcompute+https%3A%2F%2Fwww.googleapis.com%2Fauth%2Faccounts.reauth&state=NXY907i9poY0T6qx4lB7TOaxjtqwyR&code_challenge=gioouVGeyzxu93BHxwJLdL_pfxK5lNHaSK4jmCzPUoc&code_challenge_method=S256&access_type=offline


2021-11-25 00:57:27,699 INFO     google_auth_oauthlib.flow "GET /?state=NXY907i9poY0T6qx4lB7TOaxjtqwyR&code=4/0AX4XfWg1WB-_-0fbuCboLP55PLJbhVwy-53SS5kgCQCNkU9AJS5avLAIdFEr84tBXkxHIA&scope=email%20openid%20https://www.googleapis.com/auth/userinfo.email%20https://www.googleapis.com/auth/cloud-platform%20https://www.googleapis.com/auth/appengine.admin%20https://www.googleapis.com/auth/compute%20https://www.googleapis.com/auth/accounts.reauth&authuser=0&prompt=consent HTTP/1.1" 200 959
2021-11-25 00:57:27,700 DEBUG    requests_oauthlib.oauth2_session Requesting url https://oauth2.googleapis.com/token using method POST.
2021-11-25 00:57:27,700 DEBUG    requests_oauthlib.oauth2_session Supplying headers {'Content-Type': 'application/x-www-form-urlencoded;charset=UTF-8', 'Accept': 'application/json', 'user-agent': 'google-cloud-sdk gcloud/364.0.0 command/gcloud.auth.login invocation-id/321bbf9d01e04f558ac15fe920b898fe environment/None environment-version/None interactive/True from-script/False python/2.7.16 term/xterm-256color (Macintosh; Intel Mac OS X 19.6.0)'} and data {u'code': u'4/0AX4XfWg1WB-_-0fbuCboLP55PLJbhVwy-53SS5kgCQCNkU9AJS5avLAIdFEr84tBXkxHIA', u'code_verifier': u'Ff5hEjIg_gwkTeVJwTY3N~bqp6lg_R~kkbbjFyZGXQA7eCQxLbgyV0i7m.AQqLpHsUqDB6jzP2F_A-C5Aftfp_XhdltzJShl15DEl5aHQLGAQLBwYcTw-Wvms-C7g6Al', u'redirect_uri': u'http://localhost:8085/', u'client_id': u'32555940559.apps.googleusercontent.com', u'client_secret': u'ZmssLNjJy2998hD4CTg2ejr2', u'grant_type': u'authorization_code'}
2021-11-25 00:57:27,700 DEBUG    requests_oauthlib.oauth2_session Passing through key word arguments {'verify': True, 'json': None, 'proxies': None, 'timeout': None, 'auth': None}.
2021-11-25 00:57:27,819 DEBUG    urllib3.connectionpool Starting new HTTPS connection (1): oauth2.googleapis.com:443
2021-11-25 00:57:28,069 DEBUG    urllib3.connectionpool https://oauth2.googleapis.com:443 "POST /token HTTP/1.1" 200 None
2021-11-25 00:57:28,071 DEBUG    requests_oauthlib.oauth2_session Prepared fetch token request body grant_type=authorization_code&client_id=32555940559.apps.googleusercontent.com&client_secret=ZmssLNjJy2998hD4CTg2ejr2&code_verifier=Ff5hEjIg_gwkTeVJwTY3N%7Ebqp6lg_R%7EkkbbjFyZGXQA7eCQxLbgyV0i7m.AQqLpHsUqDB6jzP2F_A-C5Aftfp_XhdltzJShl15DEl5aHQLGAQLBwYcTw-Wvms-C7g6Al&code=4%2F0AX4XfWg1WB-_-0fbuCboLP55PLJbhVwy-53SS5kgCQCNkU9AJS5avLAIdFEr84tBXkxHIA&redirect_uri=http%3A%2F%2Flocalhost%3A8085%2F
2021-11-25 00:57:28,071 DEBUG    requests_oauthlib.oauth2_session Request to fetch token completed with status 200.
2021-11-25 00:57:28,072 DEBUG    requests_oauthlib.oauth2_session Request headers were {'Content-Length': '391', 'Accept-Encoding': 'gzip, deflate', 'Accept': 'application/json', 'user-agent': 'google-cloud-sdk gcloud/364.0.0 command/gcloud.auth.login invocation-id/321bbf9d01e04f558ac15fe920b898fe environment/None environment-version/None interactive/True from-script/False python/2.7.16 term/xterm-256color (Macintosh; Intel Mac OS X 19.6.0)', 'Connection': 'keep-alive', 'Content-Type': 'application/x-www-form-urlencoded;charset=UTF-8'}
2021-11-25 00:57:28,072 DEBUG    requests_oauthlib.oauth2_session Request body was code=4%2F0AX4XfWg1WB-_-0fbuCboLP55PLJbhVwy-53SS5kgCQCNkU9AJS5avLAIdFEr84tBXkxHIA&code_verifier=Ff5hEjIg_gwkTeVJwTY3N%7Ebqp6lg_R%7EkkbbjFyZGXQA7eCQxLbgyV0i7m.AQqLpHsUqDB6jzP2F_A-C5Aftfp_XhdltzJShl15DEl5aHQLGAQLBwYcTw-Wvms-C7g6Al&redirect_uri=http%3A%2F%2Flocalhost%3A8085%2F&client_id=32555940559.apps.googleusercontent.com&client_secret=ZmssLNjJy2998hD4CTg2ejr2&grant_type=authorization_code
2021-11-25 00:57:28,073 DEBUG    requests_oauthlib.oauth2_session Response headers were {'X-XSS-Protection': '0', 'X-Content-Type-Options': 'nosniff', 'Content-Encoding': 'gzip', 'Transfer-Encoding': 'chunked', 'Expires': 'Mon, 01 Jan 1990 00:00:00 GMT', 'Vary': 'Origin, X-Origin, Referer', 'Server': 'scaffolding on HTTPServer2', 'Pragma': 'no-cache', 'Cache-Control': 'no-cache, no-store, max-age=0, must-revalidate', 'Date': 'Thu, 25 Nov 2021 08:57:28 GMT', 'X-Frame-Options': 'SAMEORIGIN', 'Alt-Svc': 'h3=":443"; ma=2592000,h3-29=":443"; ma=2592000,h3-Q050=":443"; ma=2592000,h3-Q046=":443"; ma=2592000,h3-Q043=":443"; ma=2592000,quic=":443"; ma=2592000; v="46,43"', 'Content-Type': 'application/json; charset=utf-8'} and content {
  "access_token": "ya29.a0ARrdaM-PB94jFI92-kwNmC4RTw1cwpiK-hU4rTi3s8vSXuZwIf0syPQ3VsU9XAxaH2C4RUTxRnj6WPgpA7Zft8UUT37B9V61KTspWruITwqOcHyU5CXvvoeDa_5r3cwfsaTeygOmU5b7q05DJ-Jkd9ICNw2qLTXNsThJ",
  "expires_in": 3599,
  "refresh_token": "1//06w4vk8vpXqc7CgYIARAAGAYSNwF-L9IrCQEmStpXk3TdjZjTjjyDPgWM1aoqkB-DxWimm7HX9V1-R7fU8nxko8MUF4FOj_-x0zg",
  "scope": "https://www.googleapis.com/auth/compute openid https://www.googleapis.com/auth/cloud-platform https://www.googleapis.com/auth/accounts.reauth https://www.googleapis.com/auth/userinfo.email https://www.googleapis.com/auth/appengine.admin",
  "token_type": "Bearer",
  "id_token": "eyJhbGciOiJSUzI1NiIsImtpZCI6ImQ0ZTA2Y2ViMjJiMDFiZTU2YzIxM2M5ODU0MGFiNTYzYmZmNWE1OGMiLCJ0eXAiOiJKV1QifQ.eyJpc3MiOiJodHRwczovL2FjY291bnRzLmdvb2dsZS5jb20iLCJhenAiOiIzMjU1NTk0MDU1OS5hcHBzLmdvb2dsZXVzZXJjb250ZW50LmNvbSIsImF1ZCI6IjMyNTU1OTQwNTU5LmFwcHMuZ29vZ2xldXNlcmNvbnRlbnQuY29tIiwic3ViIjoiMTAxNDIwNTIzNTk3NzQ0Mjk1MDYyIiwiZW1haWwiOiJ6YWNoc3RhbWVnbmFAZ21haWwuY29tIiwiZW1haWxfdmVyaWZpZWQiOnRydWUsImF0X2hhc2giOiJ3cHBEZjdRaUlTSUVRc0NlSkpWRzd3IiwiaWF0IjoxNjM3ODMwNjQ4LCJleHAiOjE2Mzc4MzQyNDh9.WA8ZPDqUFZnuc16X-BtQDF8JbNm34Bh1cvtKSdyrBwFV0QcKKbRJUGSP5PleBfyCJpARXMwxx-Dn0z4UdlhkZ1aCGxo9y3Q0pTi6w-9BOXuoXhxkWVWkFVeoJBTA82c7LO3PADy3xAPg2uD9qUWzJSGvwGjAGCpbbSlDoXAmvkHaf1HNdnkDcsl-WeO1bmuTiIpBURkWGPyWmF7OPqU7V5OJXA_pzEiGpFDLQhKRR9ofDuHDK6S0YvCY5nRM6RlguA3_aUbgUbSiZigH7fkG13UxhPZPIUHHZD2w8BnngchM1k8-RACN3Y22kG7jWkFHaaHjBhVXpV37muUJSoeGMw"
}.
2021-11-25 00:57:28,073 DEBUG    requests_oauthlib.oauth2_session Invoking 0 token response hooks.
2021-11-25 00:57:28,074 DEBUG    requests_oauthlib.oauth2_session Obtained token {u'token_type': u'Bearer', u'refresh_token': u'1//06w4vk8vpXqc7CgYIARAAGAYSNwF-L9IrCQEmStpXk3TdjZjTjjyDPgWM1aoqkB-DxWimm7HX9V1-R7fU8nxko8MUF4FOj_-x0zg', u'scope': [u'https://www.googleapis.com/auth/compute', u'openid', u'https://www.googleapis.com/auth/cloud-platform', u'https://www.googleapis.com/auth/accounts.reauth', u'https://www.googleapis.com/auth/userinfo.email', u'https://www.googleapis.com/auth/appengine.admin'], u'access_token': u'ya29.a0ARrdaM-PB94jFI92-kwNmC4RTw1cwpiK-hU4rTi3s8vSXuZwIf0syPQ3VsU9XAxaH2C4RUTxRnj6WPgpA7Zft8UUT37B9V61KTspWruITwqOcHyU5CXvvoeDa_5r3cwfsaTeygOmU5b7q05DJ-Jkd9ICNw2qLTXNsThJ', u'id_token': u'eyJhbGciOiJSUzI1NiIsImtpZCI6ImQ0ZTA2Y2ViMjJiMDFiZTU2YzIxM2M5ODU0MGFiNTYzYmZmNWE1OGMiLCJ0eXAiOiJKV1QifQ.eyJpc3MiOiJodHRwczovL2FjY291bnRzLmdvb2dsZS5jb20iLCJhenAiOiIzMjU1NTk0MDU1OS5hcHBzLmdvb2dsZXVzZXJjb250ZW50LmNvbSIsImF1ZCI6IjMyNTU1OTQwNTU5LmFwcHMuZ29vZ2xldXNlcmNvbnRlbnQuY29tIiwic3ViIjoiMTAxNDIwNTIzNTk3NzQ0Mjk1MDYyIiwiZW1haWwiOiJ6YWNoc3RhbWVnbmFAZ21haWwuY29tIiwiZW1haWxfdmVyaWZpZWQiOnRydWUsImF0X2hhc2giOiJ3cHBEZjdRaUlTSUVRc0NlSkpWRzd3IiwiaWF0IjoxNjM3ODMwNjQ4LCJleHAiOjE2Mzc4MzQyNDh9.WA8ZPDqUFZnuc16X-BtQDF8JbNm34Bh1cvtKSdyrBwFV0QcKKbRJUGSP5PleBfyCJpARXMwxx-Dn0z4UdlhkZ1aCGxo9y3Q0pTi6w-9BOXuoXhxkWVWkFVeoJBTA82c7LO3PADy3xAPg2uD9qUWzJSGvwGjAGCpbbSlDoXAmvkHaf1HNdnkDcsl-WeO1bmuTiIpBURkWGPyWmF7OPqU7V5OJXA_pzEiGpFDLQhKRR9ofDuHDK6S0YvCY5nRM6RlguA3_aUbgUbSiZigH7fkG13UxhPZPIUHHZD2w8BnngchM1k8-RACN3Y22kG7jWkFHaaHjBhVXpV37muUJSoeGMw', u'expires_in': 3599, u'expires_at': 1637834247.07408}.
2021-11-25 00:57:28,092 INFO     ___FILE_ONLY___ 
You are now logged in as [zachstamegna@gmail.com].
Your current project is [high-comfort-332206].  You can change this setting by running:
  $ gcloud config set project PROJECT_ID

2021-11-25 00:57:28,097 INFO     root            Display format: "none"
2021-11-25 00:57:28,275 DEBUG    root            Checking for updates...
2021-11-25 00:57:28,499 DEBUG    urllib3.connectionpool Starting new HTTPS connection (1): dl.google.com:443
2021-11-25 00:57:28,624 DEBUG    urllib3.connectionpool https://dl.google.com:443 "GET /dl/cloudsdk/channels/rapid/components-2.json HTTP/1.1" 200 171933
2021-11-25 00:57:28,771 INFO     ___FILE_ONLY___ 

Updates are available for some Cloud SDK components.  To install them,
please run:
  $ gcloud components update


