2021-11-25 13:51:09,939 DEBUG    root            Loaded Command Group: [u'gcloud', u'auth']
2021-11-25 13:51:10,010 DEBUG    root            Loaded Command Group: [u'gcloud', u'auth', u'login']
2021-11-25 13:51:10,013 DEBUG    root            Running [gcloud.auth.login] with arguments: []
2021-11-25 13:51:10,129 DEBUG    requests_oauthlib.oauth2_session Generated new state nZRlsNGUfViQsswUxgjFQHANC0TanB.
2021-11-25 13:51:10,331 INFO     ___FILE_ONLY___ Your browser has been opened to visit:

    https://accounts.google.com/o/oauth2/auth?response_type=code&client_id=32555940559.apps.googleusercontent.com&redirect_uri=http%3A%2F%2Flocalhost%3A8085%2F&scope=openid+https%3A%2F%2Fwww.googleapis.com%2Fauth%2Fuserinfo.email+https%3A%2F%2Fwww.googleapis.com%2Fauth%2Fcloud-platform+https%3A%2F%2Fwww.googleapis.com%2Fauth%2Fappengine.admin+https%3A%2F%2Fwww.googleapis.com%2Fauth%2Fcompute+https%3A%2F%2Fwww.googleapis.com%2Fauth%2Faccounts.reauth&state=nZRlsNGUfViQsswUxgjFQHANC0TanB&code_challenge=iMyEncaXRouSlHZGSHHhAZe4sdcy10IGO1pByqvgmfo&code_challenge_method=S256&access_type=offline


2021-11-25 13:51:15,978 INFO     google_auth_oauthlib.flow "GET /?state=nZRlsNGUfViQsswUxgjFQHANC0TanB&code=4/0AX4XfWh6Iy2nCW1SllQykGkEfZiKffDDRI32BH7ry2DAhCI1xD7vPKDjTgREqDHut2zjfw&scope=email%20openid%20https://www.googleapis.com/auth/userinfo.email%20https://www.googleapis.com/auth/cloud-platform%20https://www.googleapis.com/auth/appengine.admin%20https://www.googleapis.com/auth/compute%20https://www.googleapis.com/auth/accounts.reauth&authuser=0&prompt=consent HTTP/1.1" 200 959
2021-11-25 13:51:15,979 DEBUG    requests_oauthlib.oauth2_session Requesting url https://oauth2.googleapis.com/token using method POST.
2021-11-25 13:51:15,979 DEBUG    requests_oauthlib.oauth2_session Supplying headers {'Content-Type': 'application/x-www-form-urlencoded;charset=UTF-8', 'Accept': 'application/json', 'user-agent': 'google-cloud-sdk gcloud/364.0.0 command/gcloud.auth.login invocation-id/517b5aa1cb4e421d9e9d352c43e36052 environment/None environment-version/None interactive/True from-script/False python/2.7.16 term/xterm-256color (Macintosh; Intel Mac OS X 19.6.0)'} and data {u'code': u'4/0AX4XfWh6Iy2nCW1SllQykGkEfZiKffDDRI32BH7ry2DAhCI1xD7vPKDjTgREqDHut2zjfw', u'code_verifier': u'YBQdArA_oPT3CqzBxJpDxDdMi73WmVp9hGZXa80DY1.rOrict6chub.2L9tpvoUfpivYXyPiEOpJTx9yTp-Ir-y.O8Y8nt12_0LUMHW29~Z-BbpTYbrBDR6AsPw94neg', u'redirect_uri': u'http://localhost:8085/', u'client_id': u'32555940559.apps.googleusercontent.com', u'client_secret': u'ZmssLNjJy2998hD4CTg2ejr2', u'grant_type': u'authorization_code'}
2021-11-25 13:51:15,979 DEBUG    requests_oauthlib.oauth2_session Passing through key word arguments {'verify': True, 'json': None, 'proxies': None, 'timeout': None, 'auth': None}.
2021-11-25 13:51:16,052 DEBUG    urllib3.connectionpool Starting new HTTPS connection (1): oauth2.googleapis.com:443
2021-11-25 13:51:16,281 DEBUG    urllib3.connectionpool https://oauth2.googleapis.com:443 "POST /token HTTP/1.1" 200 None
2021-11-25 13:51:16,281 DEBUG    requests_oauthlib.oauth2_session Prepared fetch token request body grant_type=authorization_code&client_id=32555940559.apps.googleusercontent.com&client_secret=ZmssLNjJy2998hD4CTg2ejr2&code_verifier=YBQdArA_oPT3CqzBxJpDxDdMi73WmVp9hGZXa80DY1.rOrict6chub.2L9tpvoUfpivYXyPiEOpJTx9yTp-Ir-y.O8Y8nt12_0LUMHW29%7EZ-BbpTYbrBDR6AsPw94neg&code=4%2F0AX4XfWh6Iy2nCW1SllQykGkEfZiKffDDRI32BH7ry2DAhCI1xD7vPKDjTgREqDHut2zjfw&redirect_uri=http%3A%2F%2Flocalhost%3A8085%2F
2021-11-25 13:51:16,282 DEBUG    requests_oauthlib.oauth2_session Request to fetch token completed with status 200.
2021-11-25 13:51:16,282 DEBUG    requests_oauthlib.oauth2_session Request headers were {'Content-Length': '389', 'Accept-Encoding': 'gzip, deflate', 'Accept': 'application/json', 'user-agent': 'google-cloud-sdk gcloud/364.0.0 command/gcloud.auth.login invocation-id/517b5aa1cb4e421d9e9d352c43e36052 environment/None environment-version/None interactive/True from-script/False python/2.7.16 term/xterm-256color (Macintosh; Intel Mac OS X 19.6.0)', 'Connection': 'keep-alive', 'Content-Type': 'application/x-www-form-urlencoded;charset=UTF-8'}
2021-11-25 13:51:16,282 DEBUG    requests_oauthlib.oauth2_session Request body was code=4%2F0AX4XfWh6Iy2nCW1SllQykGkEfZiKffDDRI32BH7ry2DAhCI1xD7vPKDjTgREqDHut2zjfw&code_verifier=YBQdArA_oPT3CqzBxJpDxDdMi73WmVp9hGZXa80DY1.rOrict6chub.2L9tpvoUfpivYXyPiEOpJTx9yTp-Ir-y.O8Y8nt12_0LUMHW29%7EZ-BbpTYbrBDR6AsPw94neg&redirect_uri=http%3A%2F%2Flocalhost%3A8085%2F&client_id=32555940559.apps.googleusercontent.com&client_secret=ZmssLNjJy2998hD4CTg2ejr2&grant_type=authorization_code
2021-11-25 13:51:16,282 DEBUG    requests_oauthlib.oauth2_session Response headers were {'X-XSS-Protection': '0', 'X-Content-Type-Options': 'nosniff', 'Content-Encoding': 'gzip', 'Transfer-Encoding': 'chunked', 'Expires': 'Mon, 01 Jan 1990 00:00:00 GMT', 'Vary': 'Origin, X-Origin, Referer', 'Server': 'scaffolding on HTTPServer2', 'Pragma': 'no-cache', 'Cache-Control': 'no-cache, no-store, max-age=0, must-revalidate', 'Date': 'Thu, 25 Nov 2021 21:51:16 GMT', 'X-Frame-Options': 'SAMEORIGIN', 'Alt-Svc': 'h3=":443"; ma=2592000,h3-29=":443"; ma=2592000,h3-Q050=":443"; ma=2592000,h3-Q046=":443"; ma=2592000,h3-Q043=":443"; ma=2592000,quic=":443"; ma=2592000; v="46,43"', 'Content-Type': 'application/json; charset=utf-8'} and content {
  "access_token": "ya29.a0ARrdaM-NsRsjXHrT1wy9LPtADUNsHktjnlIHRKGhRYKC_Q9IOsxOk1KAY8S0VyT4IZMgRiEHL75bHS1ozkJe6awBz64ntKvNdnuY52tcvjbTbGjARbjZuQLQORfLf6RCnBYRNlRv4OUXN1d4JYQq3HhrvH_gkj91GEE5",
  "expires_in": 3599,
  "refresh_token": "1//06-c4qb2UwOXWCgYIARAAGAYSNwF-L9IrHgGMl1FfJ-Ew1yok6gAylumoWgnpDwGuk9WCONFzWkU4vnSIqpHsVu0RaiOF9UGmqH8",
  "scope": "openid https://www.googleapis.com/auth/cloud-platform https://www.googleapis.com/auth/appengine.admin https://www.googleapis.com/auth/accounts.reauth https://www.googleapis.com/auth/userinfo.email https://www.googleapis.com/auth/compute",
  "token_type": "Bearer",
  "id_token": "eyJhbGciOiJSUzI1NiIsImtpZCI6ImQ0ZTA2Y2ViMjJiMDFiZTU2YzIxM2M5ODU0MGFiNTYzYmZmNWE1OGMiLCJ0eXAiOiJKV1QifQ.eyJpc3MiOiJodHRwczovL2FjY291bnRzLmdvb2dsZS5jb20iLCJhenAiOiIzMjU1NTk0MDU1OS5hcHBzLmdvb2dsZXVzZXJjb250ZW50LmNvbSIsImF1ZCI6IjMyNTU1OTQwNTU5LmFwcHMuZ29vZ2xldXNlcmNvbnRlbnQuY29tIiwic3ViIjoiMTAxNDIwNTIzNTk3NzQ0Mjk1MDYyIiwiZW1haWwiOiJ6YWNoc3RhbWVnbmFAZ21haWwuY29tIiwiZW1haWxfdmVyaWZpZWQiOnRydWUsImF0X2hhc2giOiJ0TmFnSjZzWm1TWlNaYkliNVgzczd3IiwiaWF0IjoxNjM3ODc3MDc2LCJleHAiOjE2Mzc4ODA2NzZ9.fs97D1n86QwLFeGnlSnXEIsyQQ5dKsdTxnx6472vTehbhyOlPoTzFgFkRxJPwhO92dQ3-PoClK2sUCGQ9MYHyxrwaQohzHBuclADTBKgoqMUFTjo68Rs-5rVu3WizrRrs8nW2dntS8sC9j9rRouX4gx9fq1ZWQak-qCPpwZaA8Sxq1rOWF1zuVqv-rEMp30iDYCjEJ3_ReWwQZQQiLSY_Xi9OFG1SfPtmju4zBDSSha1vAjV9KS8814q62wwtjkCY9h2Z086cEXk1-Q2G7aEUWq0cTi87fZIHRqRuCa2UcjEsqVFx0sSovvW2d-OajavUc-jvN-2gzErTwU879eRiQ"
}.
2021-11-25 13:51:16,282 DEBUG    requests_oauthlib.oauth2_session Invoking 0 token response hooks.
2021-11-25 13:51:16,282 DEBUG    requests_oauthlib.oauth2_session Obtained token {u'token_type': u'Bearer', u'refresh_token': u'1//06-c4qb2UwOXWCgYIARAAGAYSNwF-L9IrHgGMl1FfJ-Ew1yok6gAylumoWgnpDwGuk9WCONFzWkU4vnSIqpHsVu0RaiOF9UGmqH8', u'scope': [u'openid', u'https://www.googleapis.com/auth/cloud-platform', u'https://www.googleapis.com/auth/appengine.admin', u'https://www.googleapis.com/auth/accounts.reauth', u'https://www.googleapis.com/auth/userinfo.email', u'https://www.googleapis.com/auth/compute'], u'access_token': u'ya29.a0ARrdaM-NsRsjXHrT1wy9LPtADUNsHktjnlIHRKGhRYKC_Q9IOsxOk1KAY8S0VyT4IZMgRiEHL75bHS1ozkJe6awBz64ntKvNdnuY52tcvjbTbGjARbjZuQLQORfLf6RCnBYRNlRv4OUXN1d4JYQq3HhrvH_gkj91GEE5', u'id_token': u'eyJhbGciOiJSUzI1NiIsImtpZCI6ImQ0ZTA2Y2ViMjJiMDFiZTU2YzIxM2M5ODU0MGFiNTYzYmZmNWE1OGMiLCJ0eXAiOiJKV1QifQ.eyJpc3MiOiJodHRwczovL2FjY291bnRzLmdvb2dsZS5jb20iLCJhenAiOiIzMjU1NTk0MDU1OS5hcHBzLmdvb2dsZXVzZXJjb250ZW50LmNvbSIsImF1ZCI6IjMyNTU1OTQwNTU5LmFwcHMuZ29vZ2xldXNlcmNvbnRlbnQuY29tIiwic3ViIjoiMTAxNDIwNTIzNTk3NzQ0Mjk1MDYyIiwiZW1haWwiOiJ6YWNoc3RhbWVnbmFAZ21haWwuY29tIiwiZW1haWxfdmVyaWZpZWQiOnRydWUsImF0X2hhc2giOiJ0TmFnSjZzWm1TWlNaYkliNVgzczd3IiwiaWF0IjoxNjM3ODc3MDc2LCJleHAiOjE2Mzc4ODA2NzZ9.fs97D1n86QwLFeGnlSnXEIsyQQ5dKsdTxnx6472vTehbhyOlPoTzFgFkRxJPwhO92dQ3-PoClK2sUCGQ9MYHyxrwaQohzHBuclADTBKgoqMUFTjo68Rs-5rVu3WizrRrs8nW2dntS8sC9j9rRouX4gx9fq1ZWQak-qCPpwZaA8Sxq1rOWF1zuVqv-rEMp30iDYCjEJ3_ReWwQZQQiLSY_Xi9OFG1SfPtmju4zBDSSha1vAjV9KS8814q62wwtjkCY9h2Z086cEXk1-Q2G7aEUWq0cTi87fZIHRqRuCa2UcjEsqVFx0sSovvW2d-OajavUc-jvN-2gzErTwU879eRiQ', u'expires_in': 3599, u'expires_at': 1637880675.282953}.
2021-11-25 13:51:16,293 INFO     ___FILE_ONLY___ 
You are now logged in as [zachstamegna@gmail.com].
Your current project is [high-comfort-332206].  You can change this setting by running:
  $ gcloud config set project PROJECT_ID

2021-11-25 13:51:16,297 INFO     root            Display format: "none"
