2021-11-25 14:18:09,171 DEBUG    root            Loaded Command Group: [u'gcloud', u'auth']
2021-11-25 14:18:09,236 DEBUG    root            Loaded Command Group: [u'gcloud', u'auth', u'login']
2021-11-25 14:18:09,239 DEBUG    root            Running [gcloud.auth.login] with arguments: []
2021-11-25 14:18:09,253 DEBUG    requests_oauthlib.oauth2_session Generated new state N0Asa4YzcbnrCRCOOvBcp6d8O6HhIa.
2021-11-25 14:18:09,445 INFO     ___FILE_ONLY___ Your browser has been opened to visit:

    https://accounts.google.com/o/oauth2/auth?response_type=code&client_id=32555940559.apps.googleusercontent.com&redirect_uri=http%3A%2F%2Flocalhost%3A8085%2F&scope=openid+https%3A%2F%2Fwww.googleapis.com%2Fauth%2Fuserinfo.email+https%3A%2F%2Fwww.googleapis.com%2Fauth%2Fcloud-platform+https%3A%2F%2Fwww.googleapis.com%2Fauth%2Fappengine.admin+https%3A%2F%2Fwww.googleapis.com%2Fauth%2Fcompute+https%3A%2F%2Fwww.googleapis.com%2Fauth%2Faccounts.reauth&state=N0Asa4YzcbnrCRCOOvBcp6d8O6HhIa&code_challenge=iTzjFoTRfA10co1H6uyIuJYWcopVzvx6B5MDVsLF88U&code_challenge_method=S256&access_type=offline


2021-11-25 14:18:14,450 INFO     google_auth_oauthlib.flow "GET /?state=N0Asa4YzcbnrCRCOOvBcp6d8O6HhIa&code=4/0AX4XfWj74b01UWNnz-Ue8pl2x4tVE_dq_WNLgFQbBYm7tvigjRe0PrzSFpWYz8HCYBeQGw&scope=email%20openid%20https://www.googleapis.com/auth/userinfo.email%20https://www.googleapis.com/auth/cloud-platform%20https://www.googleapis.com/auth/appengine.admin%20https://www.googleapis.com/auth/compute%20https://www.googleapis.com/auth/accounts.reauth&authuser=0&prompt=consent HTTP/1.1" 200 959
2021-11-25 14:18:14,451 DEBUG    requests_oauthlib.oauth2_session Requesting url https://oauth2.googleapis.com/token using method POST.
2021-11-25 14:18:14,452 DEBUG    requests_oauthlib.oauth2_session Supplying headers {'Content-Type': 'application/x-www-form-urlencoded;charset=UTF-8', 'Accept': 'application/json', 'user-agent': 'google-cloud-sdk gcloud/364.0.0 command/gcloud.auth.login invocation-id/1ae07f439eae4c9c8d9d5bb69be54769 environment/None environment-version/None interactive/True from-script/False python/2.7.16 term/xterm-256color (Macintosh; Intel Mac OS X 19.6.0)'} and data {u'code': u'4/0AX4XfWj74b01UWNnz-Ue8pl2x4tVE_dq_WNLgFQbBYm7tvigjRe0PrzSFpWYz8HCYBeQGw', u'code_verifier': u'ZWva87SAjgA8GgZxHfjXR9INarzT~7cpcoB0NJB3FYjXfGu65kK1IYLRKxmL9tsehd9QbyMGafFeGbTzL6qEzm0ui4me6~HBw5gYo3KTr.LOuD3RRmDkJf7AtYs-nSMz', u'redirect_uri': u'http://localhost:8085/', u'client_id': u'32555940559.apps.googleusercontent.com', u'client_secret': u'ZmssLNjJy2998hD4CTg2ejr2', u'grant_type': u'authorization_code'}
2021-11-25 14:18:14,452 DEBUG    requests_oauthlib.oauth2_session Passing through key word arguments {'verify': True, 'json': None, 'proxies': None, 'timeout': None, 'auth': None}.
2021-11-25 14:18:14,534 DEBUG    urllib3.connectionpool Starting new HTTPS connection (1): oauth2.googleapis.com:443
2021-11-25 14:18:14,754 DEBUG    urllib3.connectionpool https://oauth2.googleapis.com:443 "POST /token HTTP/1.1" 200 None
2021-11-25 14:18:14,757 DEBUG    requests_oauthlib.oauth2_session Prepared fetch token request body grant_type=authorization_code&client_id=32555940559.apps.googleusercontent.com&client_secret=ZmssLNjJy2998hD4CTg2ejr2&code_verifier=ZWva87SAjgA8GgZxHfjXR9INarzT%7E7cpcoB0NJB3FYjXfGu65kK1IYLRKxmL9tsehd9QbyMGafFeGbTzL6qEzm0ui4me6%7EHBw5gYo3KTr.LOuD3RRmDkJf7AtYs-nSMz&code=4%2F0AX4XfWj74b01UWNnz-Ue8pl2x4tVE_dq_WNLgFQbBYm7tvigjRe0PrzSFpWYz8HCYBeQGw&redirect_uri=http%3A%2F%2Flocalhost%3A8085%2F
2021-11-25 14:18:14,757 DEBUG    requests_oauthlib.oauth2_session Request to fetch token completed with status 200.
2021-11-25 14:18:14,758 DEBUG    requests_oauthlib.oauth2_session Request headers were {'Content-Length': '391', 'Accept-Encoding': 'gzip, deflate', 'Accept': 'application/json', 'user-agent': 'google-cloud-sdk gcloud/364.0.0 command/gcloud.auth.login invocation-id/1ae07f439eae4c9c8d9d5bb69be54769 environment/None environment-version/None interactive/True from-script/False python/2.7.16 term/xterm-256color (Macintosh; Intel Mac OS X 19.6.0)', 'Connection': 'keep-alive', 'Content-Type': 'application/x-www-form-urlencoded;charset=UTF-8'}
2021-11-25 14:18:14,758 DEBUG    requests_oauthlib.oauth2_session Request body was code=4%2F0AX4XfWj74b01UWNnz-Ue8pl2x4tVE_dq_WNLgFQbBYm7tvigjRe0PrzSFpWYz8HCYBeQGw&code_verifier=ZWva87SAjgA8GgZxHfjXR9INarzT%7E7cpcoB0NJB3FYjXfGu65kK1IYLRKxmL9tsehd9QbyMGafFeGbTzL6qEzm0ui4me6%7EHBw5gYo3KTr.LOuD3RRmDkJf7AtYs-nSMz&redirect_uri=http%3A%2F%2Flocalhost%3A8085%2F&client_id=32555940559.apps.googleusercontent.com&client_secret=ZmssLNjJy2998hD4CTg2ejr2&grant_type=authorization_code
2021-11-25 14:18:14,758 DEBUG    requests_oauthlib.oauth2_session Response headers were {'X-XSS-Protection': '0', 'X-Content-Type-Options': 'nosniff', 'Content-Encoding': 'gzip', 'Transfer-Encoding': 'chunked', 'Expires': 'Mon, 01 Jan 1990 00:00:00 GMT', 'Vary': 'Origin, X-Origin, Referer', 'Server': 'scaffolding on HTTPServer2', 'Pragma': 'no-cache', 'Cache-Control': 'no-cache, no-store, max-age=0, must-revalidate', 'Date': 'Thu, 25 Nov 2021 22:18:14 GMT', 'X-Frame-Options': 'SAMEORIGIN', 'Alt-Svc': 'h3=":443"; ma=2592000,h3-29=":443"; ma=2592000,h3-Q050=":443"; ma=2592000,h3-Q046=":443"; ma=2592000,h3-Q043=":443"; ma=2592000,quic=":443"; ma=2592000; v="46,43"', 'Content-Type': 'application/json; charset=utf-8'} and content {
  "access_token": "ya29.a0ARrdaM_5uW45CqgM8KwegE2iz-fnrfDu6S1HTtYMc5br3GvDPnGrPJgcumkiGnWT5LVvCnPf7URXl1ApnDCAxNt1FM9K8hK2J_t3-AjzpDJhf6I-5vXHJGEcSIYuxqRYLlJRZcIxhogF3zMsfPhm8uT38CVx7b2JSRfz",
  "expires_in": 3599,
  "refresh_token": "1//06M_-4bv9nSfICgYIARAAGAYSNwF-L9IrK_5pJwWvaXaVFRASFi8QQ6VEnuBSvHU_gAqU0KbTMxOxVBxWcb1u6HnM356euWVJwBA",
  "scope": "https://www.googleapis.com/auth/userinfo.email openid https://www.googleapis.com/auth/cloud-platform https://www.googleapis.com/auth/compute https://www.googleapis.com/auth/accounts.reauth https://www.googleapis.com/auth/appengine.admin",
  "token_type": "Bearer",
  "id_token": "eyJhbGciOiJSUzI1NiIsImtpZCI6ImQ0ZTA2Y2ViMjJiMDFiZTU2YzIxM2M5ODU0MGFiNTYzYmZmNWE1OGMiLCJ0eXAiOiJKV1QifQ.eyJpc3MiOiJodHRwczovL2FjY291bnRzLmdvb2dsZS5jb20iLCJhenAiOiIzMjU1NTk0MDU1OS5hcHBzLmdvb2dsZXVzZXJjb250ZW50LmNvbSIsImF1ZCI6IjMyNTU1OTQwNTU5LmFwcHMuZ29vZ2xldXNlcmNvbnRlbnQuY29tIiwic3ViIjoiMTAxNDIwNTIzNTk3NzQ0Mjk1MDYyIiwiZW1haWwiOiJ6YWNoc3RhbWVnbmFAZ21haWwuY29tIiwiZW1haWxfdmVyaWZpZWQiOnRydWUsImF0X2hhc2giOiJVNDJjM0ltZGtLUUJaNnJBaDJyaENBIiwiaWF0IjoxNjM3ODc4Njk0LCJleHAiOjE2Mzc4ODIyOTR9.ItLl3DjYIzeN6pCIqqt4OifAT5tyJyPhRlFY37snZuwSg7zVO8NiMkAAO1k75GDgMWREtzszQp7csdAzvMNuoYqT5SL-1ieCtveLCgpKniMkXFt3k-Qdi_r3vgNT9V6MhK5y0ZvuPNP8CHjzerx51X6dluamjS9pDaJGtIKv9wsQKzzbvOpnd4cpoyirzmyaAaXgnbWYTMhI0vUHYHoiEjEaUr-4k-U1ioK0k8oJ5e_H5_WuZWUup1uN9vgxDOGQhbIUSMdRvI9UYOjrGuhBrbAYnfBf5H-EJMgImfxaF-Ye5mXuxukISrk23tpAMsMbfyzwY-Ai72mhYjw8GIHevQ"
}.
2021-11-25 14:18:14,759 DEBUG    requests_oauthlib.oauth2_session Invoking 0 token response hooks.
2021-11-25 14:18:14,759 DEBUG    requests_oauthlib.oauth2_session Obtained token {u'token_type': u'Bearer', u'refresh_token': u'1//06M_-4bv9nSfICgYIARAAGAYSNwF-L9IrK_5pJwWvaXaVFRASFi8QQ6VEnuBSvHU_gAqU0KbTMxOxVBxWcb1u6HnM356euWVJwBA', u'scope': [u'https://www.googleapis.com/auth/userinfo.email', u'openid', u'https://www.googleapis.com/auth/cloud-platform', u'https://www.googleapis.com/auth/compute', u'https://www.googleapis.com/auth/accounts.reauth', u'https://www.googleapis.com/auth/appengine.admin'], u'access_token': u'ya29.a0ARrdaM_5uW45CqgM8KwegE2iz-fnrfDu6S1HTtYMc5br3GvDPnGrPJgcumkiGnWT5LVvCnPf7URXl1ApnDCAxNt1FM9K8hK2J_t3-AjzpDJhf6I-5vXHJGEcSIYuxqRYLlJRZcIxhogF3zMsfPhm8uT38CVx7b2JSRfz', u'id_token': u'eyJhbGciOiJSUzI1NiIsImtpZCI6ImQ0ZTA2Y2ViMjJiMDFiZTU2YzIxM2M5ODU0MGFiNTYzYmZmNWE1OGMiLCJ0eXAiOiJKV1QifQ.eyJpc3MiOiJodHRwczovL2FjY291bnRzLmdvb2dsZS5jb20iLCJhenAiOiIzMjU1NTk0MDU1OS5hcHBzLmdvb2dsZXVzZXJjb250ZW50LmNvbSIsImF1ZCI6IjMyNTU1OTQwNTU5LmFwcHMuZ29vZ2xldXNlcmNvbnRlbnQuY29tIiwic3ViIjoiMTAxNDIwNTIzNTk3NzQ0Mjk1MDYyIiwiZW1haWwiOiJ6YWNoc3RhbWVnbmFAZ21haWwuY29tIiwiZW1haWxfdmVyaWZpZWQiOnRydWUsImF0X2hhc2giOiJVNDJjM0ltZGtLUUJaNnJBaDJyaENBIiwiaWF0IjoxNjM3ODc4Njk0LCJleHAiOjE2Mzc4ODIyOTR9.ItLl3DjYIzeN6pCIqqt4OifAT5tyJyPhRlFY37snZuwSg7zVO8NiMkAAO1k75GDgMWREtzszQp7csdAzvMNuoYqT5SL-1ieCtveLCgpKniMkXFt3k-Qdi_r3vgNT9V6MhK5y0ZvuPNP8CHjzerx51X6dluamjS9pDaJGtIKv9wsQKzzbvOpnd4cpoyirzmyaAaXgnbWYTMhI0vUHYHoiEjEaUr-4k-U1ioK0k8oJ5e_H5_WuZWUup1uN9vgxDOGQhbIUSMdRvI9UYOjrGuhBrbAYnfBf5H-EJMgImfxaF-Ye5mXuxukISrk23tpAMsMbfyzwY-Ai72mhYjw8GIHevQ', u'expires_in': 3599, u'expires_at': 1637882293.759519}.
2021-11-25 14:18:14,774 INFO     ___FILE_ONLY___ 
You are now logged in as [zachstamegna@gmail.com].
Your current project is [high-comfort-332206].  You can change this setting by running:
  $ gcloud config set project PROJECT_ID

2021-11-25 14:18:14,780 INFO     root            Display format: "none"
