2021-12-05 17:25:20,200 DEBUG    root            Loaded Command Group: [u'gcloud', u'auth']
2021-12-05 17:25:20,261 DEBUG    root            Loaded Command Group: [u'gcloud', u'auth', u'login']
2021-12-05 17:25:20,265 DEBUG    root            Running [gcloud.auth.login] with arguments: []
2021-12-05 17:25:20,529 DEBUG    requests_oauthlib.oauth2_session Generated new state e5HZM5q2QT9xgSI6VNIgKokYBqgYKE.
2021-12-05 17:25:20,806 INFO     ___FILE_ONLY___ Your browser has been opened to visit:

    https://accounts.google.com/o/oauth2/auth?response_type=code&client_id=32555940559.apps.googleusercontent.com&redirect_uri=http%3A%2F%2Flocalhost%3A8085%2F&scope=openid+https%3A%2F%2Fwww.googleapis.com%2Fauth%2Fuserinfo.email+https%3A%2F%2Fwww.googleapis.com%2Fauth%2Fcloud-platform+https%3A%2F%2Fwww.googleapis.com%2Fauth%2Fappengine.admin+https%3A%2F%2Fwww.googleapis.com%2Fauth%2Fcompute+https%3A%2F%2Fwww.googleapis.com%2Fauth%2Faccounts.reauth&state=e5HZM5q2QT9xgSI6VNIgKokYBqgYKE&code_challenge=nrnbpZCoW4S6PY9BCf6X4FfJWcIOtGaqPm-XH1c7Flw&code_challenge_method=S256&access_type=offline


2021-12-05 17:26:29,697 INFO     google_auth_oauthlib.flow "GET /?state=e5HZM5q2QT9xgSI6VNIgKokYBqgYKE&code=4/0AX4XfWja2-ztRhrX8VdLf5dtmyonc-B579N3HMPouSuzHJuKkhbxKCNQDTNx8odwc9uE1w&scope=email%20openid%20https://www.googleapis.com/auth/userinfo.email%20https://www.googleapis.com/auth/cloud-platform%20https://www.googleapis.com/auth/appengine.admin%20https://www.googleapis.com/auth/compute%20https://www.googleapis.com/auth/accounts.reauth&authuser=0&prompt=consent HTTP/1.1" 200 959
2021-12-05 17:26:29,699 DEBUG    requests_oauthlib.oauth2_session Requesting url https://oauth2.googleapis.com/token using method POST.
2021-12-05 17:26:29,699 DEBUG    requests_oauthlib.oauth2_session Supplying headers {'Content-Type': 'application/x-www-form-urlencoded;charset=UTF-8', 'Accept': 'application/json', 'user-agent': 'google-cloud-sdk gcloud/364.0.0 command/gcloud.auth.login invocation-id/d432b43730b746f19ada75d50bae1efc environment/None environment-version/None interactive/True from-script/False python/2.7.16 term/xterm-256color (Macintosh; Intel Mac OS X 19.6.0)'} and data {u'code': u'4/0AX4XfWja2-ztRhrX8VdLf5dtmyonc-B579N3HMPouSuzHJuKkhbxKCNQDTNx8odwc9uE1w', u'code_verifier': u'C~IJ_WYJqytwF~4VVi9pYjdE0j6Qq_7yWlVoJ9Z2xmWt8rKGLH2g.OtInZ1d.e4T8WR6WA_hqCrVDLWC6fAgJZ_1b12y2SY5YZN2V.z7Dw3CbuhX~ySEkOAO~yidgp6i', u'redirect_uri': u'http://localhost:8085/', u'client_id': u'32555940559.apps.googleusercontent.com', u'client_secret': u'ZmssLNjJy2998hD4CTg2ejr2', u'grant_type': u'authorization_code'}
2021-12-05 17:26:29,700 DEBUG    requests_oauthlib.oauth2_session Passing through key word arguments {'verify': True, 'json': None, 'proxies': None, 'timeout': None, 'auth': None}.
2021-12-05 17:26:29,794 DEBUG    urllib3.connectionpool Starting new HTTPS connection (1): oauth2.googleapis.com:443
2021-12-05 17:26:30,095 DEBUG    urllib3.connectionpool https://oauth2.googleapis.com:443 "POST /token HTTP/1.1" 200 None
2021-12-05 17:26:30,098 DEBUG    requests_oauthlib.oauth2_session Prepared fetch token request body grant_type=authorization_code&client_id=32555940559.apps.googleusercontent.com&client_secret=ZmssLNjJy2998hD4CTg2ejr2&code_verifier=C%7EIJ_WYJqytwF%7E4VVi9pYjdE0j6Qq_7yWlVoJ9Z2xmWt8rKGLH2g.OtInZ1d.e4T8WR6WA_hqCrVDLWC6fAgJZ_1b12y2SY5YZN2V.z7Dw3CbuhX%7EySEkOAO%7Eyidgp6i&code=4%2F0AX4XfWja2-ztRhrX8VdLf5dtmyonc-B579N3HMPouSuzHJuKkhbxKCNQDTNx8odwc9uE1w&redirect_uri=http%3A%2F%2Flocalhost%3A8085%2F
2021-12-05 17:26:30,098 DEBUG    requests_oauthlib.oauth2_session Request to fetch token completed with status 200.
2021-12-05 17:26:30,098 DEBUG    requests_oauthlib.oauth2_session Request headers were {'Content-Length': '395', 'Accept-Encoding': 'gzip, deflate', 'Accept': 'application/json', 'user-agent': 'google-cloud-sdk gcloud/364.0.0 command/gcloud.auth.login invocation-id/d432b43730b746f19ada75d50bae1efc environment/None environment-version/None interactive/True from-script/False python/2.7.16 term/xterm-256color (Macintosh; Intel Mac OS X 19.6.0)', 'Connection': 'keep-alive', 'Content-Type': 'application/x-www-form-urlencoded;charset=UTF-8'}
2021-12-05 17:26:30,098 DEBUG    requests_oauthlib.oauth2_session Request body was code=4%2F0AX4XfWja2-ztRhrX8VdLf5dtmyonc-B579N3HMPouSuzHJuKkhbxKCNQDTNx8odwc9uE1w&code_verifier=C%7EIJ_WYJqytwF%7E4VVi9pYjdE0j6Qq_7yWlVoJ9Z2xmWt8rKGLH2g.OtInZ1d.e4T8WR6WA_hqCrVDLWC6fAgJZ_1b12y2SY5YZN2V.z7Dw3CbuhX%7EySEkOAO%7Eyidgp6i&redirect_uri=http%3A%2F%2Flocalhost%3A8085%2F&client_id=32555940559.apps.googleusercontent.com&client_secret=ZmssLNjJy2998hD4CTg2ejr2&grant_type=authorization_code
2021-12-05 17:26:30,099 DEBUG    requests_oauthlib.oauth2_session Response headers were {'X-XSS-Protection': '0', 'X-Content-Type-Options': 'nosniff', 'Content-Encoding': 'gzip', 'Transfer-Encoding': 'chunked', 'Expires': 'Mon, 01 Jan 1990 00:00:00 GMT', 'Vary': 'Origin, X-Origin, Referer', 'Server': 'scaffolding on HTTPServer2', 'Pragma': 'no-cache', 'Cache-Control': 'no-cache, no-store, max-age=0, must-revalidate', 'Date': 'Mon, 06 Dec 2021 01:26:30 GMT', 'X-Frame-Options': 'SAMEORIGIN', 'Alt-Svc': 'h3=":443"; ma=2592000,h3-29=":443"; ma=2592000,h3-Q050=":443"; ma=2592000,h3-Q046=":443"; ma=2592000,h3-Q043=":443"; ma=2592000,quic=":443"; ma=2592000; v="46,43"', 'Content-Type': 'application/json; charset=utf-8'} and content {
  "access_token": "ya29.a0ARrdaM8N2GH8xeXaSUcL5a0TPJtwVCuBsHipwRWVzjumbgCFe-g1btb0IArJf1ExBm8Gr3cftDQfCieLr2K_8oAWUgU-ZjUcGtnABiu4M-RC3GjCgFn9XgzATMnG_3rBww9ko3l-ObVqQTPQUPhCtlo9s6AmuUfi6S25",
  "expires_in": 3599,
  "refresh_token": "1//06Z7e6roLkZ0HCgYIARAAGAYSNwF-L9Irf4ixuEMNHRlzhycbmJwIqWeotMtEuDV1BmR6HkAL8js9f--4wdRpMW5jt19EG7h45_I",
  "scope": "https://www.googleapis.com/auth/appengine.admin https://www.googleapis.com/auth/userinfo.email https://www.googleapis.com/auth/compute https://www.googleapis.com/auth/cloud-platform https://www.googleapis.com/auth/accounts.reauth openid",
  "token_type": "Bearer",
  "id_token": "eyJhbGciOiJSUzI1NiIsImtpZCI6IjkzNDFhYmM0MDkyYjZmYzAzOGU0MDNjOTEwMjJkZDNlNDQ1MzliNTYiLCJ0eXAiOiJKV1QifQ.eyJpc3MiOiJodHRwczovL2FjY291bnRzLmdvb2dsZS5jb20iLCJhenAiOiIzMjU1NTk0MDU1OS5hcHBzLmdvb2dsZXVzZXJjb250ZW50LmNvbSIsImF1ZCI6IjMyNTU1OTQwNTU5LmFwcHMuZ29vZ2xldXNlcmNvbnRlbnQuY29tIiwic3ViIjoiMTAxNDIwNTIzNTk3NzQ0Mjk1MDYyIiwiZW1haWwiOiJ6YWNoc3RhbWVnbmFAZ21haWwuY29tIiwiZW1haWxfdmVyaWZpZWQiOnRydWUsImF0X2hhc2giOiJ3OTIxSnZ4WlN4Y3prQmhGZHZDNWV3IiwiaWF0IjoxNjM4NzUzOTkwLCJleHAiOjE2Mzg3NTc1OTB9.B0zw4ns_5IzSdDDfH78wKlMtUQkBL2UkMrnLEHEHfwX6iz3GoiDrgSbg6WXtXAJICdx5XmiT4qcBHDQCdGwsNDPzAYc6NthcN_obANe14VA3mFYmj7j6Q7zKpv6myxDop1fno6KAoPV0AhCk79EqgWW74J5DfljxnCocAim3pFy0yUrIeds4hCw3W3OHRcoca8ZPy_EAg2cGszhSSNaPOy7BeOkP6uEJ9cL1V7HA6wOWeTAl9aCQMRhyhDFw1fy5aQ7eSMUm38AvbiccpClysmdX6kp2oXUUZLmDo9p7t0s87vTg5BBs9iAfuwniuF3-kd1Ztf1nw4azm-4OXpW3cw"
}.
2021-12-05 17:26:30,099 DEBUG    requests_oauthlib.oauth2_session Invoking 0 token response hooks.
2021-12-05 17:26:30,099 DEBUG    requests_oauthlib.oauth2_session Obtained token {u'token_type': u'Bearer', u'refresh_token': u'1//06Z7e6roLkZ0HCgYIARAAGAYSNwF-L9Irf4ixuEMNHRlzhycbmJwIqWeotMtEuDV1BmR6HkAL8js9f--4wdRpMW5jt19EG7h45_I', u'scope': [u'https://www.googleapis.com/auth/appengine.admin', u'https://www.googleapis.com/auth/userinfo.email', u'https://www.googleapis.com/auth/compute', u'https://www.googleapis.com/auth/cloud-platform', u'https://www.googleapis.com/auth/accounts.reauth', u'openid'], u'access_token': u'ya29.a0ARrdaM8N2GH8xeXaSUcL5a0TPJtwVCuBsHipwRWVzjumbgCFe-g1btb0IArJf1ExBm8Gr3cftDQfCieLr2K_8oAWUgU-ZjUcGtnABiu4M-RC3GjCgFn9XgzATMnG_3rBww9ko3l-ObVqQTPQUPhCtlo9s6AmuUfi6S25', u'id_token': u'eyJhbGciOiJSUzI1NiIsImtpZCI6IjkzNDFhYmM0MDkyYjZmYzAzOGU0MDNjOTEwMjJkZDNlNDQ1MzliNTYiLCJ0eXAiOiJKV1QifQ.eyJpc3MiOiJodHRwczovL2FjY291bnRzLmdvb2dsZS5jb20iLCJhenAiOiIzMjU1NTk0MDU1OS5hcHBzLmdvb2dsZXVzZXJjb250ZW50LmNvbSIsImF1ZCI6IjMyNTU1OTQwNTU5LmFwcHMuZ29vZ2xldXNlcmNvbnRlbnQuY29tIiwic3ViIjoiMTAxNDIwNTIzNTk3NzQ0Mjk1MDYyIiwiZW1haWwiOiJ6YWNoc3RhbWVnbmFAZ21haWwuY29tIiwiZW1haWxfdmVyaWZpZWQiOnRydWUsImF0X2hhc2giOiJ3OTIxSnZ4WlN4Y3prQmhGZHZDNWV3IiwiaWF0IjoxNjM4NzUzOTkwLCJleHAiOjE2Mzg3NTc1OTB9.B0zw4ns_5IzSdDDfH78wKlMtUQkBL2UkMrnLEHEHfwX6iz3GoiDrgSbg6WXtXAJICdx5XmiT4qcBHDQCdGwsNDPzAYc6NthcN_obANe14VA3mFYmj7j6Q7zKpv6myxDop1fno6KAoPV0AhCk79EqgWW74J5DfljxnCocAim3pFy0yUrIeds4hCw3W3OHRcoca8ZPy_EAg2cGszhSSNaPOy7BeOkP6uEJ9cL1V7HA6wOWeTAl9aCQMRhyhDFw1fy5aQ7eSMUm38AvbiccpClysmdX6kp2oXUUZLmDo9p7t0s87vTg5BBs9iAfuwniuF3-kd1Ztf1nw4azm-4OXpW3cw', u'expires_in': 3599, u'expires_at': 1638757589.099548}.
2021-12-05 17:26:30,111 INFO     ___FILE_ONLY___ 
You are now logged in as [zachstamegna@gmail.com].
Your current project is [high-comfort-332206].  You can change this setting by running:
  $ gcloud config set project PROJECT_ID

2021-12-05 17:26:30,117 INFO     root            Display format: "none"
2021-12-05 17:26:30,291 DEBUG    root            Checking for updates...
2021-12-05 17:26:30,349 DEBUG    urllib3.connectionpool Starting new HTTPS connection (1): dl.google.com:443
2021-12-05 17:26:30,509 DEBUG    urllib3.connectionpool https://dl.google.com:443 "GET /dl/cloudsdk/channels/rapid/components-2.json HTTP/1.1" 200 171933
2021-12-05 17:26:30,705 INFO     ___FILE_ONLY___ 

Updates are available for some Cloud SDK components.  To install them,
please run:
  $ gcloud components update


2021-12-05 17:26:30,710 INFO     ___FILE_ONLY___ 

To take a quick anonymous survey, run:
  $ gcloud survey


