2021-12-05 21:38:39,137 DEBUG    root            Loaded Command Group: [u'gcloud', u'auth']
2021-12-05 21:38:39,188 DEBUG    root            Loaded Command Group: [u'gcloud', u'auth', u'login']
2021-12-05 21:38:39,191 DEBUG    root            Running [gcloud.auth.login] with arguments: []
2021-12-05 21:38:39,238 DEBUG    requests_oauthlib.oauth2_session Generated new state mQ51Wy8WjlMIk5WXmvHDRmdRsHmogl.
2021-12-05 21:38:39,461 INFO     ___FILE_ONLY___ Your browser has been opened to visit:

    https://accounts.google.com/o/oauth2/auth?response_type=code&client_id=32555940559.apps.googleusercontent.com&redirect_uri=http%3A%2F%2Flocalhost%3A8085%2F&scope=openid+https%3A%2F%2Fwww.googleapis.com%2Fauth%2Fuserinfo.email+https%3A%2F%2Fwww.googleapis.com%2Fauth%2Fcloud-platform+https%3A%2F%2Fwww.googleapis.com%2Fauth%2Fappengine.admin+https%3A%2F%2Fwww.googleapis.com%2Fauth%2Fcompute+https%3A%2F%2Fwww.googleapis.com%2Fauth%2Faccounts.reauth&state=mQ51Wy8WjlMIk5WXmvHDRmdRsHmogl&code_challenge=lde_n_ODVFacyvTeASFnnblvefrIoHWoMhB-eDvGuHw&code_challenge_method=S256&access_type=offline


2021-12-05 21:38:44,588 INFO     google_auth_oauthlib.flow "GET /?state=mQ51Wy8WjlMIk5WXmvHDRmdRsHmogl&code=4/0AX4XfWgjcStqTay2vYoQuNtHaRx783Pd2QbzLqJQ6qmPnyxXA0OCftSztvxHevdVL5KWTg&scope=email%20openid%20https://www.googleapis.com/auth/userinfo.email%20https://www.googleapis.com/auth/cloud-platform%20https://www.googleapis.com/auth/appengine.admin%20https://www.googleapis.com/auth/compute%20https://www.googleapis.com/auth/accounts.reauth&authuser=0&prompt=consent HTTP/1.1" 200 959
2021-12-05 21:38:44,590 DEBUG    requests_oauthlib.oauth2_session Requesting url https://oauth2.googleapis.com/token using method POST.
2021-12-05 21:38:44,590 DEBUG    requests_oauthlib.oauth2_session Supplying headers {'Content-Type': 'application/x-www-form-urlencoded;charset=UTF-8', 'Accept': 'application/json', 'user-agent': 'google-cloud-sdk gcloud/364.0.0 command/gcloud.auth.login invocation-id/3ea250c39a26455a93a82968b547b10a environment/None environment-version/None interactive/True from-script/False python/2.7.16 term/xterm-256color (Macintosh; Intel Mac OS X 19.6.0)'} and data {u'code': u'4/0AX4XfWgjcStqTay2vYoQuNtHaRx783Pd2QbzLqJQ6qmPnyxXA0OCftSztvxHevdVL5KWTg', u'code_verifier': u'Rk9uZjAqEntoLJX5Ze6Oz-9ShP5Y_NBRoU~y6kP-4CFaw-OOzy1G2w0.K5NEez~4tj~icYPFWsZH6Nzc3ohv0EOy~~vF01lw~fYNq6vz8n3f3cqFde1ygNtbGd3IkR4C', u'redirect_uri': u'http://localhost:8085/', u'client_id': u'32555940559.apps.googleusercontent.com', u'client_secret': u'ZmssLNjJy2998hD4CTg2ejr2', u'grant_type': u'authorization_code'}
2021-12-05 21:38:44,590 DEBUG    requests_oauthlib.oauth2_session Passing through key word arguments {'verify': True, 'json': None, 'proxies': None, 'timeout': None, 'auth': None}.
2021-12-05 21:38:44,672 DEBUG    urllib3.connectionpool Starting new HTTPS connection (1): oauth2.googleapis.com:443
2021-12-05 21:38:44,933 DEBUG    urllib3.connectionpool https://oauth2.googleapis.com:443 "POST /token HTTP/1.1" 200 None
2021-12-05 21:38:44,934 DEBUG    requests_oauthlib.oauth2_session Prepared fetch token request body grant_type=authorization_code&client_id=32555940559.apps.googleusercontent.com&client_secret=ZmssLNjJy2998hD4CTg2ejr2&code_verifier=Rk9uZjAqEntoLJX5Ze6Oz-9ShP5Y_NBRoU%7Ey6kP-4CFaw-OOzy1G2w0.K5NEez%7E4tj%7EicYPFWsZH6Nzc3ohv0EOy%7E%7EvF01lw%7EfYNq6vz8n3f3cqFde1ygNtbGd3IkR4C&code=4%2F0AX4XfWgjcStqTay2vYoQuNtHaRx783Pd2QbzLqJQ6qmPnyxXA0OCftSztvxHevdVL5KWTg&redirect_uri=http%3A%2F%2Flocalhost%3A8085%2F
2021-12-05 21:38:44,934 DEBUG    requests_oauthlib.oauth2_session Request to fetch token completed with status 200.
2021-12-05 21:38:44,934 DEBUG    requests_oauthlib.oauth2_session Request headers were {'Content-Length': '399', 'Accept-Encoding': 'gzip, deflate', 'Accept': 'application/json', 'user-agent': 'google-cloud-sdk gcloud/364.0.0 command/gcloud.auth.login invocation-id/3ea250c39a26455a93a82968b547b10a environment/None environment-version/None interactive/True from-script/False python/2.7.16 term/xterm-256color (Macintosh; Intel Mac OS X 19.6.0)', 'Connection': 'keep-alive', 'Content-Type': 'application/x-www-form-urlencoded;charset=UTF-8'}
2021-12-05 21:38:44,934 DEBUG    requests_oauthlib.oauth2_session Request body was code=4%2F0AX4XfWgjcStqTay2vYoQuNtHaRx783Pd2QbzLqJQ6qmPnyxXA0OCftSztvxHevdVL5KWTg&code_verifier=Rk9uZjAqEntoLJX5Ze6Oz-9ShP5Y_NBRoU%7Ey6kP-4CFaw-OOzy1G2w0.K5NEez%7E4tj%7EicYPFWsZH6Nzc3ohv0EOy%7E%7EvF01lw%7EfYNq6vz8n3f3cqFde1ygNtbGd3IkR4C&redirect_uri=http%3A%2F%2Flocalhost%3A8085%2F&client_id=32555940559.apps.googleusercontent.com&client_secret=ZmssLNjJy2998hD4CTg2ejr2&grant_type=authorization_code
2021-12-05 21:38:44,934 DEBUG    requests_oauthlib.oauth2_session Response headers were {'X-XSS-Protection': '0', 'X-Content-Type-Options': 'nosniff', 'Content-Encoding': 'gzip', 'Transfer-Encoding': 'chunked', 'Expires': 'Mon, 01 Jan 1990 00:00:00 GMT', 'Vary': 'Origin, X-Origin, Referer', 'Server': 'scaffolding on HTTPServer2', 'Pragma': 'no-cache', 'Cache-Control': 'no-cache, no-store, max-age=0, must-revalidate', 'Date': 'Mon, 06 Dec 2021 05:38:44 GMT', 'X-Frame-Options': 'SAMEORIGIN', 'Alt-Svc': 'h3=":443"; ma=2592000,h3-29=":443"; ma=2592000,h3-Q050=":443"; ma=2592000,h3-Q046=":443"; ma=2592000,h3-Q043=":443"; ma=2592000,quic=":443"; ma=2592000; v="46,43"', 'Content-Type': 'application/json; charset=utf-8'} and content {
  "access_token": "ya29.a0ARrdaM9k8y1iE09H2Hnm9MOCU6nm-zq8eHrrRFV8l495MHq03_d8jotlSp-OJR0Ue1wyPothetsR8WaKbCgszr8yn8fClOuCM1JuKIfYkcpMn3eO6uatlSynR6EiTKBJJs9joTvPE1oycyGY5AIb1iSrr7MigwZgp5yB",
  "expires_in": 3599,
  "refresh_token": "1//06X_aIptazXhoCgYIARAAGAYSNwF-L9IrwifC0y5VpSJSSpfdLeZ5wYIJNcrQytTTJ8Cg-cItPixpkKUOoTNUiJiwNGhwrclAKmk",
  "scope": "https://www.googleapis.com/auth/cloud-platform https://www.googleapis.com/auth/appengine.admin openid https://www.googleapis.com/auth/compute https://www.googleapis.com/auth/accounts.reauth https://www.googleapis.com/auth/userinfo.email",
  "token_type": "Bearer",
  "id_token": "eyJhbGciOiJSUzI1NiIsImtpZCI6IjkzNDFhYmM0MDkyYjZmYzAzOGU0MDNjOTEwMjJkZDNlNDQ1MzliNTYiLCJ0eXAiOiJKV1QifQ.eyJpc3MiOiJodHRwczovL2FjY291bnRzLmdvb2dsZS5jb20iLCJhenAiOiIzMjU1NTk0MDU1OS5hcHBzLmdvb2dsZXVzZXJjb250ZW50LmNvbSIsImF1ZCI6IjMyNTU1OTQwNTU5LmFwcHMuZ29vZ2xldXNlcmNvbnRlbnQuY29tIiwic3ViIjoiMTAxNDIwNTIzNTk3NzQ0Mjk1MDYyIiwiZW1haWwiOiJ6YWNoc3RhbWVnbmFAZ21haWwuY29tIiwiZW1haWxfdmVyaWZpZWQiOnRydWUsImF0X2hhc2giOiI0TjcwMjFEZ3k4b0Q2TC1NYUd2OXh3IiwiaWF0IjoxNjM4NzY5MTI0LCJleHAiOjE2Mzg3NzI3MjR9.m0iDo6KG70ZRSeujZOcspav-ecFGnQ-UC4XB2efAPB6SGBNnkT3sz7e7ajVTbX240_Q7y8vNrruxAbGRnjltXzTrMNNiJ6xLvN_W55qrevuqom_ko4zXwpbr9VBnEsFUQgIphm32m_9jfH2pS_vUMUBmuCGWb4v96GdKtNwa40Xw2iVVxWlb3KHM83JdkZKDZ1VBJ7HZ5-g6WvKo0J2W6wAr_PL_3_jB6msKXbFufZ-aNB0t1tJC8zfvO6bmgb-2YOuF8iuhV6MPzGgDM2e5ODTbTBE0zxbcWUm50jF6fTDU_TRlY0S-ZDCPs-GKBy5I19U4i7WLuyKVFQtgsc09Mg"
}.
2021-12-05 21:38:44,935 DEBUG    requests_oauthlib.oauth2_session Invoking 0 token response hooks.
2021-12-05 21:38:44,935 DEBUG    requests_oauthlib.oauth2_session Obtained token {u'token_type': u'Bearer', u'refresh_token': u'1//06X_aIptazXhoCgYIARAAGAYSNwF-L9IrwifC0y5VpSJSSpfdLeZ5wYIJNcrQytTTJ8Cg-cItPixpkKUOoTNUiJiwNGhwrclAKmk', u'scope': [u'https://www.googleapis.com/auth/cloud-platform', u'https://www.googleapis.com/auth/appengine.admin', u'openid', u'https://www.googleapis.com/auth/compute', u'https://www.googleapis.com/auth/accounts.reauth', u'https://www.googleapis.com/auth/userinfo.email'], u'access_token': u'ya29.a0ARrdaM9k8y1iE09H2Hnm9MOCU6nm-zq8eHrrRFV8l495MHq03_d8jotlSp-OJR0Ue1wyPothetsR8WaKbCgszr8yn8fClOuCM1JuKIfYkcpMn3eO6uatlSynR6EiTKBJJs9joTvPE1oycyGY5AIb1iSrr7MigwZgp5yB', u'id_token': u'eyJhbGciOiJSUzI1NiIsImtpZCI6IjkzNDFhYmM0MDkyYjZmYzAzOGU0MDNjOTEwMjJkZDNlNDQ1MzliNTYiLCJ0eXAiOiJKV1QifQ.eyJpc3MiOiJodHRwczovL2FjY291bnRzLmdvb2dsZS5jb20iLCJhenAiOiIzMjU1NTk0MDU1OS5hcHBzLmdvb2dsZXVzZXJjb250ZW50LmNvbSIsImF1ZCI6IjMyNTU1OTQwNTU5LmFwcHMuZ29vZ2xldXNlcmNvbnRlbnQuY29tIiwic3ViIjoiMTAxNDIwNTIzNTk3NzQ0Mjk1MDYyIiwiZW1haWwiOiJ6YWNoc3RhbWVnbmFAZ21haWwuY29tIiwiZW1haWxfdmVyaWZpZWQiOnRydWUsImF0X2hhc2giOiI0TjcwMjFEZ3k4b0Q2TC1NYUd2OXh3IiwiaWF0IjoxNjM4NzY5MTI0LCJleHAiOjE2Mzg3NzI3MjR9.m0iDo6KG70ZRSeujZOcspav-ecFGnQ-UC4XB2efAPB6SGBNnkT3sz7e7ajVTbX240_Q7y8vNrruxAbGRnjltXzTrMNNiJ6xLvN_W55qrevuqom_ko4zXwpbr9VBnEsFUQgIphm32m_9jfH2pS_vUMUBmuCGWb4v96GdKtNwa40Xw2iVVxWlb3KHM83JdkZKDZ1VBJ7HZ5-g6WvKo0J2W6wAr_PL_3_jB6msKXbFufZ-aNB0t1tJC8zfvO6bmgb-2YOuF8iuhV6MPzGgDM2e5ODTbTBE0zxbcWUm50jF6fTDU_TRlY0S-ZDCPs-GKBy5I19U4i7WLuyKVFQtgsc09Mg', u'expires_in': 3599, u'expires_at': 1638772723.935213}.
2021-12-05 21:38:44,948 INFO     ___FILE_ONLY___ 
You are now logged in as [zachstamegna@gmail.com].
Your current project is [high-comfort-332206].  You can change this setting by running:
  $ gcloud config set project PROJECT_ID

2021-12-05 21:38:44,952 INFO     root            Display format: "none"
