2021-11-19 13:43:04,163 DEBUG    root            Loaded Command Group: [u'gcloud', u'auth']
2021-11-19 13:43:04,220 DEBUG    root            Loaded Command Group: [u'gcloud', u'auth', u'login']
2021-11-19 13:43:04,222 DEBUG    root            Running [gcloud.auth.login] with arguments: []
2021-11-19 13:43:04,370 DEBUG    requests_oauthlib.oauth2_session Generated new state 08l8Fy4GVNAe0xV0nynZAYhXvjxdQ1.
2021-11-19 13:43:04,609 INFO     ___FILE_ONLY___ Your browser has been opened to visit:

    https://accounts.google.com/o/oauth2/auth?response_type=code&client_id=32555940559.apps.googleusercontent.com&redirect_uri=http%3A%2F%2Flocalhost%3A8085%2F&scope=openid+https%3A%2F%2Fwww.googleapis.com%2Fauth%2Fuserinfo.email+https%3A%2F%2Fwww.googleapis.com%2Fauth%2Fcloud-platform+https%3A%2F%2Fwww.googleapis.com%2Fauth%2Fappengine.admin+https%3A%2F%2Fwww.googleapis.com%2Fauth%2Fcompute+https%3A%2F%2Fwww.googleapis.com%2Fauth%2Faccounts.reauth&state=08l8Fy4GVNAe0xV0nynZAYhXvjxdQ1&code_challenge=uMR3EMx1eJ-IhEsxLGPmDGBCIbCtJjrV1MkxfvquSNQ&code_challenge_method=S256&access_type=offline


2021-11-19 13:43:09,710 INFO     google_auth_oauthlib.flow "GET /?state=08l8Fy4GVNAe0xV0nynZAYhXvjxdQ1&code=4/0AX4XfWgil7D-VefA1Ak4PRBmjuowwfm-TeYUEfTEhbiYPjCeaZsFSZZx5yUO9B4HzFcOxw&scope=email%20openid%20https://www.googleapis.com/auth/userinfo.email%20https://www.googleapis.com/auth/cloud-platform%20https://www.googleapis.com/auth/appengine.admin%20https://www.googleapis.com/auth/compute%20https://www.googleapis.com/auth/accounts.reauth&authuser=0&prompt=consent HTTP/1.1" 200 959
2021-11-19 13:43:09,713 DEBUG    requests_oauthlib.oauth2_session Requesting url https://oauth2.googleapis.com/token using method POST.
2021-11-19 13:43:09,714 DEBUG    requests_oauthlib.oauth2_session Supplying headers {'Content-Type': 'application/x-www-form-urlencoded;charset=UTF-8', 'Accept': 'application/json', 'user-agent': 'google-cloud-sdk gcloud/364.0.0 command/gcloud.auth.login invocation-id/658710dfb8ed453b891373411fc3e606 environment/None environment-version/None interactive/True from-script/False python/2.7.16 term/xterm-256color (Macintosh; Intel Mac OS X 19.6.0)'} and data {u'code': u'4/0AX4XfWgil7D-VefA1Ak4PRBmjuowwfm-TeYUEfTEhbiYPjCeaZsFSZZx5yUO9B4HzFcOxw', u'code_verifier': u'iWWKBlyQ6ooJ1~Peh0VWOEpwawHTrv7~8Z5sRyM4E9bZ~fsK6.93IzfbynM7cyeIpjuR4T6UvL41zKCAe5RZB6FyRuKEwo1QpXc1Kd37~R9s7~rbP6bBQIkPia84FB9s', u'redirect_uri': u'http://localhost:8085/', u'client_id': u'32555940559.apps.googleusercontent.com', u'client_secret': u'ZmssLNjJy2998hD4CTg2ejr2', u'grant_type': u'authorization_code'}
2021-11-19 13:43:09,714 DEBUG    requests_oauthlib.oauth2_session Passing through key word arguments {'verify': True, 'json': None, 'proxies': None, 'timeout': None, 'auth': None}.
2021-11-19 13:43:09,770 DEBUG    urllib3.connectionpool Starting new HTTPS connection (1): oauth2.googleapis.com:443
2021-11-19 13:43:10,057 DEBUG    urllib3.connectionpool https://oauth2.googleapis.com:443 "POST /token HTTP/1.1" 200 None
2021-11-19 13:43:10,059 DEBUG    requests_oauthlib.oauth2_session Prepared fetch token request body grant_type=authorization_code&client_id=32555940559.apps.googleusercontent.com&client_secret=ZmssLNjJy2998hD4CTg2ejr2&code_verifier=iWWKBlyQ6ooJ1%7EPeh0VWOEpwawHTrv7%7E8Z5sRyM4E9bZ%7EfsK6.93IzfbynM7cyeIpjuR4T6UvL41zKCAe5RZB6FyRuKEwo1QpXc1Kd37%7ER9s7%7ErbP6bBQIkPia84FB9s&code=4%2F0AX4XfWgil7D-VefA1Ak4PRBmjuowwfm-TeYUEfTEhbiYPjCeaZsFSZZx5yUO9B4HzFcOxw&redirect_uri=http%3A%2F%2Flocalhost%3A8085%2F
2021-11-19 13:43:10,059 DEBUG    requests_oauthlib.oauth2_session Request to fetch token completed with status 200.
2021-11-19 13:43:10,060 DEBUG    requests_oauthlib.oauth2_session Request headers were {'Content-Length': '397', 'Accept-Encoding': 'gzip, deflate', 'Accept': 'application/json', 'user-agent': 'google-cloud-sdk gcloud/364.0.0 command/gcloud.auth.login invocation-id/658710dfb8ed453b891373411fc3e606 environment/None environment-version/None interactive/True from-script/False python/2.7.16 term/xterm-256color (Macintosh; Intel Mac OS X 19.6.0)', 'Connection': 'keep-alive', 'Content-Type': 'application/x-www-form-urlencoded;charset=UTF-8'}
2021-11-19 13:43:10,060 DEBUG    requests_oauthlib.oauth2_session Request body was code=4%2F0AX4XfWgil7D-VefA1Ak4PRBmjuowwfm-TeYUEfTEhbiYPjCeaZsFSZZx5yUO9B4HzFcOxw&code_verifier=iWWKBlyQ6ooJ1%7EPeh0VWOEpwawHTrv7%7E8Z5sRyM4E9bZ%7EfsK6.93IzfbynM7cyeIpjuR4T6UvL41zKCAe5RZB6FyRuKEwo1QpXc1Kd37%7ER9s7%7ErbP6bBQIkPia84FB9s&redirect_uri=http%3A%2F%2Flocalhost%3A8085%2F&client_id=32555940559.apps.googleusercontent.com&client_secret=ZmssLNjJy2998hD4CTg2ejr2&grant_type=authorization_code
2021-11-19 13:43:10,060 DEBUG    requests_oauthlib.oauth2_session Response headers were {'X-XSS-Protection': '0', 'X-Content-Type-Options': 'nosniff', 'Content-Encoding': 'gzip', 'Transfer-Encoding': 'chunked', 'Expires': 'Mon, 01 Jan 1990 00:00:00 GMT', 'Vary': 'Origin, X-Origin, Referer', 'Server': 'scaffolding on HTTPServer2', 'Pragma': 'no-cache', 'Cache-Control': 'no-cache, no-store, max-age=0, must-revalidate', 'Date': 'Fri, 19 Nov 2021 21:43:10 GMT', 'X-Frame-Options': 'SAMEORIGIN', 'Alt-Svc': 'h3=":443"; ma=2592000,h3-29=":443"; ma=2592000,h3-Q050=":443"; ma=2592000,h3-Q046=":443"; ma=2592000,h3-Q043=":443"; ma=2592000,quic=":443"; ma=2592000; v="46,43"', 'Content-Type': 'application/json; charset=utf-8'} and content {
  "access_token": "ya29.a0ARrdaM_THf8pJt4WEYCh6KRc0ztO-bSs791PyLq3IqRrtoBaGmFafyJWAiHlDNIgFQhs-L1yeQK_PuUtn7MdvYyez6ecs-BTHmV3gHz9o3WcFapK4DD6FLVwQgmTVwHJ-h7OQLrHGUOtNiWWUjifoHzv76Bn1e0tmd1_",
  "expires_in": 3599,
  "refresh_token": "1//06RX9Slww9u-XCgYIARAAGAYSNwF-L9IrunQMciHEMglFH7aCzp6-d5a-cczLjaa8vmk6V8AIIchQYSuqvPUGb9Xs70QS7e0P2dE",
  "scope": "openid https://www.googleapis.com/auth/cloud-platform https://www.googleapis.com/auth/accounts.reauth https://www.googleapis.com/auth/userinfo.email https://www.googleapis.com/auth/compute https://www.googleapis.com/auth/appengine.admin",
  "token_type": "Bearer",
  "id_token": "eyJhbGciOiJSUzI1NiIsImtpZCI6IjAzMmIyZWYzZDJjMjgwNjE1N2Y4YTliOWY0ZWY3Nzk4MzRmODVhZGEiLCJ0eXAiOiJKV1QifQ.eyJpc3MiOiJodHRwczovL2FjY291bnRzLmdvb2dsZS5jb20iLCJhenAiOiIzMjU1NTk0MDU1OS5hcHBzLmdvb2dsZXVzZXJjb250ZW50LmNvbSIsImF1ZCI6IjMyNTU1OTQwNTU5LmFwcHMuZ29vZ2xldXNlcmNvbnRlbnQuY29tIiwic3ViIjoiMTAxNDIwNTIzNTk3NzQ0Mjk1MDYyIiwiZW1haWwiOiJ6YWNoc3RhbWVnbmFAZ21haWwuY29tIiwiZW1haWxfdmVyaWZpZWQiOnRydWUsImF0X2hhc2giOiJDLWJVSlo1MTNnYkJubHJVZld0RVRBIiwiaWF0IjoxNjM3MzU4MTkwLCJleHAiOjE2MzczNjE3OTB9.QIEc5Z5x2Uft4LRDnXCxUfWs0TvQS0SoRPe84y2Lt3J88h2vxJWFDq3u8X4T5_6qH8EZLfxioyTQw6TaK7HbCDEhli0zSnBzgXOCVuT6WSwYX8eTJjsCfaj1KMnDLPMuxWG5LIiuns_R4siOJ7ApcNCTOhyG79iAMNPzyL9yIT8NkTeR4Bj1QLc4k784Cls-F88bHmFYpl2FCWR_9vxwDp1-bLaR8m9Nj9SqE_o8WQ0RldR0pEdcYXqYvhgdN4r9wVdn0395OSj6IL804KCepuZ4D_AZwldb_JwprHm7a0qIop1Fy_0k9DJDKK9V_HxtmVUwtA7FxHBYa12qLRzx4g"
}.
2021-11-19 13:43:10,060 DEBUG    requests_oauthlib.oauth2_session Invoking 0 token response hooks.
2021-11-19 13:43:10,060 DEBUG    requests_oauthlib.oauth2_session Obtained token {u'token_type': u'Bearer', u'refresh_token': u'1//06RX9Slww9u-XCgYIARAAGAYSNwF-L9IrunQMciHEMglFH7aCzp6-d5a-cczLjaa8vmk6V8AIIchQYSuqvPUGb9Xs70QS7e0P2dE', u'scope': [u'openid', u'https://www.googleapis.com/auth/cloud-platform', u'https://www.googleapis.com/auth/accounts.reauth', u'https://www.googleapis.com/auth/userinfo.email', u'https://www.googleapis.com/auth/compute', u'https://www.googleapis.com/auth/appengine.admin'], u'access_token': u'ya29.a0ARrdaM_THf8pJt4WEYCh6KRc0ztO-bSs791PyLq3IqRrtoBaGmFafyJWAiHlDNIgFQhs-L1yeQK_PuUtn7MdvYyez6ecs-BTHmV3gHz9o3WcFapK4DD6FLVwQgmTVwHJ-h7OQLrHGUOtNiWWUjifoHzv76Bn1e0tmd1_', u'id_token': u'eyJhbGciOiJSUzI1NiIsImtpZCI6IjAzMmIyZWYzZDJjMjgwNjE1N2Y4YTliOWY0ZWY3Nzk4MzRmODVhZGEiLCJ0eXAiOiJKV1QifQ.eyJpc3MiOiJodHRwczovL2FjY291bnRzLmdvb2dsZS5jb20iLCJhenAiOiIzMjU1NTk0MDU1OS5hcHBzLmdvb2dsZXVzZXJjb250ZW50LmNvbSIsImF1ZCI6IjMyNTU1OTQwNTU5LmFwcHMuZ29vZ2xldXNlcmNvbnRlbnQuY29tIiwic3ViIjoiMTAxNDIwNTIzNTk3NzQ0Mjk1MDYyIiwiZW1haWwiOiJ6YWNoc3RhbWVnbmFAZ21haWwuY29tIiwiZW1haWxfdmVyaWZpZWQiOnRydWUsImF0X2hhc2giOiJDLWJVSlo1MTNnYkJubHJVZld0RVRBIiwiaWF0IjoxNjM3MzU4MTkwLCJleHAiOjE2MzczNjE3OTB9.QIEc5Z5x2Uft4LRDnXCxUfWs0TvQS0SoRPe84y2Lt3J88h2vxJWFDq3u8X4T5_6qH8EZLfxioyTQw6TaK7HbCDEhli0zSnBzgXOCVuT6WSwYX8eTJjsCfaj1KMnDLPMuxWG5LIiuns_R4siOJ7ApcNCTOhyG79iAMNPzyL9yIT8NkTeR4Bj1QLc4k784Cls-F88bHmFYpl2FCWR_9vxwDp1-bLaR8m9Nj9SqE_o8WQ0RldR0pEdcYXqYvhgdN4r9wVdn0395OSj6IL804KCepuZ4D_AZwldb_JwprHm7a0qIop1Fy_0k9DJDKK9V_HxtmVUwtA7FxHBYa12qLRzx4g', u'expires_in': 3599, u'expires_at': 1637361789.060888}.
2021-11-19 13:43:10,075 INFO     ___FILE_ONLY___ 
You are now logged in as [zachstamegna@gmail.com].
Your current project is [high-comfort-332206].  You can change this setting by running:
  $ gcloud config set project PROJECT_ID

2021-11-19 13:43:10,083 INFO     root            Display format: "none"
