2021-11-19 13:48:04,054 DEBUG    root            Loaded Command Group: [u'gcloud', u'auth']
2021-11-19 13:48:04,111 DEBUG    root            Loaded Command Group: [u'gcloud', u'auth', u'login']
2021-11-19 13:48:04,114 DEBUG    root            Running [gcloud.auth.login] with arguments: []
2021-11-19 13:48:04,125 DEBUG    requests_oauthlib.oauth2_session Generated new state YxaF3U5kKuBtdZjDh1LbA5Wzoz16CG.
2021-11-19 13:48:04,298 INFO     ___FILE_ONLY___ Your browser has been opened to visit:

    https://accounts.google.com/o/oauth2/auth?response_type=code&client_id=32555940559.apps.googleusercontent.com&redirect_uri=http%3A%2F%2Flocalhost%3A8085%2F&scope=openid+https%3A%2F%2Fwww.googleapis.com%2Fauth%2Fuserinfo.email+https%3A%2F%2Fwww.googleapis.com%2Fauth%2Fcloud-platform+https%3A%2F%2Fwww.googleapis.com%2Fauth%2Fappengine.admin+https%3A%2F%2Fwww.googleapis.com%2Fauth%2Fcompute+https%3A%2F%2Fwww.googleapis.com%2Fauth%2Faccounts.reauth&state=YxaF3U5kKuBtdZjDh1LbA5Wzoz16CG&code_challenge=dRgAUuPp3ocyN9zy6y7JQbCCLTCJ7VE-3M6k3spb_OY&code_challenge_method=S256&access_type=offline


2021-11-19 13:48:15,345 INFO     google_auth_oauthlib.flow "GET /?state=YxaF3U5kKuBtdZjDh1LbA5Wzoz16CG&code=4/0AX4XfWhQZ7e5gntrlF0TN4924v-gdnd8R2ORlNePfPCsZ2r7EDPRPhKsMuUKDGSWlaDgkg&scope=email%20openid%20https://www.googleapis.com/auth/userinfo.email%20https://www.googleapis.com/auth/cloud-platform%20https://www.googleapis.com/auth/appengine.admin%20https://www.googleapis.com/auth/compute%20https://www.googleapis.com/auth/accounts.reauth&authuser=0&prompt=consent HTTP/1.1" 200 959
2021-11-19 13:48:15,347 DEBUG    requests_oauthlib.oauth2_session Requesting url https://oauth2.googleapis.com/token using method POST.
2021-11-19 13:48:15,348 DEBUG    requests_oauthlib.oauth2_session Supplying headers {'Content-Type': 'application/x-www-form-urlencoded;charset=UTF-8', 'Accept': 'application/json', 'user-agent': 'google-cloud-sdk gcloud/364.0.0 command/gcloud.auth.login invocation-id/50e07f2519234c11a7f7a755f6ea603f environment/None environment-version/None interactive/True from-script/False python/2.7.16 term/xterm-256color (Macintosh; Intel Mac OS X 19.6.0)'} and data {u'code': u'4/0AX4XfWhQZ7e5gntrlF0TN4924v-gdnd8R2ORlNePfPCsZ2r7EDPRPhKsMuUKDGSWlaDgkg', u'code_verifier': u'a4rvsvn9HF03NXvRBEQenwFLmQsU4i7976Q9E2u8cLZwS9TmBRPxPwFcwjtRnrinjOBRys8tY6u2ZW5maD2LALfO3-b2prxqrmYoBf3pfL7ON9ZEQnp3UMF_9go7KJIo', u'redirect_uri': u'http://localhost:8085/', u'client_id': u'32555940559.apps.googleusercontent.com', u'client_secret': u'ZmssLNjJy2998hD4CTg2ejr2', u'grant_type': u'authorization_code'}
2021-11-19 13:48:15,348 DEBUG    requests_oauthlib.oauth2_session Passing through key word arguments {'verify': True, 'json': None, 'proxies': None, 'timeout': None, 'auth': None}.
2021-11-19 13:48:15,409 DEBUG    urllib3.connectionpool Starting new HTTPS connection (1): oauth2.googleapis.com:443
2021-11-19 13:48:15,700 DEBUG    urllib3.connectionpool https://oauth2.googleapis.com:443 "POST /token HTTP/1.1" 200 None
2021-11-19 13:48:15,701 DEBUG    requests_oauthlib.oauth2_session Prepared fetch token request body grant_type=authorization_code&client_id=32555940559.apps.googleusercontent.com&client_secret=ZmssLNjJy2998hD4CTg2ejr2&code_verifier=a4rvsvn9HF03NXvRBEQenwFLmQsU4i7976Q9E2u8cLZwS9TmBRPxPwFcwjtRnrinjOBRys8tY6u2ZW5maD2LALfO3-b2prxqrmYoBf3pfL7ON9ZEQnp3UMF_9go7KJIo&code=4%2F0AX4XfWhQZ7e5gntrlF0TN4924v-gdnd8R2ORlNePfPCsZ2r7EDPRPhKsMuUKDGSWlaDgkg&redirect_uri=http%3A%2F%2Flocalhost%3A8085%2F
2021-11-19 13:48:15,702 DEBUG    requests_oauthlib.oauth2_session Request to fetch token completed with status 200.
2021-11-19 13:48:15,702 DEBUG    requests_oauthlib.oauth2_session Request headers were {'Content-Length': '387', 'Accept-Encoding': 'gzip, deflate', 'Accept': 'application/json', 'user-agent': 'google-cloud-sdk gcloud/364.0.0 command/gcloud.auth.login invocation-id/50e07f2519234c11a7f7a755f6ea603f environment/None environment-version/None interactive/True from-script/False python/2.7.16 term/xterm-256color (Macintosh; Intel Mac OS X 19.6.0)', 'Connection': 'keep-alive', 'Content-Type': 'application/x-www-form-urlencoded;charset=UTF-8'}
2021-11-19 13:48:15,702 DEBUG    requests_oauthlib.oauth2_session Request body was code=4%2F0AX4XfWhQZ7e5gntrlF0TN4924v-gdnd8R2ORlNePfPCsZ2r7EDPRPhKsMuUKDGSWlaDgkg&code_verifier=a4rvsvn9HF03NXvRBEQenwFLmQsU4i7976Q9E2u8cLZwS9TmBRPxPwFcwjtRnrinjOBRys8tY6u2ZW5maD2LALfO3-b2prxqrmYoBf3pfL7ON9ZEQnp3UMF_9go7KJIo&redirect_uri=http%3A%2F%2Flocalhost%3A8085%2F&client_id=32555940559.apps.googleusercontent.com&client_secret=ZmssLNjJy2998hD4CTg2ejr2&grant_type=authorization_code
2021-11-19 13:48:15,703 DEBUG    requests_oauthlib.oauth2_session Response headers were {'X-XSS-Protection': '0', 'X-Content-Type-Options': 'nosniff', 'Content-Encoding': 'gzip', 'Transfer-Encoding': 'chunked', 'Expires': 'Mon, 01 Jan 1990 00:00:00 GMT', 'Vary': 'Origin, X-Origin, Referer', 'Server': 'scaffolding on HTTPServer2', 'Pragma': 'no-cache', 'Cache-Control': 'no-cache, no-store, max-age=0, must-revalidate', 'Date': 'Fri, 19 Nov 2021 21:48:15 GMT', 'X-Frame-Options': 'SAMEORIGIN', 'Alt-Svc': 'h3=":443"; ma=2592000,h3-29=":443"; ma=2592000,h3-Q050=":443"; ma=2592000,h3-Q046=":443"; ma=2592000,h3-Q043=":443"; ma=2592000,quic=":443"; ma=2592000; v="46,43"', 'Content-Type': 'application/json; charset=utf-8'} and content {
  "access_token": "ya29.a0ARrdaM9yoHc5uCsehFhntqnpgBCR6dUR45kluD2B5DSOL-Ntpm6R6wL_oO3kCRS7SxJuBX9Q69HFwvSOiP8Xso6Mua8fsZXdYeBfyY5afnaekI37ANW5A9BV1NFkLGJGMnBaBXhXKzmQv1lx6I-rL4dnMZ54xompnlUq",
  "expires_in": 3599,
  "refresh_token": "1//06iuT-QryaGNkCgYIARAAGAYSNwF-L9IrJSpuF0rAmdQRcpobZ6qTQAYM1odNG8aYSUWvURkilv8RhlIDc2ITAZh1iOC2nR6MCNs",
  "scope": "https://www.googleapis.com/auth/userinfo.email https://www.googleapis.com/auth/compute https://www.googleapis.com/auth/cloud-platform https://www.googleapis.com/auth/accounts.reauth openid https://www.googleapis.com/auth/appengine.admin",
  "token_type": "Bearer",
  "id_token": "eyJhbGciOiJSUzI1NiIsImtpZCI6IjAzMmIyZWYzZDJjMjgwNjE1N2Y4YTliOWY0ZWY3Nzk4MzRmODVhZGEiLCJ0eXAiOiJKV1QifQ.eyJpc3MiOiJodHRwczovL2FjY291bnRzLmdvb2dsZS5jb20iLCJhenAiOiIzMjU1NTk0MDU1OS5hcHBzLmdvb2dsZXVzZXJjb250ZW50LmNvbSIsImF1ZCI6IjMyNTU1OTQwNTU5LmFwcHMuZ29vZ2xldXNlcmNvbnRlbnQuY29tIiwic3ViIjoiMTAxNDIwNTIzNTk3NzQ0Mjk1MDYyIiwiZW1haWwiOiJ6YWNoc3RhbWVnbmFAZ21haWwuY29tIiwiZW1haWxfdmVyaWZpZWQiOnRydWUsImF0X2hhc2giOiJ6bTRyYkM4VWdDYVJPSXdIcXI1WENnIiwiaWF0IjoxNjM3MzU4NDk1LCJleHAiOjE2MzczNjIwOTV9.DwDrZzIWoNRrEUNzH0fWBePsEMJzKTK_pkY5qkRf7Y3OegO4dBf-JsCSesDQLD--6IOal_q0vYyfQtLPMH37e_ES1rs8Ikn1tq5vWZ_gziuPp4PvH6b2pBrYwgUOmKAstEspC9OE60F1uiPOsx-78CzHREElNsyEjzYUau8v5hpcVFvIgKmY-KuERF40yU9hMdLDrO1Y8wSGK-Z05e-KoJZVN_JC8NO3VRiHXzNmzSzL1idchNncXb1c5jllL6ogWKRhYZRd810zVRj_htwBN_Cgc110oxaAgC2vQTQxQ2oqYQAcjqE8DxPlIAOClPqIvX0QgHGtilDnczNZmknmlA"
}.
2021-11-19 13:48:15,703 DEBUG    requests_oauthlib.oauth2_session Invoking 0 token response hooks.
2021-11-19 13:48:15,703 DEBUG    requests_oauthlib.oauth2_session Obtained token {u'token_type': u'Bearer', u'refresh_token': u'1//06iuT-QryaGNkCgYIARAAGAYSNwF-L9IrJSpuF0rAmdQRcpobZ6qTQAYM1odNG8aYSUWvURkilv8RhlIDc2ITAZh1iOC2nR6MCNs', u'scope': [u'https://www.googleapis.com/auth/userinfo.email', u'https://www.googleapis.com/auth/compute', u'https://www.googleapis.com/auth/cloud-platform', u'https://www.googleapis.com/auth/accounts.reauth', u'openid', u'https://www.googleapis.com/auth/appengine.admin'], u'access_token': u'ya29.a0ARrdaM9yoHc5uCsehFhntqnpgBCR6dUR45kluD2B5DSOL-Ntpm6R6wL_oO3kCRS7SxJuBX9Q69HFwvSOiP8Xso6Mua8fsZXdYeBfyY5afnaekI37ANW5A9BV1NFkLGJGMnBaBXhXKzmQv1lx6I-rL4dnMZ54xompnlUq', u'id_token': u'eyJhbGciOiJSUzI1NiIsImtpZCI6IjAzMmIyZWYzZDJjMjgwNjE1N2Y4YTliOWY0ZWY3Nzk4MzRmODVhZGEiLCJ0eXAiOiJKV1QifQ.eyJpc3MiOiJodHRwczovL2FjY291bnRzLmdvb2dsZS5jb20iLCJhenAiOiIzMjU1NTk0MDU1OS5hcHBzLmdvb2dsZXVzZXJjb250ZW50LmNvbSIsImF1ZCI6IjMyNTU1OTQwNTU5LmFwcHMuZ29vZ2xldXNlcmNvbnRlbnQuY29tIiwic3ViIjoiMTAxNDIwNTIzNTk3NzQ0Mjk1MDYyIiwiZW1haWwiOiJ6YWNoc3RhbWVnbmFAZ21haWwuY29tIiwiZW1haWxfdmVyaWZpZWQiOnRydWUsImF0X2hhc2giOiJ6bTRyYkM4VWdDYVJPSXdIcXI1WENnIiwiaWF0IjoxNjM3MzU4NDk1LCJleHAiOjE2MzczNjIwOTV9.DwDrZzIWoNRrEUNzH0fWBePsEMJzKTK_pkY5qkRf7Y3OegO4dBf-JsCSesDQLD--6IOal_q0vYyfQtLPMH37e_ES1rs8Ikn1tq5vWZ_gziuPp4PvH6b2pBrYwgUOmKAstEspC9OE60F1uiPOsx-78CzHREElNsyEjzYUau8v5hpcVFvIgKmY-KuERF40yU9hMdLDrO1Y8wSGK-Z05e-KoJZVN_JC8NO3VRiHXzNmzSzL1idchNncXb1c5jllL6ogWKRhYZRd810zVRj_htwBN_Cgc110oxaAgC2vQTQxQ2oqYQAcjqE8DxPlIAOClPqIvX0QgHGtilDnczNZmknmlA', u'expires_in': 3599, u'expires_at': 1637362094.703441}.
2021-11-19 13:48:15,716 INFO     ___FILE_ONLY___ 
You are now logged in as [zachstamegna@gmail.com].
Your current project is [high-comfort-332206].  You can change this setting by running:
  $ gcloud config set project PROJECT_ID

2021-11-19 13:48:15,716 INFO     root            Display format: "none"
