2021-11-19 13:50:22,127 DEBUG    root            Loaded Command Group: [u'gcloud', u'auth']
2021-11-19 13:50:22,181 DEBUG    root            Loaded Command Group: [u'gcloud', u'auth', u'login']
2021-11-19 13:50:22,184 DEBUG    root            Running [gcloud.auth.login] with arguments: []
2021-11-19 13:50:22,195 DEBUG    requests_oauthlib.oauth2_session Generated new state Exty8IZnNhJNmLhVrgmuhZx7ZaBh3a.
2021-11-19 13:50:22,371 INFO     ___FILE_ONLY___ Your browser has been opened to visit:

    https://accounts.google.com/o/oauth2/auth?response_type=code&client_id=32555940559.apps.googleusercontent.com&redirect_uri=http%3A%2F%2Flocalhost%3A8085%2F&scope=openid+https%3A%2F%2Fwww.googleapis.com%2Fauth%2Fuserinfo.email+https%3A%2F%2Fwww.googleapis.com%2Fauth%2Fcloud-platform+https%3A%2F%2Fwww.googleapis.com%2Fauth%2Fappengine.admin+https%3A%2F%2Fwww.googleapis.com%2Fauth%2Fcompute+https%3A%2F%2Fwww.googleapis.com%2Fauth%2Faccounts.reauth&state=Exty8IZnNhJNmLhVrgmuhZx7ZaBh3a&code_challenge=_HWBJ2vkMGROn4SI8Boc7ziD2BZHdGiKl-cw21vX2-8&code_challenge_method=S256&access_type=offline


2021-11-19 13:50:27,075 INFO     google_auth_oauthlib.flow "GET /?state=Exty8IZnNhJNmLhVrgmuhZx7ZaBh3a&code=4/0AX4XfWiqbHD9UYMb8xRflswYV5Z3ZaaQ5jk-jqLa6R2VLqaTOqRVgwkhzTtiZlQXipWfew&scope=email%20openid%20https://www.googleapis.com/auth/userinfo.email%20https://www.googleapis.com/auth/cloud-platform%20https://www.googleapis.com/auth/appengine.admin%20https://www.googleapis.com/auth/compute%20https://www.googleapis.com/auth/accounts.reauth&authuser=0&prompt=consent HTTP/1.1" 200 959
2021-11-19 13:50:27,076 DEBUG    requests_oauthlib.oauth2_session Requesting url https://oauth2.googleapis.com/token using method POST.
2021-11-19 13:50:27,077 DEBUG    requests_oauthlib.oauth2_session Supplying headers {'Content-Type': 'application/x-www-form-urlencoded;charset=UTF-8', 'Accept': 'application/json', 'user-agent': 'google-cloud-sdk gcloud/364.0.0 command/gcloud.auth.login invocation-id/eccace7e929843a28be5b5066245860e environment/None environment-version/None interactive/True from-script/False python/2.7.16 term/xterm-256color (Macintosh; Intel Mac OS X 19.6.0)'} and data {u'code': u'4/0AX4XfWiqbHD9UYMb8xRflswYV5Z3ZaaQ5jk-jqLa6R2VLqaTOqRVgwkhzTtiZlQXipWfew', u'code_verifier': u'8PSDKuSTpLfamM8DzLS_8xqfq1VhIW2NqRst6.E80BAuskNUIjKryJDtJLMSNhp-9BOrBFsBOm-0v4ONAYVRdKCFtW8vgUtt_pq9rnpem-tGMO7LlOh06rhzoIsVFHRC', u'redirect_uri': u'http://localhost:8085/', u'client_id': u'32555940559.apps.googleusercontent.com', u'client_secret': u'ZmssLNjJy2998hD4CTg2ejr2', u'grant_type': u'authorization_code'}
2021-11-19 13:50:27,077 DEBUG    requests_oauthlib.oauth2_session Passing through key word arguments {'verify': True, 'json': None, 'proxies': None, 'timeout': None, 'auth': None}.
2021-11-19 13:50:27,083 DEBUG    urllib3.connectionpool Starting new HTTPS connection (1): oauth2.googleapis.com:443
2021-11-19 13:50:27,290 DEBUG    urllib3.connectionpool https://oauth2.googleapis.com:443 "POST /token HTTP/1.1" 200 None
2021-11-19 13:50:27,292 DEBUG    requests_oauthlib.oauth2_session Prepared fetch token request body grant_type=authorization_code&client_id=32555940559.apps.googleusercontent.com&client_secret=ZmssLNjJy2998hD4CTg2ejr2&code_verifier=8PSDKuSTpLfamM8DzLS_8xqfq1VhIW2NqRst6.E80BAuskNUIjKryJDtJLMSNhp-9BOrBFsBOm-0v4ONAYVRdKCFtW8vgUtt_pq9rnpem-tGMO7LlOh06rhzoIsVFHRC&code=4%2F0AX4XfWiqbHD9UYMb8xRflswYV5Z3ZaaQ5jk-jqLa6R2VLqaTOqRVgwkhzTtiZlQXipWfew&redirect_uri=http%3A%2F%2Flocalhost%3A8085%2F
2021-11-19 13:50:27,292 DEBUG    requests_oauthlib.oauth2_session Request to fetch token completed with status 200.
2021-11-19 13:50:27,293 DEBUG    requests_oauthlib.oauth2_session Request headers were {'Content-Length': '387', 'Accept-Encoding': 'gzip, deflate', 'Accept': 'application/json', 'user-agent': 'google-cloud-sdk gcloud/364.0.0 command/gcloud.auth.login invocation-id/eccace7e929843a28be5b5066245860e environment/None environment-version/None interactive/True from-script/False python/2.7.16 term/xterm-256color (Macintosh; Intel Mac OS X 19.6.0)', 'Connection': 'keep-alive', 'Content-Type': 'application/x-www-form-urlencoded;charset=UTF-8'}
2021-11-19 13:50:27,293 DEBUG    requests_oauthlib.oauth2_session Request body was code=4%2F0AX4XfWiqbHD9UYMb8xRflswYV5Z3ZaaQ5jk-jqLa6R2VLqaTOqRVgwkhzTtiZlQXipWfew&code_verifier=8PSDKuSTpLfamM8DzLS_8xqfq1VhIW2NqRst6.E80BAuskNUIjKryJDtJLMSNhp-9BOrBFsBOm-0v4ONAYVRdKCFtW8vgUtt_pq9rnpem-tGMO7LlOh06rhzoIsVFHRC&redirect_uri=http%3A%2F%2Flocalhost%3A8085%2F&client_id=32555940559.apps.googleusercontent.com&client_secret=ZmssLNjJy2998hD4CTg2ejr2&grant_type=authorization_code
2021-11-19 13:50:27,293 DEBUG    requests_oauthlib.oauth2_session Response headers were {'X-XSS-Protection': '0', 'X-Content-Type-Options': 'nosniff', 'Content-Encoding': 'gzip', 'Transfer-Encoding': 'chunked', 'Expires': 'Mon, 01 Jan 1990 00:00:00 GMT', 'Vary': 'Origin, X-Origin, Referer', 'Server': 'scaffolding on HTTPServer2', 'Pragma': 'no-cache', 'Cache-Control': 'no-cache, no-store, max-age=0, must-revalidate', 'Date': 'Fri, 19 Nov 2021 21:50:27 GMT', 'X-Frame-Options': 'SAMEORIGIN', 'Alt-Svc': 'h3=":443"; ma=2592000,h3-29=":443"; ma=2592000,h3-Q050=":443"; ma=2592000,h3-Q046=":443"; ma=2592000,h3-Q043=":443"; ma=2592000,quic=":443"; ma=2592000; v="46,43"', 'Content-Type': 'application/json; charset=utf-8'} and content {
  "access_token": "ya29.a0ARrdaM9xeI1GJRVz8gjU37_BDjpijgkgoWGi_w7cMHp8ClQuEMx6ktJB-tDQgk8ksmwgpKBS2UW8SqGY-d3x8bPCl3O_SpEGSXVDOF7KFIQrckz8oOfcMNRBBMpRWmnC1heNbc6l_QYdlmzEq-yKfUYLbqrTMuzGUVPn",
  "expires_in": 3599,
  "refresh_token": "1//06F_lfx2Gd9IYCgYIARAAGAYSNwF-L9Ir74ZFN7ZUHdqYVOqSSFmyULebIb_KOdCzpdWBrkze6Eypqb4tlTs2qOXv2GzhQHIviWI",
  "scope": "https://www.googleapis.com/auth/appengine.admin https://www.googleapis.com/auth/userinfo.email https://www.googleapis.com/auth/compute https://www.googleapis.com/auth/accounts.reauth openid https://www.googleapis.com/auth/cloud-platform",
  "token_type": "Bearer",
  "id_token": "eyJhbGciOiJSUzI1NiIsImtpZCI6IjAzMmIyZWYzZDJjMjgwNjE1N2Y4YTliOWY0ZWY3Nzk4MzRmODVhZGEiLCJ0eXAiOiJKV1QifQ.eyJpc3MiOiJodHRwczovL2FjY291bnRzLmdvb2dsZS5jb20iLCJhenAiOiIzMjU1NTk0MDU1OS5hcHBzLmdvb2dsZXVzZXJjb250ZW50LmNvbSIsImF1ZCI6IjMyNTU1OTQwNTU5LmFwcHMuZ29vZ2xldXNlcmNvbnRlbnQuY29tIiwic3ViIjoiMTAxNDIwNTIzNTk3NzQ0Mjk1MDYyIiwiZW1haWwiOiJ6YWNoc3RhbWVnbmFAZ21haWwuY29tIiwiZW1haWxfdmVyaWZpZWQiOnRydWUsImF0X2hhc2giOiJJMWFrQ2ZHbGo0Mm9hZkg3YUpJSmp3IiwiaWF0IjoxNjM3MzU4NjI3LCJleHAiOjE2MzczNjIyMjd9.iDIS5KmD9Hgdc4DATnyeeepkeKwWBVwStwOg2tCsbdfuAbzAnLr_-sdNT0oBkOO0G8cfyZcX7aAFjC3XDhodH6LxnEIVeHzFsZn-n1Dv6ehOmfPRIBuaSX812NsZvkF85-7vhXVbDWk0gw3Zcx2OFaS7XSMavuvRgfpoB7C40IrhFQOj7dZzD2vB1JgqQzuria3ntFCPprgrQ-FDoOvzbqTZ7mKv1RKaZqmhMtSsx7d-spDQ1t4oYXXpZpt3vtwdDKvoOQPDWxcdPxaAravheYcuee58tjaYFHHPfA5wTZBel_pop2OR7FveDAFVUAN_tUWGtbF4XBvedkJlv3tdnA"
}.
2021-11-19 13:50:27,293 DEBUG    requests_oauthlib.oauth2_session Invoking 0 token response hooks.
2021-11-19 13:50:27,294 DEBUG    requests_oauthlib.oauth2_session Obtained token {u'token_type': u'Bearer', u'refresh_token': u'1//06F_lfx2Gd9IYCgYIARAAGAYSNwF-L9Ir74ZFN7ZUHdqYVOqSSFmyULebIb_KOdCzpdWBrkze6Eypqb4tlTs2qOXv2GzhQHIviWI', u'scope': [u'https://www.googleapis.com/auth/appengine.admin', u'https://www.googleapis.com/auth/userinfo.email', u'https://www.googleapis.com/auth/compute', u'https://www.googleapis.com/auth/accounts.reauth', u'openid', u'https://www.googleapis.com/auth/cloud-platform'], u'access_token': u'ya29.a0ARrdaM9xeI1GJRVz8gjU37_BDjpijgkgoWGi_w7cMHp8ClQuEMx6ktJB-tDQgk8ksmwgpKBS2UW8SqGY-d3x8bPCl3O_SpEGSXVDOF7KFIQrckz8oOfcMNRBBMpRWmnC1heNbc6l_QYdlmzEq-yKfUYLbqrTMuzGUVPn', u'id_token': u'eyJhbGciOiJSUzI1NiIsImtpZCI6IjAzMmIyZWYzZDJjMjgwNjE1N2Y4YTliOWY0ZWY3Nzk4MzRmODVhZGEiLCJ0eXAiOiJKV1QifQ.eyJpc3MiOiJodHRwczovL2FjY291bnRzLmdvb2dsZS5jb20iLCJhenAiOiIzMjU1NTk0MDU1OS5hcHBzLmdvb2dsZXVzZXJjb250ZW50LmNvbSIsImF1ZCI6IjMyNTU1OTQwNTU5LmFwcHMuZ29vZ2xldXNlcmNvbnRlbnQuY29tIiwic3ViIjoiMTAxNDIwNTIzNTk3NzQ0Mjk1MDYyIiwiZW1haWwiOiJ6YWNoc3RhbWVnbmFAZ21haWwuY29tIiwiZW1haWxfdmVyaWZpZWQiOnRydWUsImF0X2hhc2giOiJJMWFrQ2ZHbGo0Mm9hZkg3YUpJSmp3IiwiaWF0IjoxNjM3MzU4NjI3LCJleHAiOjE2MzczNjIyMjd9.iDIS5KmD9Hgdc4DATnyeeepkeKwWBVwStwOg2tCsbdfuAbzAnLr_-sdNT0oBkOO0G8cfyZcX7aAFjC3XDhodH6LxnEIVeHzFsZn-n1Dv6ehOmfPRIBuaSX812NsZvkF85-7vhXVbDWk0gw3Zcx2OFaS7XSMavuvRgfpoB7C40IrhFQOj7dZzD2vB1JgqQzuria3ntFCPprgrQ-FDoOvzbqTZ7mKv1RKaZqmhMtSsx7d-spDQ1t4oYXXpZpt3vtwdDKvoOQPDWxcdPxaAravheYcuee58tjaYFHHPfA5wTZBel_pop2OR7FveDAFVUAN_tUWGtbF4XBvedkJlv3tdnA', u'expires_in': 3599, u'expires_at': 1637362226.294054}.
2021-11-19 13:50:27,305 INFO     ___FILE_ONLY___ 
You are now logged in as [zachstamegna@gmail.com].
Your current project is [high-comfort-332206].  You can change this setting by running:
  $ gcloud config set project PROJECT_ID

2021-11-19 13:50:27,305 INFO     root            Display format: "none"
