2021-11-19 20:06:32,673 DEBUG    root            Loaded Command Group: [u'gcloud', u'auth']
2021-11-19 20:06:32,737 DEBUG    root            Loaded Command Group: [u'gcloud', u'auth', u'login']
2021-11-19 20:06:32,739 DEBUG    root            Running [gcloud.auth.login] with arguments: []
2021-11-19 20:06:32,919 DEBUG    requests_oauthlib.oauth2_session Generated new state YC4zRxJsfQyV8PqoxsqYcupIq8T4ba.
2021-11-19 20:06:33,156 INFO     ___FILE_ONLY___ Your browser has been opened to visit:

    https://accounts.google.com/o/oauth2/auth?response_type=code&client_id=32555940559.apps.googleusercontent.com&redirect_uri=http%3A%2F%2Flocalhost%3A8085%2F&scope=openid+https%3A%2F%2Fwww.googleapis.com%2Fauth%2Fuserinfo.email+https%3A%2F%2Fwww.googleapis.com%2Fauth%2Fcloud-platform+https%3A%2F%2Fwww.googleapis.com%2Fauth%2Fappengine.admin+https%3A%2F%2Fwww.googleapis.com%2Fauth%2Fcompute+https%3A%2F%2Fwww.googleapis.com%2Fauth%2Faccounts.reauth&state=YC4zRxJsfQyV8PqoxsqYcupIq8T4ba&code_challenge=stbVX6e1CsyyAQI3VnsWq2lH_rU_YdmFGRGfVHbHFFc&code_challenge_method=S256&access_type=offline


2021-11-19 20:06:38,096 INFO     google_auth_oauthlib.flow "GET /?state=YC4zRxJsfQyV8PqoxsqYcupIq8T4ba&code=4/0AX4XfWj7vaOQ3y9MwF33_SXyJZ-tGw2JXyzKYhVy8P-1I3O34A4K612m6H6Q8BiDmNgG1g&scope=email%20openid%20https://www.googleapis.com/auth/userinfo.email%20https://www.googleapis.com/auth/cloud-platform%20https://www.googleapis.com/auth/appengine.admin%20https://www.googleapis.com/auth/compute%20https://www.googleapis.com/auth/accounts.reauth&authuser=0&prompt=consent HTTP/1.1" 200 959
2021-11-19 20:06:38,097 DEBUG    requests_oauthlib.oauth2_session Requesting url https://oauth2.googleapis.com/token using method POST.
2021-11-19 20:06:38,097 DEBUG    requests_oauthlib.oauth2_session Supplying headers {'Content-Type': 'application/x-www-form-urlencoded;charset=UTF-8', 'Accept': 'application/json', 'user-agent': 'google-cloud-sdk gcloud/364.0.0 command/gcloud.auth.login invocation-id/b0b666dd4e274a268823fc1f65054cd3 environment/None environment-version/None interactive/True from-script/False python/2.7.16 term/xterm-256color (Macintosh; Intel Mac OS X 19.6.0)'} and data {u'code': u'4/0AX4XfWj7vaOQ3y9MwF33_SXyJZ-tGw2JXyzKYhVy8P-1I3O34A4K612m6H6Q8BiDmNgG1g', u'code_verifier': u'sQhoHCQ5j1gTGE_X_hKPRNgNNUR9gjzJ9IxnY0ZWR_ac~Q7iU-tDo4ue3LVZ4kuYGb92px9nz6-Usb-mhebmWbYO651yHkTfQzJEz6zFnPGEiMrX~U4mIV1vxSejrW2G', u'redirect_uri': u'http://localhost:8085/', u'client_id': u'32555940559.apps.googleusercontent.com', u'client_secret': u'ZmssLNjJy2998hD4CTg2ejr2', u'grant_type': u'authorization_code'}
2021-11-19 20:06:38,097 DEBUG    requests_oauthlib.oauth2_session Passing through key word arguments {'verify': True, 'json': None, 'proxies': None, 'timeout': None, 'auth': None}.
2021-11-19 20:06:38,191 DEBUG    urllib3.connectionpool Starting new HTTPS connection (1): oauth2.googleapis.com:443
2021-11-19 20:06:38,456 DEBUG    urllib3.connectionpool https://oauth2.googleapis.com:443 "POST /token HTTP/1.1" 200 None
2021-11-19 20:06:38,458 DEBUG    requests_oauthlib.oauth2_session Prepared fetch token request body grant_type=authorization_code&client_id=32555940559.apps.googleusercontent.com&client_secret=ZmssLNjJy2998hD4CTg2ejr2&code_verifier=sQhoHCQ5j1gTGE_X_hKPRNgNNUR9gjzJ9IxnY0ZWR_ac%7EQ7iU-tDo4ue3LVZ4kuYGb92px9nz6-Usb-mhebmWbYO651yHkTfQzJEz6zFnPGEiMrX%7EU4mIV1vxSejrW2G&code=4%2F0AX4XfWj7vaOQ3y9MwF33_SXyJZ-tGw2JXyzKYhVy8P-1I3O34A4K612m6H6Q8BiDmNgG1g&redirect_uri=http%3A%2F%2Flocalhost%3A8085%2F
2021-11-19 20:06:38,458 DEBUG    requests_oauthlib.oauth2_session Request to fetch token completed with status 200.
2021-11-19 20:06:38,458 DEBUG    requests_oauthlib.oauth2_session Request headers were {'Content-Length': '391', 'Accept-Encoding': 'gzip, deflate', 'Accept': 'application/json', 'user-agent': 'google-cloud-sdk gcloud/364.0.0 command/gcloud.auth.login invocation-id/b0b666dd4e274a268823fc1f65054cd3 environment/None environment-version/None interactive/True from-script/False python/2.7.16 term/xterm-256color (Macintosh; Intel Mac OS X 19.6.0)', 'Connection': 'keep-alive', 'Content-Type': 'application/x-www-form-urlencoded;charset=UTF-8'}
2021-11-19 20:06:38,458 DEBUG    requests_oauthlib.oauth2_session Request body was code=4%2F0AX4XfWj7vaOQ3y9MwF33_SXyJZ-tGw2JXyzKYhVy8P-1I3O34A4K612m6H6Q8BiDmNgG1g&code_verifier=sQhoHCQ5j1gTGE_X_hKPRNgNNUR9gjzJ9IxnY0ZWR_ac%7EQ7iU-tDo4ue3LVZ4kuYGb92px9nz6-Usb-mhebmWbYO651yHkTfQzJEz6zFnPGEiMrX%7EU4mIV1vxSejrW2G&redirect_uri=http%3A%2F%2Flocalhost%3A8085%2F&client_id=32555940559.apps.googleusercontent.com&client_secret=ZmssLNjJy2998hD4CTg2ejr2&grant_type=authorization_code
2021-11-19 20:06:38,459 DEBUG    requests_oauthlib.oauth2_session Response headers were {'X-XSS-Protection': '0', 'X-Content-Type-Options': 'nosniff', 'Content-Encoding': 'gzip', 'Transfer-Encoding': 'chunked', 'Expires': 'Mon, 01 Jan 1990 00:00:00 GMT', 'Vary': 'Origin, X-Origin, Referer', 'Server': 'scaffolding on HTTPServer2', 'Pragma': 'no-cache', 'Cache-Control': 'no-cache, no-store, max-age=0, must-revalidate', 'Date': 'Sat, 20 Nov 2021 04:06:38 GMT', 'X-Frame-Options': 'SAMEORIGIN', 'Alt-Svc': 'h3=":443"; ma=2592000,h3-29=":443"; ma=2592000,h3-Q050=":443"; ma=2592000,h3-Q046=":443"; ma=2592000,h3-Q043=":443"; ma=2592000,quic=":443"; ma=2592000; v="46,43"', 'Content-Type': 'application/json; charset=utf-8'} and content {
  "access_token": "ya29.a0ARrdaM8W5vKXOakVtV0GsD5nn-cj0_3F6fzvIXiLIstHZErjW1K3wumcj-J5oc3gvmsOca_FIfHt6-R_urrxQ0tvqhcW3giXx0EtDUARgaVPhAIf9bAxwCI_KSeGEHpSHx26hk5zSbchInG9SvJPdDDwKe0FFRWiDPUE",
  "expires_in": 3599,
  "refresh_token": "1//06d7L3FfR6Q5ACgYIARAAGAYSNwF-L9Ir0saIRKMzMio9YI7tmXcvSoTe-DC3NlS6lg7nbZV1ubSkb0S44OrbuPGq-oT4yo6v_qc",
  "scope": "openid https://www.googleapis.com/auth/cloud-platform https://www.googleapis.com/auth/appengine.admin https://www.googleapis.com/auth/accounts.reauth https://www.googleapis.com/auth/userinfo.email https://www.googleapis.com/auth/compute",
  "token_type": "Bearer",
  "id_token": "eyJhbGciOiJSUzI1NiIsImtpZCI6IjAzMmIyZWYzZDJjMjgwNjE1N2Y4YTliOWY0ZWY3Nzk4MzRmODVhZGEiLCJ0eXAiOiJKV1QifQ.eyJpc3MiOiJodHRwczovL2FjY291bnRzLmdvb2dsZS5jb20iLCJhenAiOiIzMjU1NTk0MDU1OS5hcHBzLmdvb2dsZXVzZXJjb250ZW50LmNvbSIsImF1ZCI6IjMyNTU1OTQwNTU5LmFwcHMuZ29vZ2xldXNlcmNvbnRlbnQuY29tIiwic3ViIjoiMTAxNDIwNTIzNTk3NzQ0Mjk1MDYyIiwiZW1haWwiOiJ6YWNoc3RhbWVnbmFAZ21haWwuY29tIiwiZW1haWxfdmVyaWZpZWQiOnRydWUsImF0X2hhc2giOiJGdC1IdFdFdnk5b193dnNJejJWNndRIiwiaWF0IjoxNjM3MzgxMTk4LCJleHAiOjE2MzczODQ3OTh9.cbPgjKn80IS5ZtGnhUo6U5hJKMsFsuogP2kLBm7x0-HmA3uwEop_HkdnVWtN9ZW5tcbZ7FysIHeS4FvZmeFjISxpbgXg5RnpDe2QNt9J_OLp65mXAZcvnAHO0aTp0JvmPa3i4zR_yjTIIPrdHEwhKJB2xmhlu41qo2eubr4HaXCXEGVBd3jsQKFC7e6tSO0WOTvm6J5m-ATju4RD5ytnIC0adq3ZBqPtwtJAmPwwVE56wRGNcfzJVjWh0prKE514XQcI6TcD1JoMhsDx3U3OhQ13gC42tsh1PNSz6iKu2r3-QTRztWVw9PNKnAlxfqtobJMvI8qGW8D3fPWCal_qbQ"
}.
2021-11-19 20:06:38,459 DEBUG    requests_oauthlib.oauth2_session Invoking 0 token response hooks.
2021-11-19 20:06:38,459 DEBUG    requests_oauthlib.oauth2_session Obtained token {u'token_type': u'Bearer', u'refresh_token': u'1//06d7L3FfR6Q5ACgYIARAAGAYSNwF-L9Ir0saIRKMzMio9YI7tmXcvSoTe-DC3NlS6lg7nbZV1ubSkb0S44OrbuPGq-oT4yo6v_qc', u'scope': [u'openid', u'https://www.googleapis.com/auth/cloud-platform', u'https://www.googleapis.com/auth/appengine.admin', u'https://www.googleapis.com/auth/accounts.reauth', u'https://www.googleapis.com/auth/userinfo.email', u'https://www.googleapis.com/auth/compute'], u'access_token': u'ya29.a0ARrdaM8W5vKXOakVtV0GsD5nn-cj0_3F6fzvIXiLIstHZErjW1K3wumcj-J5oc3gvmsOca_FIfHt6-R_urrxQ0tvqhcW3giXx0EtDUARgaVPhAIf9bAxwCI_KSeGEHpSHx26hk5zSbchInG9SvJPdDDwKe0FFRWiDPUE', u'id_token': u'eyJhbGciOiJSUzI1NiIsImtpZCI6IjAzMmIyZWYzZDJjMjgwNjE1N2Y4YTliOWY0ZWY3Nzk4MzRmODVhZGEiLCJ0eXAiOiJKV1QifQ.eyJpc3MiOiJodHRwczovL2FjY291bnRzLmdvb2dsZS5jb20iLCJhenAiOiIzMjU1NTk0MDU1OS5hcHBzLmdvb2dsZXVzZXJjb250ZW50LmNvbSIsImF1ZCI6IjMyNTU1OTQwNTU5LmFwcHMuZ29vZ2xldXNlcmNvbnRlbnQuY29tIiwic3ViIjoiMTAxNDIwNTIzNTk3NzQ0Mjk1MDYyIiwiZW1haWwiOiJ6YWNoc3RhbWVnbmFAZ21haWwuY29tIiwiZW1haWxfdmVyaWZpZWQiOnRydWUsImF0X2hhc2giOiJGdC1IdFdFdnk5b193dnNJejJWNndRIiwiaWF0IjoxNjM3MzgxMTk4LCJleHAiOjE2MzczODQ3OTh9.cbPgjKn80IS5ZtGnhUo6U5hJKMsFsuogP2kLBm7x0-HmA3uwEop_HkdnVWtN9ZW5tcbZ7FysIHeS4FvZmeFjISxpbgXg5RnpDe2QNt9J_OLp65mXAZcvnAHO0aTp0JvmPa3i4zR_yjTIIPrdHEwhKJB2xmhlu41qo2eubr4HaXCXEGVBd3jsQKFC7e6tSO0WOTvm6J5m-ATju4RD5ytnIC0adq3ZBqPtwtJAmPwwVE56wRGNcfzJVjWh0prKE514XQcI6TcD1JoMhsDx3U3OhQ13gC42tsh1PNSz6iKu2r3-QTRztWVw9PNKnAlxfqtobJMvI8qGW8D3fPWCal_qbQ', u'expires_in': 3599, u'expires_at': 1637384797.459663}.
2021-11-19 20:06:38,477 INFO     ___FILE_ONLY___ 
You are now logged in as [zachstamegna@gmail.com].
Your current project is [high-comfort-332206].  You can change this setting by running:
  $ gcloud config set project PROJECT_ID

2021-11-19 20:06:38,483 INFO     root            Display format: "none"
