2021-11-28 13:47:45,064 DEBUG    root            Loaded Command Group: [u'gcloud', u'auth']
2021-11-28 13:47:45,127 DEBUG    root            Loaded Command Group: [u'gcloud', u'auth', u'login']
2021-11-28 13:47:45,130 DEBUG    root            Running [gcloud.auth.login] with arguments: []
2021-11-28 13:47:45,194 DEBUG    requests_oauthlib.oauth2_session Generated new state Zt1TKCZG74ORM8wvy6E01PVYQ2lfsB.
2021-11-28 13:47:45,413 INFO     ___FILE_ONLY___ Your browser has been opened to visit:

    https://accounts.google.com/o/oauth2/auth?response_type=code&client_id=32555940559.apps.googleusercontent.com&redirect_uri=http%3A%2F%2Flocalhost%3A8085%2F&scope=openid+https%3A%2F%2Fwww.googleapis.com%2Fauth%2Fuserinfo.email+https%3A%2F%2Fwww.googleapis.com%2Fauth%2Fcloud-platform+https%3A%2F%2Fwww.googleapis.com%2Fauth%2Fappengine.admin+https%3A%2F%2Fwww.googleapis.com%2Fauth%2Fcompute+https%3A%2F%2Fwww.googleapis.com%2Fauth%2Faccounts.reauth&state=Zt1TKCZG74ORM8wvy6E01PVYQ2lfsB&code_challenge=KUBpmwdaLbO94Cn32-usUBuIhyhmHEqvoobcStBTl68&code_challenge_method=S256&access_type=offline


2021-11-28 13:47:51,727 INFO     google_auth_oauthlib.flow "GET /?state=Zt1TKCZG74ORM8wvy6E01PVYQ2lfsB&code=4/0AX4XfWhvL30Pi8jVTNCeZipYWYXun7qijWX0uOgxqfvHpJoXA5NmjWclft0VrIQgFYZtHA&scope=email%20openid%20https://www.googleapis.com/auth/userinfo.email%20https://www.googleapis.com/auth/cloud-platform%20https://www.googleapis.com/auth/appengine.admin%20https://www.googleapis.com/auth/compute%20https://www.googleapis.com/auth/accounts.reauth&authuser=0&prompt=consent HTTP/1.1" 200 959
2021-11-28 13:47:51,728 DEBUG    requests_oauthlib.oauth2_session Requesting url https://oauth2.googleapis.com/token using method POST.
2021-11-28 13:47:51,728 DEBUG    requests_oauthlib.oauth2_session Supplying headers {'Content-Type': 'application/x-www-form-urlencoded;charset=UTF-8', 'Accept': 'application/json', 'user-agent': 'google-cloud-sdk gcloud/364.0.0 command/gcloud.auth.login invocation-id/22d5b3ebef524c279a3aa5f899eb81b9 environment/None environment-version/None interactive/True from-script/False python/2.7.16 term/xterm-256color (Macintosh; Intel Mac OS X 19.6.0)'} and data {u'code': u'4/0AX4XfWhvL30Pi8jVTNCeZipYWYXun7qijWX0uOgxqfvHpJoXA5NmjWclft0VrIQgFYZtHA', u'code_verifier': u'2LvsI5u4ARh~TsB9tU-g~0wzdeYm4ZfwU01rkA0Sgz18SQ-pCDVIlwNP6BkyFyUw1bc3BXWROiAw9flQ4YtMI6f9DorssUZ8bkMcC4fxfVI5OiKzBULe_sVM1t.~JTDN', u'redirect_uri': u'http://localhost:8085/', u'client_id': u'32555940559.apps.googleusercontent.com', u'client_secret': u'ZmssLNjJy2998hD4CTg2ejr2', u'grant_type': u'authorization_code'}
2021-11-28 13:47:51,728 DEBUG    requests_oauthlib.oauth2_session Passing through key word arguments {'verify': True, 'json': None, 'proxies': None, 'timeout': None, 'auth': None}.
2021-11-28 13:47:51,811 DEBUG    urllib3.connectionpool Starting new HTTPS connection (1): oauth2.googleapis.com:443
2021-11-28 13:47:52,077 DEBUG    urllib3.connectionpool https://oauth2.googleapis.com:443 "POST /token HTTP/1.1" 200 None
2021-11-28 13:47:52,079 DEBUG    requests_oauthlib.oauth2_session Prepared fetch token request body grant_type=authorization_code&client_id=32555940559.apps.googleusercontent.com&client_secret=ZmssLNjJy2998hD4CTg2ejr2&code_verifier=2LvsI5u4ARh%7ETsB9tU-g%7E0wzdeYm4ZfwU01rkA0Sgz18SQ-pCDVIlwNP6BkyFyUw1bc3BXWROiAw9flQ4YtMI6f9DorssUZ8bkMcC4fxfVI5OiKzBULe_sVM1t.%7EJTDN&code=4%2F0AX4XfWhvL30Pi8jVTNCeZipYWYXun7qijWX0uOgxqfvHpJoXA5NmjWclft0VrIQgFYZtHA&redirect_uri=http%3A%2F%2Flocalhost%3A8085%2F
2021-11-28 13:47:52,079 DEBUG    requests_oauthlib.oauth2_session Request to fetch token completed with status 200.
2021-11-28 13:47:52,079 DEBUG    requests_oauthlib.oauth2_session Request headers were {'Content-Length': '393', 'Accept-Encoding': 'gzip, deflate', 'Accept': 'application/json', 'user-agent': 'google-cloud-sdk gcloud/364.0.0 command/gcloud.auth.login invocation-id/22d5b3ebef524c279a3aa5f899eb81b9 environment/None environment-version/None interactive/True from-script/False python/2.7.16 term/xterm-256color (Macintosh; Intel Mac OS X 19.6.0)', 'Connection': 'keep-alive', 'Content-Type': 'application/x-www-form-urlencoded;charset=UTF-8'}
2021-11-28 13:47:52,080 DEBUG    requests_oauthlib.oauth2_session Request body was code=4%2F0AX4XfWhvL30Pi8jVTNCeZipYWYXun7qijWX0uOgxqfvHpJoXA5NmjWclft0VrIQgFYZtHA&code_verifier=2LvsI5u4ARh%7ETsB9tU-g%7E0wzdeYm4ZfwU01rkA0Sgz18SQ-pCDVIlwNP6BkyFyUw1bc3BXWROiAw9flQ4YtMI6f9DorssUZ8bkMcC4fxfVI5OiKzBULe_sVM1t.%7EJTDN&redirect_uri=http%3A%2F%2Flocalhost%3A8085%2F&client_id=32555940559.apps.googleusercontent.com&client_secret=ZmssLNjJy2998hD4CTg2ejr2&grant_type=authorization_code
2021-11-28 13:47:52,080 DEBUG    requests_oauthlib.oauth2_session Response headers were {'X-XSS-Protection': '0', 'X-Content-Type-Options': 'nosniff', 'Content-Encoding': 'gzip', 'Transfer-Encoding': 'chunked', 'Expires': 'Mon, 01 Jan 1990 00:00:00 GMT', 'Vary': 'Origin, X-Origin, Referer', 'Server': 'scaffolding on HTTPServer2', 'Pragma': 'no-cache', 'Cache-Control': 'no-cache, no-store, max-age=0, must-revalidate', 'Date': 'Sun, 28 Nov 2021 21:47:52 GMT', 'X-Frame-Options': 'SAMEORIGIN', 'Alt-Svc': 'h3=":443"; ma=2592000,h3-29=":443"; ma=2592000,h3-Q050=":443"; ma=2592000,h3-Q046=":443"; ma=2592000,h3-Q043=":443"; ma=2592000,quic=":443"; ma=2592000; v="46,43"', 'Content-Type': 'application/json; charset=utf-8'} and content {
  "access_token": "ya29.a0ARrdaM8-iuVE_W6WxopxXoKj59pdJJW0Y9pGY0mr0YdnOH2TNfHqsjlP3Ld7wXt2y6V3-QVrjg-P5GoQz-ZEUTFQl8fWZNF5NRVC_--fso54ppLBwurM8sZHVI6VyGIuuWSoGopJiqNdB-4yF7HT0s6Xfw7I9sbLUKgs",
  "expires_in": 3599,
  "refresh_token": "1//065SbhriSWJDCCgYIARAAGAYSNwF-L9IrkW1jG5JeACd0LYNigFQBels5qsupeGHBsbRFITk7TVJ0bYl50rdVvJXtMdPPlZ5Y4mI",
  "scope": "https://www.googleapis.com/auth/accounts.reauth openid https://www.googleapis.com/auth/cloud-platform https://www.googleapis.com/auth/userinfo.email https://www.googleapis.com/auth/appengine.admin https://www.googleapis.com/auth/compute",
  "token_type": "Bearer",
  "id_token": "eyJhbGciOiJSUzI1NiIsImtpZCI6ImQ0ZTA2Y2ViMjJiMDFiZTU2YzIxM2M5ODU0MGFiNTYzYmZmNWE1OGMiLCJ0eXAiOiJKV1QifQ.eyJpc3MiOiJodHRwczovL2FjY291bnRzLmdvb2dsZS5jb20iLCJhenAiOiIzMjU1NTk0MDU1OS5hcHBzLmdvb2dsZXVzZXJjb250ZW50LmNvbSIsImF1ZCI6IjMyNTU1OTQwNTU5LmFwcHMuZ29vZ2xldXNlcmNvbnRlbnQuY29tIiwic3ViIjoiMTAxNDIwNTIzNTk3NzQ0Mjk1MDYyIiwiZW1haWwiOiJ6YWNoc3RhbWVnbmFAZ21haWwuY29tIiwiZW1haWxfdmVyaWZpZWQiOnRydWUsImF0X2hhc2giOiJzQTJIcTlSdHpKYmtSWWdWU09pVTJ3IiwiaWF0IjoxNjM4MTM2MDcyLCJleHAiOjE2MzgxMzk2NzJ9.J9i5WZ3cwQ_puMcEWYaocHsSxAjf8svG93SCpmqYsmSaV7au50wL9SByfRxPBYAS294u_bfJoHPC78NFI7qICS9LJaZTucs52PvUo1INI7-dzsB-z79af7ZoSoyp4U9PKsdYKbUb0p3WiQbrdyxmfwiqaqZGp3xzGfyB7vFjMpkFtZ2qsN1QkaqyLaJZ9pkvahCGC7zo045f0PTtFLa_dvz8vpnV9WMeh-pph--Nc4L9hem0Ac9h_SxoTtW3EsQbPyqI-9BZJbXeE8ccp9V0nsSU0dc5dKDPlXGA8KQHN1PfP9pwlVOza7gfsmDHCbCkMYBYdDf3bRNiZZS6PqTKWA"
}.
2021-11-28 13:47:52,080 DEBUG    requests_oauthlib.oauth2_session Invoking 0 token response hooks.
2021-11-28 13:47:52,080 DEBUG    requests_oauthlib.oauth2_session Obtained token {u'token_type': u'Bearer', u'refresh_token': u'1//065SbhriSWJDCCgYIARAAGAYSNwF-L9IrkW1jG5JeACd0LYNigFQBels5qsupeGHBsbRFITk7TVJ0bYl50rdVvJXtMdPPlZ5Y4mI', u'scope': [u'https://www.googleapis.com/auth/accounts.reauth', u'openid', u'https://www.googleapis.com/auth/cloud-platform', u'https://www.googleapis.com/auth/userinfo.email', u'https://www.googleapis.com/auth/appengine.admin', u'https://www.googleapis.com/auth/compute'], u'access_token': u'ya29.a0ARrdaM8-iuVE_W6WxopxXoKj59pdJJW0Y9pGY0mr0YdnOH2TNfHqsjlP3Ld7wXt2y6V3-QVrjg-P5GoQz-ZEUTFQl8fWZNF5NRVC_--fso54ppLBwurM8sZHVI6VyGIuuWSoGopJiqNdB-4yF7HT0s6Xfw7I9sbLUKgs', u'id_token': u'eyJhbGciOiJSUzI1NiIsImtpZCI6ImQ0ZTA2Y2ViMjJiMDFiZTU2YzIxM2M5ODU0MGFiNTYzYmZmNWE1OGMiLCJ0eXAiOiJKV1QifQ.eyJpc3MiOiJodHRwczovL2FjY291bnRzLmdvb2dsZS5jb20iLCJhenAiOiIzMjU1NTk0MDU1OS5hcHBzLmdvb2dsZXVzZXJjb250ZW50LmNvbSIsImF1ZCI6IjMyNTU1OTQwNTU5LmFwcHMuZ29vZ2xldXNlcmNvbnRlbnQuY29tIiwic3ViIjoiMTAxNDIwNTIzNTk3NzQ0Mjk1MDYyIiwiZW1haWwiOiJ6YWNoc3RhbWVnbmFAZ21haWwuY29tIiwiZW1haWxfdmVyaWZpZWQiOnRydWUsImF0X2hhc2giOiJzQTJIcTlSdHpKYmtSWWdWU09pVTJ3IiwiaWF0IjoxNjM4MTM2MDcyLCJleHAiOjE2MzgxMzk2NzJ9.J9i5WZ3cwQ_puMcEWYaocHsSxAjf8svG93SCpmqYsmSaV7au50wL9SByfRxPBYAS294u_bfJoHPC78NFI7qICS9LJaZTucs52PvUo1INI7-dzsB-z79af7ZoSoyp4U9PKsdYKbUb0p3WiQbrdyxmfwiqaqZGp3xzGfyB7vFjMpkFtZ2qsN1QkaqyLaJZ9pkvahCGC7zo045f0PTtFLa_dvz8vpnV9WMeh-pph--Nc4L9hem0Ac9h_SxoTtW3EsQbPyqI-9BZJbXeE8ccp9V0nsSU0dc5dKDPlXGA8KQHN1PfP9pwlVOza7gfsmDHCbCkMYBYdDf3bRNiZZS6PqTKWA', u'expires_in': 3599, u'expires_at': 1638139671.080799}.
2021-11-28 13:47:52,089 INFO     ___FILE_ONLY___ 
You are now logged in as [zachstamegna@gmail.com].
Your current project is [high-comfort-332206].  You can change this setting by running:
  $ gcloud config set project PROJECT_ID

2021-11-28 13:47:52,093 INFO     root            Display format: "none"
2021-11-28 13:47:52,254 DEBUG    root            Checking for updates...
2021-11-28 13:47:52,345 DEBUG    urllib3.connectionpool Starting new HTTPS connection (1): dl.google.com:443
2021-11-28 13:47:52,480 DEBUG    urllib3.connectionpool https://dl.google.com:443 "GET /dl/cloudsdk/channels/rapid/components-2.json HTTP/1.1" 200 171933
2021-11-28 13:47:52,605 INFO     ___FILE_ONLY___ 

Updates are available for some Cloud SDK components.  To install them,
please run:
  $ gcloud components update


