2021-11-28 14:16:15,180 DEBUG    root            Loaded Command Group: [u'gcloud', u'auth']
2021-11-28 14:16:15,227 DEBUG    root            Loaded Command Group: [u'gcloud', u'auth', u'login']
2021-11-28 14:16:15,230 DEBUG    root            Running [gcloud.auth.login] with arguments: []
2021-11-28 14:16:15,396 DEBUG    requests_oauthlib.oauth2_session Generated new state JS1IFj3IsiqpYC2XZorVjwmBlan7d9.
2021-11-28 14:16:15,654 INFO     ___FILE_ONLY___ Your browser has been opened to visit:

    https://accounts.google.com/o/oauth2/auth?response_type=code&client_id=32555940559.apps.googleusercontent.com&redirect_uri=http%3A%2F%2Flocalhost%3A8085%2F&scope=openid+https%3A%2F%2Fwww.googleapis.com%2Fauth%2Fuserinfo.email+https%3A%2F%2Fwww.googleapis.com%2Fauth%2Fcloud-platform+https%3A%2F%2Fwww.googleapis.com%2Fauth%2Fappengine.admin+https%3A%2F%2Fwww.googleapis.com%2Fauth%2Fcompute+https%3A%2F%2Fwww.googleapis.com%2Fauth%2Faccounts.reauth&state=JS1IFj3IsiqpYC2XZorVjwmBlan7d9&code_challenge=z1fZ0k_WQXGvu5mUsjQsMBM_prxz_3p9vkxA91eegfk&code_challenge_method=S256&access_type=offline


2021-11-28 14:16:22,367 INFO     google_auth_oauthlib.flow "GET /?state=JS1IFj3IsiqpYC2XZorVjwmBlan7d9&code=4/0AX4XfWjVsv-10a0eccTIx22d_fPS8PdMKwBc23lfPzSWUo_rruda8C74HtxWuIWSBeqtyw&scope=email%20openid%20https://www.googleapis.com/auth/userinfo.email%20https://www.googleapis.com/auth/cloud-platform%20https://www.googleapis.com/auth/appengine.admin%20https://www.googleapis.com/auth/compute%20https://www.googleapis.com/auth/accounts.reauth&authuser=0&prompt=consent HTTP/1.1" 200 959
2021-11-28 14:16:22,369 DEBUG    requests_oauthlib.oauth2_session Requesting url https://oauth2.googleapis.com/token using method POST.
2021-11-28 14:16:22,369 DEBUG    requests_oauthlib.oauth2_session Supplying headers {'Content-Type': 'application/x-www-form-urlencoded;charset=UTF-8', 'Accept': 'application/json', 'user-agent': 'google-cloud-sdk gcloud/364.0.0 command/gcloud.auth.login invocation-id/7d359df26840498a8af999dfe363a5ee environment/None environment-version/None interactive/True from-script/False python/2.7.16 term/xterm-256color (Macintosh; Intel Mac OS X 19.6.0)'} and data {u'code': u'4/0AX4XfWjVsv-10a0eccTIx22d_fPS8PdMKwBc23lfPzSWUo_rruda8C74HtxWuIWSBeqtyw', u'code_verifier': u'DxuJI~Qrz3KRuXFFPbbJ_bQfarknEnWzA0nT1Ot3mTWU7UULuWjdreG6VfT7A6vnzp10jrydZK8ONysX7bJ58TtiAVxIPKcHCuULUXbQ-hGmxVHNCsFLEiw.XCbGDeV8', u'redirect_uri': u'http://localhost:8085/', u'client_id': u'32555940559.apps.googleusercontent.com', u'client_secret': u'ZmssLNjJy2998hD4CTg2ejr2', u'grant_type': u'authorization_code'}
2021-11-28 14:16:22,369 DEBUG    requests_oauthlib.oauth2_session Passing through key word arguments {'verify': True, 'json': None, 'proxies': None, 'timeout': None, 'auth': None}.
2021-11-28 14:16:22,497 DEBUG    urllib3.connectionpool Starting new HTTPS connection (1): oauth2.googleapis.com:443
2021-11-28 14:16:22,763 DEBUG    urllib3.connectionpool https://oauth2.googleapis.com:443 "POST /token HTTP/1.1" 200 None
2021-11-28 14:16:22,764 DEBUG    requests_oauthlib.oauth2_session Prepared fetch token request body grant_type=authorization_code&client_id=32555940559.apps.googleusercontent.com&client_secret=ZmssLNjJy2998hD4CTg2ejr2&code_verifier=DxuJI%7EQrz3KRuXFFPbbJ_bQfarknEnWzA0nT1Ot3mTWU7UULuWjdreG6VfT7A6vnzp10jrydZK8ONysX7bJ58TtiAVxIPKcHCuULUXbQ-hGmxVHNCsFLEiw.XCbGDeV8&code=4%2F0AX4XfWjVsv-10a0eccTIx22d_fPS8PdMKwBc23lfPzSWUo_rruda8C74HtxWuIWSBeqtyw&redirect_uri=http%3A%2F%2Flocalhost%3A8085%2F
2021-11-28 14:16:22,764 DEBUG    requests_oauthlib.oauth2_session Request to fetch token completed with status 200.
2021-11-28 14:16:22,765 DEBUG    requests_oauthlib.oauth2_session Request headers were {'Content-Length': '389', 'Accept-Encoding': 'gzip, deflate', 'Accept': 'application/json', 'user-agent': 'google-cloud-sdk gcloud/364.0.0 command/gcloud.auth.login invocation-id/7d359df26840498a8af999dfe363a5ee environment/None environment-version/None interactive/True from-script/False python/2.7.16 term/xterm-256color (Macintosh; Intel Mac OS X 19.6.0)', 'Connection': 'keep-alive', 'Content-Type': 'application/x-www-form-urlencoded;charset=UTF-8'}
2021-11-28 14:16:22,765 DEBUG    requests_oauthlib.oauth2_session Request body was code=4%2F0AX4XfWjVsv-10a0eccTIx22d_fPS8PdMKwBc23lfPzSWUo_rruda8C74HtxWuIWSBeqtyw&code_verifier=DxuJI%7EQrz3KRuXFFPbbJ_bQfarknEnWzA0nT1Ot3mTWU7UULuWjdreG6VfT7A6vnzp10jrydZK8ONysX7bJ58TtiAVxIPKcHCuULUXbQ-hGmxVHNCsFLEiw.XCbGDeV8&redirect_uri=http%3A%2F%2Flocalhost%3A8085%2F&client_id=32555940559.apps.googleusercontent.com&client_secret=ZmssLNjJy2998hD4CTg2ejr2&grant_type=authorization_code
2021-11-28 14:16:22,765 DEBUG    requests_oauthlib.oauth2_session Response headers were {'X-XSS-Protection': '0', 'X-Content-Type-Options': 'nosniff', 'Content-Encoding': 'gzip', 'Transfer-Encoding': 'chunked', 'Expires': 'Mon, 01 Jan 1990 00:00:00 GMT', 'Vary': 'Origin, X-Origin, Referer', 'Server': 'scaffolding on HTTPServer2', 'Pragma': 'no-cache', 'Cache-Control': 'no-cache, no-store, max-age=0, must-revalidate', 'Date': 'Sun, 28 Nov 2021 22:16:22 GMT', 'X-Frame-Options': 'SAMEORIGIN', 'Alt-Svc': 'h3=":443"; ma=2592000,h3-29=":443"; ma=2592000,h3-Q050=":443"; ma=2592000,h3-Q046=":443"; ma=2592000,h3-Q043=":443"; ma=2592000,quic=":443"; ma=2592000; v="46,43"', 'Content-Type': 'application/json; charset=utf-8'} and content {
  "access_token": "ya29.a0ARrdaM869YnvP1MirvUKDi5j5lxJCgAHYlxhNfEBIb5o6hWJA44LYQMPnF-2BcjoOdJjmlwc3X3JJ0w7Nlwj8CvbClWryRrEAghRawHC0O3q5vVHj3awVubx7sfUpplYIe02tsPIWgQM3vPQdWMjgu2JkvGiaU-RRlxH",
  "expires_in": 3599,
  "refresh_token": "1//06BTNbXR-7MrVCgYIARAAGAYSNwF-L9IrEPJBRUWRAU4Zl-S4N5xxlpabzWg6SB75tS1N4KaQPNTjaViCw8NhAYBp-Hk3-TzpN5w",
  "scope": "https://www.googleapis.com/auth/compute https://www.googleapis.com/auth/accounts.reauth openid https://www.googleapis.com/auth/cloud-platform https://www.googleapis.com/auth/appengine.admin https://www.googleapis.com/auth/userinfo.email",
  "token_type": "Bearer",
  "id_token": "eyJhbGciOiJSUzI1NiIsImtpZCI6ImQ0ZTA2Y2ViMjJiMDFiZTU2YzIxM2M5ODU0MGFiNTYzYmZmNWE1OGMiLCJ0eXAiOiJKV1QifQ.eyJpc3MiOiJodHRwczovL2FjY291bnRzLmdvb2dsZS5jb20iLCJhenAiOiIzMjU1NTk0MDU1OS5hcHBzLmdvb2dsZXVzZXJjb250ZW50LmNvbSIsImF1ZCI6IjMyNTU1OTQwNTU5LmFwcHMuZ29vZ2xldXNlcmNvbnRlbnQuY29tIiwic3ViIjoiMTAxNDIwNTIzNTk3NzQ0Mjk1MDYyIiwiZW1haWwiOiJ6YWNoc3RhbWVnbmFAZ21haWwuY29tIiwiZW1haWxfdmVyaWZpZWQiOnRydWUsImF0X2hhc2giOiJERlpmYjhiQlJfNnRvV1BQYWZSbzlBIiwiaWF0IjoxNjM4MTM3NzgyLCJleHAiOjE2MzgxNDEzODJ9.XSfY2BMhHOBFFOJa9MYvSuYB0V_SMdA-Ggidj-hHlvuKjy5TYDRqGlMBzE8vkU8dL4nxepI2zdpELtQnqJAiqO4gk_2sMd6tHLTpH5zgRbYsXMq90W8Hg_-ar73NC9ljTL0DvNPFkXGuyWRlFIJVTQeRWAg_7oIkNCcPQus-gjUOXgv4IlhxAIDeFRGN8B8q3Rx0Jq8b2PoZsRmbuOINxpuaifANV1qc3_4Zxc9owwv_7WMDRhgQ5ZBXK1jCUJsVskR-dvI1cRvzyu4uijmFhvIDxk642wG8SjfCfg-2vYLRjQUGRVg5cPO1E5p7Z6GyPytwHvqwaB4pY2aGsqHz7A"
}.
2021-11-28 14:16:22,765 DEBUG    requests_oauthlib.oauth2_session Invoking 0 token response hooks.
2021-11-28 14:16:22,765 DEBUG    requests_oauthlib.oauth2_session Obtained token {u'token_type': u'Bearer', u'refresh_token': u'1//06BTNbXR-7MrVCgYIARAAGAYSNwF-L9IrEPJBRUWRAU4Zl-S4N5xxlpabzWg6SB75tS1N4KaQPNTjaViCw8NhAYBp-Hk3-TzpN5w', u'scope': [u'https://www.googleapis.com/auth/compute', u'https://www.googleapis.com/auth/accounts.reauth', u'openid', u'https://www.googleapis.com/auth/cloud-platform', u'https://www.googleapis.com/auth/appengine.admin', u'https://www.googleapis.com/auth/userinfo.email'], u'access_token': u'ya29.a0ARrdaM869YnvP1MirvUKDi5j5lxJCgAHYlxhNfEBIb5o6hWJA44LYQMPnF-2BcjoOdJjmlwc3X3JJ0w7Nlwj8CvbClWryRrEAghRawHC0O3q5vVHj3awVubx7sfUpplYIe02tsPIWgQM3vPQdWMjgu2JkvGiaU-RRlxH', u'id_token': u'eyJhbGciOiJSUzI1NiIsImtpZCI6ImQ0ZTA2Y2ViMjJiMDFiZTU2YzIxM2M5ODU0MGFiNTYzYmZmNWE1OGMiLCJ0eXAiOiJKV1QifQ.eyJpc3MiOiJodHRwczovL2FjY291bnRzLmdvb2dsZS5jb20iLCJhenAiOiIzMjU1NTk0MDU1OS5hcHBzLmdvb2dsZXVzZXJjb250ZW50LmNvbSIsImF1ZCI6IjMyNTU1OTQwNTU5LmFwcHMuZ29vZ2xldXNlcmNvbnRlbnQuY29tIiwic3ViIjoiMTAxNDIwNTIzNTk3NzQ0Mjk1MDYyIiwiZW1haWwiOiJ6YWNoc3RhbWVnbmFAZ21haWwuY29tIiwiZW1haWxfdmVyaWZpZWQiOnRydWUsImF0X2hhc2giOiJERlpmYjhiQlJfNnRvV1BQYWZSbzlBIiwiaWF0IjoxNjM4MTM3NzgyLCJleHAiOjE2MzgxNDEzODJ9.XSfY2BMhHOBFFOJa9MYvSuYB0V_SMdA-Ggidj-hHlvuKjy5TYDRqGlMBzE8vkU8dL4nxepI2zdpELtQnqJAiqO4gk_2sMd6tHLTpH5zgRbYsXMq90W8Hg_-ar73NC9ljTL0DvNPFkXGuyWRlFIJVTQeRWAg_7oIkNCcPQus-gjUOXgv4IlhxAIDeFRGN8B8q3Rx0Jq8b2PoZsRmbuOINxpuaifANV1qc3_4Zxc9owwv_7WMDRhgQ5ZBXK1jCUJsVskR-dvI1cRvzyu4uijmFhvIDxk642wG8SjfCfg-2vYLRjQUGRVg5cPO1E5p7Z6GyPytwHvqwaB4pY2aGsqHz7A', u'expires_in': 3599, u'expires_at': 1638141381.765764}.
2021-11-28 14:16:22,776 INFO     ___FILE_ONLY___ 
You are now logged in as [zachstamegna@gmail.com].
Your current project is [high-comfort-332206].  You can change this setting by running:
  $ gcloud config set project PROJECT_ID

2021-11-28 14:16:22,781 INFO     root            Display format: "none"
