2021-11-28 14:31:35,924 DEBUG    root            Loaded Command Group: [u'gcloud', u'auth']
2021-11-28 14:31:35,975 DEBUG    root            Loaded Command Group: [u'gcloud', u'auth', u'login']
2021-11-28 14:31:35,978 DEBUG    root            Running [gcloud.auth.login] with arguments: []
2021-11-28 14:31:35,993 DEBUG    requests_oauthlib.oauth2_session Generated new state ewYGK9LRmPJRvKgDFjiem988gF6VH0.
2021-11-28 14:31:36,208 INFO     ___FILE_ONLY___ Your browser has been opened to visit:

    https://accounts.google.com/o/oauth2/auth?response_type=code&client_id=32555940559.apps.googleusercontent.com&redirect_uri=http%3A%2F%2Flocalhost%3A8085%2F&scope=openid+https%3A%2F%2Fwww.googleapis.com%2Fauth%2Fuserinfo.email+https%3A%2F%2Fwww.googleapis.com%2Fauth%2Fcloud-platform+https%3A%2F%2Fwww.googleapis.com%2Fauth%2Fappengine.admin+https%3A%2F%2Fwww.googleapis.com%2Fauth%2Fcompute+https%3A%2F%2Fwww.googleapis.com%2Fauth%2Faccounts.reauth&state=ewYGK9LRmPJRvKgDFjiem988gF6VH0&code_challenge=aXPuYW-DqYhFvgAZ05L7r7LUCJtgIo4QpWq8aSvyD9Y&code_challenge_method=S256&access_type=offline


2021-11-28 14:31:41,104 INFO     google_auth_oauthlib.flow "GET /?state=ewYGK9LRmPJRvKgDFjiem988gF6VH0&code=4/0AX4XfWjgaX7LMIiisIUUGOvwpAUY-zxvhPzyH5kZsffHrwRrzbinYvhDz7Z9ZMR865pZWA&scope=email%20openid%20https://www.googleapis.com/auth/userinfo.email%20https://www.googleapis.com/auth/cloud-platform%20https://www.googleapis.com/auth/appengine.admin%20https://www.googleapis.com/auth/compute%20https://www.googleapis.com/auth/accounts.reauth&authuser=0&prompt=consent HTTP/1.1" 200 959
2021-11-28 14:31:41,105 DEBUG    requests_oauthlib.oauth2_session Requesting url https://oauth2.googleapis.com/token using method POST.
2021-11-28 14:31:41,105 DEBUG    requests_oauthlib.oauth2_session Supplying headers {'Content-Type': 'application/x-www-form-urlencoded;charset=UTF-8', 'Accept': 'application/json', 'user-agent': 'google-cloud-sdk gcloud/364.0.0 command/gcloud.auth.login invocation-id/b6da3d3f614c4fe5b6dec95f8e8070c9 environment/None environment-version/None interactive/True from-script/False python/2.7.16 term/xterm-256color (Macintosh; Intel Mac OS X 19.6.0)'} and data {u'code': u'4/0AX4XfWjgaX7LMIiisIUUGOvwpAUY-zxvhPzyH5kZsffHrwRrzbinYvhDz7Z9ZMR865pZWA', u'code_verifier': u'vZGzy_3RVHYOzhoG0f2mesanCBb2B.H4NW8FEsd5paDe7aP5bN2e0H816.75OA_yyXx4A.2jdHFo_esT4PuErahTk3dwgirXrsrOm0A91z1pk_hRv-A00s1CQhpqk8Bb', u'redirect_uri': u'http://localhost:8085/', u'client_id': u'32555940559.apps.googleusercontent.com', u'client_secret': u'ZmssLNjJy2998hD4CTg2ejr2', u'grant_type': u'authorization_code'}
2021-11-28 14:31:41,105 DEBUG    requests_oauthlib.oauth2_session Passing through key word arguments {'verify': True, 'json': None, 'proxies': None, 'timeout': None, 'auth': None}.
2021-11-28 14:31:41,335 DEBUG    urllib3.connectionpool Starting new HTTPS connection (1): oauth2.googleapis.com:443
2021-11-28 14:31:41,537 DEBUG    urllib3.connectionpool https://oauth2.googleapis.com:443 "POST /token HTTP/1.1" 200 None
2021-11-28 14:31:41,538 DEBUG    requests_oauthlib.oauth2_session Prepared fetch token request body grant_type=authorization_code&client_id=32555940559.apps.googleusercontent.com&client_secret=ZmssLNjJy2998hD4CTg2ejr2&code_verifier=vZGzy_3RVHYOzhoG0f2mesanCBb2B.H4NW8FEsd5paDe7aP5bN2e0H816.75OA_yyXx4A.2jdHFo_esT4PuErahTk3dwgirXrsrOm0A91z1pk_hRv-A00s1CQhpqk8Bb&code=4%2F0AX4XfWjgaX7LMIiisIUUGOvwpAUY-zxvhPzyH5kZsffHrwRrzbinYvhDz7Z9ZMR865pZWA&redirect_uri=http%3A%2F%2Flocalhost%3A8085%2F
2021-11-28 14:31:41,538 DEBUG    requests_oauthlib.oauth2_session Request to fetch token completed with status 200.
2021-11-28 14:31:41,539 DEBUG    requests_oauthlib.oauth2_session Request headers were {'Content-Length': '387', 'Accept-Encoding': 'gzip, deflate', 'Accept': 'application/json', 'user-agent': 'google-cloud-sdk gcloud/364.0.0 command/gcloud.auth.login invocation-id/b6da3d3f614c4fe5b6dec95f8e8070c9 environment/None environment-version/None interactive/True from-script/False python/2.7.16 term/xterm-256color (Macintosh; Intel Mac OS X 19.6.0)', 'Connection': 'keep-alive', 'Content-Type': 'application/x-www-form-urlencoded;charset=UTF-8'}
2021-11-28 14:31:41,539 DEBUG    requests_oauthlib.oauth2_session Request body was code=4%2F0AX4XfWjgaX7LMIiisIUUGOvwpAUY-zxvhPzyH5kZsffHrwRrzbinYvhDz7Z9ZMR865pZWA&code_verifier=vZGzy_3RVHYOzhoG0f2mesanCBb2B.H4NW8FEsd5paDe7aP5bN2e0H816.75OA_yyXx4A.2jdHFo_esT4PuErahTk3dwgirXrsrOm0A91z1pk_hRv-A00s1CQhpqk8Bb&redirect_uri=http%3A%2F%2Flocalhost%3A8085%2F&client_id=32555940559.apps.googleusercontent.com&client_secret=ZmssLNjJy2998hD4CTg2ejr2&grant_type=authorization_code
2021-11-28 14:31:41,539 DEBUG    requests_oauthlib.oauth2_session Response headers were {'X-XSS-Protection': '0', 'X-Content-Type-Options': 'nosniff', 'Content-Encoding': 'gzip', 'Transfer-Encoding': 'chunked', 'Expires': 'Mon, 01 Jan 1990 00:00:00 GMT', 'Vary': 'Origin, X-Origin, Referer', 'Server': 'scaffolding on HTTPServer2', 'Pragma': 'no-cache', 'Cache-Control': 'no-cache, no-store, max-age=0, must-revalidate', 'Date': 'Sun, 28 Nov 2021 22:31:41 GMT', 'X-Frame-Options': 'SAMEORIGIN', 'Alt-Svc': 'h3=":443"; ma=2592000,h3-29=":443"; ma=2592000,h3-Q050=":443"; ma=2592000,h3-Q046=":443"; ma=2592000,h3-Q043=":443"; ma=2592000,quic=":443"; ma=2592000; v="46,43"', 'Content-Type': 'application/json; charset=utf-8'} and content {
  "access_token": "ya29.a0ARrdaM8WonGKZPTD4F2vmwAgX0tHt68qZOO6AL1ORX0aB6OWIz5wY3FfrljNgRQwR0vwzwDC11_atTGQSbLLL2e7oqxPt6pNKIDXgBsuiYr6dkout7mfgztXOAs8PWS7wpzjKfbbPPf9No-rbo3QlR2FVD9E2IX-JNwg",
  "expires_in": 3599,
  "refresh_token": "1//066Xih6IPF90kCgYIARAAGAYSNwF-L9IraFRKXaFWPJNht5EUpsGlF239S5OERGvTxYxTAX9AD7h_UyrfO6IHdzQkh7DntB_PydQ",
  "scope": "openid https://www.googleapis.com/auth/cloud-platform https://www.googleapis.com/auth/userinfo.email https://www.googleapis.com/auth/accounts.reauth https://www.googleapis.com/auth/appengine.admin https://www.googleapis.com/auth/compute",
  "token_type": "Bearer",
  "id_token": "eyJhbGciOiJSUzI1NiIsImtpZCI6ImQ0ZTA2Y2ViMjJiMDFiZTU2YzIxM2M5ODU0MGFiNTYzYmZmNWE1OGMiLCJ0eXAiOiJKV1QifQ.eyJpc3MiOiJodHRwczovL2FjY291bnRzLmdvb2dsZS5jb20iLCJhenAiOiIzMjU1NTk0MDU1OS5hcHBzLmdvb2dsZXVzZXJjb250ZW50LmNvbSIsImF1ZCI6IjMyNTU1OTQwNTU5LmFwcHMuZ29vZ2xldXNlcmNvbnRlbnQuY29tIiwic3ViIjoiMTAxNDIwNTIzNTk3NzQ0Mjk1MDYyIiwiZW1haWwiOiJ6YWNoc3RhbWVnbmFAZ21haWwuY29tIiwiZW1haWxfdmVyaWZpZWQiOnRydWUsImF0X2hhc2giOiJXVXBxM2prd0t0RENhbW9ZSmRLdmd3IiwiaWF0IjoxNjM4MTM4NzAxLCJleHAiOjE2MzgxNDIzMDF9.jS7sLC8-TbD2QVMwFeGlrGTGleg7C_bJL1rRXeErUxvJ4LGC0pkUMrJsFCodgZqTCQnGmh8iwOylenRSN2ccumac4qUAtbrsLd044f2w7W_Odqhl3uaAtVWYsREqG8RuKnojG8h4LveuoCyfTyPG2ZlB6ccYOkI1qgtGNg69dCXL-RH2BQlsYqLbL0SxWFyOnCWhzeAl96K2dDCfaJndtWdd9Y_UM3NFTFjI8m8VpQl04V6rDY29GXKCeF_PpItMfGDwQwCt80DADZuTD4jWLMW8ybabj24N-8cktxp6dSU2emHYliTFEZdK-Mo2D-FwnshNxMWQWzgVEMS8uDOL8w"
}.
2021-11-28 14:31:41,539 DEBUG    requests_oauthlib.oauth2_session Invoking 0 token response hooks.
2021-11-28 14:31:41,539 DEBUG    requests_oauthlib.oauth2_session Obtained token {u'token_type': u'Bearer', u'refresh_token': u'1//066Xih6IPF90kCgYIARAAGAYSNwF-L9IraFRKXaFWPJNht5EUpsGlF239S5OERGvTxYxTAX9AD7h_UyrfO6IHdzQkh7DntB_PydQ', u'scope': [u'openid', u'https://www.googleapis.com/auth/cloud-platform', u'https://www.googleapis.com/auth/userinfo.email', u'https://www.googleapis.com/auth/accounts.reauth', u'https://www.googleapis.com/auth/appengine.admin', u'https://www.googleapis.com/auth/compute'], u'access_token': u'ya29.a0ARrdaM8WonGKZPTD4F2vmwAgX0tHt68qZOO6AL1ORX0aB6OWIz5wY3FfrljNgRQwR0vwzwDC11_atTGQSbLLL2e7oqxPt6pNKIDXgBsuiYr6dkout7mfgztXOAs8PWS7wpzjKfbbPPf9No-rbo3QlR2FVD9E2IX-JNwg', u'id_token': u'eyJhbGciOiJSUzI1NiIsImtpZCI6ImQ0ZTA2Y2ViMjJiMDFiZTU2YzIxM2M5ODU0MGFiNTYzYmZmNWE1OGMiLCJ0eXAiOiJKV1QifQ.eyJpc3MiOiJodHRwczovL2FjY291bnRzLmdvb2dsZS5jb20iLCJhenAiOiIzMjU1NTk0MDU1OS5hcHBzLmdvb2dsZXVzZXJjb250ZW50LmNvbSIsImF1ZCI6IjMyNTU1OTQwNTU5LmFwcHMuZ29vZ2xldXNlcmNvbnRlbnQuY29tIiwic3ViIjoiMTAxNDIwNTIzNTk3NzQ0Mjk1MDYyIiwiZW1haWwiOiJ6YWNoc3RhbWVnbmFAZ21haWwuY29tIiwiZW1haWxfdmVyaWZpZWQiOnRydWUsImF0X2hhc2giOiJXVXBxM2prd0t0RENhbW9ZSmRLdmd3IiwiaWF0IjoxNjM4MTM4NzAxLCJleHAiOjE2MzgxNDIzMDF9.jS7sLC8-TbD2QVMwFeGlrGTGleg7C_bJL1rRXeErUxvJ4LGC0pkUMrJsFCodgZqTCQnGmh8iwOylenRSN2ccumac4qUAtbrsLd044f2w7W_Odqhl3uaAtVWYsREqG8RuKnojG8h4LveuoCyfTyPG2ZlB6ccYOkI1qgtGNg69dCXL-RH2BQlsYqLbL0SxWFyOnCWhzeAl96K2dDCfaJndtWdd9Y_UM3NFTFjI8m8VpQl04V6rDY29GXKCeF_PpItMfGDwQwCt80DADZuTD4jWLMW8ybabj24N-8cktxp6dSU2emHYliTFEZdK-Mo2D-FwnshNxMWQWzgVEMS8uDOL8w', u'expires_in': 3599, u'expires_at': 1638142300.539908}.
2021-11-28 14:31:41,550 INFO     ___FILE_ONLY___ 
You are now logged in as [zachstamegna@gmail.com].
Your current project is [high-comfort-332206].  You can change this setting by running:
  $ gcloud config set project PROJECT_ID

2021-11-28 14:31:41,554 INFO     root            Display format: "none"
