2021-11-28 17:12:29,724 DEBUG    root            Loaded Command Group: [u'gcloud', u'auth']
2021-11-28 17:12:29,823 DEBUG    root            Loaded Command Group: [u'gcloud', u'auth', u'login']
2021-11-28 17:12:29,827 DEBUG    root            Running [gcloud.auth.login] with arguments: []
2021-11-28 17:12:29,855 DEBUG    requests_oauthlib.oauth2_session Generated new state gAlnaOFCWHNt5GGOyV5qfLWbCEkTKV.
2021-11-28 17:12:30,145 INFO     ___FILE_ONLY___ Your browser has been opened to visit:

    https://accounts.google.com/o/oauth2/auth?response_type=code&client_id=32555940559.apps.googleusercontent.com&redirect_uri=http%3A%2F%2Flocalhost%3A8085%2F&scope=openid+https%3A%2F%2Fwww.googleapis.com%2Fauth%2Fuserinfo.email+https%3A%2F%2Fwww.googleapis.com%2Fauth%2Fcloud-platform+https%3A%2F%2Fwww.googleapis.com%2Fauth%2Fappengine.admin+https%3A%2F%2Fwww.googleapis.com%2Fauth%2Fcompute+https%3A%2F%2Fwww.googleapis.com%2Fauth%2Faccounts.reauth&state=gAlnaOFCWHNt5GGOyV5qfLWbCEkTKV&code_challenge=V0pW3kyGcUHuQf8FWeoUbI8colhRvhk3i7dxLqlJu_0&code_challenge_method=S256&access_type=offline


2021-11-28 17:12:36,554 INFO     google_auth_oauthlib.flow "GET /?state=gAlnaOFCWHNt5GGOyV5qfLWbCEkTKV&code=4/0AX4XfWj3PdpYHg0oYOmEjh0qZWkAWuu_tJn8s9mDQ5XF9QvY_CH2AbNW2lvG04Pxng-YJQ&scope=email%20openid%20https://www.googleapis.com/auth/userinfo.email%20https://www.googleapis.com/auth/cloud-platform%20https://www.googleapis.com/auth/appengine.admin%20https://www.googleapis.com/auth/compute%20https://www.googleapis.com/auth/accounts.reauth&authuser=0&prompt=consent HTTP/1.1" 200 959
2021-11-28 17:12:36,555 DEBUG    requests_oauthlib.oauth2_session Requesting url https://oauth2.googleapis.com/token using method POST.
2021-11-28 17:12:36,555 DEBUG    requests_oauthlib.oauth2_session Supplying headers {'Content-Type': 'application/x-www-form-urlencoded;charset=UTF-8', 'Accept': 'application/json', 'user-agent': 'google-cloud-sdk gcloud/364.0.0 command/gcloud.auth.login invocation-id/e9367acd648349fab0a333a8028fb5c9 environment/None environment-version/None interactive/True from-script/False python/2.7.16 term/xterm-256color (Macintosh; Intel Mac OS X 19.6.0)'} and data {u'code': u'4/0AX4XfWj3PdpYHg0oYOmEjh0qZWkAWuu_tJn8s9mDQ5XF9QvY_CH2AbNW2lvG04Pxng-YJQ', u'code_verifier': u'iL4s.SlhlbI.7gs3c-JDN26XvBQLY~GrkTCWEnlJSwWv1sdTL3VZ79CrjVBKP3BRYg8Jv3PKi.hk_kwXJx75DtgrbG_WUJChjSnaGCnvaXRuTqnDCKTiMBCAQeXHvcbB', u'redirect_uri': u'http://localhost:8085/', u'client_id': u'32555940559.apps.googleusercontent.com', u'client_secret': u'ZmssLNjJy2998hD4CTg2ejr2', u'grant_type': u'authorization_code'}
2021-11-28 17:12:36,555 DEBUG    requests_oauthlib.oauth2_session Passing through key word arguments {'verify': True, 'json': None, 'proxies': None, 'timeout': None, 'auth': None}.
2021-11-28 17:12:36,635 DEBUG    urllib3.connectionpool Starting new HTTPS connection (1): oauth2.googleapis.com:443
2021-11-28 17:12:36,919 DEBUG    urllib3.connectionpool https://oauth2.googleapis.com:443 "POST /token HTTP/1.1" 200 None
2021-11-28 17:12:36,921 DEBUG    requests_oauthlib.oauth2_session Prepared fetch token request body grant_type=authorization_code&client_id=32555940559.apps.googleusercontent.com&client_secret=ZmssLNjJy2998hD4CTg2ejr2&code_verifier=iL4s.SlhlbI.7gs3c-JDN26XvBQLY%7EGrkTCWEnlJSwWv1sdTL3VZ79CrjVBKP3BRYg8Jv3PKi.hk_kwXJx75DtgrbG_WUJChjSnaGCnvaXRuTqnDCKTiMBCAQeXHvcbB&code=4%2F0AX4XfWj3PdpYHg0oYOmEjh0qZWkAWuu_tJn8s9mDQ5XF9QvY_CH2AbNW2lvG04Pxng-YJQ&redirect_uri=http%3A%2F%2Flocalhost%3A8085%2F
2021-11-28 17:12:36,922 DEBUG    requests_oauthlib.oauth2_session Request to fetch token completed with status 200.
2021-11-28 17:12:36,922 DEBUG    requests_oauthlib.oauth2_session Request headers were {'Content-Length': '389', 'Accept-Encoding': 'gzip, deflate', 'Accept': 'application/json', 'user-agent': 'google-cloud-sdk gcloud/364.0.0 command/gcloud.auth.login invocation-id/e9367acd648349fab0a333a8028fb5c9 environment/None environment-version/None interactive/True from-script/False python/2.7.16 term/xterm-256color (Macintosh; Intel Mac OS X 19.6.0)', 'Connection': 'keep-alive', 'Content-Type': 'application/x-www-form-urlencoded;charset=UTF-8'}
2021-11-28 17:12:36,923 DEBUG    requests_oauthlib.oauth2_session Request body was code=4%2F0AX4XfWj3PdpYHg0oYOmEjh0qZWkAWuu_tJn8s9mDQ5XF9QvY_CH2AbNW2lvG04Pxng-YJQ&code_verifier=iL4s.SlhlbI.7gs3c-JDN26XvBQLY%7EGrkTCWEnlJSwWv1sdTL3VZ79CrjVBKP3BRYg8Jv3PKi.hk_kwXJx75DtgrbG_WUJChjSnaGCnvaXRuTqnDCKTiMBCAQeXHvcbB&redirect_uri=http%3A%2F%2Flocalhost%3A8085%2F&client_id=32555940559.apps.googleusercontent.com&client_secret=ZmssLNjJy2998hD4CTg2ejr2&grant_type=authorization_code
2021-11-28 17:12:36,923 DEBUG    requests_oauthlib.oauth2_session Response headers were {'X-XSS-Protection': '0', 'X-Content-Type-Options': 'nosniff', 'Content-Encoding': 'gzip', 'Transfer-Encoding': 'chunked', 'Expires': 'Mon, 01 Jan 1990 00:00:00 GMT', 'Vary': 'Origin, X-Origin, Referer', 'Server': 'scaffolding on HTTPServer2', 'Pragma': 'no-cache', 'Cache-Control': 'no-cache, no-store, max-age=0, must-revalidate', 'Date': 'Mon, 29 Nov 2021 01:12:36 GMT', 'X-Frame-Options': 'SAMEORIGIN', 'Alt-Svc': 'h3=":443"; ma=2592000,h3-29=":443"; ma=2592000,h3-Q050=":443"; ma=2592000,h3-Q046=":443"; ma=2592000,h3-Q043=":443"; ma=2592000,quic=":443"; ma=2592000; v="46,43"', 'Content-Type': 'application/json; charset=utf-8'} and content {
  "access_token": "ya29.a0ARrdaM_tx4bzqp9h3TH2Wwl0hU1V1U0bFCQG-3LHXfGmEaSSur3tCE_Z44ijSUH9iqfohCsGE1uQGwtMls-p391JfzR6rZWu_ZV-fqbH9Gr6fUuZY_aBk0slyDeNBM04H0dmta6P_6yXgvo8ker7isc8EuPyoK_zFSEK",
  "expires_in": 3599,
  "refresh_token": "1//065zEC9MSobTmCgYIARAAGAYSNwF-L9IrnI9pImBOjp-SO4hU1MRxShcjvngSiCXWeHxDPOB1TvVl1NQnkUuxqLtk4MuodhQCdFA",
  "scope": "openid https://www.googleapis.com/auth/cloud-platform https://www.googleapis.com/auth/appengine.admin https://www.googleapis.com/auth/compute https://www.googleapis.com/auth/userinfo.email https://www.googleapis.com/auth/accounts.reauth",
  "token_type": "Bearer",
  "id_token": "eyJhbGciOiJSUzI1NiIsImtpZCI6ImQ0ZTA2Y2ViMjJiMDFiZTU2YzIxM2M5ODU0MGFiNTYzYmZmNWE1OGMiLCJ0eXAiOiJKV1QifQ.eyJpc3MiOiJodHRwczovL2FjY291bnRzLmdvb2dsZS5jb20iLCJhenAiOiIzMjU1NTk0MDU1OS5hcHBzLmdvb2dsZXVzZXJjb250ZW50LmNvbSIsImF1ZCI6IjMyNTU1OTQwNTU5LmFwcHMuZ29vZ2xldXNlcmNvbnRlbnQuY29tIiwic3ViIjoiMTAxNDIwNTIzNTk3NzQ0Mjk1MDYyIiwiZW1haWwiOiJ6YWNoc3RhbWVnbmFAZ21haWwuY29tIiwiZW1haWxfdmVyaWZpZWQiOnRydWUsImF0X2hhc2giOiJQVFA3T3REYmZfTGtJNXBsb1pwNE13IiwiaWF0IjoxNjM4MTQ4MzU2LCJleHAiOjE2MzgxNTE5NTZ9.a-0T4ePhRdWODsLEuDPY5l4As2sCr7vvnKVjcd4GRKz0fkYcDSOIkKUKx4X3hNvH0DCsLDAITFhZfpxE7U3hUfEYVFz-6kVJQCSbX3gppSpJre2fQhcmUSxW9WG45AE-BtpaMpku-xgVlnnJjERulZPY_XoAk1kxsax0Iiu8kNGGGPmn7jKWVKc5GTsbLoO0BgSKKMNTJsKuRlecX9dyMrfM3yPXRVqqPj6NzEQU22qmvB0mz4Yar6f0OI5UtzEceQaKXAnl4Uf22pBZu1WcHAJkT8TIgdT2m-uTcbw_n3bAgqFf8mPd06blDZphA7Yahko8SjImEYEwJw7zB1QnVw"
}.
2021-11-28 17:12:36,924 DEBUG    requests_oauthlib.oauth2_session Invoking 0 token response hooks.
2021-11-28 17:12:36,924 DEBUG    requests_oauthlib.oauth2_session Obtained token {u'token_type': u'Bearer', u'refresh_token': u'1//065zEC9MSobTmCgYIARAAGAYSNwF-L9IrnI9pImBOjp-SO4hU1MRxShcjvngSiCXWeHxDPOB1TvVl1NQnkUuxqLtk4MuodhQCdFA', u'scope': [u'openid', u'https://www.googleapis.com/auth/cloud-platform', u'https://www.googleapis.com/auth/appengine.admin', u'https://www.googleapis.com/auth/compute', u'https://www.googleapis.com/auth/userinfo.email', u'https://www.googleapis.com/auth/accounts.reauth'], u'access_token': u'ya29.a0ARrdaM_tx4bzqp9h3TH2Wwl0hU1V1U0bFCQG-3LHXfGmEaSSur3tCE_Z44ijSUH9iqfohCsGE1uQGwtMls-p391JfzR6rZWu_ZV-fqbH9Gr6fUuZY_aBk0slyDeNBM04H0dmta6P_6yXgvo8ker7isc8EuPyoK_zFSEK', u'id_token': u'eyJhbGciOiJSUzI1NiIsImtpZCI6ImQ0ZTA2Y2ViMjJiMDFiZTU2YzIxM2M5ODU0MGFiNTYzYmZmNWE1OGMiLCJ0eXAiOiJKV1QifQ.eyJpc3MiOiJodHRwczovL2FjY291bnRzLmdvb2dsZS5jb20iLCJhenAiOiIzMjU1NTk0MDU1OS5hcHBzLmdvb2dsZXVzZXJjb250ZW50LmNvbSIsImF1ZCI6IjMyNTU1OTQwNTU5LmFwcHMuZ29vZ2xldXNlcmNvbnRlbnQuY29tIiwic3ViIjoiMTAxNDIwNTIzNTk3NzQ0Mjk1MDYyIiwiZW1haWwiOiJ6YWNoc3RhbWVnbmFAZ21haWwuY29tIiwiZW1haWxfdmVyaWZpZWQiOnRydWUsImF0X2hhc2giOiJQVFA3T3REYmZfTGtJNXBsb1pwNE13IiwiaWF0IjoxNjM4MTQ4MzU2LCJleHAiOjE2MzgxNTE5NTZ9.a-0T4ePhRdWODsLEuDPY5l4As2sCr7vvnKVjcd4GRKz0fkYcDSOIkKUKx4X3hNvH0DCsLDAITFhZfpxE7U3hUfEYVFz-6kVJQCSbX3gppSpJre2fQhcmUSxW9WG45AE-BtpaMpku-xgVlnnJjERulZPY_XoAk1kxsax0Iiu8kNGGGPmn7jKWVKc5GTsbLoO0BgSKKMNTJsKuRlecX9dyMrfM3yPXRVqqPj6NzEQU22qmvB0mz4Yar6f0OI5UtzEceQaKXAnl4Uf22pBZu1WcHAJkT8TIgdT2m-uTcbw_n3bAgqFf8mPd06blDZphA7Yahko8SjImEYEwJw7zB1QnVw', u'expires_in': 3599, u'expires_at': 1638151955.924314}.
2021-11-28 17:12:36,943 INFO     ___FILE_ONLY___ 
You are now logged in as [zachstamegna@gmail.com].
Your current project is [high-comfort-332206].  You can change this setting by running:
  $ gcloud config set project PROJECT_ID

2021-11-28 17:12:36,949 INFO     root            Display format: "none"
