2021-11-28 17:52:55,578 DEBUG    root            Loaded Command Group: [u'gcloud', u'auth']
2021-11-28 17:52:55,627 DEBUG    root            Loaded Command Group: [u'gcloud', u'auth', u'login']
2021-11-28 17:52:55,630 DEBUG    root            Running [gcloud.auth.login] with arguments: []
2021-11-28 17:52:55,680 DEBUG    requests_oauthlib.oauth2_session Generated new state Dj6Tu91RY0oVYEnuRGEGfG7leKOV5I.
2021-11-28 17:52:55,935 INFO     ___FILE_ONLY___ Your browser has been opened to visit:

    https://accounts.google.com/o/oauth2/auth?response_type=code&client_id=32555940559.apps.googleusercontent.com&redirect_uri=http%3A%2F%2Flocalhost%3A8085%2F&scope=openid+https%3A%2F%2Fwww.googleapis.com%2Fauth%2Fuserinfo.email+https%3A%2F%2Fwww.googleapis.com%2Fauth%2Fcloud-platform+https%3A%2F%2Fwww.googleapis.com%2Fauth%2Fappengine.admin+https%3A%2F%2Fwww.googleapis.com%2Fauth%2Fcompute+https%3A%2F%2Fwww.googleapis.com%2Fauth%2Faccounts.reauth&state=Dj6Tu91RY0oVYEnuRGEGfG7leKOV5I&code_challenge=HEzjQA1CunjmSYMDkqztDiRYqnQ4ltrtXcylPp_seV4&code_challenge_method=S256&access_type=offline


2021-11-28 17:53:00,608 INFO     google_auth_oauthlib.flow "GET /?state=Dj6Tu91RY0oVYEnuRGEGfG7leKOV5I&code=4/0AX4XfWj-FOV_Lepjq73sgxZnDEjCf5N9NI2HjkbylqUyPh1vFhniy8XYY1OOJMqDFzQ6dw&scope=email%20openid%20https://www.googleapis.com/auth/userinfo.email%20https://www.googleapis.com/auth/cloud-platform%20https://www.googleapis.com/auth/appengine.admin%20https://www.googleapis.com/auth/compute%20https://www.googleapis.com/auth/accounts.reauth&authuser=0&prompt=consent HTTP/1.1" 200 959
2021-11-28 17:53:00,609 DEBUG    requests_oauthlib.oauth2_session Requesting url https://oauth2.googleapis.com/token using method POST.
2021-11-28 17:53:00,609 DEBUG    requests_oauthlib.oauth2_session Supplying headers {'Content-Type': 'application/x-www-form-urlencoded;charset=UTF-8', 'Accept': 'application/json', 'user-agent': 'google-cloud-sdk gcloud/364.0.0 command/gcloud.auth.login invocation-id/e2febba18289433ab1638d9ede0bdbd1 environment/None environment-version/None interactive/True from-script/False python/2.7.16 term/xterm-256color (Macintosh; Intel Mac OS X 19.6.0)'} and data {u'code': u'4/0AX4XfWj-FOV_Lepjq73sgxZnDEjCf5N9NI2HjkbylqUyPh1vFhniy8XYY1OOJMqDFzQ6dw', u'code_verifier': u'~j_GYXY1-6vn2DbDGybMXKuF9MnhENv0UH~51XZAuxoos3TYf0yQPGmylamLiVdKBlrjSJ1IxSpN4ObL0rAqqxI78t8r6mxf1n2nziISu~YE27S329U5TDJcQ07jwcdn', u'redirect_uri': u'http://localhost:8085/', u'client_id': u'32555940559.apps.googleusercontent.com', u'client_secret': u'ZmssLNjJy2998hD4CTg2ejr2', u'grant_type': u'authorization_code'}
2021-11-28 17:53:00,609 DEBUG    requests_oauthlib.oauth2_session Passing through key word arguments {'verify': True, 'json': None, 'proxies': None, 'timeout': None, 'auth': None}.
2021-11-28 17:53:00,665 DEBUG    urllib3.connectionpool Starting new HTTPS connection (1): oauth2.googleapis.com:443
2021-11-28 17:53:00,924 DEBUG    urllib3.connectionpool https://oauth2.googleapis.com:443 "POST /token HTTP/1.1" 200 None
2021-11-28 17:53:00,925 DEBUG    requests_oauthlib.oauth2_session Prepared fetch token request body grant_type=authorization_code&client_id=32555940559.apps.googleusercontent.com&client_secret=ZmssLNjJy2998hD4CTg2ejr2&code_verifier=%7Ej_GYXY1-6vn2DbDGybMXKuF9MnhENv0UH%7E51XZAuxoos3TYf0yQPGmylamLiVdKBlrjSJ1IxSpN4ObL0rAqqxI78t8r6mxf1n2nziISu%7EYE27S329U5TDJcQ07jwcdn&code=4%2F0AX4XfWj-FOV_Lepjq73sgxZnDEjCf5N9NI2HjkbylqUyPh1vFhniy8XYY1OOJMqDFzQ6dw&redirect_uri=http%3A%2F%2Flocalhost%3A8085%2F
2021-11-28 17:53:00,926 DEBUG    requests_oauthlib.oauth2_session Request to fetch token completed with status 200.
2021-11-28 17:53:00,926 DEBUG    requests_oauthlib.oauth2_session Request headers were {'Content-Length': '393', 'Accept-Encoding': 'gzip, deflate', 'Accept': 'application/json', 'user-agent': 'google-cloud-sdk gcloud/364.0.0 command/gcloud.auth.login invocation-id/e2febba18289433ab1638d9ede0bdbd1 environment/None environment-version/None interactive/True from-script/False python/2.7.16 term/xterm-256color (Macintosh; Intel Mac OS X 19.6.0)', 'Connection': 'keep-alive', 'Content-Type': 'application/x-www-form-urlencoded;charset=UTF-8'}
2021-11-28 17:53:00,926 DEBUG    requests_oauthlib.oauth2_session Request body was code=4%2F0AX4XfWj-FOV_Lepjq73sgxZnDEjCf5N9NI2HjkbylqUyPh1vFhniy8XYY1OOJMqDFzQ6dw&code_verifier=%7Ej_GYXY1-6vn2DbDGybMXKuF9MnhENv0UH%7E51XZAuxoos3TYf0yQPGmylamLiVdKBlrjSJ1IxSpN4ObL0rAqqxI78t8r6mxf1n2nziISu%7EYE27S329U5TDJcQ07jwcdn&redirect_uri=http%3A%2F%2Flocalhost%3A8085%2F&client_id=32555940559.apps.googleusercontent.com&client_secret=ZmssLNjJy2998hD4CTg2ejr2&grant_type=authorization_code
2021-11-28 17:53:00,926 DEBUG    requests_oauthlib.oauth2_session Response headers were {'X-XSS-Protection': '0', 'X-Content-Type-Options': 'nosniff', 'Content-Encoding': 'gzip', 'Transfer-Encoding': 'chunked', 'Expires': 'Mon, 01 Jan 1990 00:00:00 GMT', 'Vary': 'Origin, X-Origin, Referer', 'Server': 'scaffolding on HTTPServer2', 'Pragma': 'no-cache', 'Cache-Control': 'no-cache, no-store, max-age=0, must-revalidate', 'Date': 'Mon, 29 Nov 2021 01:53:00 GMT', 'X-Frame-Options': 'SAMEORIGIN', 'Alt-Svc': 'h3=":443"; ma=2592000,h3-29=":443"; ma=2592000,h3-Q050=":443"; ma=2592000,h3-Q046=":443"; ma=2592000,h3-Q043=":443"; ma=2592000,quic=":443"; ma=2592000; v="46,43"', 'Content-Type': 'application/json; charset=utf-8'} and content {
  "access_token": "ya29.a0ARrdaM9nd7ikgCo8oSTV_5JaKTMW4-pHEMn9qoq3sYSeTeXLm3-SHFCPB0eVBgYjT0sMKWVU-5BXEvTOU5p0J0FWAXru488cCYmVCZK-aBy07SK1PjudZ6vijtwlNXk8vV9F_aQa__pVqRC5iqmGnSQmI77vGzTyGXKg",
  "expires_in": 3599,
  "refresh_token": "1//06nvJlBmhtDX4CgYIARAAGAYSNwF-L9IrGPtw2VVNbfN-tBe7r3Lvex6an-WMfa0CEj0TowzzHztacKjef7GzFHoNqG4IIUVVMpI",
  "scope": "https://www.googleapis.com/auth/cloud-platform https://www.googleapis.com/auth/appengine.admin https://www.googleapis.com/auth/accounts.reauth https://www.googleapis.com/auth/userinfo.email https://www.googleapis.com/auth/compute openid",
  "token_type": "Bearer",
  "id_token": "eyJhbGciOiJSUzI1NiIsImtpZCI6ImQ0ZTA2Y2ViMjJiMDFiZTU2YzIxM2M5ODU0MGFiNTYzYmZmNWE1OGMiLCJ0eXAiOiJKV1QifQ.eyJpc3MiOiJodHRwczovL2FjY291bnRzLmdvb2dsZS5jb20iLCJhenAiOiIzMjU1NTk0MDU1OS5hcHBzLmdvb2dsZXVzZXJjb250ZW50LmNvbSIsImF1ZCI6IjMyNTU1OTQwNTU5LmFwcHMuZ29vZ2xldXNlcmNvbnRlbnQuY29tIiwic3ViIjoiMTAxNDIwNTIzNTk3NzQ0Mjk1MDYyIiwiZW1haWwiOiJ6YWNoc3RhbWVnbmFAZ21haWwuY29tIiwiZW1haWxfdmVyaWZpZWQiOnRydWUsImF0X2hhc2giOiJ3OUdZTkpMSktnUjZrNFl4WmxIS3lnIiwiaWF0IjoxNjM4MTUwNzgwLCJleHAiOjE2MzgxNTQzODB9.k22FA-SUwUF7fvi51p6pp_bUjah-I4Ni6VdoZYKCOPgbdgzrBxu9IbIDFVShDsDOZk0UlRWe8g5-PSTAdaCq3YJ3FWgNxxXKz8QxOGYXRTFV_nrMMviPXUE-3iwxi35liFWocAKs8rt9Q0thDySboEMz7GWL0Ra6PmCTtIMOpuwWIxY2AimyvG1j2SOhX-tUW4ZybBrqamhePrz8rA7rh7CroA5tMuA8tm-1uETZkF96jx9ZSUvcB8hz53UwP2_-Uc3eXbW3Aj9kIg2nETu5tFqyUinBQj6rPWwEgPyHBF0BtccXhKpAEaW9TzLrrWrLnamvU7XRXvVkMLjDM5KJwQ"
}.
2021-11-28 17:53:00,927 DEBUG    requests_oauthlib.oauth2_session Invoking 0 token response hooks.
2021-11-28 17:53:00,927 DEBUG    requests_oauthlib.oauth2_session Obtained token {u'token_type': u'Bearer', u'refresh_token': u'1//06nvJlBmhtDX4CgYIARAAGAYSNwF-L9IrGPtw2VVNbfN-tBe7r3Lvex6an-WMfa0CEj0TowzzHztacKjef7GzFHoNqG4IIUVVMpI', u'scope': [u'https://www.googleapis.com/auth/cloud-platform', u'https://www.googleapis.com/auth/appengine.admin', u'https://www.googleapis.com/auth/accounts.reauth', u'https://www.googleapis.com/auth/userinfo.email', u'https://www.googleapis.com/auth/compute', u'openid'], u'access_token': u'ya29.a0ARrdaM9nd7ikgCo8oSTV_5JaKTMW4-pHEMn9qoq3sYSeTeXLm3-SHFCPB0eVBgYjT0sMKWVU-5BXEvTOU5p0J0FWAXru488cCYmVCZK-aBy07SK1PjudZ6vijtwlNXk8vV9F_aQa__pVqRC5iqmGnSQmI77vGzTyGXKg', u'id_token': u'eyJhbGciOiJSUzI1NiIsImtpZCI6ImQ0ZTA2Y2ViMjJiMDFiZTU2YzIxM2M5ODU0MGFiNTYzYmZmNWE1OGMiLCJ0eXAiOiJKV1QifQ.eyJpc3MiOiJodHRwczovL2FjY291bnRzLmdvb2dsZS5jb20iLCJhenAiOiIzMjU1NTk0MDU1OS5hcHBzLmdvb2dsZXVzZXJjb250ZW50LmNvbSIsImF1ZCI6IjMyNTU1OTQwNTU5LmFwcHMuZ29vZ2xldXNlcmNvbnRlbnQuY29tIiwic3ViIjoiMTAxNDIwNTIzNTk3NzQ0Mjk1MDYyIiwiZW1haWwiOiJ6YWNoc3RhbWVnbmFAZ21haWwuY29tIiwiZW1haWxfdmVyaWZpZWQiOnRydWUsImF0X2hhc2giOiJ3OUdZTkpMSktnUjZrNFl4WmxIS3lnIiwiaWF0IjoxNjM4MTUwNzgwLCJleHAiOjE2MzgxNTQzODB9.k22FA-SUwUF7fvi51p6pp_bUjah-I4Ni6VdoZYKCOPgbdgzrBxu9IbIDFVShDsDOZk0UlRWe8g5-PSTAdaCq3YJ3FWgNxxXKz8QxOGYXRTFV_nrMMviPXUE-3iwxi35liFWocAKs8rt9Q0thDySboEMz7GWL0Ra6PmCTtIMOpuwWIxY2AimyvG1j2SOhX-tUW4ZybBrqamhePrz8rA7rh7CroA5tMuA8tm-1uETZkF96jx9ZSUvcB8hz53UwP2_-Uc3eXbW3Aj9kIg2nETu5tFqyUinBQj6rPWwEgPyHBF0BtccXhKpAEaW9TzLrrWrLnamvU7XRXvVkMLjDM5KJwQ', u'expires_in': 3599, u'expires_at': 1638154379.927207}.
2021-11-28 17:53:00,938 INFO     ___FILE_ONLY___ 
You are now logged in as [zachstamegna@gmail.com].
Your current project is [high-comfort-332206].  You can change this setting by running:
  $ gcloud config set project PROJECT_ID

2021-11-28 17:53:00,943 INFO     root            Display format: "none"
