2021-11-27 12:32:42,998 DEBUG    root            Loaded Command Group: [u'gcloud', u'auth']
2021-11-27 12:32:43,087 DEBUG    root            Loaded Command Group: [u'gcloud', u'auth', u'login']
2021-11-27 12:32:43,090 DEBUG    root            Running [gcloud.auth.login] with arguments: []
2021-11-27 12:32:43,209 DEBUG    requests_oauthlib.oauth2_session Generated new state 79t5wpGilAwu2ItSknI9Y8BHjX67uS.
2021-11-27 12:32:43,442 INFO     ___FILE_ONLY___ Your browser has been opened to visit:

    https://accounts.google.com/o/oauth2/auth?response_type=code&client_id=32555940559.apps.googleusercontent.com&redirect_uri=http%3A%2F%2Flocalhost%3A8085%2F&scope=openid+https%3A%2F%2Fwww.googleapis.com%2Fauth%2Fuserinfo.email+https%3A%2F%2Fwww.googleapis.com%2Fauth%2Fcloud-platform+https%3A%2F%2Fwww.googleapis.com%2Fauth%2Fappengine.admin+https%3A%2F%2Fwww.googleapis.com%2Fauth%2Fcompute+https%3A%2F%2Fwww.googleapis.com%2Fauth%2Faccounts.reauth&state=79t5wpGilAwu2ItSknI9Y8BHjX67uS&code_challenge=WVfDd4zqG12nOk1A5WlLFie7Rj4iR31CTn8UBg-Eq80&code_challenge_method=S256&access_type=offline


2021-11-27 12:32:49,398 INFO     google_auth_oauthlib.flow "GET /?state=79t5wpGilAwu2ItSknI9Y8BHjX67uS&code=4/0AX4XfWgS22MfwS09xXz2DAlBaEtZ2yTow-N8MJouxakQupfGyjyfGE6APThb4-onTqGULg&scope=email%20openid%20https://www.googleapis.com/auth/userinfo.email%20https://www.googleapis.com/auth/cloud-platform%20https://www.googleapis.com/auth/appengine.admin%20https://www.googleapis.com/auth/compute%20https://www.googleapis.com/auth/accounts.reauth&authuser=0&prompt=consent HTTP/1.1" 200 959
2021-11-27 12:32:49,398 DEBUG    requests_oauthlib.oauth2_session Requesting url https://oauth2.googleapis.com/token using method POST.
2021-11-27 12:32:49,398 DEBUG    requests_oauthlib.oauth2_session Supplying headers {'Content-Type': 'application/x-www-form-urlencoded;charset=UTF-8', 'Accept': 'application/json', 'user-agent': 'google-cloud-sdk gcloud/364.0.0 command/gcloud.auth.login invocation-id/66bc5c8ed43a4bc68d78570686b794f2 environment/None environment-version/None interactive/True from-script/False python/2.7.16 term/xterm-256color (Macintosh; Intel Mac OS X 19.6.0)'} and data {u'code': u'4/0AX4XfWgS22MfwS09xXz2DAlBaEtZ2yTow-N8MJouxakQupfGyjyfGE6APThb4-onTqGULg', u'code_verifier': u'9M9Bquli20yVwPt1tsHmJD7I~fcLAHhSsKKBEKaCmI5pvOwW91VnWrtehF4KWlf~3WGa~ud5MRhndMR3wppPmu1ySWx.IJtR2X~BcBF~KlDcgVvVZ34B-M8e90-ny4g9', u'redirect_uri': u'http://localhost:8085/', u'client_id': u'32555940559.apps.googleusercontent.com', u'client_secret': u'ZmssLNjJy2998hD4CTg2ejr2', u'grant_type': u'authorization_code'}
2021-11-27 12:32:49,399 DEBUG    requests_oauthlib.oauth2_session Passing through key word arguments {'verify': True, 'json': None, 'proxies': None, 'timeout': None, 'auth': None}.
2021-11-27 12:32:49,493 DEBUG    urllib3.connectionpool Starting new HTTPS connection (1): oauth2.googleapis.com:443
2021-11-27 12:32:49,801 DEBUG    urllib3.connectionpool https://oauth2.googleapis.com:443 "POST /token HTTP/1.1" 200 None
2021-11-27 12:32:49,805 DEBUG    requests_oauthlib.oauth2_session Prepared fetch token request body grant_type=authorization_code&client_id=32555940559.apps.googleusercontent.com&client_secret=ZmssLNjJy2998hD4CTg2ejr2&code_verifier=9M9Bquli20yVwPt1tsHmJD7I%7EfcLAHhSsKKBEKaCmI5pvOwW91VnWrtehF4KWlf%7E3WGa%7Eud5MRhndMR3wppPmu1ySWx.IJtR2X%7EBcBF%7EKlDcgVvVZ34B-M8e90-ny4g9&code=4%2F0AX4XfWgS22MfwS09xXz2DAlBaEtZ2yTow-N8MJouxakQupfGyjyfGE6APThb4-onTqGULg&redirect_uri=http%3A%2F%2Flocalhost%3A8085%2F
2021-11-27 12:32:49,805 DEBUG    requests_oauthlib.oauth2_session Request to fetch token completed with status 200.
2021-11-27 12:32:49,806 DEBUG    requests_oauthlib.oauth2_session Request headers were {'Content-Length': '397', 'Accept-Encoding': 'gzip, deflate', 'Accept': 'application/json', 'user-agent': 'google-cloud-sdk gcloud/364.0.0 command/gcloud.auth.login invocation-id/66bc5c8ed43a4bc68d78570686b794f2 environment/None environment-version/None interactive/True from-script/False python/2.7.16 term/xterm-256color (Macintosh; Intel Mac OS X 19.6.0)', 'Connection': 'keep-alive', 'Content-Type': 'application/x-www-form-urlencoded;charset=UTF-8'}
2021-11-27 12:32:49,806 DEBUG    requests_oauthlib.oauth2_session Request body was code=4%2F0AX4XfWgS22MfwS09xXz2DAlBaEtZ2yTow-N8MJouxakQupfGyjyfGE6APThb4-onTqGULg&code_verifier=9M9Bquli20yVwPt1tsHmJD7I%7EfcLAHhSsKKBEKaCmI5pvOwW91VnWrtehF4KWlf%7E3WGa%7Eud5MRhndMR3wppPmu1ySWx.IJtR2X%7EBcBF%7EKlDcgVvVZ34B-M8e90-ny4g9&redirect_uri=http%3A%2F%2Flocalhost%3A8085%2F&client_id=32555940559.apps.googleusercontent.com&client_secret=ZmssLNjJy2998hD4CTg2ejr2&grant_type=authorization_code
2021-11-27 12:32:49,807 DEBUG    requests_oauthlib.oauth2_session Response headers were {'X-XSS-Protection': '0', 'X-Content-Type-Options': 'nosniff', 'Content-Encoding': 'gzip', 'Transfer-Encoding': 'chunked', 'Expires': 'Mon, 01 Jan 1990 00:00:00 GMT', 'Vary': 'Origin, X-Origin, Referer', 'Server': 'scaffolding on HTTPServer2', 'Pragma': 'no-cache', 'Cache-Control': 'no-cache, no-store, max-age=0, must-revalidate', 'Date': 'Sat, 27 Nov 2021 20:32:49 GMT', 'X-Frame-Options': 'SAMEORIGIN', 'Alt-Svc': 'h3=":443"; ma=2592000,h3-29=":443"; ma=2592000,h3-Q050=":443"; ma=2592000,h3-Q046=":443"; ma=2592000,h3-Q043=":443"; ma=2592000,quic=":443"; ma=2592000; v="46,43"', 'Content-Type': 'application/json; charset=utf-8'} and content {
  "access_token": "ya29.a0ARrdaM8BGaNXsZjTqPmeF7gAgrq0-UmTh36UDju8MvwGLTp-7H4az9esd7GGjGV1EuJq1XtVRVFK7pC0KdNRrM8QwdCthol52vNsBtReI5c7UEFjkwqMLucQn8x5mHm77OWF-aBLEgoQDHHxWRqU3Py5gZ9G1p69Ta7M",
  "expires_in": 3599,
  "refresh_token": "1//06njcoefkoKyFCgYIARAAGAYSNwF-L9IroUvi_6A9lMqWtXyUQOY2K2XkUJpwfPbsO-CTkGbo53Ysod4hbzGnMAt74f7bdui4E-k",
  "scope": "https://www.googleapis.com/auth/appengine.admin https://www.googleapis.com/auth/userinfo.email https://www.googleapis.com/auth/cloud-platform https://www.googleapis.com/auth/compute openid https://www.googleapis.com/auth/accounts.reauth",
  "token_type": "Bearer",
  "id_token": "eyJhbGciOiJSUzI1NiIsImtpZCI6ImQ0ZTA2Y2ViMjJiMDFiZTU2YzIxM2M5ODU0MGFiNTYzYmZmNWE1OGMiLCJ0eXAiOiJKV1QifQ.eyJpc3MiOiJodHRwczovL2FjY291bnRzLmdvb2dsZS5jb20iLCJhenAiOiIzMjU1NTk0MDU1OS5hcHBzLmdvb2dsZXVzZXJjb250ZW50LmNvbSIsImF1ZCI6IjMyNTU1OTQwNTU5LmFwcHMuZ29vZ2xldXNlcmNvbnRlbnQuY29tIiwic3ViIjoiMTAxNDIwNTIzNTk3NzQ0Mjk1MDYyIiwiZW1haWwiOiJ6YWNoc3RhbWVnbmFAZ21haWwuY29tIiwiZW1haWxfdmVyaWZpZWQiOnRydWUsImF0X2hhc2giOiJjNUt5ZGRVdDA1SU9SRkU3Q3U1Z3VBIiwiaWF0IjoxNjM4MDQ1MTY5LCJleHAiOjE2MzgwNDg3Njl9.g3JMzR797lgeG-Ia4w_jhFxPtmp8LqqMAUjhVI2UHtyQMZnkeRDWE204RN_GJ5SEhV8lvR_lU3r1xFyNOHpWORpQdhVB7h52XyJS-AOHFaG6NvIk06wheqLNYz4fwnKHncjXTuw1wq1AK8GPT2z4ve1utz7m8n1q7V9SrJL8MD-L2dbvHGR5FJbDX-Rd43gfF4TUkQ-8IT76yQE6S20O72UcgP2DKvbuJeGYb0HP-rToWXT_J3oM-eu9IPOHgeQRAAEDoqVPZgei0oaqAc1luX8oRdEO8_DKgSjsoRCUbJHHEaHf2kynac6JQkj0o56dDfloiiRyFxI-zu68lVjHfQ"
}.
2021-11-27 12:32:49,807 DEBUG    requests_oauthlib.oauth2_session Invoking 0 token response hooks.
2021-11-27 12:32:49,807 DEBUG    requests_oauthlib.oauth2_session Obtained token {u'token_type': u'Bearer', u'refresh_token': u'1//06njcoefkoKyFCgYIARAAGAYSNwF-L9IroUvi_6A9lMqWtXyUQOY2K2XkUJpwfPbsO-CTkGbo53Ysod4hbzGnMAt74f7bdui4E-k', u'scope': [u'https://www.googleapis.com/auth/appengine.admin', u'https://www.googleapis.com/auth/userinfo.email', u'https://www.googleapis.com/auth/cloud-platform', u'https://www.googleapis.com/auth/compute', u'openid', u'https://www.googleapis.com/auth/accounts.reauth'], u'access_token': u'ya29.a0ARrdaM8BGaNXsZjTqPmeF7gAgrq0-UmTh36UDju8MvwGLTp-7H4az9esd7GGjGV1EuJq1XtVRVFK7pC0KdNRrM8QwdCthol52vNsBtReI5c7UEFjkwqMLucQn8x5mHm77OWF-aBLEgoQDHHxWRqU3Py5gZ9G1p69Ta7M', u'id_token': u'eyJhbGciOiJSUzI1NiIsImtpZCI6ImQ0ZTA2Y2ViMjJiMDFiZTU2YzIxM2M5ODU0MGFiNTYzYmZmNWE1OGMiLCJ0eXAiOiJKV1QifQ.eyJpc3MiOiJodHRwczovL2FjY291bnRzLmdvb2dsZS5jb20iLCJhenAiOiIzMjU1NTk0MDU1OS5hcHBzLmdvb2dsZXVzZXJjb250ZW50LmNvbSIsImF1ZCI6IjMyNTU1OTQwNTU5LmFwcHMuZ29vZ2xldXNlcmNvbnRlbnQuY29tIiwic3ViIjoiMTAxNDIwNTIzNTk3NzQ0Mjk1MDYyIiwiZW1haWwiOiJ6YWNoc3RhbWVnbmFAZ21haWwuY29tIiwiZW1haWxfdmVyaWZpZWQiOnRydWUsImF0X2hhc2giOiJjNUt5ZGRVdDA1SU9SRkU3Q3U1Z3VBIiwiaWF0IjoxNjM4MDQ1MTY5LCJleHAiOjE2MzgwNDg3Njl9.g3JMzR797lgeG-Ia4w_jhFxPtmp8LqqMAUjhVI2UHtyQMZnkeRDWE204RN_GJ5SEhV8lvR_lU3r1xFyNOHpWORpQdhVB7h52XyJS-AOHFaG6NvIk06wheqLNYz4fwnKHncjXTuw1wq1AK8GPT2z4ve1utz7m8n1q7V9SrJL8MD-L2dbvHGR5FJbDX-Rd43gfF4TUkQ-8IT76yQE6S20O72UcgP2DKvbuJeGYb0HP-rToWXT_J3oM-eu9IPOHgeQRAAEDoqVPZgei0oaqAc1luX8oRdEO8_DKgSjsoRCUbJHHEaHf2kynac6JQkj0o56dDfloiiRyFxI-zu68lVjHfQ', u'expires_in': 3599, u'expires_at': 1638048768.807786}.
2021-11-27 12:32:49,824 INFO     ___FILE_ONLY___ 
You are now logged in as [zachstamegna@gmail.com].
Your current project is [high-comfort-332206].  You can change this setting by running:
  $ gcloud config set project PROJECT_ID

2021-11-27 12:32:49,829 INFO     root            Display format: "none"
2021-11-27 12:32:50,008 DEBUG    root            Checking for updates...
2021-11-27 12:32:50,082 DEBUG    urllib3.connectionpool Starting new HTTPS connection (1): dl.google.com:443
2021-11-27 12:32:50,214 DEBUG    urllib3.connectionpool https://dl.google.com:443 "GET /dl/cloudsdk/channels/rapid/components-2.json HTTP/1.1" 200 171933
2021-11-27 12:32:50,338 INFO     ___FILE_ONLY___ 

Updates are available for some Cloud SDK components.  To install them,
please run:
  $ gcloud components update


