2021-11-20 12:50:36,985 DEBUG    root            Loaded Command Group: [u'gcloud', u'auth']
2021-11-20 12:50:37,043 DEBUG    root            Loaded Command Group: [u'gcloud', u'auth', u'login']
2021-11-20 12:50:37,046 DEBUG    root            Running [gcloud.auth.login] with arguments: []
2021-11-20 12:50:37,150 DEBUG    requests_oauthlib.oauth2_session Generated new state bKthZp0o7bZdsyb5b1cj0FoqMLkw0u.
2021-11-20 12:50:37,399 INFO     ___FILE_ONLY___ Your browser has been opened to visit:

    https://accounts.google.com/o/oauth2/auth?response_type=code&client_id=32555940559.apps.googleusercontent.com&redirect_uri=http%3A%2F%2Flocalhost%3A8085%2F&scope=openid+https%3A%2F%2Fwww.googleapis.com%2Fauth%2Fuserinfo.email+https%3A%2F%2Fwww.googleapis.com%2Fauth%2Fcloud-platform+https%3A%2F%2Fwww.googleapis.com%2Fauth%2Fappengine.admin+https%3A%2F%2Fwww.googleapis.com%2Fauth%2Fcompute+https%3A%2F%2Fwww.googleapis.com%2Fauth%2Faccounts.reauth&state=bKthZp0o7bZdsyb5b1cj0FoqMLkw0u&code_challenge=kV7roibz9Sdkn2DCKIPEQYCghQZLSqUPmYbTfOSw688&code_challenge_method=S256&access_type=offline


2021-11-20 12:50:43,502 INFO     google_auth_oauthlib.flow "GET /?state=bKthZp0o7bZdsyb5b1cj0FoqMLkw0u&code=4/0AX4XfWiiIrHYj_7C6BZIEa2rkP1wbYdS7aWAefSHR5TdPVpy4lS4TuJgyOlmLFs-DTpTuA&scope=email%20openid%20https://www.googleapis.com/auth/userinfo.email%20https://www.googleapis.com/auth/cloud-platform%20https://www.googleapis.com/auth/appengine.admin%20https://www.googleapis.com/auth/compute%20https://www.googleapis.com/auth/accounts.reauth&authuser=0&prompt=consent HTTP/1.1" 200 959
2021-11-20 12:50:43,503 DEBUG    requests_oauthlib.oauth2_session Requesting url https://oauth2.googleapis.com/token using method POST.
2021-11-20 12:50:43,503 DEBUG    requests_oauthlib.oauth2_session Supplying headers {'Content-Type': 'application/x-www-form-urlencoded;charset=UTF-8', 'Accept': 'application/json', 'user-agent': 'google-cloud-sdk gcloud/364.0.0 command/gcloud.auth.login invocation-id/a9e99aa3d27c4279b26522996587dc45 environment/None environment-version/None interactive/True from-script/False python/2.7.16 term/xterm-256color (Macintosh; Intel Mac OS X 19.6.0)'} and data {u'code': u'4/0AX4XfWiiIrHYj_7C6BZIEa2rkP1wbYdS7aWAefSHR5TdPVpy4lS4TuJgyOlmLFs-DTpTuA', u'code_verifier': u'UrYqPHZJkWqUAr~PnJvXENLHcq.Sg~RWvrI-YC_IDqd-aiCtOdowBifb7k5NWZFfjfvhAARcPTSGAzX~Cnw~3rpQV6X48A~xR_k2I8PeUz7RFNiD0CDAZFYBs~Y256HD', u'redirect_uri': u'http://localhost:8085/', u'client_id': u'32555940559.apps.googleusercontent.com', u'client_secret': u'ZmssLNjJy2998hD4CTg2ejr2', u'grant_type': u'authorization_code'}
2021-11-20 12:50:43,503 DEBUG    requests_oauthlib.oauth2_session Passing through key word arguments {'verify': True, 'json': None, 'proxies': None, 'timeout': None, 'auth': None}.
2021-11-20 12:50:43,598 DEBUG    urllib3.connectionpool Starting new HTTPS connection (1): oauth2.googleapis.com:443
2021-11-20 12:50:43,816 DEBUG    urllib3.connectionpool https://oauth2.googleapis.com:443 "POST /token HTTP/1.1" 200 None
2021-11-20 12:50:43,818 DEBUG    requests_oauthlib.oauth2_session Prepared fetch token request body grant_type=authorization_code&client_id=32555940559.apps.googleusercontent.com&client_secret=ZmssLNjJy2998hD4CTg2ejr2&code_verifier=UrYqPHZJkWqUAr%7EPnJvXENLHcq.Sg%7ERWvrI-YC_IDqd-aiCtOdowBifb7k5NWZFfjfvhAARcPTSGAzX%7ECnw%7E3rpQV6X48A%7ExR_k2I8PeUz7RFNiD0CDAZFYBs%7EY256HD&code=4%2F0AX4XfWiiIrHYj_7C6BZIEa2rkP1wbYdS7aWAefSHR5TdPVpy4lS4TuJgyOlmLFs-DTpTuA&redirect_uri=http%3A%2F%2Flocalhost%3A8085%2F
2021-11-20 12:50:43,818 DEBUG    requests_oauthlib.oauth2_session Request to fetch token completed with status 200.
2021-11-20 12:50:43,819 DEBUG    requests_oauthlib.oauth2_session Request headers were {'Content-Length': '399', 'Accept-Encoding': 'gzip, deflate', 'Accept': 'application/json', 'user-agent': 'google-cloud-sdk gcloud/364.0.0 command/gcloud.auth.login invocation-id/a9e99aa3d27c4279b26522996587dc45 environment/None environment-version/None interactive/True from-script/False python/2.7.16 term/xterm-256color (Macintosh; Intel Mac OS X 19.6.0)', 'Connection': 'keep-alive', 'Content-Type': 'application/x-www-form-urlencoded;charset=UTF-8'}
2021-11-20 12:50:43,819 DEBUG    requests_oauthlib.oauth2_session Request body was code=4%2F0AX4XfWiiIrHYj_7C6BZIEa2rkP1wbYdS7aWAefSHR5TdPVpy4lS4TuJgyOlmLFs-DTpTuA&code_verifier=UrYqPHZJkWqUAr%7EPnJvXENLHcq.Sg%7ERWvrI-YC_IDqd-aiCtOdowBifb7k5NWZFfjfvhAARcPTSGAzX%7ECnw%7E3rpQV6X48A%7ExR_k2I8PeUz7RFNiD0CDAZFYBs%7EY256HD&redirect_uri=http%3A%2F%2Flocalhost%3A8085%2F&client_id=32555940559.apps.googleusercontent.com&client_secret=ZmssLNjJy2998hD4CTg2ejr2&grant_type=authorization_code
2021-11-20 12:50:43,820 DEBUG    requests_oauthlib.oauth2_session Response headers were {'X-XSS-Protection': '0', 'X-Content-Type-Options': 'nosniff', 'Content-Encoding': 'gzip', 'Transfer-Encoding': 'chunked', 'Expires': 'Mon, 01 Jan 1990 00:00:00 GMT', 'Vary': 'Origin, X-Origin, Referer', 'Server': 'scaffolding on HTTPServer2', 'Pragma': 'no-cache', 'Cache-Control': 'no-cache, no-store, max-age=0, must-revalidate', 'Date': 'Sat, 20 Nov 2021 20:50:43 GMT', 'X-Frame-Options': 'SAMEORIGIN', 'Alt-Svc': 'h3=":443"; ma=2592000,h3-29=":443"; ma=2592000,h3-Q050=":443"; ma=2592000,h3-Q046=":443"; ma=2592000,h3-Q043=":443"; ma=2592000,quic=":443"; ma=2592000; v="46,43"', 'Content-Type': 'application/json; charset=utf-8'} and content {
  "access_token": "ya29.a0ARrdaM9f_PMjvXR-gacQCOPw1F-vphdYx9pqz4KydHuyj32khSjB82A0NtO8LyKP4wi-v6V5WoKz9Q3pkzIvDeHFGH1z2jf_29PwScMX_JeSJGc8hiCa_w-SQ_hdD4gwEp2xWLpptfv8lpU71VVhKG4lrCJRmjUNrvRC",
  "expires_in": 3599,
  "refresh_token": "1//06f6OwU4a_ID4CgYIARAAGAYSNwF-L9IrdnXuVl-gi0mQabxMR4-7qWFVtzRLl0JDDRtooCSUEJMLoDQXmkBdrPYCT59DyOuK8V8",
  "scope": "https://www.googleapis.com/auth/compute https://www.googleapis.com/auth/appengine.admin openid https://www.googleapis.com/auth/accounts.reauth https://www.googleapis.com/auth/cloud-platform https://www.googleapis.com/auth/userinfo.email",
  "token_type": "Bearer",
  "id_token": "eyJhbGciOiJSUzI1NiIsImtpZCI6IjAzMmIyZWYzZDJjMjgwNjE1N2Y4YTliOWY0ZWY3Nzk4MzRmODVhZGEiLCJ0eXAiOiJKV1QifQ.eyJpc3MiOiJodHRwczovL2FjY291bnRzLmdvb2dsZS5jb20iLCJhenAiOiIzMjU1NTk0MDU1OS5hcHBzLmdvb2dsZXVzZXJjb250ZW50LmNvbSIsImF1ZCI6IjMyNTU1OTQwNTU5LmFwcHMuZ29vZ2xldXNlcmNvbnRlbnQuY29tIiwic3ViIjoiMTAxNDIwNTIzNTk3NzQ0Mjk1MDYyIiwiZW1haWwiOiJ6YWNoc3RhbWVnbmFAZ21haWwuY29tIiwiZW1haWxfdmVyaWZpZWQiOnRydWUsImF0X2hhc2giOiJXTUxvandxMUZqMHhZTTA4T2llZW9nIiwiaWF0IjoxNjM3NDQxNDQzLCJleHAiOjE2Mzc0NDUwNDN9.QZYpDns4BuxqR5a_ezBOl4BvXEwyDSZtahhkXENvfm7OO7EwdXJ1WiRN9H6KCM0ROjHS3OS_bT8QNSld52ZtaNoqNZfZ_Ta71qtPdzA88juFNWKCKhcZXjyY6w3rxEWD3w6EBmRl20Q9mkV6_RFMnUm26BULfsAfb_Re4j8vgVRPbNCMPykvprGdFE5CKQtMWns7_IkWMdGQac0wv9BJtmLdjpS8Z4ukcFjuD2JIUcEM9WtB-cNZ4oF5MutxWxZlshBkASGOCfvUIk_ax_Q_LEPCoNdiIRNQrxA4uU6GVL2s4OzYqil13kvlelPfICX2xechcUIpW-mrfyawmEs5Ww"
}.
2021-11-20 12:50:43,820 DEBUG    requests_oauthlib.oauth2_session Invoking 0 token response hooks.
2021-11-20 12:50:43,821 DEBUG    requests_oauthlib.oauth2_session Obtained token {u'token_type': u'Bearer', u'refresh_token': u'1//06f6OwU4a_ID4CgYIARAAGAYSNwF-L9IrdnXuVl-gi0mQabxMR4-7qWFVtzRLl0JDDRtooCSUEJMLoDQXmkBdrPYCT59DyOuK8V8', u'scope': [u'https://www.googleapis.com/auth/compute', u'https://www.googleapis.com/auth/appengine.admin', u'openid', u'https://www.googleapis.com/auth/accounts.reauth', u'https://www.googleapis.com/auth/cloud-platform', u'https://www.googleapis.com/auth/userinfo.email'], u'access_token': u'ya29.a0ARrdaM9f_PMjvXR-gacQCOPw1F-vphdYx9pqz4KydHuyj32khSjB82A0NtO8LyKP4wi-v6V5WoKz9Q3pkzIvDeHFGH1z2jf_29PwScMX_JeSJGc8hiCa_w-SQ_hdD4gwEp2xWLpptfv8lpU71VVhKG4lrCJRmjUNrvRC', u'id_token': u'eyJhbGciOiJSUzI1NiIsImtpZCI6IjAzMmIyZWYzZDJjMjgwNjE1N2Y4YTliOWY0ZWY3Nzk4MzRmODVhZGEiLCJ0eXAiOiJKV1QifQ.eyJpc3MiOiJodHRwczovL2FjY291bnRzLmdvb2dsZS5jb20iLCJhenAiOiIzMjU1NTk0MDU1OS5hcHBzLmdvb2dsZXVzZXJjb250ZW50LmNvbSIsImF1ZCI6IjMyNTU1OTQwNTU5LmFwcHMuZ29vZ2xldXNlcmNvbnRlbnQuY29tIiwic3ViIjoiMTAxNDIwNTIzNTk3NzQ0Mjk1MDYyIiwiZW1haWwiOiJ6YWNoc3RhbWVnbmFAZ21haWwuY29tIiwiZW1haWxfdmVyaWZpZWQiOnRydWUsImF0X2hhc2giOiJXTUxvandxMUZqMHhZTTA4T2llZW9nIiwiaWF0IjoxNjM3NDQxNDQzLCJleHAiOjE2Mzc0NDUwNDN9.QZYpDns4BuxqR5a_ezBOl4BvXEwyDSZtahhkXENvfm7OO7EwdXJ1WiRN9H6KCM0ROjHS3OS_bT8QNSld52ZtaNoqNZfZ_Ta71qtPdzA88juFNWKCKhcZXjyY6w3rxEWD3w6EBmRl20Q9mkV6_RFMnUm26BULfsAfb_Re4j8vgVRPbNCMPykvprGdFE5CKQtMWns7_IkWMdGQac0wv9BJtmLdjpS8Z4ukcFjuD2JIUcEM9WtB-cNZ4oF5MutxWxZlshBkASGOCfvUIk_ax_Q_LEPCoNdiIRNQrxA4uU6GVL2s4OzYqil13kvlelPfICX2xechcUIpW-mrfyawmEs5Ww', u'expires_in': 3599, u'expires_at': 1637445042.820931}.
2021-11-20 12:50:43,838 INFO     ___FILE_ONLY___ 
You are now logged in as [zachstamegna@gmail.com].
Your current project is [high-comfort-332206].  You can change this setting by running:
  $ gcloud config set project PROJECT_ID

2021-11-20 12:50:43,842 INFO     root            Display format: "none"
2021-11-20 12:50:44,010 DEBUG    root            Checking for updates...
2021-11-20 12:50:44,062 DEBUG    urllib3.connectionpool Starting new HTTPS connection (1): dl.google.com:443
2021-11-20 12:50:44,173 DEBUG    urllib3.connectionpool https://dl.google.com:443 "GET /dl/cloudsdk/channels/rapid/components-2.json HTTP/1.1" 200 171933
2021-11-20 12:50:44,288 INFO     ___FILE_ONLY___ 

Updates are available for some Cloud SDK components.  To install them,
please run:
  $ gcloud components update


