2021-11-14 23:29:27,047 DEBUG    root            Loaded Command Group: [u'gcloud', u'auth']
2021-11-14 23:29:27,141 DEBUG    root            Loaded Command Group: [u'gcloud', u'auth', u'login']
2021-11-14 23:29:27,144 DEBUG    root            Running [gcloud.auth.login] with arguments: []
2021-11-14 23:29:27,156 DEBUG    requests_oauthlib.oauth2_session Generated new state 8UHO4ruZrRHt6d7ywgMNE1RzcTqdFU.
2021-11-14 23:29:27,339 INFO     ___FILE_ONLY___ Your browser has been opened to visit:

    https://accounts.google.com/o/oauth2/auth?response_type=code&client_id=32555940559.apps.googleusercontent.com&redirect_uri=http%3A%2F%2Flocalhost%3A8085%2F&scope=openid+https%3A%2F%2Fwww.googleapis.com%2Fauth%2Fuserinfo.email+https%3A%2F%2Fwww.googleapis.com%2Fauth%2Fcloud-platform+https%3A%2F%2Fwww.googleapis.com%2Fauth%2Fappengine.admin+https%3A%2F%2Fwww.googleapis.com%2Fauth%2Fcompute+https%3A%2F%2Fwww.googleapis.com%2Fauth%2Faccounts.reauth&state=8UHO4ruZrRHt6d7ywgMNE1RzcTqdFU&code_challenge=m7ljypAI_0DtZgKYzOVEynRXJA5t5hboSPiitDaX1S8&code_challenge_method=S256&access_type=offline


2021-11-14 23:29:35,468 INFO     google_auth_oauthlib.flow "GET /?state=8UHO4ruZrRHt6d7ywgMNE1RzcTqdFU&code=4/0AX4XfWhc1FFf7LQU_wNKLfLkQy1wK_mXGIINe_hNlfOGSzlnM9Kyh9ir-YrRO7zGCafOwA&scope=email%20openid%20https://www.googleapis.com/auth/userinfo.email%20https://www.googleapis.com/auth/cloud-platform%20https://www.googleapis.com/auth/appengine.admin%20https://www.googleapis.com/auth/compute%20https://www.googleapis.com/auth/accounts.reauth&authuser=0&prompt=consent HTTP/1.1" 200 959
2021-11-14 23:29:35,470 DEBUG    requests_oauthlib.oauth2_session Requesting url https://oauth2.googleapis.com/token using method POST.
2021-11-14 23:29:35,470 DEBUG    requests_oauthlib.oauth2_session Supplying headers {'Content-Type': 'application/x-www-form-urlencoded;charset=UTF-8', 'Accept': 'application/json', 'user-agent': 'google-cloud-sdk gcloud/364.0.0 command/gcloud.auth.login invocation-id/d6107c2249a4411590203a39675a0130 environment/None environment-version/None interactive/True from-script/False python/2.7.16 term/xterm-256color (Macintosh; Intel Mac OS X 19.6.0)'} and data {u'code': u'4/0AX4XfWhc1FFf7LQU_wNKLfLkQy1wK_mXGIINe_hNlfOGSzlnM9Kyh9ir-YrRO7zGCafOwA', u'code_verifier': u'NvPQXSNX_VqxKWN_W_O3v_wm4yBbuRrFeobsIxCOwcmRnxsvN2ARWaP70NGjQ6XAPeKTwbUvYRSsgp46YnRa9g7~DFGm0A_mp54~9e_Kv27ZUWFGuBICMdq6QZb.Wr_x', u'redirect_uri': u'http://localhost:8085/', u'client_id': u'32555940559.apps.googleusercontent.com', u'client_secret': u'ZmssLNjJy2998hD4CTg2ejr2', u'grant_type': u'authorization_code'}
2021-11-14 23:29:35,470 DEBUG    requests_oauthlib.oauth2_session Passing through key word arguments {'verify': True, 'json': None, 'proxies': None, 'timeout': None, 'auth': None}.
2021-11-14 23:29:35,520 DEBUG    urllib3.connectionpool Starting new HTTPS connection (1): oauth2.googleapis.com:443
2021-11-14 23:29:35,723 DEBUG    urllib3.connectionpool https://oauth2.googleapis.com:443 "POST /token HTTP/1.1" 200 None
2021-11-14 23:29:35,725 DEBUG    requests_oauthlib.oauth2_session Prepared fetch token request body grant_type=authorization_code&client_id=32555940559.apps.googleusercontent.com&client_secret=ZmssLNjJy2998hD4CTg2ejr2&code_verifier=NvPQXSNX_VqxKWN_W_O3v_wm4yBbuRrFeobsIxCOwcmRnxsvN2ARWaP70NGjQ6XAPeKTwbUvYRSsgp46YnRa9g7%7EDFGm0A_mp54%7E9e_Kv27ZUWFGuBICMdq6QZb.Wr_x&code=4%2F0AX4XfWhc1FFf7LQU_wNKLfLkQy1wK_mXGIINe_hNlfOGSzlnM9Kyh9ir-YrRO7zGCafOwA&redirect_uri=http%3A%2F%2Flocalhost%3A8085%2F
2021-11-14 23:29:35,726 DEBUG    requests_oauthlib.oauth2_session Request to fetch token completed with status 200.
2021-11-14 23:29:35,726 DEBUG    requests_oauthlib.oauth2_session Request headers were {'Content-Length': '391', 'Accept-Encoding': 'gzip, deflate', 'Accept': 'application/json', 'user-agent': 'google-cloud-sdk gcloud/364.0.0 command/gcloud.auth.login invocation-id/d6107c2249a4411590203a39675a0130 environment/None environment-version/None interactive/True from-script/False python/2.7.16 term/xterm-256color (Macintosh; Intel Mac OS X 19.6.0)', 'Connection': 'keep-alive', 'Content-Type': 'application/x-www-form-urlencoded;charset=UTF-8'}
2021-11-14 23:29:35,727 DEBUG    requests_oauthlib.oauth2_session Request body was code=4%2F0AX4XfWhc1FFf7LQU_wNKLfLkQy1wK_mXGIINe_hNlfOGSzlnM9Kyh9ir-YrRO7zGCafOwA&code_verifier=NvPQXSNX_VqxKWN_W_O3v_wm4yBbuRrFeobsIxCOwcmRnxsvN2ARWaP70NGjQ6XAPeKTwbUvYRSsgp46YnRa9g7%7EDFGm0A_mp54%7E9e_Kv27ZUWFGuBICMdq6QZb.Wr_x&redirect_uri=http%3A%2F%2Flocalhost%3A8085%2F&client_id=32555940559.apps.googleusercontent.com&client_secret=ZmssLNjJy2998hD4CTg2ejr2&grant_type=authorization_code
2021-11-14 23:29:35,727 DEBUG    requests_oauthlib.oauth2_session Response headers were {'X-XSS-Protection': '0', 'X-Content-Type-Options': 'nosniff', 'Content-Encoding': 'gzip', 'Transfer-Encoding': 'chunked', 'Expires': 'Mon, 01 Jan 1990 00:00:00 GMT', 'Vary': 'Origin, X-Origin, Referer', 'Server': 'scaffolding on HTTPServer2', 'Pragma': 'no-cache', 'Cache-Control': 'no-cache, no-store, max-age=0, must-revalidate', 'Date': 'Mon, 15 Nov 2021 07:29:35 GMT', 'X-Frame-Options': 'SAMEORIGIN', 'Alt-Svc': 'clear', 'Content-Type': 'application/json; charset=utf-8'} and content {
  "access_token": "ya29.a0ARrdaM-MR1PZrzitnt5b2IH1KAw2iBKPxrn84THXyeIs9Oj7u_RnmL40XXS2ahVuhcpKJTL7Km0QUl9LceI4UiYRAyvRYo3Q0G1hKL_uEvY08N6hFse2BBp55-v7rtcVVzSdWueC7ZCMM-JXzFRR9AHmmvciAJqwAMpZ",
  "expires_in": 3599,
  "refresh_token": "1//068uI84XbVu3kCgYIARAAGAYSNwF-L9IrtuDNs42oes4g4ftGDTrluq4hGcUJYfDi0IGcfFT4JOO0ug4Nc7p5CsE2ZvS6SlFR304",
  "scope": "https://www.googleapis.com/auth/accounts.reauth https://www.googleapis.com/auth/cloud-platform https://www.googleapis.com/auth/appengine.admin openid https://www.googleapis.com/auth/userinfo.email https://www.googleapis.com/auth/compute",
  "token_type": "Bearer",
  "id_token": "eyJhbGciOiJSUzI1NiIsImtpZCI6IjI3YzcyNjE5ZDA5MzVhMjkwYzQxYzNmMDEwMTY3MTM4Njg1ZjdlNTMiLCJ0eXAiOiJKV1QifQ.eyJpc3MiOiJodHRwczovL2FjY291bnRzLmdvb2dsZS5jb20iLCJhenAiOiIzMjU1NTk0MDU1OS5hcHBzLmdvb2dsZXVzZXJjb250ZW50LmNvbSIsImF1ZCI6IjMyNTU1OTQwNTU5LmFwcHMuZ29vZ2xldXNlcmNvbnRlbnQuY29tIiwic3ViIjoiMTAxNDIwNTIzNTk3NzQ0Mjk1MDYyIiwiZW1haWwiOiJ6YWNoc3RhbWVnbmFAZ21haWwuY29tIiwiZW1haWxfdmVyaWZpZWQiOnRydWUsImF0X2hhc2giOiJmMDBNX0IzaVc3MDk5X2ZJbm9XeURRIiwiaWF0IjoxNjM2OTYxMzc1LCJleHAiOjE2MzY5NjQ5NzV9.VvY6nQtjXcwmcO9A_GtkxVhj4VluSSx-vwKHPv_eTL_SJkFoBvpf7Dxwx8BY2E96Vk4oauWCMI5e95OpDCo7iVbEagdyWXN8gK6gAW7EH49cM9gZ6MJ_OmPOjvNgmKfF5o-QJS3rtXvi7fzebXlBNNxdiDmSBcu8qzAH3buMrdOoQsoD2uUf4nuXA5dDEedZhzPGjraGaWRWanFyygWGWmz9H5xelYHIF0EibhFOif6Go9ljEssnB9_bMFmXbTTgpk1hf7A846PgAsPiRXoet4WbGOygQc2ITpicSigFFWiP7iXZ-qCzjrzPIlW2G6iwNBF83pelyXDAlRKiHWhNaw"
}.
2021-11-14 23:29:35,728 DEBUG    requests_oauthlib.oauth2_session Invoking 0 token response hooks.
2021-11-14 23:29:35,728 DEBUG    requests_oauthlib.oauth2_session Obtained token {u'token_type': u'Bearer', u'refresh_token': u'1//068uI84XbVu3kCgYIARAAGAYSNwF-L9IrtuDNs42oes4g4ftGDTrluq4hGcUJYfDi0IGcfFT4JOO0ug4Nc7p5CsE2ZvS6SlFR304', u'scope': [u'https://www.googleapis.com/auth/accounts.reauth', u'https://www.googleapis.com/auth/cloud-platform', u'https://www.googleapis.com/auth/appengine.admin', u'openid', u'https://www.googleapis.com/auth/userinfo.email', u'https://www.googleapis.com/auth/compute'], u'access_token': u'ya29.a0ARrdaM-MR1PZrzitnt5b2IH1KAw2iBKPxrn84THXyeIs9Oj7u_RnmL40XXS2ahVuhcpKJTL7Km0QUl9LceI4UiYRAyvRYo3Q0G1hKL_uEvY08N6hFse2BBp55-v7rtcVVzSdWueC7ZCMM-JXzFRR9AHmmvciAJqwAMpZ', u'id_token': u'eyJhbGciOiJSUzI1NiIsImtpZCI6IjI3YzcyNjE5ZDA5MzVhMjkwYzQxYzNmMDEwMTY3MTM4Njg1ZjdlNTMiLCJ0eXAiOiJKV1QifQ.eyJpc3MiOiJodHRwczovL2FjY291bnRzLmdvb2dsZS5jb20iLCJhenAiOiIzMjU1NTk0MDU1OS5hcHBzLmdvb2dsZXVzZXJjb250ZW50LmNvbSIsImF1ZCI6IjMyNTU1OTQwNTU5LmFwcHMuZ29vZ2xldXNlcmNvbnRlbnQuY29tIiwic3ViIjoiMTAxNDIwNTIzNTk3NzQ0Mjk1MDYyIiwiZW1haWwiOiJ6YWNoc3RhbWVnbmFAZ21haWwuY29tIiwiZW1haWxfdmVyaWZpZWQiOnRydWUsImF0X2hhc2giOiJmMDBNX0IzaVc3MDk5X2ZJbm9XeURRIiwiaWF0IjoxNjM2OTYxMzc1LCJleHAiOjE2MzY5NjQ5NzV9.VvY6nQtjXcwmcO9A_GtkxVhj4VluSSx-vwKHPv_eTL_SJkFoBvpf7Dxwx8BY2E96Vk4oauWCMI5e95OpDCo7iVbEagdyWXN8gK6gAW7EH49cM9gZ6MJ_OmPOjvNgmKfF5o-QJS3rtXvi7fzebXlBNNxdiDmSBcu8qzAH3buMrdOoQsoD2uUf4nuXA5dDEedZhzPGjraGaWRWanFyygWGWmz9H5xelYHIF0EibhFOif6Go9ljEssnB9_bMFmXbTTgpk1hf7A846PgAsPiRXoet4WbGOygQc2ITpicSigFFWiP7iXZ-qCzjrzPIlW2G6iwNBF83pelyXDAlRKiHWhNaw', u'expires_in': 3599, u'expires_at': 1636964974.728577}.
2021-11-14 23:29:35,745 INFO     ___FILE_ONLY___ 
You are now logged in as [zachstamegna@gmail.com].
Your current project is [high-comfort-332206].  You can change this setting by running:
  $ gcloud config set project PROJECT_ID

2021-11-14 23:29:35,746 INFO     root            Display format: "none"
