2021-11-23 00:27:19,109 DEBUG    root            Loaded Command Group: [u'gcloud', u'auth']
2021-11-23 00:27:19,174 DEBUG    root            Loaded Command Group: [u'gcloud', u'auth', u'login']
2021-11-23 00:27:19,177 DEBUG    root            Running [gcloud.auth.login] with arguments: []
2021-11-23 00:27:19,352 DEBUG    requests_oauthlib.oauth2_session Generated new state FkZzEv4iR2NkV1RCoRaiZMGkhz9BxL.
2021-11-23 00:27:19,681 INFO     ___FILE_ONLY___ Your browser has been opened to visit:

    https://accounts.google.com/o/oauth2/auth?response_type=code&client_id=32555940559.apps.googleusercontent.com&redirect_uri=http%3A%2F%2Flocalhost%3A8085%2F&scope=openid+https%3A%2F%2Fwww.googleapis.com%2Fauth%2Fuserinfo.email+https%3A%2F%2Fwww.googleapis.com%2Fauth%2Fcloud-platform+https%3A%2F%2Fwww.googleapis.com%2Fauth%2Fappengine.admin+https%3A%2F%2Fwww.googleapis.com%2Fauth%2Fcompute+https%3A%2F%2Fwww.googleapis.com%2Fauth%2Faccounts.reauth&state=FkZzEv4iR2NkV1RCoRaiZMGkhz9BxL&code_challenge=XDfdsyUSG5Zm2GHarF0KzuxigkKLb3rj2rMrA4_F3hA&code_challenge_method=S256&access_type=offline


2021-11-23 00:27:25,561 INFO     google_auth_oauthlib.flow "GET /?state=FkZzEv4iR2NkV1RCoRaiZMGkhz9BxL&code=4/0AX4XfWiLv0Lu1T1sVdApqHNUV2buKmv3c9no9KZkyDXx7k-f6N73D-PkQ_XOpDNHHxP6RA&scope=email%20openid%20https://www.googleapis.com/auth/userinfo.email%20https://www.googleapis.com/auth/cloud-platform%20https://www.googleapis.com/auth/appengine.admin%20https://www.googleapis.com/auth/compute%20https://www.googleapis.com/auth/accounts.reauth&authuser=0&prompt=consent HTTP/1.1" 200 959
2021-11-23 00:27:25,563 DEBUG    requests_oauthlib.oauth2_session Requesting url https://oauth2.googleapis.com/token using method POST.
2021-11-23 00:27:25,563 DEBUG    requests_oauthlib.oauth2_session Supplying headers {'Content-Type': 'application/x-www-form-urlencoded;charset=UTF-8', 'Accept': 'application/json', 'user-agent': 'google-cloud-sdk gcloud/364.0.0 command/gcloud.auth.login invocation-id/fc963633ffaf4dc5a0c564a7096959bb environment/None environment-version/None interactive/True from-script/False python/2.7.16 term/xterm-256color (Macintosh; Intel Mac OS X 19.6.0)'} and data {u'code': u'4/0AX4XfWiLv0Lu1T1sVdApqHNUV2buKmv3c9no9KZkyDXx7k-f6N73D-PkQ_XOpDNHHxP6RA', u'code_verifier': u'wRGFLehPvylmw-c3u-6YScDKSPcmWIu8ivz2OVHyQogkpGTg81sfNMuRafd9hYv85Pl98G34MLI.f-1FBMAOF2WGM~tkmkgo0DOwg.T9yBfSGqap3_Z4XZZZgP5fkK4H', u'redirect_uri': u'http://localhost:8085/', u'client_id': u'32555940559.apps.googleusercontent.com', u'client_secret': u'ZmssLNjJy2998hD4CTg2ejr2', u'grant_type': u'authorization_code'}
2021-11-23 00:27:25,563 DEBUG    requests_oauthlib.oauth2_session Passing through key word arguments {'verify': True, 'json': None, 'proxies': None, 'timeout': None, 'auth': None}.
2021-11-23 00:27:25,652 DEBUG    urllib3.connectionpool Starting new HTTPS connection (1): oauth2.googleapis.com:443
2021-11-23 00:27:25,929 DEBUG    urllib3.connectionpool https://oauth2.googleapis.com:443 "POST /token HTTP/1.1" 200 None
2021-11-23 00:27:25,931 DEBUG    requests_oauthlib.oauth2_session Prepared fetch token request body grant_type=authorization_code&client_id=32555940559.apps.googleusercontent.com&client_secret=ZmssLNjJy2998hD4CTg2ejr2&code_verifier=wRGFLehPvylmw-c3u-6YScDKSPcmWIu8ivz2OVHyQogkpGTg81sfNMuRafd9hYv85Pl98G34MLI.f-1FBMAOF2WGM%7Etkmkgo0DOwg.T9yBfSGqap3_Z4XZZZgP5fkK4H&code=4%2F0AX4XfWiLv0Lu1T1sVdApqHNUV2buKmv3c9no9KZkyDXx7k-f6N73D-PkQ_XOpDNHHxP6RA&redirect_uri=http%3A%2F%2Flocalhost%3A8085%2F
2021-11-23 00:27:25,931 DEBUG    requests_oauthlib.oauth2_session Request to fetch token completed with status 200.
2021-11-23 00:27:25,931 DEBUG    requests_oauthlib.oauth2_session Request headers were {'Content-Length': '389', 'Accept-Encoding': 'gzip, deflate', 'Accept': 'application/json', 'user-agent': 'google-cloud-sdk gcloud/364.0.0 command/gcloud.auth.login invocation-id/fc963633ffaf4dc5a0c564a7096959bb environment/None environment-version/None interactive/True from-script/False python/2.7.16 term/xterm-256color (Macintosh; Intel Mac OS X 19.6.0)', 'Connection': 'keep-alive', 'Content-Type': 'application/x-www-form-urlencoded;charset=UTF-8'}
2021-11-23 00:27:25,931 DEBUG    requests_oauthlib.oauth2_session Request body was code=4%2F0AX4XfWiLv0Lu1T1sVdApqHNUV2buKmv3c9no9KZkyDXx7k-f6N73D-PkQ_XOpDNHHxP6RA&code_verifier=wRGFLehPvylmw-c3u-6YScDKSPcmWIu8ivz2OVHyQogkpGTg81sfNMuRafd9hYv85Pl98G34MLI.f-1FBMAOF2WGM%7Etkmkgo0DOwg.T9yBfSGqap3_Z4XZZZgP5fkK4H&redirect_uri=http%3A%2F%2Flocalhost%3A8085%2F&client_id=32555940559.apps.googleusercontent.com&client_secret=ZmssLNjJy2998hD4CTg2ejr2&grant_type=authorization_code
2021-11-23 00:27:25,932 DEBUG    requests_oauthlib.oauth2_session Response headers were {'X-XSS-Protection': '0', 'X-Content-Type-Options': 'nosniff', 'Content-Encoding': 'gzip', 'Transfer-Encoding': 'chunked', 'Expires': 'Mon, 01 Jan 1990 00:00:00 GMT', 'Vary': 'Origin, X-Origin, Referer', 'Server': 'scaffolding on HTTPServer2', 'Pragma': 'no-cache', 'Cache-Control': 'no-cache, no-store, max-age=0, must-revalidate', 'Date': 'Tue, 23 Nov 2021 08:27:25 GMT', 'X-Frame-Options': 'SAMEORIGIN', 'Alt-Svc': 'h3=":443"; ma=2592000,h3-29=":443"; ma=2592000,h3-Q050=":443"; ma=2592000,h3-Q046=":443"; ma=2592000,h3-Q043=":443"; ma=2592000,quic=":443"; ma=2592000; v="46,43"', 'Content-Type': 'application/json; charset=utf-8'} and content {
  "access_token": "ya29.a0ARrdaM-a5m1aMYAlh7tFirwdCEfw5N9l9afTmrZlWf3SIxC6T2kMn75iWM-VBkKfqCXiwQIjBoqhmQyIsaLG6fQwKli_57i8lLFsEp8eee-3Fc7GSKNUVX9ueb3fQuGqWTbab0rJyTEHIEW8RKod_MdEX-tm93HYT-2R",
  "expires_in": 3599,
  "refresh_token": "1//064PPXhjYJq72CgYIARAAGAYSNwF-L9IrGClok0tZeQD2-cYmrfPrku83XWQvLUeibUrk0S2wn8U3xsds9inviK3Lve_HOKQ0H1w",
  "scope": "https://www.googleapis.com/auth/cloud-platform https://www.googleapis.com/auth/compute https://www.googleapis.com/auth/accounts.reauth https://www.googleapis.com/auth/userinfo.email https://www.googleapis.com/auth/appengine.admin openid",
  "token_type": "Bearer",
  "id_token": "eyJhbGciOiJSUzI1NiIsImtpZCI6IjAzMmIyZWYzZDJjMjgwNjE1N2Y4YTliOWY0ZWY3Nzk4MzRmODVhZGEiLCJ0eXAiOiJKV1QifQ.eyJpc3MiOiJodHRwczovL2FjY291bnRzLmdvb2dsZS5jb20iLCJhenAiOiIzMjU1NTk0MDU1OS5hcHBzLmdvb2dsZXVzZXJjb250ZW50LmNvbSIsImF1ZCI6IjMyNTU1OTQwNTU5LmFwcHMuZ29vZ2xldXNlcmNvbnRlbnQuY29tIiwic3ViIjoiMTAxNDIwNTIzNTk3NzQ0Mjk1MDYyIiwiZW1haWwiOiJ6YWNoc3RhbWVnbmFAZ21haWwuY29tIiwiZW1haWxfdmVyaWZpZWQiOnRydWUsImF0X2hhc2giOiJqTVZsMkJpekkzMVA0OHQ0Y1hOMVBBIiwiaWF0IjoxNjM3NjU2MDQ1LCJleHAiOjE2Mzc2NTk2NDV9.0pVJWI-2AZSLdgSvI5t0g_vgB_7TCLm4YUe3k8BExUGnaSUteA4yYZyMxVjaUzmMXhUcYTDG3R8XGccq4JupF-BuUsR8J3SvyLll8xBE3eVa2Gk7VCab-2ehddDVXO2V970yI_Aw6fe0uw6SgEh7CJWr_xi4zGPyPwGlKs49y5IUrMhgFmmh4uAoIzo1IF7E9MMbGVcPsewr9aiJ_1DjKVCnGzQOY4XSyR7iLgsn4JLmEFJS2C0iMwvuQ8IY0E1Z5qEf1Ey_4IHQc2GbLKoIZ6YtyLWnqrUvMVlQTwmhQavdUrn-icQUIoc26Nxb34MgbMcj2fKCEV-FQhFQel8yfA"
}.
2021-11-23 00:27:25,932 DEBUG    requests_oauthlib.oauth2_session Invoking 0 token response hooks.
2021-11-23 00:27:25,932 DEBUG    requests_oauthlib.oauth2_session Obtained token {u'token_type': u'Bearer', u'refresh_token': u'1//064PPXhjYJq72CgYIARAAGAYSNwF-L9IrGClok0tZeQD2-cYmrfPrku83XWQvLUeibUrk0S2wn8U3xsds9inviK3Lve_HOKQ0H1w', u'scope': [u'https://www.googleapis.com/auth/cloud-platform', u'https://www.googleapis.com/auth/compute', u'https://www.googleapis.com/auth/accounts.reauth', u'https://www.googleapis.com/auth/userinfo.email', u'https://www.googleapis.com/auth/appengine.admin', u'openid'], u'access_token': u'ya29.a0ARrdaM-a5m1aMYAlh7tFirwdCEfw5N9l9afTmrZlWf3SIxC6T2kMn75iWM-VBkKfqCXiwQIjBoqhmQyIsaLG6fQwKli_57i8lLFsEp8eee-3Fc7GSKNUVX9ueb3fQuGqWTbab0rJyTEHIEW8RKod_MdEX-tm93HYT-2R', u'id_token': u'eyJhbGciOiJSUzI1NiIsImtpZCI6IjAzMmIyZWYzZDJjMjgwNjE1N2Y4YTliOWY0ZWY3Nzk4MzRmODVhZGEiLCJ0eXAiOiJKV1QifQ.eyJpc3MiOiJodHRwczovL2FjY291bnRzLmdvb2dsZS5jb20iLCJhenAiOiIzMjU1NTk0MDU1OS5hcHBzLmdvb2dsZXVzZXJjb250ZW50LmNvbSIsImF1ZCI6IjMyNTU1OTQwNTU5LmFwcHMuZ29vZ2xldXNlcmNvbnRlbnQuY29tIiwic3ViIjoiMTAxNDIwNTIzNTk3NzQ0Mjk1MDYyIiwiZW1haWwiOiJ6YWNoc3RhbWVnbmFAZ21haWwuY29tIiwiZW1haWxfdmVyaWZpZWQiOnRydWUsImF0X2hhc2giOiJqTVZsMkJpekkzMVA0OHQ0Y1hOMVBBIiwiaWF0IjoxNjM3NjU2MDQ1LCJleHAiOjE2Mzc2NTk2NDV9.0pVJWI-2AZSLdgSvI5t0g_vgB_7TCLm4YUe3k8BExUGnaSUteA4yYZyMxVjaUzmMXhUcYTDG3R8XGccq4JupF-BuUsR8J3SvyLll8xBE3eVa2Gk7VCab-2ehddDVXO2V970yI_Aw6fe0uw6SgEh7CJWr_xi4zGPyPwGlKs49y5IUrMhgFmmh4uAoIzo1IF7E9MMbGVcPsewr9aiJ_1DjKVCnGzQOY4XSyR7iLgsn4JLmEFJS2C0iMwvuQ8IY0E1Z5qEf1Ey_4IHQc2GbLKoIZ6YtyLWnqrUvMVlQTwmhQavdUrn-icQUIoc26Nxb34MgbMcj2fKCEV-FQhFQel8yfA', u'expires_in': 3599, u'expires_at': 1637659644.932343}.
2021-11-23 00:27:25,947 INFO     ___FILE_ONLY___ 
You are now logged in as [zachstamegna@gmail.com].
Your current project is [high-comfort-332206].  You can change this setting by running:
  $ gcloud config set project PROJECT_ID

2021-11-23 00:27:25,953 INFO     root            Display format: "none"
