2021-11-23 14:22:16,702 DEBUG    root            Loaded Command Group: [u'gcloud', u'auth']
2021-11-23 14:22:16,764 DEBUG    root            Loaded Command Group: [u'gcloud', u'auth', u'login']
2021-11-23 14:22:16,769 DEBUG    root            Running [gcloud.auth.login] with arguments: []
2021-11-23 14:22:16,869 DEBUG    requests_oauthlib.oauth2_session Generated new state GWo6z3vth5HXKeJQ9zDPE3rJRaNQlZ.
2021-11-23 14:22:17,099 INFO     ___FILE_ONLY___ Your browser has been opened to visit:

    https://accounts.google.com/o/oauth2/auth?response_type=code&client_id=32555940559.apps.googleusercontent.com&redirect_uri=http%3A%2F%2Flocalhost%3A8085%2F&scope=openid+https%3A%2F%2Fwww.googleapis.com%2Fauth%2Fuserinfo.email+https%3A%2F%2Fwww.googleapis.com%2Fauth%2Fcloud-platform+https%3A%2F%2Fwww.googleapis.com%2Fauth%2Fappengine.admin+https%3A%2F%2Fwww.googleapis.com%2Fauth%2Fcompute+https%3A%2F%2Fwww.googleapis.com%2Fauth%2Faccounts.reauth&state=GWo6z3vth5HXKeJQ9zDPE3rJRaNQlZ&code_challenge=5P-BkwwV30F1q33IyLZkbyIDB7tdZ-PUR1AQb9O2FqU&code_challenge_method=S256&access_type=offline


2021-11-23 14:22:22,200 INFO     google_auth_oauthlib.flow "GET /?state=GWo6z3vth5HXKeJQ9zDPE3rJRaNQlZ&code=4/0AX4XfWiM-wCuqf6vLJzxhP0wLAvFifjffQclyf5tYdWtN1ohTApLwK0rnM5LwZX1sk2HVw&scope=email%20openid%20https://www.googleapis.com/auth/userinfo.email%20https://www.googleapis.com/auth/cloud-platform%20https://www.googleapis.com/auth/appengine.admin%20https://www.googleapis.com/auth/compute%20https://www.googleapis.com/auth/accounts.reauth&authuser=0&prompt=consent HTTP/1.1" 200 959
2021-11-23 14:22:22,201 DEBUG    requests_oauthlib.oauth2_session Requesting url https://oauth2.googleapis.com/token using method POST.
2021-11-23 14:22:22,202 DEBUG    requests_oauthlib.oauth2_session Supplying headers {'Content-Type': 'application/x-www-form-urlencoded;charset=UTF-8', 'Accept': 'application/json', 'user-agent': 'google-cloud-sdk gcloud/364.0.0 command/gcloud.auth.login invocation-id/d328b86084854e62ac63f7916b7ceabe environment/None environment-version/None interactive/True from-script/False python/2.7.16 term/xterm-256color (Macintosh; Intel Mac OS X 19.6.0)'} and data {u'code': u'4/0AX4XfWiM-wCuqf6vLJzxhP0wLAvFifjffQclyf5tYdWtN1ohTApLwK0rnM5LwZX1sk2HVw', u'code_verifier': u'izjSU5t~GlMsV0v3alPZEZ9s2oFGPBl-lLsO_W2DhQ6w_j6WDLb9U9Wrhs5S1o-yf22tx6_b5dsLEc4~wY~H3-NHyRDcN7zaaeaGr_QFdUtjH-1B6-3y1d7gQlESaQFY', u'redirect_uri': u'http://localhost:8085/', u'client_id': u'32555940559.apps.googleusercontent.com', u'client_secret': u'ZmssLNjJy2998hD4CTg2ejr2', u'grant_type': u'authorization_code'}
2021-11-23 14:22:22,202 DEBUG    requests_oauthlib.oauth2_session Passing through key word arguments {'verify': True, 'json': None, 'proxies': None, 'timeout': None, 'auth': None}.
2021-11-23 14:22:22,365 DEBUG    urllib3.connectionpool Starting new HTTPS connection (1): oauth2.googleapis.com:443
2021-11-23 14:22:22,573 DEBUG    urllib3.connectionpool https://oauth2.googleapis.com:443 "POST /token HTTP/1.1" 200 None
2021-11-23 14:22:22,574 DEBUG    requests_oauthlib.oauth2_session Prepared fetch token request body grant_type=authorization_code&client_id=32555940559.apps.googleusercontent.com&client_secret=ZmssLNjJy2998hD4CTg2ejr2&code_verifier=izjSU5t%7EGlMsV0v3alPZEZ9s2oFGPBl-lLsO_W2DhQ6w_j6WDLb9U9Wrhs5S1o-yf22tx6_b5dsLEc4%7EwY%7EH3-NHyRDcN7zaaeaGr_QFdUtjH-1B6-3y1d7gQlESaQFY&code=4%2F0AX4XfWiM-wCuqf6vLJzxhP0wLAvFifjffQclyf5tYdWtN1ohTApLwK0rnM5LwZX1sk2HVw&redirect_uri=http%3A%2F%2Flocalhost%3A8085%2F
2021-11-23 14:22:22,575 DEBUG    requests_oauthlib.oauth2_session Request to fetch token completed with status 200.
2021-11-23 14:22:22,575 DEBUG    requests_oauthlib.oauth2_session Request headers were {'Content-Length': '393', 'Accept-Encoding': 'gzip, deflate', 'Accept': 'application/json', 'user-agent': 'google-cloud-sdk gcloud/364.0.0 command/gcloud.auth.login invocation-id/d328b86084854e62ac63f7916b7ceabe environment/None environment-version/None interactive/True from-script/False python/2.7.16 term/xterm-256color (Macintosh; Intel Mac OS X 19.6.0)', 'Connection': 'keep-alive', 'Content-Type': 'application/x-www-form-urlencoded;charset=UTF-8'}
2021-11-23 14:22:22,575 DEBUG    requests_oauthlib.oauth2_session Request body was code=4%2F0AX4XfWiM-wCuqf6vLJzxhP0wLAvFifjffQclyf5tYdWtN1ohTApLwK0rnM5LwZX1sk2HVw&code_verifier=izjSU5t%7EGlMsV0v3alPZEZ9s2oFGPBl-lLsO_W2DhQ6w_j6WDLb9U9Wrhs5S1o-yf22tx6_b5dsLEc4%7EwY%7EH3-NHyRDcN7zaaeaGr_QFdUtjH-1B6-3y1d7gQlESaQFY&redirect_uri=http%3A%2F%2Flocalhost%3A8085%2F&client_id=32555940559.apps.googleusercontent.com&client_secret=ZmssLNjJy2998hD4CTg2ejr2&grant_type=authorization_code
2021-11-23 14:22:22,575 DEBUG    requests_oauthlib.oauth2_session Response headers were {'X-XSS-Protection': '0', 'X-Content-Type-Options': 'nosniff', 'Content-Encoding': 'gzip', 'Transfer-Encoding': 'chunked', 'Expires': 'Mon, 01 Jan 1990 00:00:00 GMT', 'Vary': 'Origin, X-Origin, Referer', 'Server': 'scaffolding on HTTPServer2', 'Pragma': 'no-cache', 'Cache-Control': 'no-cache, no-store, max-age=0, must-revalidate', 'Date': 'Tue, 23 Nov 2021 22:22:22 GMT', 'X-Frame-Options': 'SAMEORIGIN', 'Alt-Svc': 'h3=":443"; ma=2592000,h3-29=":443"; ma=2592000,h3-Q050=":443"; ma=2592000,h3-Q046=":443"; ma=2592000,h3-Q043=":443"; ma=2592000,quic=":443"; ma=2592000; v="46,43"', 'Content-Type': 'application/json; charset=utf-8'} and content {
  "access_token": "ya29.a0ARrdaM_LZAzKu2Cypu_NnpotrgKMURw_vH-AA1Ssf1nM_ysr22nr_GMo6vAFfnd8XE_uKEPUumkTf-h0RrsQkfTR4xZ-uPbt_bP3YduZeoB4w8uTsRbba8y4pjnlSl7AXNrGDxsEXIwW8dhn38H60KlSKapKc12NILzs",
  "expires_in": 3599,
  "refresh_token": "1//0612yj4E6YVQeCgYIARAAGAYSNwF-L9Irz8rMNg_newqdV3Tp_p4u6amyXxIskc8ciopO5c8IsUpGyY5u0xJGCPUH2hGQytVzczM",
  "scope": "openid https://www.googleapis.com/auth/compute https://www.googleapis.com/auth/cloud-platform https://www.googleapis.com/auth/userinfo.email https://www.googleapis.com/auth/appengine.admin https://www.googleapis.com/auth/accounts.reauth",
  "token_type": "Bearer",
  "id_token": "eyJhbGciOiJSUzI1NiIsImtpZCI6ImQ0ZTA2Y2ViMjJiMDFiZTU2YzIxM2M5ODU0MGFiNTYzYmZmNWE1OGMiLCJ0eXAiOiJKV1QifQ.eyJpc3MiOiJodHRwczovL2FjY291bnRzLmdvb2dsZS5jb20iLCJhenAiOiIzMjU1NTk0MDU1OS5hcHBzLmdvb2dsZXVzZXJjb250ZW50LmNvbSIsImF1ZCI6IjMyNTU1OTQwNTU5LmFwcHMuZ29vZ2xldXNlcmNvbnRlbnQuY29tIiwic3ViIjoiMTAxNDIwNTIzNTk3NzQ0Mjk1MDYyIiwiZW1haWwiOiJ6YWNoc3RhbWVnbmFAZ21haWwuY29tIiwiZW1haWxfdmVyaWZpZWQiOnRydWUsImF0X2hhc2giOiI5SGVNMkJ1cXdfcGlSTG9MR1hEcl9RIiwiaWF0IjoxNjM3NzA2MTQyLCJleHAiOjE2Mzc3MDk3NDJ9.ZRoX8SeXnq3rCSToXYAlElAyy6uPy_8OiyF9oKX2vRWnuO3DieKS41Tq6EFzp9dl9Z6zFmPwCg7YDEH3AXtJM0WNmmLEflVvgJcWxQiMuXjljJbhBD4KpmiBr6mahBLs5qSSNflWBdpjK3c50sJOCqeD7QUEC5G1w4ZO-fx1a6lN9n2NihApKzk3F02j1dRUCDOZOq4KtB0LtupoInSHHEDFdRGircTWq3s3vDCPFTzkE7xihHYjp3owHU36bjS-rf9Zuek5lsGWQH5_EnrjfmjqL6_y3sFUHqB5TXljdVuCdkjZ9W2TtLVqU1C5uwtoBYfVlHtJmsckyAWRThDDug"
}.
2021-11-23 14:22:22,575 DEBUG    requests_oauthlib.oauth2_session Invoking 0 token response hooks.
2021-11-23 14:22:22,576 DEBUG    requests_oauthlib.oauth2_session Obtained token {u'token_type': u'Bearer', u'refresh_token': u'1//0612yj4E6YVQeCgYIARAAGAYSNwF-L9Irz8rMNg_newqdV3Tp_p4u6amyXxIskc8ciopO5c8IsUpGyY5u0xJGCPUH2hGQytVzczM', u'scope': [u'openid', u'https://www.googleapis.com/auth/compute', u'https://www.googleapis.com/auth/cloud-platform', u'https://www.googleapis.com/auth/userinfo.email', u'https://www.googleapis.com/auth/appengine.admin', u'https://www.googleapis.com/auth/accounts.reauth'], u'access_token': u'ya29.a0ARrdaM_LZAzKu2Cypu_NnpotrgKMURw_vH-AA1Ssf1nM_ysr22nr_GMo6vAFfnd8XE_uKEPUumkTf-h0RrsQkfTR4xZ-uPbt_bP3YduZeoB4w8uTsRbba8y4pjnlSl7AXNrGDxsEXIwW8dhn38H60KlSKapKc12NILzs', u'id_token': u'eyJhbGciOiJSUzI1NiIsImtpZCI6ImQ0ZTA2Y2ViMjJiMDFiZTU2YzIxM2M5ODU0MGFiNTYzYmZmNWE1OGMiLCJ0eXAiOiJKV1QifQ.eyJpc3MiOiJodHRwczovL2FjY291bnRzLmdvb2dsZS5jb20iLCJhenAiOiIzMjU1NTk0MDU1OS5hcHBzLmdvb2dsZXVzZXJjb250ZW50LmNvbSIsImF1ZCI6IjMyNTU1OTQwNTU5LmFwcHMuZ29vZ2xldXNlcmNvbnRlbnQuY29tIiwic3ViIjoiMTAxNDIwNTIzNTk3NzQ0Mjk1MDYyIiwiZW1haWwiOiJ6YWNoc3RhbWVnbmFAZ21haWwuY29tIiwiZW1haWxfdmVyaWZpZWQiOnRydWUsImF0X2hhc2giOiI5SGVNMkJ1cXdfcGlSTG9MR1hEcl9RIiwiaWF0IjoxNjM3NzA2MTQyLCJleHAiOjE2Mzc3MDk3NDJ9.ZRoX8SeXnq3rCSToXYAlElAyy6uPy_8OiyF9oKX2vRWnuO3DieKS41Tq6EFzp9dl9Z6zFmPwCg7YDEH3AXtJM0WNmmLEflVvgJcWxQiMuXjljJbhBD4KpmiBr6mahBLs5qSSNflWBdpjK3c50sJOCqeD7QUEC5G1w4ZO-fx1a6lN9n2NihApKzk3F02j1dRUCDOZOq4KtB0LtupoInSHHEDFdRGircTWq3s3vDCPFTzkE7xihHYjp3owHU36bjS-rf9Zuek5lsGWQH5_EnrjfmjqL6_y3sFUHqB5TXljdVuCdkjZ9W2TtLVqU1C5uwtoBYfVlHtJmsckyAWRThDDug', u'expires_in': 3599, u'expires_at': 1637709741.576032}.
2021-11-23 14:22:22,585 INFO     ___FILE_ONLY___ 
You are now logged in as [zachstamegna@gmail.com].
Your current project is [high-comfort-332206].  You can change this setting by running:
  $ gcloud config set project PROJECT_ID

2021-11-23 14:22:22,589 INFO     root            Display format: "none"
