2021-11-23 23:01:19,712 DEBUG    root            Loaded Command Group: [u'gcloud', u'auth']
2021-11-23 23:01:19,776 DEBUG    root            Loaded Command Group: [u'gcloud', u'auth', u'login']
2021-11-23 23:01:19,779 DEBUG    root            Running [gcloud.auth.login] with arguments: []
2021-11-23 23:01:20,950 DEBUG    requests_oauthlib.oauth2_session Generated new state dFwak0i0qzyM15srUFLir6gMs1QFRs.
2021-11-23 23:01:21,327 INFO     ___FILE_ONLY___ Your browser has been opened to visit:

    https://accounts.google.com/o/oauth2/auth?response_type=code&client_id=32555940559.apps.googleusercontent.com&redirect_uri=http%3A%2F%2Flocalhost%3A8085%2F&scope=openid+https%3A%2F%2Fwww.googleapis.com%2Fauth%2Fuserinfo.email+https%3A%2F%2Fwww.googleapis.com%2Fauth%2Fcloud-platform+https%3A%2F%2Fwww.googleapis.com%2Fauth%2Fappengine.admin+https%3A%2F%2Fwww.googleapis.com%2Fauth%2Fcompute+https%3A%2F%2Fwww.googleapis.com%2Fauth%2Faccounts.reauth&state=dFwak0i0qzyM15srUFLir6gMs1QFRs&code_challenge=7xbdXBMsqR1dzgtsemALYbMhZU57V7-c0ZJsTw8ANfY&code_challenge_method=S256&access_type=offline


2021-11-23 23:01:26,748 INFO     google_auth_oauthlib.flow "GET /?state=dFwak0i0qzyM15srUFLir6gMs1QFRs&code=4/0AX4XfWjae43uV1pJilEbF6WcMQZTAU9xIqGMCL-qs7YsNUSzq0ff235oTDkR5USyR7muuA&scope=email%20openid%20https://www.googleapis.com/auth/userinfo.email%20https://www.googleapis.com/auth/cloud-platform%20https://www.googleapis.com/auth/appengine.admin%20https://www.googleapis.com/auth/compute%20https://www.googleapis.com/auth/accounts.reauth&authuser=0&prompt=consent HTTP/1.1" 200 959
2021-11-23 23:01:26,749 DEBUG    requests_oauthlib.oauth2_session Requesting url https://oauth2.googleapis.com/token using method POST.
2021-11-23 23:01:26,749 DEBUG    requests_oauthlib.oauth2_session Supplying headers {'Content-Type': 'application/x-www-form-urlencoded;charset=UTF-8', 'Accept': 'application/json', 'user-agent': 'google-cloud-sdk gcloud/364.0.0 command/gcloud.auth.login invocation-id/262386f15466452db31dc71b2d0e1f85 environment/None environment-version/None interactive/True from-script/False python/2.7.16 term/xterm-256color (Macintosh; Intel Mac OS X 19.6.0)'} and data {u'code': u'4/0AX4XfWjae43uV1pJilEbF6WcMQZTAU9xIqGMCL-qs7YsNUSzq0ff235oTDkR5USyR7muuA', u'code_verifier': u'uSjEzuhbN_1d7m5rOvRoobXC_KbeDvu4cBXeVfIBbZS~s077-sL5exUSdQ4WYZ~eMLHUBO8l0RvkCeLfY7XGXEfijEiQRt6~jV4WGvgkBCRZ6nmM1kgEoVzm-BqKa4ZJ', u'redirect_uri': u'http://localhost:8085/', u'client_id': u'32555940559.apps.googleusercontent.com', u'client_secret': u'ZmssLNjJy2998hD4CTg2ejr2', u'grant_type': u'authorization_code'}
2021-11-23 23:01:26,749 DEBUG    requests_oauthlib.oauth2_session Passing through key word arguments {'verify': True, 'json': None, 'proxies': None, 'timeout': None, 'auth': None}.
2021-11-23 23:01:26,896 DEBUG    urllib3.connectionpool Starting new HTTPS connection (1): oauth2.googleapis.com:443
2021-11-23 23:01:27,184 DEBUG    urllib3.connectionpool https://oauth2.googleapis.com:443 "POST /token HTTP/1.1" 200 None
2021-11-23 23:01:27,187 DEBUG    requests_oauthlib.oauth2_session Prepared fetch token request body grant_type=authorization_code&client_id=32555940559.apps.googleusercontent.com&client_secret=ZmssLNjJy2998hD4CTg2ejr2&code_verifier=uSjEzuhbN_1d7m5rOvRoobXC_KbeDvu4cBXeVfIBbZS%7Es077-sL5exUSdQ4WYZ%7EeMLHUBO8l0RvkCeLfY7XGXEfijEiQRt6%7EjV4WGvgkBCRZ6nmM1kgEoVzm-BqKa4ZJ&code=4%2F0AX4XfWjae43uV1pJilEbF6WcMQZTAU9xIqGMCL-qs7YsNUSzq0ff235oTDkR5USyR7muuA&redirect_uri=http%3A%2F%2Flocalhost%3A8085%2F
2021-11-23 23:01:27,187 DEBUG    requests_oauthlib.oauth2_session Request to fetch token completed with status 200.
2021-11-23 23:01:27,188 DEBUG    requests_oauthlib.oauth2_session Request headers were {'Content-Length': '393', 'Accept-Encoding': 'gzip, deflate', 'Accept': 'application/json', 'user-agent': 'google-cloud-sdk gcloud/364.0.0 command/gcloud.auth.login invocation-id/262386f15466452db31dc71b2d0e1f85 environment/None environment-version/None interactive/True from-script/False python/2.7.16 term/xterm-256color (Macintosh; Intel Mac OS X 19.6.0)', 'Connection': 'keep-alive', 'Content-Type': 'application/x-www-form-urlencoded;charset=UTF-8'}
2021-11-23 23:01:27,188 DEBUG    requests_oauthlib.oauth2_session Request body was code=4%2F0AX4XfWjae43uV1pJilEbF6WcMQZTAU9xIqGMCL-qs7YsNUSzq0ff235oTDkR5USyR7muuA&code_verifier=uSjEzuhbN_1d7m5rOvRoobXC_KbeDvu4cBXeVfIBbZS%7Es077-sL5exUSdQ4WYZ%7EeMLHUBO8l0RvkCeLfY7XGXEfijEiQRt6%7EjV4WGvgkBCRZ6nmM1kgEoVzm-BqKa4ZJ&redirect_uri=http%3A%2F%2Flocalhost%3A8085%2F&client_id=32555940559.apps.googleusercontent.com&client_secret=ZmssLNjJy2998hD4CTg2ejr2&grant_type=authorization_code
2021-11-23 23:01:27,188 DEBUG    requests_oauthlib.oauth2_session Response headers were {'X-XSS-Protection': '0', 'X-Content-Type-Options': 'nosniff', 'Content-Encoding': 'gzip', 'Transfer-Encoding': 'chunked', 'Expires': 'Mon, 01 Jan 1990 00:00:00 GMT', 'Vary': 'Origin, X-Origin, Referer', 'Server': 'scaffolding on HTTPServer2', 'Pragma': 'no-cache', 'Cache-Control': 'no-cache, no-store, max-age=0, must-revalidate', 'Date': 'Wed, 24 Nov 2021 07:01:27 GMT', 'X-Frame-Options': 'SAMEORIGIN', 'Alt-Svc': 'h3=":443"; ma=2592000,h3-29=":443"; ma=2592000,h3-Q050=":443"; ma=2592000,h3-Q046=":443"; ma=2592000,h3-Q043=":443"; ma=2592000,quic=":443"; ma=2592000; v="46,43"', 'Content-Type': 'application/json; charset=utf-8'} and content {
  "access_token": "ya29.a0ARrdaM-2CdU_vMZOn_rkPnswbzueF5o3qvDf1ZQfjDAbJpO7K0kBePGArDLc2Se7QnmysFAXgi4ch268gxvp9FTXXdYw7nm2SORfVjlV64en_t6g5cTskhx9c1nKnqS9uq0TP6fczg9-PaNBfjPzi9QroFBfXmFvJd8G",
  "expires_in": 3599,
  "refresh_token": "1//06i89Ol5MtC_FCgYIARAAGAYSNwF-L9IrBoW-f7EtF4O2T858hzXn1aWr9DUpSnL01ymdm6_1X-FBcBAYxyN90PHFquG65ej_kpk",
  "scope": "https://www.googleapis.com/auth/compute openid https://www.googleapis.com/auth/cloud-platform https://www.googleapis.com/auth/accounts.reauth https://www.googleapis.com/auth/userinfo.email https://www.googleapis.com/auth/appengine.admin",
  "token_type": "Bearer",
  "id_token": "eyJhbGciOiJSUzI1NiIsImtpZCI6ImQ0ZTA2Y2ViMjJiMDFiZTU2YzIxM2M5ODU0MGFiNTYzYmZmNWE1OGMiLCJ0eXAiOiJKV1QifQ.eyJpc3MiOiJodHRwczovL2FjY291bnRzLmdvb2dsZS5jb20iLCJhenAiOiIzMjU1NTk0MDU1OS5hcHBzLmdvb2dsZXVzZXJjb250ZW50LmNvbSIsImF1ZCI6IjMyNTU1OTQwNTU5LmFwcHMuZ29vZ2xldXNlcmNvbnRlbnQuY29tIiwic3ViIjoiMTAxNDIwNTIzNTk3NzQ0Mjk1MDYyIiwiZW1haWwiOiJ6YWNoc3RhbWVnbmFAZ21haWwuY29tIiwiZW1haWxfdmVyaWZpZWQiOnRydWUsImF0X2hhc2giOiJyMzFUR0cxZmJFaVVjVHktdzE3c3FBIiwiaWF0IjoxNjM3NzM3Mjg3LCJleHAiOjE2Mzc3NDA4ODd9.TWzKCe6TWcK6oJUBhb7B1pAnl_kywgNhRmyiHnMtddWz_h7IkgeUtd1bRJRCSarr-IEYVHAL1lC3fiUkMRmg2J58k7G6N6Kwg017ywIaw1mZRaDBn0JtIGqhukMm-H2kMB5BLwnbpfYd_a5Bck-g3kgZZFFbHh_HafYhp3Cs9QO9F3uZaCLdJlFMBSYHDc1o0Y2T-bw9kqbKXGJBM7OSgHGRPqJwfrvSPlIm3dE1Zwje8AGTMFQWUY9FD2WWS7uZDFLPmFgTrQN9Va1dAwWK0qM0v47-PBWsvv2mgYiBSLi7fb_HMfSbXXKcck1kj88m07ICFsPRGljaxRAr1ZSV5g"
}.
2021-11-23 23:01:27,189 DEBUG    requests_oauthlib.oauth2_session Invoking 0 token response hooks.
2021-11-23 23:01:27,189 DEBUG    requests_oauthlib.oauth2_session Obtained token {u'token_type': u'Bearer', u'refresh_token': u'1//06i89Ol5MtC_FCgYIARAAGAYSNwF-L9IrBoW-f7EtF4O2T858hzXn1aWr9DUpSnL01ymdm6_1X-FBcBAYxyN90PHFquG65ej_kpk', u'scope': [u'https://www.googleapis.com/auth/compute', u'openid', u'https://www.googleapis.com/auth/cloud-platform', u'https://www.googleapis.com/auth/accounts.reauth', u'https://www.googleapis.com/auth/userinfo.email', u'https://www.googleapis.com/auth/appengine.admin'], u'access_token': u'ya29.a0ARrdaM-2CdU_vMZOn_rkPnswbzueF5o3qvDf1ZQfjDAbJpO7K0kBePGArDLc2Se7QnmysFAXgi4ch268gxvp9FTXXdYw7nm2SORfVjlV64en_t6g5cTskhx9c1nKnqS9uq0TP6fczg9-PaNBfjPzi9QroFBfXmFvJd8G', u'id_token': u'eyJhbGciOiJSUzI1NiIsImtpZCI6ImQ0ZTA2Y2ViMjJiMDFiZTU2YzIxM2M5ODU0MGFiNTYzYmZmNWE1OGMiLCJ0eXAiOiJKV1QifQ.eyJpc3MiOiJodHRwczovL2FjY291bnRzLmdvb2dsZS5jb20iLCJhenAiOiIzMjU1NTk0MDU1OS5hcHBzLmdvb2dsZXVzZXJjb250ZW50LmNvbSIsImF1ZCI6IjMyNTU1OTQwNTU5LmFwcHMuZ29vZ2xldXNlcmNvbnRlbnQuY29tIiwic3ViIjoiMTAxNDIwNTIzNTk3NzQ0Mjk1MDYyIiwiZW1haWwiOiJ6YWNoc3RhbWVnbmFAZ21haWwuY29tIiwiZW1haWxfdmVyaWZpZWQiOnRydWUsImF0X2hhc2giOiJyMzFUR0cxZmJFaVVjVHktdzE3c3FBIiwiaWF0IjoxNjM3NzM3Mjg3LCJleHAiOjE2Mzc3NDA4ODd9.TWzKCe6TWcK6oJUBhb7B1pAnl_kywgNhRmyiHnMtddWz_h7IkgeUtd1bRJRCSarr-IEYVHAL1lC3fiUkMRmg2J58k7G6N6Kwg017ywIaw1mZRaDBn0JtIGqhukMm-H2kMB5BLwnbpfYd_a5Bck-g3kgZZFFbHh_HafYhp3Cs9QO9F3uZaCLdJlFMBSYHDc1o0Y2T-bw9kqbKXGJBM7OSgHGRPqJwfrvSPlIm3dE1Zwje8AGTMFQWUY9FD2WWS7uZDFLPmFgTrQN9Va1dAwWK0qM0v47-PBWsvv2mgYiBSLi7fb_HMfSbXXKcck1kj88m07ICFsPRGljaxRAr1ZSV5g', u'expires_in': 3599, u'expires_at': 1637740886.189553}.
2021-11-23 23:01:27,207 INFO     ___FILE_ONLY___ 
You are now logged in as [zachstamegna@gmail.com].
Your current project is [high-comfort-332206].  You can change this setting by running:
  $ gcloud config set project PROJECT_ID

2021-11-23 23:01:27,213 INFO     root            Display format: "none"
2021-11-23 23:01:27,393 DEBUG    root            Checking for updates...
2021-11-23 23:01:27,449 DEBUG    urllib3.connectionpool Starting new HTTPS connection (1): dl.google.com:443
2021-11-23 23:01:27,578 DEBUG    urllib3.connectionpool https://dl.google.com:443 "GET /dl/cloudsdk/channels/rapid/components-2.json HTTP/1.1" 200 171933
2021-11-23 23:01:27,735 INFO     ___FILE_ONLY___ 

Updates are available for some Cloud SDK components.  To install them,
please run:
  $ gcloud components update


