2021-11-15 13:17:27,622 DEBUG    root            Loaded Command Group: [u'gcloud', u'auth']
2021-11-15 13:17:27,678 DEBUG    root            Loaded Command Group: [u'gcloud', u'auth', u'login']
2021-11-15 13:17:27,680 DEBUG    root            Running [gcloud.auth.login] with arguments: []
2021-11-15 13:17:27,783 DEBUG    requests_oauthlib.oauth2_session Generated new state cf3XCCadJLfuYP3g4axQNVMWtAo2P6.
2021-11-15 13:17:28,026 INFO     ___FILE_ONLY___ Your browser has been opened to visit:

    https://accounts.google.com/o/oauth2/auth?response_type=code&client_id=32555940559.apps.googleusercontent.com&redirect_uri=http%3A%2F%2Flocalhost%3A8085%2F&scope=openid+https%3A%2F%2Fwww.googleapis.com%2Fauth%2Fuserinfo.email+https%3A%2F%2Fwww.googleapis.com%2Fauth%2Fcloud-platform+https%3A%2F%2Fwww.googleapis.com%2Fauth%2Fappengine.admin+https%3A%2F%2Fwww.googleapis.com%2Fauth%2Fcompute+https%3A%2F%2Fwww.googleapis.com%2Fauth%2Faccounts.reauth&state=cf3XCCadJLfuYP3g4axQNVMWtAo2P6&code_challenge=p6Euuo6xrjv4ai6J67NDxzddJyam5wNtlI64PhIUHd0&code_challenge_method=S256&access_type=offline


2021-11-15 13:18:28,938 INFO     google_auth_oauthlib.flow "GET /?state=cf3XCCadJLfuYP3g4axQNVMWtAo2P6&code=4/0AX4XfWg2J2Hh698KBIs95pTQdIiWFWFoPaJ_YF7HmG5GoPzUxb-EDjk7I8tkUrMvdktaWQ&scope=email%20openid%20https://www.googleapis.com/auth/userinfo.email%20https://www.googleapis.com/auth/cloud-platform%20https://www.googleapis.com/auth/appengine.admin%20https://www.googleapis.com/auth/compute%20https://www.googleapis.com/auth/accounts.reauth&authuser=0&prompt=consent HTTP/1.1" 200 959
2021-11-15 13:18:28,939 DEBUG    requests_oauthlib.oauth2_session Requesting url https://oauth2.googleapis.com/token using method POST.
2021-11-15 13:18:28,940 DEBUG    requests_oauthlib.oauth2_session Supplying headers {'Content-Type': 'application/x-www-form-urlencoded;charset=UTF-8', 'Accept': 'application/json', 'user-agent': 'google-cloud-sdk gcloud/364.0.0 command/gcloud.auth.login invocation-id/40130a2a36db43dc9667b5977a07e7c1 environment/None environment-version/None interactive/True from-script/False python/2.7.16 term/xterm-256color (Macintosh; Intel Mac OS X 19.6.0)'} and data {u'code': u'4/0AX4XfWg2J2Hh698KBIs95pTQdIiWFWFoPaJ_YF7HmG5GoPzUxb-EDjk7I8tkUrMvdktaWQ', u'code_verifier': u'H5M.dq-YxOUeT-.zjru.U~mPl_.pN~SQt.IeFdyPBQF~-244VpC3WtqVHPVvJX-nlxWV~B2tlX2L_zW2cN0VmNF77yU1dKzsL0OY8xl00NI~Ih_PaJ89AKogb548wpzn', u'redirect_uri': u'http://localhost:8085/', u'client_id': u'32555940559.apps.googleusercontent.com', u'client_secret': u'ZmssLNjJy2998hD4CTg2ejr2', u'grant_type': u'authorization_code'}
2021-11-15 13:18:28,940 DEBUG    requests_oauthlib.oauth2_session Passing through key word arguments {'verify': True, 'json': None, 'proxies': None, 'timeout': None, 'auth': None}.
2021-11-15 13:18:28,992 DEBUG    urllib3.connectionpool Starting new HTTPS connection (1): oauth2.googleapis.com:443
2021-11-15 13:18:29,256 DEBUG    urllib3.connectionpool https://oauth2.googleapis.com:443 "POST /token HTTP/1.1" 200 None
2021-11-15 13:18:29,257 DEBUG    requests_oauthlib.oauth2_session Prepared fetch token request body grant_type=authorization_code&client_id=32555940559.apps.googleusercontent.com&client_secret=ZmssLNjJy2998hD4CTg2ejr2&code_verifier=H5M.dq-YxOUeT-.zjru.U%7EmPl_.pN%7ESQt.IeFdyPBQF%7E-244VpC3WtqVHPVvJX-nlxWV%7EB2tlX2L_zW2cN0VmNF77yU1dKzsL0OY8xl00NI%7EIh_PaJ89AKogb548wpzn&code=4%2F0AX4XfWg2J2Hh698KBIs95pTQdIiWFWFoPaJ_YF7HmG5GoPzUxb-EDjk7I8tkUrMvdktaWQ&redirect_uri=http%3A%2F%2Flocalhost%3A8085%2F
2021-11-15 13:18:29,257 DEBUG    requests_oauthlib.oauth2_session Request to fetch token completed with status 200.
2021-11-15 13:18:29,257 DEBUG    requests_oauthlib.oauth2_session Request headers were {'Content-Length': '397', 'Accept-Encoding': 'gzip, deflate', 'Accept': 'application/json', 'user-agent': 'google-cloud-sdk gcloud/364.0.0 command/gcloud.auth.login invocation-id/40130a2a36db43dc9667b5977a07e7c1 environment/None environment-version/None interactive/True from-script/False python/2.7.16 term/xterm-256color (Macintosh; Intel Mac OS X 19.6.0)', 'Connection': 'keep-alive', 'Content-Type': 'application/x-www-form-urlencoded;charset=UTF-8'}
2021-11-15 13:18:29,257 DEBUG    requests_oauthlib.oauth2_session Request body was code=4%2F0AX4XfWg2J2Hh698KBIs95pTQdIiWFWFoPaJ_YF7HmG5GoPzUxb-EDjk7I8tkUrMvdktaWQ&code_verifier=H5M.dq-YxOUeT-.zjru.U%7EmPl_.pN%7ESQt.IeFdyPBQF%7E-244VpC3WtqVHPVvJX-nlxWV%7EB2tlX2L_zW2cN0VmNF77yU1dKzsL0OY8xl00NI%7EIh_PaJ89AKogb548wpzn&redirect_uri=http%3A%2F%2Flocalhost%3A8085%2F&client_id=32555940559.apps.googleusercontent.com&client_secret=ZmssLNjJy2998hD4CTg2ejr2&grant_type=authorization_code
2021-11-15 13:18:29,258 DEBUG    requests_oauthlib.oauth2_session Response headers were {'X-XSS-Protection': '0', 'X-Content-Type-Options': 'nosniff', 'Content-Encoding': 'gzip', 'Transfer-Encoding': 'chunked', 'Expires': 'Mon, 01 Jan 1990 00:00:00 GMT', 'Vary': 'Origin, X-Origin, Referer', 'Server': 'scaffolding on HTTPServer2', 'Pragma': 'no-cache', 'Cache-Control': 'no-cache, no-store, max-age=0, must-revalidate', 'Date': 'Mon, 15 Nov 2021 21:18:29 GMT', 'X-Frame-Options': 'SAMEORIGIN', 'Alt-Svc': 'h3=":443"; ma=2592000,h3-29=":443"; ma=2592000,h3-Q050=":443"; ma=2592000,h3-Q046=":443"; ma=2592000,h3-Q043=":443"; ma=2592000,quic=":443"; ma=2592000; v="46,43"', 'Content-Type': 'application/json; charset=utf-8'} and content {
  "access_token": "ya29.a0ARrdaM_r4GtBAdSiE9SzK5zvY_II-4SEQDJ5ajwUgHJQTeUh21BLe_GsnJjSqHHoO-sj30r8n4GxgYel4aBs9PhtWAXYqlKwujcqnYiiHNjTGaXj9CvOKMVhhCYgcoZlB4md9d6wctGWrUAB9QacUQt_odv_4FiJKUd0",
  "expires_in": 3599,
  "refresh_token": "1//06hHbq57opFNDCgYIARAAGAYSNwF-L9IrNSHYF_KEHaJUnvP_5KICoOxNbq_ozR9GXU__Mqqf9Oxod7YakX6ao_naW9FlHxTmQ7M",
  "scope": "https://www.googleapis.com/auth/appengine.admin https://www.googleapis.com/auth/userinfo.email openid https://www.googleapis.com/auth/accounts.reauth https://www.googleapis.com/auth/cloud-platform https://www.googleapis.com/auth/compute",
  "token_type": "Bearer",
  "id_token": "eyJhbGciOiJSUzI1NiIsImtpZCI6IjAzMmIyZWYzZDJjMjgwNjE1N2Y4YTliOWY0ZWY3Nzk4MzRmODVhZGEiLCJ0eXAiOiJKV1QifQ.eyJpc3MiOiJodHRwczovL2FjY291bnRzLmdvb2dsZS5jb20iLCJhenAiOiIzMjU1NTk0MDU1OS5hcHBzLmdvb2dsZXVzZXJjb250ZW50LmNvbSIsImF1ZCI6IjMyNTU1OTQwNTU5LmFwcHMuZ29vZ2xldXNlcmNvbnRlbnQuY29tIiwic3ViIjoiMTAxNDIwNTIzNTk3NzQ0Mjk1MDYyIiwiZW1haWwiOiJ6YWNoc3RhbWVnbmFAZ21haWwuY29tIiwiZW1haWxfdmVyaWZpZWQiOnRydWUsImF0X2hhc2giOiJWVDhhMDJIQ19KQ2IwRkMzR0VlbDhnIiwiaWF0IjoxNjM3MDExMTA5LCJleHAiOjE2MzcwMTQ3MDl9.WAgf1Oxm8Us9QkID6XVu1v5zzJbltANozQX2b_HYcobChJdLmESA257lwrDtZuAeWbg5mOX86f_lO_Tz9hfqg16SulUTyOe9Cp_4SDsq3Q1yUSHHNZ4NwSY-6ePjiv5PnoEQijXpkrF60wcLFS7lrRYi_pVVkNhZtRlICDWI7pKEyeLD_ZETGsRBI_U_DmAksBZ1UQczKLQ9zqjDg73AlePK_EV8Lx-jl5KiWHXmFy5mPcUeKgcef8f3J9CMj5B4R3KNJWPPTawJKNJjXOzIgEaMxOgP5xFKtf8vWDXzx8r5b3QQhIqB8C_eKsiS8gU6AiEvdQZBdoySmKpwXou-xw"
}.
2021-11-15 13:18:29,258 DEBUG    requests_oauthlib.oauth2_session Invoking 0 token response hooks.
2021-11-15 13:18:29,258 DEBUG    requests_oauthlib.oauth2_session Obtained token {u'token_type': u'Bearer', u'refresh_token': u'1//06hHbq57opFNDCgYIARAAGAYSNwF-L9IrNSHYF_KEHaJUnvP_5KICoOxNbq_ozR9GXU__Mqqf9Oxod7YakX6ao_naW9FlHxTmQ7M', u'scope': [u'https://www.googleapis.com/auth/appengine.admin', u'https://www.googleapis.com/auth/userinfo.email', u'openid', u'https://www.googleapis.com/auth/accounts.reauth', u'https://www.googleapis.com/auth/cloud-platform', u'https://www.googleapis.com/auth/compute'], u'access_token': u'ya29.a0ARrdaM_r4GtBAdSiE9SzK5zvY_II-4SEQDJ5ajwUgHJQTeUh21BLe_GsnJjSqHHoO-sj30r8n4GxgYel4aBs9PhtWAXYqlKwujcqnYiiHNjTGaXj9CvOKMVhhCYgcoZlB4md9d6wctGWrUAB9QacUQt_odv_4FiJKUd0', u'id_token': u'eyJhbGciOiJSUzI1NiIsImtpZCI6IjAzMmIyZWYzZDJjMjgwNjE1N2Y4YTliOWY0ZWY3Nzk4MzRmODVhZGEiLCJ0eXAiOiJKV1QifQ.eyJpc3MiOiJodHRwczovL2FjY291bnRzLmdvb2dsZS5jb20iLCJhenAiOiIzMjU1NTk0MDU1OS5hcHBzLmdvb2dsZXVzZXJjb250ZW50LmNvbSIsImF1ZCI6IjMyNTU1OTQwNTU5LmFwcHMuZ29vZ2xldXNlcmNvbnRlbnQuY29tIiwic3ViIjoiMTAxNDIwNTIzNTk3NzQ0Mjk1MDYyIiwiZW1haWwiOiJ6YWNoc3RhbWVnbmFAZ21haWwuY29tIiwiZW1haWxfdmVyaWZpZWQiOnRydWUsImF0X2hhc2giOiJWVDhhMDJIQ19KQ2IwRkMzR0VlbDhnIiwiaWF0IjoxNjM3MDExMTA5LCJleHAiOjE2MzcwMTQ3MDl9.WAgf1Oxm8Us9QkID6XVu1v5zzJbltANozQX2b_HYcobChJdLmESA257lwrDtZuAeWbg5mOX86f_lO_Tz9hfqg16SulUTyOe9Cp_4SDsq3Q1yUSHHNZ4NwSY-6ePjiv5PnoEQijXpkrF60wcLFS7lrRYi_pVVkNhZtRlICDWI7pKEyeLD_ZETGsRBI_U_DmAksBZ1UQczKLQ9zqjDg73AlePK_EV8Lx-jl5KiWHXmFy5mPcUeKgcef8f3J9CMj5B4R3KNJWPPTawJKNJjXOzIgEaMxOgP5xFKtf8vWDXzx8r5b3QQhIqB8C_eKsiS8gU6AiEvdQZBdoySmKpwXou-xw', u'expires_in': 3599, u'expires_at': 1637014708.258379}.
2021-11-15 13:18:29,266 INFO     ___FILE_ONLY___ 
You are now logged in as [zachstamegna@gmail.com].
Your current project is [high-comfort-332206].  You can change this setting by running:
  $ gcloud config set project PROJECT_ID

2021-11-15 13:18:29,270 INFO     root            Display format: "none"
