2021-11-15 13:40:40,154 DEBUG    root            Loaded Command Group: [u'gcloud', u'auth']
2021-11-15 13:40:40,242 DEBUG    root            Loaded Command Group: [u'gcloud', u'auth', u'login']
2021-11-15 13:40:40,245 DEBUG    root            Running [gcloud.auth.login] with arguments: []
2021-11-15 13:40:40,266 DEBUG    requests_oauthlib.oauth2_session Generated new state EJehUootlIBtZ2WBs6pMsHG9hghZJQ.
2021-11-15 13:40:40,493 INFO     ___FILE_ONLY___ Your browser has been opened to visit:

    https://accounts.google.com/o/oauth2/auth?response_type=code&client_id=32555940559.apps.googleusercontent.com&redirect_uri=http%3A%2F%2Flocalhost%3A8085%2F&scope=openid+https%3A%2F%2Fwww.googleapis.com%2Fauth%2Fuserinfo.email+https%3A%2F%2Fwww.googleapis.com%2Fauth%2Fcloud-platform+https%3A%2F%2Fwww.googleapis.com%2Fauth%2Fappengine.admin+https%3A%2F%2Fwww.googleapis.com%2Fauth%2Fcompute+https%3A%2F%2Fwww.googleapis.com%2Fauth%2Faccounts.reauth&state=EJehUootlIBtZ2WBs6pMsHG9hghZJQ&code_challenge=4uYR31JHp19Lt3XzBHxICIKXntZCHtgaJcx3Nffc1mg&code_challenge_method=S256&access_type=offline


2021-11-15 13:48:42,023 INFO     google_auth_oauthlib.flow "GET /?state=EJehUootlIBtZ2WBs6pMsHG9hghZJQ&code=4/0AX4XfWjmMZHb6iAFDx0h03n3SsJVIuE2tkW8Bggc70w2Gjddxvm311l-3UCCnjIxVghQ3g&scope=email%20openid%20https://www.googleapis.com/auth/userinfo.email%20https://www.googleapis.com/auth/cloud-platform%20https://www.googleapis.com/auth/appengine.admin%20https://www.googleapis.com/auth/compute%20https://www.googleapis.com/auth/accounts.reauth&authuser=0&prompt=consent HTTP/1.1" 200 959
2021-11-15 13:48:42,025 DEBUG    requests_oauthlib.oauth2_session Requesting url https://oauth2.googleapis.com/token using method POST.
2021-11-15 13:48:42,026 DEBUG    requests_oauthlib.oauth2_session Supplying headers {'Content-Type': 'application/x-www-form-urlencoded;charset=UTF-8', 'Accept': 'application/json', 'user-agent': 'google-cloud-sdk gcloud/364.0.0 command/gcloud.auth.login invocation-id/e40338b3ffaa4e37bef8a7ba8c0cd4e3 environment/None environment-version/None interactive/True from-script/False python/2.7.16 term/xterm-256color (Macintosh; Intel Mac OS X 19.6.0)'} and data {u'code': u'4/0AX4XfWjmMZHb6iAFDx0h03n3SsJVIuE2tkW8Bggc70w2Gjddxvm311l-3UCCnjIxVghQ3g', u'code_verifier': u'3aAUK2cpB2EsuEirfKIbOPNe6Ozj9axmK8ovg.X9bK5wfTSelIIxiKQBjpUxNXzuy3W63yWMysQtgXEQWGrGJuYoBl~QY9NwPSudA4Zvu4jyVyK5eIdrwY0ftFnLuDVc', u'redirect_uri': u'http://localhost:8085/', u'client_id': u'32555940559.apps.googleusercontent.com', u'client_secret': u'ZmssLNjJy2998hD4CTg2ejr2', u'grant_type': u'authorization_code'}
2021-11-15 13:48:42,026 DEBUG    requests_oauthlib.oauth2_session Passing through key word arguments {'verify': True, 'json': None, 'proxies': None, 'timeout': None, 'auth': None}.
2021-11-15 13:48:42,100 DEBUG    urllib3.connectionpool Starting new HTTPS connection (1): oauth2.googleapis.com:443
2021-11-15 13:48:42,327 DEBUG    urllib3.connectionpool https://oauth2.googleapis.com:443 "POST /token HTTP/1.1" 200 None
2021-11-15 13:48:42,331 DEBUG    requests_oauthlib.oauth2_session Prepared fetch token request body grant_type=authorization_code&client_id=32555940559.apps.googleusercontent.com&client_secret=ZmssLNjJy2998hD4CTg2ejr2&code_verifier=3aAUK2cpB2EsuEirfKIbOPNe6Ozj9axmK8ovg.X9bK5wfTSelIIxiKQBjpUxNXzuy3W63yWMysQtgXEQWGrGJuYoBl%7EQY9NwPSudA4Zvu4jyVyK5eIdrwY0ftFnLuDVc&code=4%2F0AX4XfWjmMZHb6iAFDx0h03n3SsJVIuE2tkW8Bggc70w2Gjddxvm311l-3UCCnjIxVghQ3g&redirect_uri=http%3A%2F%2Flocalhost%3A8085%2F
2021-11-15 13:48:42,331 DEBUG    requests_oauthlib.oauth2_session Request to fetch token completed with status 200.
2021-11-15 13:48:42,332 DEBUG    requests_oauthlib.oauth2_session Request headers were {'Content-Length': '389', 'Accept-Encoding': 'gzip, deflate', 'Accept': 'application/json', 'user-agent': 'google-cloud-sdk gcloud/364.0.0 command/gcloud.auth.login invocation-id/e40338b3ffaa4e37bef8a7ba8c0cd4e3 environment/None environment-version/None interactive/True from-script/False python/2.7.16 term/xterm-256color (Macintosh; Intel Mac OS X 19.6.0)', 'Connection': 'keep-alive', 'Content-Type': 'application/x-www-form-urlencoded;charset=UTF-8'}
2021-11-15 13:48:42,333 DEBUG    requests_oauthlib.oauth2_session Request body was code=4%2F0AX4XfWjmMZHb6iAFDx0h03n3SsJVIuE2tkW8Bggc70w2Gjddxvm311l-3UCCnjIxVghQ3g&code_verifier=3aAUK2cpB2EsuEirfKIbOPNe6Ozj9axmK8ovg.X9bK5wfTSelIIxiKQBjpUxNXzuy3W63yWMysQtgXEQWGrGJuYoBl%7EQY9NwPSudA4Zvu4jyVyK5eIdrwY0ftFnLuDVc&redirect_uri=http%3A%2F%2Flocalhost%3A8085%2F&client_id=32555940559.apps.googleusercontent.com&client_secret=ZmssLNjJy2998hD4CTg2ejr2&grant_type=authorization_code
2021-11-15 13:48:42,333 DEBUG    requests_oauthlib.oauth2_session Response headers were {'X-XSS-Protection': '0', 'X-Content-Type-Options': 'nosniff', 'Content-Encoding': 'gzip', 'Transfer-Encoding': 'chunked', 'Expires': 'Mon, 01 Jan 1990 00:00:00 GMT', 'Vary': 'Origin, X-Origin, Referer', 'Server': 'scaffolding on HTTPServer2', 'Pragma': 'no-cache', 'Cache-Control': 'no-cache, no-store, max-age=0, must-revalidate', 'Date': 'Mon, 15 Nov 2021 21:48:42 GMT', 'X-Frame-Options': 'SAMEORIGIN', 'Alt-Svc': 'h3=":443"; ma=2592000,h3-29=":443"; ma=2592000,h3-Q050=":443"; ma=2592000,h3-Q046=":443"; ma=2592000,h3-Q043=":443"; ma=2592000,quic=":443"; ma=2592000; v="46,43"', 'Content-Type': 'application/json; charset=utf-8'} and content {
  "access_token": "ya29.a0ARrdaM8TrBLxz-waVyBBiZ8Lp6WCwofr84w4o-uNWDbDMjXoeapDtgXnFL3Gf7HOqZFOHAteqgZraRa4u-5o_ZvmyRC52d4TlRC_hJRg-K_ieaw_xB2MCPsOOfNZrBeabTys80ura2k4OIB2fuPxkVfxdG-50hu445FP",
  "expires_in": 3599,
  "refresh_token": "1//06U_tQTmrDPkaCgYIARAAGAYSNwF-L9IrxHTuW_p5Z41HNL1RP4IyzyJ0wTAoo7NqkVuFi_6hc9vgDpkm_IOCwhtmMz4HdOMLA7o",
  "scope": "https://www.googleapis.com/auth/userinfo.email https://www.googleapis.com/auth/cloud-platform https://www.googleapis.com/auth/appengine.admin https://www.googleapis.com/auth/compute openid https://www.googleapis.com/auth/accounts.reauth",
  "token_type": "Bearer",
  "id_token": "eyJhbGciOiJSUzI1NiIsImtpZCI6IjAzMmIyZWYzZDJjMjgwNjE1N2Y4YTliOWY0ZWY3Nzk4MzRmODVhZGEiLCJ0eXAiOiJKV1QifQ.eyJpc3MiOiJodHRwczovL2FjY291bnRzLmdvb2dsZS5jb20iLCJhenAiOiIzMjU1NTk0MDU1OS5hcHBzLmdvb2dsZXVzZXJjb250ZW50LmNvbSIsImF1ZCI6IjMyNTU1OTQwNTU5LmFwcHMuZ29vZ2xldXNlcmNvbnRlbnQuY29tIiwic3ViIjoiMTAxNDIwNTIzNTk3NzQ0Mjk1MDYyIiwiZW1haWwiOiJ6YWNoc3RhbWVnbmFAZ21haWwuY29tIiwiZW1haWxfdmVyaWZpZWQiOnRydWUsImF0X2hhc2giOiJXYXo3dEpKNjNtQnZtcTVNT3FqWk1nIiwiaWF0IjoxNjM3MDEyOTIyLCJleHAiOjE2MzcwMTY1MjJ9.ArWWWt8gA_Lo9n_r34iqBC6CRWbOOC5CnwvcR2G_kC0HPU4frA3hITdIdkyjkfMMnHoAWGb-JZW7d91r6JwZj5qVnABGaOiupNdaz-JouL-6Spm5K8OHBbZzkesgKEN7d8OrTS02ZTI4wyo7JutNTFmO-Der37Re4Li4JYKevN9nrgiy4vjY4vRTn1INSBxJ-2_U6nZEFLsXJsBwntXinxMzvgkWnrImGrwFZG6Ej1fgs9TtMvM8H7RrOQomkv04EbjdRfKY1Pc_Ru-AicHPHTiNsa71SyEwGqWvMzKpdotsf93Gt0ThU1_gVvG_jjg5nVLhDZ6-7Bsx1y98GG2XSQ"
}.
2021-11-15 13:48:42,333 DEBUG    requests_oauthlib.oauth2_session Invoking 0 token response hooks.
2021-11-15 13:48:42,334 DEBUG    requests_oauthlib.oauth2_session Obtained token {u'token_type': u'Bearer', u'refresh_token': u'1//06U_tQTmrDPkaCgYIARAAGAYSNwF-L9IrxHTuW_p5Z41HNL1RP4IyzyJ0wTAoo7NqkVuFi_6hc9vgDpkm_IOCwhtmMz4HdOMLA7o', u'scope': [u'https://www.googleapis.com/auth/userinfo.email', u'https://www.googleapis.com/auth/cloud-platform', u'https://www.googleapis.com/auth/appengine.admin', u'https://www.googleapis.com/auth/compute', u'openid', u'https://www.googleapis.com/auth/accounts.reauth'], u'access_token': u'ya29.a0ARrdaM8TrBLxz-waVyBBiZ8Lp6WCwofr84w4o-uNWDbDMjXoeapDtgXnFL3Gf7HOqZFOHAteqgZraRa4u-5o_ZvmyRC52d4TlRC_hJRg-K_ieaw_xB2MCPsOOfNZrBeabTys80ura2k4OIB2fuPxkVfxdG-50hu445FP', u'id_token': u'eyJhbGciOiJSUzI1NiIsImtpZCI6IjAzMmIyZWYzZDJjMjgwNjE1N2Y4YTliOWY0ZWY3Nzk4MzRmODVhZGEiLCJ0eXAiOiJKV1QifQ.eyJpc3MiOiJodHRwczovL2FjY291bnRzLmdvb2dsZS5jb20iLCJhenAiOiIzMjU1NTk0MDU1OS5hcHBzLmdvb2dsZXVzZXJjb250ZW50LmNvbSIsImF1ZCI6IjMyNTU1OTQwNTU5LmFwcHMuZ29vZ2xldXNlcmNvbnRlbnQuY29tIiwic3ViIjoiMTAxNDIwNTIzNTk3NzQ0Mjk1MDYyIiwiZW1haWwiOiJ6YWNoc3RhbWVnbmFAZ21haWwuY29tIiwiZW1haWxfdmVyaWZpZWQiOnRydWUsImF0X2hhc2giOiJXYXo3dEpKNjNtQnZtcTVNT3FqWk1nIiwiaWF0IjoxNjM3MDEyOTIyLCJleHAiOjE2MzcwMTY1MjJ9.ArWWWt8gA_Lo9n_r34iqBC6CRWbOOC5CnwvcR2G_kC0HPU4frA3hITdIdkyjkfMMnHoAWGb-JZW7d91r6JwZj5qVnABGaOiupNdaz-JouL-6Spm5K8OHBbZzkesgKEN7d8OrTS02ZTI4wyo7JutNTFmO-Der37Re4Li4JYKevN9nrgiy4vjY4vRTn1INSBxJ-2_U6nZEFLsXJsBwntXinxMzvgkWnrImGrwFZG6Ej1fgs9TtMvM8H7RrOQomkv04EbjdRfKY1Pc_Ru-AicHPHTiNsa71SyEwGqWvMzKpdotsf93Gt0ThU1_gVvG_jjg5nVLhDZ6-7Bsx1y98GG2XSQ', u'expires_in': 3599, u'expires_at': 1637016521.334479}.
2021-11-15 13:48:42,358 INFO     ___FILE_ONLY___ 
You are now logged in as [zachstamegna@gmail.com].
Your current project is [high-comfort-332206].  You can change this setting by running:
  $ gcloud config set project PROJECT_ID

2021-11-15 13:48:42,367 INFO     root            Display format: "none"
