2021-11-15 15:25:35,174 DEBUG    root            Loaded Command Group: [u'gcloud', u'auth']
2021-11-15 15:25:35,248 DEBUG    root            Loaded Command Group: [u'gcloud', u'auth', u'login']
2021-11-15 15:25:35,251 DEBUG    root            Running [gcloud.auth.login] with arguments: []
2021-11-15 15:25:35,404 DEBUG    requests_oauthlib.oauth2_session Generated new state BMvFU1nEzbW0AMZ2EvE0scIdlV2g00.
2021-11-15 15:25:35,627 INFO     ___FILE_ONLY___ Your browser has been opened to visit:

    https://accounts.google.com/o/oauth2/auth?response_type=code&client_id=32555940559.apps.googleusercontent.com&redirect_uri=http%3A%2F%2Flocalhost%3A8085%2F&scope=openid+https%3A%2F%2Fwww.googleapis.com%2Fauth%2Fuserinfo.email+https%3A%2F%2Fwww.googleapis.com%2Fauth%2Fcloud-platform+https%3A%2F%2Fwww.googleapis.com%2Fauth%2Fappengine.admin+https%3A%2F%2Fwww.googleapis.com%2Fauth%2Fcompute+https%3A%2F%2Fwww.googleapis.com%2Fauth%2Faccounts.reauth&state=BMvFU1nEzbW0AMZ2EvE0scIdlV2g00&code_challenge=FerJzp-cv4cqyVTwasnzVV_1dbAn2oZ3jzsE0dJ7jdw&code_challenge_method=S256&access_type=offline


2021-11-15 15:25:40,961 INFO     google_auth_oauthlib.flow "GET /?state=BMvFU1nEzbW0AMZ2EvE0scIdlV2g00&code=4/0AX4XfWgN5B1rJ8aBKD8EDkS-6MlqZvhXhTnzDT-GqC9bqqypLLBSj7Dqqaa6z8r7KobNRg&scope=email%20openid%20https://www.googleapis.com/auth/userinfo.email%20https://www.googleapis.com/auth/cloud-platform%20https://www.googleapis.com/auth/appengine.admin%20https://www.googleapis.com/auth/compute%20https://www.googleapis.com/auth/accounts.reauth&authuser=0&prompt=consent HTTP/1.1" 200 959
2021-11-15 15:25:40,962 DEBUG    requests_oauthlib.oauth2_session Requesting url https://oauth2.googleapis.com/token using method POST.
2021-11-15 15:25:40,962 DEBUG    requests_oauthlib.oauth2_session Supplying headers {'Content-Type': 'application/x-www-form-urlencoded;charset=UTF-8', 'Accept': 'application/json', 'user-agent': 'google-cloud-sdk gcloud/364.0.0 command/gcloud.auth.login invocation-id/b003a74a17464cc2be905b00edf8b0ee environment/None environment-version/None interactive/True from-script/False python/2.7.16 term/xterm-256color (Macintosh; Intel Mac OS X 19.6.0)'} and data {u'code': u'4/0AX4XfWgN5B1rJ8aBKD8EDkS-6MlqZvhXhTnzDT-GqC9bqqypLLBSj7Dqqaa6z8r7KobNRg', u'code_verifier': u'hhDNiB6QqoqFn5s4FpuujmCu4KT33XMZAY4NZSQW9VFYtEE4lfz-M7m6UDxVP7M_XptYffN9TlpSefvXoZvafrZlJfYcmaU5oBLCHN2Db8MZTkbKjY-5A1AJdm3.iTYw', u'redirect_uri': u'http://localhost:8085/', u'client_id': u'32555940559.apps.googleusercontent.com', u'client_secret': u'ZmssLNjJy2998hD4CTg2ejr2', u'grant_type': u'authorization_code'}
2021-11-15 15:25:40,962 DEBUG    requests_oauthlib.oauth2_session Passing through key word arguments {'verify': True, 'json': None, 'proxies': None, 'timeout': None, 'auth': None}.
2021-11-15 15:25:41,013 DEBUG    urllib3.connectionpool Starting new HTTPS connection (1): oauth2.googleapis.com:443
2021-11-15 15:25:41,274 DEBUG    urllib3.connectionpool https://oauth2.googleapis.com:443 "POST /token HTTP/1.1" 200 None
2021-11-15 15:25:41,275 DEBUG    requests_oauthlib.oauth2_session Prepared fetch token request body grant_type=authorization_code&client_id=32555940559.apps.googleusercontent.com&client_secret=ZmssLNjJy2998hD4CTg2ejr2&code_verifier=hhDNiB6QqoqFn5s4FpuujmCu4KT33XMZAY4NZSQW9VFYtEE4lfz-M7m6UDxVP7M_XptYffN9TlpSefvXoZvafrZlJfYcmaU5oBLCHN2Db8MZTkbKjY-5A1AJdm3.iTYw&code=4%2F0AX4XfWgN5B1rJ8aBKD8EDkS-6MlqZvhXhTnzDT-GqC9bqqypLLBSj7Dqqaa6z8r7KobNRg&redirect_uri=http%3A%2F%2Flocalhost%3A8085%2F
2021-11-15 15:25:41,275 DEBUG    requests_oauthlib.oauth2_session Request to fetch token completed with status 200.
2021-11-15 15:25:41,276 DEBUG    requests_oauthlib.oauth2_session Request headers were {'Content-Length': '387', 'Accept-Encoding': 'gzip, deflate', 'Accept': 'application/json', 'user-agent': 'google-cloud-sdk gcloud/364.0.0 command/gcloud.auth.login invocation-id/b003a74a17464cc2be905b00edf8b0ee environment/None environment-version/None interactive/True from-script/False python/2.7.16 term/xterm-256color (Macintosh; Intel Mac OS X 19.6.0)', 'Connection': 'keep-alive', 'Content-Type': 'application/x-www-form-urlencoded;charset=UTF-8'}
2021-11-15 15:25:41,276 DEBUG    requests_oauthlib.oauth2_session Request body was code=4%2F0AX4XfWgN5B1rJ8aBKD8EDkS-6MlqZvhXhTnzDT-GqC9bqqypLLBSj7Dqqaa6z8r7KobNRg&code_verifier=hhDNiB6QqoqFn5s4FpuujmCu4KT33XMZAY4NZSQW9VFYtEE4lfz-M7m6UDxVP7M_XptYffN9TlpSefvXoZvafrZlJfYcmaU5oBLCHN2Db8MZTkbKjY-5A1AJdm3.iTYw&redirect_uri=http%3A%2F%2Flocalhost%3A8085%2F&client_id=32555940559.apps.googleusercontent.com&client_secret=ZmssLNjJy2998hD4CTg2ejr2&grant_type=authorization_code
2021-11-15 15:25:41,276 DEBUG    requests_oauthlib.oauth2_session Response headers were {'X-XSS-Protection': '0', 'X-Content-Type-Options': 'nosniff', 'Content-Encoding': 'gzip', 'Transfer-Encoding': 'chunked', 'Expires': 'Mon, 01 Jan 1990 00:00:00 GMT', 'Vary': 'Origin, X-Origin, Referer', 'Server': 'scaffolding on HTTPServer2', 'Pragma': 'no-cache', 'Cache-Control': 'no-cache, no-store, max-age=0, must-revalidate', 'Date': 'Mon, 15 Nov 2021 23:25:41 GMT', 'X-Frame-Options': 'SAMEORIGIN', 'Alt-Svc': 'h3=":443"; ma=2592000,h3-29=":443"; ma=2592000,h3-Q050=":443"; ma=2592000,h3-Q046=":443"; ma=2592000,h3-Q043=":443"; ma=2592000,quic=":443"; ma=2592000; v="46,43"', 'Content-Type': 'application/json; charset=utf-8'} and content {
  "access_token": "ya29.a0ARrdaM8YyTOYA1ExWGaQ-TjyH9AZLFt7LT8qiiKAlpp5UDijtbCy2RoOUCUOdP59ApFbvCKsP5JJ2yewWHtwRTnrtohdji2pKKcKJ2HwcQVWfRjTrG1FU2S6g1_EQPFIn2L3Vl7RJkAAFdbbIQ8qaP61wJI2z5HEO2yd",
  "expires_in": 3599,
  "refresh_token": "1//06FA8Ca_iwL98CgYIARAAGAYSNwF-L9Ir7m0FAvf8L4WpugKzjLk2bAaUk6ql7hiw5BlAGmYgwrrMRi-BEYAJBoqyAlWLSDLj4wo",
  "scope": "openid https://www.googleapis.com/auth/accounts.reauth https://www.googleapis.com/auth/cloud-platform https://www.googleapis.com/auth/appengine.admin https://www.googleapis.com/auth/userinfo.email https://www.googleapis.com/auth/compute",
  "token_type": "Bearer",
  "id_token": "eyJhbGciOiJSUzI1NiIsImtpZCI6IjAzMmIyZWYzZDJjMjgwNjE1N2Y4YTliOWY0ZWY3Nzk4MzRmODVhZGEiLCJ0eXAiOiJKV1QifQ.eyJpc3MiOiJodHRwczovL2FjY291bnRzLmdvb2dsZS5jb20iLCJhenAiOiIzMjU1NTk0MDU1OS5hcHBzLmdvb2dsZXVzZXJjb250ZW50LmNvbSIsImF1ZCI6IjMyNTU1OTQwNTU5LmFwcHMuZ29vZ2xldXNlcmNvbnRlbnQuY29tIiwic3ViIjoiMTAxNDIwNTIzNTk3NzQ0Mjk1MDYyIiwiZW1haWwiOiJ6YWNoc3RhbWVnbmFAZ21haWwuY29tIiwiZW1haWxfdmVyaWZpZWQiOnRydWUsImF0X2hhc2giOiJyeS1sbEVvWnpIZkdBWVc0YWVHazBRIiwiaWF0IjoxNjM3MDE4NzQxLCJleHAiOjE2MzcwMjIzNDF9.MKcbpbEURjQ_4e6bgPZoappBWgZO_-yMX8ERNHCbY84llCqgQr781I5GPpuZYnkTl0Z1TT1jApWHch0ZMxyS_KOA2IIVAp98QF_yPczaMVTQL8a_27sQ7qLmaYeEJigA2qtd2CE8pl4ERQzpSVPHwtqY0nY66hMOwVZnFmYZtJgrRto8r01QGxj-c6XADX2SkVIgDC3OGFmnWeKIEsaQatFcueNngjMfzV9oH1PT9PiI1yMPs0hd3gbdXpfldFXZpo1OjEDDaM6Z5SROWxjjUBV4PUGSu9HXzB6z4SG1pqd5x5SVLOFHMAsdr-1aZHmOijywFgxCpege0r5IMo3-hQ"
}.
2021-11-15 15:25:41,276 DEBUG    requests_oauthlib.oauth2_session Invoking 0 token response hooks.
2021-11-15 15:25:41,276 DEBUG    requests_oauthlib.oauth2_session Obtained token {u'token_type': u'Bearer', u'refresh_token': u'1//06FA8Ca_iwL98CgYIARAAGAYSNwF-L9Ir7m0FAvf8L4WpugKzjLk2bAaUk6ql7hiw5BlAGmYgwrrMRi-BEYAJBoqyAlWLSDLj4wo', u'scope': [u'openid', u'https://www.googleapis.com/auth/accounts.reauth', u'https://www.googleapis.com/auth/cloud-platform', u'https://www.googleapis.com/auth/appengine.admin', u'https://www.googleapis.com/auth/userinfo.email', u'https://www.googleapis.com/auth/compute'], u'access_token': u'ya29.a0ARrdaM8YyTOYA1ExWGaQ-TjyH9AZLFt7LT8qiiKAlpp5UDijtbCy2RoOUCUOdP59ApFbvCKsP5JJ2yewWHtwRTnrtohdji2pKKcKJ2HwcQVWfRjTrG1FU2S6g1_EQPFIn2L3Vl7RJkAAFdbbIQ8qaP61wJI2z5HEO2yd', u'id_token': u'eyJhbGciOiJSUzI1NiIsImtpZCI6IjAzMmIyZWYzZDJjMjgwNjE1N2Y4YTliOWY0ZWY3Nzk4MzRmODVhZGEiLCJ0eXAiOiJKV1QifQ.eyJpc3MiOiJodHRwczovL2FjY291bnRzLmdvb2dsZS5jb20iLCJhenAiOiIzMjU1NTk0MDU1OS5hcHBzLmdvb2dsZXVzZXJjb250ZW50LmNvbSIsImF1ZCI6IjMyNTU1OTQwNTU5LmFwcHMuZ29vZ2xldXNlcmNvbnRlbnQuY29tIiwic3ViIjoiMTAxNDIwNTIzNTk3NzQ0Mjk1MDYyIiwiZW1haWwiOiJ6YWNoc3RhbWVnbmFAZ21haWwuY29tIiwiZW1haWxfdmVyaWZpZWQiOnRydWUsImF0X2hhc2giOiJyeS1sbEVvWnpIZkdBWVc0YWVHazBRIiwiaWF0IjoxNjM3MDE4NzQxLCJleHAiOjE2MzcwMjIzNDF9.MKcbpbEURjQ_4e6bgPZoappBWgZO_-yMX8ERNHCbY84llCqgQr781I5GPpuZYnkTl0Z1TT1jApWHch0ZMxyS_KOA2IIVAp98QF_yPczaMVTQL8a_27sQ7qLmaYeEJigA2qtd2CE8pl4ERQzpSVPHwtqY0nY66hMOwVZnFmYZtJgrRto8r01QGxj-c6XADX2SkVIgDC3OGFmnWeKIEsaQatFcueNngjMfzV9oH1PT9PiI1yMPs0hd3gbdXpfldFXZpo1OjEDDaM6Z5SROWxjjUBV4PUGSu9HXzB6z4SG1pqd5x5SVLOFHMAsdr-1aZHmOijywFgxCpege0r5IMo3-hQ', u'expires_in': 3599, u'expires_at': 1637022340.276763}.
2021-11-15 15:25:41,285 INFO     ___FILE_ONLY___ 
You are now logged in as [zachstamegna@gmail.com].
Your current project is [high-comfort-332206].  You can change this setting by running:
  $ gcloud config set project PROJECT_ID

2021-11-15 15:25:41,289 INFO     root            Display format: "none"
