2021-11-15 15:28:36,466 DEBUG    root            Loaded Command Group: [u'gcloud', u'auth']
2021-11-15 15:28:36,545 DEBUG    root            Loaded Command Group: [u'gcloud', u'auth', u'login']
2021-11-15 15:28:36,549 DEBUG    root            Running [gcloud.auth.login] with arguments: []
2021-11-15 15:28:36,562 DEBUG    requests_oauthlib.oauth2_session Generated new state sjDUuc9yzkIL965Ztk1n0xNFpCn1Db.
2021-11-15 15:28:36,757 INFO     ___FILE_ONLY___ Your browser has been opened to visit:

    https://accounts.google.com/o/oauth2/auth?response_type=code&client_id=32555940559.apps.googleusercontent.com&redirect_uri=http%3A%2F%2Flocalhost%3A8085%2F&scope=openid+https%3A%2F%2Fwww.googleapis.com%2Fauth%2Fuserinfo.email+https%3A%2F%2Fwww.googleapis.com%2Fauth%2Fcloud-platform+https%3A%2F%2Fwww.googleapis.com%2Fauth%2Fappengine.admin+https%3A%2F%2Fwww.googleapis.com%2Fauth%2Fcompute+https%3A%2F%2Fwww.googleapis.com%2Fauth%2Faccounts.reauth&state=sjDUuc9yzkIL965Ztk1n0xNFpCn1Db&code_challenge=HaktMzoMPFfEJqW7iFwe6KsO9WnClg25xVqyWjwrFyw&code_challenge_method=S256&access_type=offline


2021-11-15 15:28:43,917 INFO     google_auth_oauthlib.flow "GET /?state=sjDUuc9yzkIL965Ztk1n0xNFpCn1Db&code=4/0AX4XfWjyAPllBJro39h1NwQExJUl4bZUgCbv07dO-1MWwpN4qA4nUMAuDs6IebAUkoIgMQ&scope=email%20openid%20https://www.googleapis.com/auth/userinfo.email%20https://www.googleapis.com/auth/cloud-platform%20https://www.googleapis.com/auth/appengine.admin%20https://www.googleapis.com/auth/compute%20https://www.googleapis.com/auth/accounts.reauth&authuser=0&prompt=consent HTTP/1.1" 200 959
2021-11-15 15:28:43,918 DEBUG    requests_oauthlib.oauth2_session Requesting url https://oauth2.googleapis.com/token using method POST.
2021-11-15 15:28:43,919 DEBUG    requests_oauthlib.oauth2_session Supplying headers {'Content-Type': 'application/x-www-form-urlencoded;charset=UTF-8', 'Accept': 'application/json', 'user-agent': 'google-cloud-sdk gcloud/364.0.0 command/gcloud.auth.login invocation-id/503385fdd6b041cbabcb5386a0e54a33 environment/None environment-version/None interactive/True from-script/False python/2.7.16 term/xterm-256color (Macintosh; Intel Mac OS X 19.6.0)'} and data {u'code': u'4/0AX4XfWjyAPllBJro39h1NwQExJUl4bZUgCbv07dO-1MWwpN4qA4nUMAuDs6IebAUkoIgMQ', u'code_verifier': u'qMXRFwk6joCFPdDU8JbBHq7UapreeXqYDPAsPwLg6Z-.qLowx5AcmNNnVVRO4uSJQjKYs9L8epY8SMVErwOn5XJI_7BGzP8CtjyE3_WYVKQSK0y9YUfv2h0.xXWNjf3s', u'redirect_uri': u'http://localhost:8085/', u'client_id': u'32555940559.apps.googleusercontent.com', u'client_secret': u'ZmssLNjJy2998hD4CTg2ejr2', u'grant_type': u'authorization_code'}
2021-11-15 15:28:43,919 DEBUG    requests_oauthlib.oauth2_session Passing through key word arguments {'verify': True, 'json': None, 'proxies': None, 'timeout': None, 'auth': None}.
2021-11-15 15:28:43,972 DEBUG    urllib3.connectionpool Starting new HTTPS connection (1): oauth2.googleapis.com:443
2021-11-15 15:28:44,180 DEBUG    urllib3.connectionpool https://oauth2.googleapis.com:443 "POST /token HTTP/1.1" 200 None
2021-11-15 15:28:44,183 DEBUG    requests_oauthlib.oauth2_session Prepared fetch token request body grant_type=authorization_code&client_id=32555940559.apps.googleusercontent.com&client_secret=ZmssLNjJy2998hD4CTg2ejr2&code_verifier=qMXRFwk6joCFPdDU8JbBHq7UapreeXqYDPAsPwLg6Z-.qLowx5AcmNNnVVRO4uSJQjKYs9L8epY8SMVErwOn5XJI_7BGzP8CtjyE3_WYVKQSK0y9YUfv2h0.xXWNjf3s&code=4%2F0AX4XfWjyAPllBJro39h1NwQExJUl4bZUgCbv07dO-1MWwpN4qA4nUMAuDs6IebAUkoIgMQ&redirect_uri=http%3A%2F%2Flocalhost%3A8085%2F
2021-11-15 15:28:44,183 DEBUG    requests_oauthlib.oauth2_session Request to fetch token completed with status 200.
2021-11-15 15:28:44,183 DEBUG    requests_oauthlib.oauth2_session Request headers were {'Content-Length': '387', 'Accept-Encoding': 'gzip, deflate', 'Accept': 'application/json', 'user-agent': 'google-cloud-sdk gcloud/364.0.0 command/gcloud.auth.login invocation-id/503385fdd6b041cbabcb5386a0e54a33 environment/None environment-version/None interactive/True from-script/False python/2.7.16 term/xterm-256color (Macintosh; Intel Mac OS X 19.6.0)', 'Connection': 'keep-alive', 'Content-Type': 'application/x-www-form-urlencoded;charset=UTF-8'}
2021-11-15 15:28:44,184 DEBUG    requests_oauthlib.oauth2_session Request body was code=4%2F0AX4XfWjyAPllBJro39h1NwQExJUl4bZUgCbv07dO-1MWwpN4qA4nUMAuDs6IebAUkoIgMQ&code_verifier=qMXRFwk6joCFPdDU8JbBHq7UapreeXqYDPAsPwLg6Z-.qLowx5AcmNNnVVRO4uSJQjKYs9L8epY8SMVErwOn5XJI_7BGzP8CtjyE3_WYVKQSK0y9YUfv2h0.xXWNjf3s&redirect_uri=http%3A%2F%2Flocalhost%3A8085%2F&client_id=32555940559.apps.googleusercontent.com&client_secret=ZmssLNjJy2998hD4CTg2ejr2&grant_type=authorization_code
2021-11-15 15:28:44,184 DEBUG    requests_oauthlib.oauth2_session Response headers were {'X-XSS-Protection': '0', 'X-Content-Type-Options': 'nosniff', 'Content-Encoding': 'gzip', 'Transfer-Encoding': 'chunked', 'Expires': 'Mon, 01 Jan 1990 00:00:00 GMT', 'Vary': 'Origin, X-Origin, Referer', 'Server': 'scaffolding on HTTPServer2', 'Pragma': 'no-cache', 'Cache-Control': 'no-cache, no-store, max-age=0, must-revalidate', 'Date': 'Mon, 15 Nov 2021 23:28:44 GMT', 'X-Frame-Options': 'SAMEORIGIN', 'Alt-Svc': 'h3=":443"; ma=2592000,h3-29=":443"; ma=2592000,h3-Q050=":443"; ma=2592000,h3-Q046=":443"; ma=2592000,h3-Q043=":443"; ma=2592000,quic=":443"; ma=2592000; v="46,43"', 'Content-Type': 'application/json; charset=utf-8'} and content {
  "access_token": "ya29.a0ARrdaM_eO1uJL0SSyrz2gVjOXwHZ75rHoYEZu6uUMLcx4o1SqQt9xheV58xnacH7F_EOnCeDEkUR9vRF_0WLrwgYm3SLLPuhAzPT6QAYTSByM0Lid-pEWZoWLsHdpi4p6-0vD8UVsK8JMfVItD-wNmRg_3Ud__MlmILo",
  "expires_in": 3599,
  "refresh_token": "1//06V1zxLWDSTt5CgYIARAAGAYSNwF-L9IrrCrU8H7U91aSAXRmmwhm630G1Yxqj25bHqJ95IGATVcfQf8eaWXZwWSsF8hz_EqCGk4",
  "scope": "https://www.googleapis.com/auth/cloud-platform https://www.googleapis.com/auth/compute https://www.googleapis.com/auth/accounts.reauth https://www.googleapis.com/auth/appengine.admin https://www.googleapis.com/auth/userinfo.email openid",
  "token_type": "Bearer",
  "id_token": "eyJhbGciOiJSUzI1NiIsImtpZCI6IjAzMmIyZWYzZDJjMjgwNjE1N2Y4YTliOWY0ZWY3Nzk4MzRmODVhZGEiLCJ0eXAiOiJKV1QifQ.eyJpc3MiOiJodHRwczovL2FjY291bnRzLmdvb2dsZS5jb20iLCJhenAiOiIzMjU1NTk0MDU1OS5hcHBzLmdvb2dsZXVzZXJjb250ZW50LmNvbSIsImF1ZCI6IjMyNTU1OTQwNTU5LmFwcHMuZ29vZ2xldXNlcmNvbnRlbnQuY29tIiwic3ViIjoiMTAxNDIwNTIzNTk3NzQ0Mjk1MDYyIiwiZW1haWwiOiJ6YWNoc3RhbWVnbmFAZ21haWwuY29tIiwiZW1haWxfdmVyaWZpZWQiOnRydWUsImF0X2hhc2giOiJ5UDdpa2ZfcTlLa0lWRjM0LUtha2R3IiwiaWF0IjoxNjM3MDE4OTI0LCJleHAiOjE2MzcwMjI1MjR9.LQWsP0E__MLKE4MeVdebx6vBEg90NNi0j7zTDUGQGaaGQRHSGE6SDAwHa9rTCgjT1jX3sMDU55Fm-2iYpo0Ont7ig_66nigEY9Ijna3mKEoSDOejvxnYNvektIPLNfU_78h-OfFMsoa5vXLVVp6P3kWOjBuT5RTI8R_okKz3ZXDumM6ZzFAwuYNI7Ax9Igpa5u1M6wNO2CBDC3ApbhQVsB9e_7D_jkTWgXQ1W3EmPi8IQxkvUCVzz7af7tyGRx8dUMhERKxHsog86iN2Pk2MvVBcQwvmZWQdLJ63r1VEI467YUGe5UvpTO_JCTYlrHxVE2zw82BOStJmUz5aBQoG5g"
}.
2021-11-15 15:28:44,185 DEBUG    requests_oauthlib.oauth2_session Invoking 0 token response hooks.
2021-11-15 15:28:44,185 DEBUG    requests_oauthlib.oauth2_session Obtained token {u'token_type': u'Bearer', u'refresh_token': u'1//06V1zxLWDSTt5CgYIARAAGAYSNwF-L9IrrCrU8H7U91aSAXRmmwhm630G1Yxqj25bHqJ95IGATVcfQf8eaWXZwWSsF8hz_EqCGk4', u'scope': [u'https://www.googleapis.com/auth/cloud-platform', u'https://www.googleapis.com/auth/compute', u'https://www.googleapis.com/auth/accounts.reauth', u'https://www.googleapis.com/auth/appengine.admin', u'https://www.googleapis.com/auth/userinfo.email', u'openid'], u'access_token': u'ya29.a0ARrdaM_eO1uJL0SSyrz2gVjOXwHZ75rHoYEZu6uUMLcx4o1SqQt9xheV58xnacH7F_EOnCeDEkUR9vRF_0WLrwgYm3SLLPuhAzPT6QAYTSByM0Lid-pEWZoWLsHdpi4p6-0vD8UVsK8JMfVItD-wNmRg_3Ud__MlmILo', u'id_token': u'eyJhbGciOiJSUzI1NiIsImtpZCI6IjAzMmIyZWYzZDJjMjgwNjE1N2Y4YTliOWY0ZWY3Nzk4MzRmODVhZGEiLCJ0eXAiOiJKV1QifQ.eyJpc3MiOiJodHRwczovL2FjY291bnRzLmdvb2dsZS5jb20iLCJhenAiOiIzMjU1NTk0MDU1OS5hcHBzLmdvb2dsZXVzZXJjb250ZW50LmNvbSIsImF1ZCI6IjMyNTU1OTQwNTU5LmFwcHMuZ29vZ2xldXNlcmNvbnRlbnQuY29tIiwic3ViIjoiMTAxNDIwNTIzNTk3NzQ0Mjk1MDYyIiwiZW1haWwiOiJ6YWNoc3RhbWVnbmFAZ21haWwuY29tIiwiZW1haWxfdmVyaWZpZWQiOnRydWUsImF0X2hhc2giOiJ5UDdpa2ZfcTlLa0lWRjM0LUtha2R3IiwiaWF0IjoxNjM3MDE4OTI0LCJleHAiOjE2MzcwMjI1MjR9.LQWsP0E__MLKE4MeVdebx6vBEg90NNi0j7zTDUGQGaaGQRHSGE6SDAwHa9rTCgjT1jX3sMDU55Fm-2iYpo0Ont7ig_66nigEY9Ijna3mKEoSDOejvxnYNvektIPLNfU_78h-OfFMsoa5vXLVVp6P3kWOjBuT5RTI8R_okKz3ZXDumM6ZzFAwuYNI7Ax9Igpa5u1M6wNO2CBDC3ApbhQVsB9e_7D_jkTWgXQ1W3EmPi8IQxkvUCVzz7af7tyGRx8dUMhERKxHsog86iN2Pk2MvVBcQwvmZWQdLJ63r1VEI467YUGe5UvpTO_JCTYlrHxVE2zw82BOStJmUz5aBQoG5g', u'expires_in': 3599, u'expires_at': 1637022523.185362}.
2021-11-15 15:28:44,201 INFO     ___FILE_ONLY___ 
You are now logged in as [zachstamegna@gmail.com].
Your current project is [high-comfort-332206].  You can change this setting by running:
  $ gcloud config set project PROJECT_ID

2021-11-15 15:28:44,202 INFO     root            Display format: "none"
