2021-11-15 15:42:15,349 DEBUG    root            Loaded Command Group: [u'gcloud', u'auth']
2021-11-15 15:42:15,417 DEBUG    root            Loaded Command Group: [u'gcloud', u'auth', u'login']
2021-11-15 15:42:15,420 DEBUG    root            Running [gcloud.auth.login] with arguments: []
2021-11-15 15:42:15,449 DEBUG    requests_oauthlib.oauth2_session Generated new state vitSxjI0u7oC5F4SYEyJgUPb7KWoxt.
2021-11-15 15:42:15,668 INFO     ___FILE_ONLY___ Your browser has been opened to visit:

    https://accounts.google.com/o/oauth2/auth?response_type=code&client_id=32555940559.apps.googleusercontent.com&redirect_uri=http%3A%2F%2Flocalhost%3A8085%2F&scope=openid+https%3A%2F%2Fwww.googleapis.com%2Fauth%2Fuserinfo.email+https%3A%2F%2Fwww.googleapis.com%2Fauth%2Fcloud-platform+https%3A%2F%2Fwww.googleapis.com%2Fauth%2Fappengine.admin+https%3A%2F%2Fwww.googleapis.com%2Fauth%2Fcompute+https%3A%2F%2Fwww.googleapis.com%2Fauth%2Faccounts.reauth&state=vitSxjI0u7oC5F4SYEyJgUPb7KWoxt&code_challenge=0MBh35Gxsy_3UpuQGXxD8I2HKK3Ch76MVoiUHT5dhnc&code_challenge_method=S256&access_type=offline


2021-11-15 15:42:20,662 INFO     google_auth_oauthlib.flow "GET /?state=vitSxjI0u7oC5F4SYEyJgUPb7KWoxt&code=4/0AX4XfWjWhBzTP7ql61w2Fcp3bwmbL9g7j-mxXV-jCaEHE2GX6hFfE3KCiBegmG940XiPDg&scope=email%20openid%20https://www.googleapis.com/auth/userinfo.email%20https://www.googleapis.com/auth/cloud-platform%20https://www.googleapis.com/auth/appengine.admin%20https://www.googleapis.com/auth/compute%20https://www.googleapis.com/auth/accounts.reauth&authuser=0&prompt=consent HTTP/1.1" 200 959
2021-11-15 15:42:20,663 DEBUG    requests_oauthlib.oauth2_session Requesting url https://oauth2.googleapis.com/token using method POST.
2021-11-15 15:42:20,663 DEBUG    requests_oauthlib.oauth2_session Supplying headers {'Content-Type': 'application/x-www-form-urlencoded;charset=UTF-8', 'Accept': 'application/json', 'user-agent': 'google-cloud-sdk gcloud/364.0.0 command/gcloud.auth.login invocation-id/fa60643725094197a233ba79c4434c6b environment/None environment-version/None interactive/True from-script/False python/2.7.16 term/xterm-256color (Macintosh; Intel Mac OS X 19.6.0)'} and data {u'code': u'4/0AX4XfWjWhBzTP7ql61w2Fcp3bwmbL9g7j-mxXV-jCaEHE2GX6hFfE3KCiBegmG940XiPDg', u'code_verifier': u'eisN0WY3WD4IWGhghP~gwSFNT41NGn2grlxAVq~tnm9jM8d1TO-1g8E-6ckm.lzRtGWnivg7S5R5ec9jU_vJQhmm0R2E6GnLf1f3rJj4FFNe-dgx2O-IJGan9.CuLs5N', u'redirect_uri': u'http://localhost:8085/', u'client_id': u'32555940559.apps.googleusercontent.com', u'client_secret': u'ZmssLNjJy2998hD4CTg2ejr2', u'grant_type': u'authorization_code'}
2021-11-15 15:42:20,663 DEBUG    requests_oauthlib.oauth2_session Passing through key word arguments {'verify': True, 'json': None, 'proxies': None, 'timeout': None, 'auth': None}.
2021-11-15 15:42:20,745 DEBUG    urllib3.connectionpool Starting new HTTPS connection (1): oauth2.googleapis.com:443
2021-11-15 15:42:20,959 DEBUG    urllib3.connectionpool https://oauth2.googleapis.com:443 "POST /token HTTP/1.1" 200 None
2021-11-15 15:42:20,961 DEBUG    requests_oauthlib.oauth2_session Prepared fetch token request body grant_type=authorization_code&client_id=32555940559.apps.googleusercontent.com&client_secret=ZmssLNjJy2998hD4CTg2ejr2&code_verifier=eisN0WY3WD4IWGhghP%7EgwSFNT41NGn2grlxAVq%7Etnm9jM8d1TO-1g8E-6ckm.lzRtGWnivg7S5R5ec9jU_vJQhmm0R2E6GnLf1f3rJj4FFNe-dgx2O-IJGan9.CuLs5N&code=4%2F0AX4XfWjWhBzTP7ql61w2Fcp3bwmbL9g7j-mxXV-jCaEHE2GX6hFfE3KCiBegmG940XiPDg&redirect_uri=http%3A%2F%2Flocalhost%3A8085%2F
2021-11-15 15:42:20,961 DEBUG    requests_oauthlib.oauth2_session Request to fetch token completed with status 200.
2021-11-15 15:42:20,962 DEBUG    requests_oauthlib.oauth2_session Request headers were {'Content-Length': '391', 'Accept-Encoding': 'gzip, deflate', 'Accept': 'application/json', 'user-agent': 'google-cloud-sdk gcloud/364.0.0 command/gcloud.auth.login invocation-id/fa60643725094197a233ba79c4434c6b environment/None environment-version/None interactive/True from-script/False python/2.7.16 term/xterm-256color (Macintosh; Intel Mac OS X 19.6.0)', 'Connection': 'keep-alive', 'Content-Type': 'application/x-www-form-urlencoded;charset=UTF-8'}
2021-11-15 15:42:20,962 DEBUG    requests_oauthlib.oauth2_session Request body was code=4%2F0AX4XfWjWhBzTP7ql61w2Fcp3bwmbL9g7j-mxXV-jCaEHE2GX6hFfE3KCiBegmG940XiPDg&code_verifier=eisN0WY3WD4IWGhghP%7EgwSFNT41NGn2grlxAVq%7Etnm9jM8d1TO-1g8E-6ckm.lzRtGWnivg7S5R5ec9jU_vJQhmm0R2E6GnLf1f3rJj4FFNe-dgx2O-IJGan9.CuLs5N&redirect_uri=http%3A%2F%2Flocalhost%3A8085%2F&client_id=32555940559.apps.googleusercontent.com&client_secret=ZmssLNjJy2998hD4CTg2ejr2&grant_type=authorization_code
2021-11-15 15:42:20,963 DEBUG    requests_oauthlib.oauth2_session Response headers were {'X-XSS-Protection': '0', 'X-Content-Type-Options': 'nosniff', 'Content-Encoding': 'gzip', 'Transfer-Encoding': 'chunked', 'Expires': 'Mon, 01 Jan 1990 00:00:00 GMT', 'Vary': 'Origin, X-Origin, Referer', 'Server': 'scaffolding on HTTPServer2', 'Pragma': 'no-cache', 'Cache-Control': 'no-cache, no-store, max-age=0, must-revalidate', 'Date': 'Mon, 15 Nov 2021 23:42:20 GMT', 'X-Frame-Options': 'SAMEORIGIN', 'Alt-Svc': 'h3=":443"; ma=2592000,h3-29=":443"; ma=2592000,h3-Q050=":443"; ma=2592000,h3-Q046=":443"; ma=2592000,h3-Q043=":443"; ma=2592000,quic=":443"; ma=2592000; v="46,43"', 'Content-Type': 'application/json; charset=utf-8'} and content {
  "access_token": "ya29.a0ARrdaM_61IlTeS8V2z9nFjMrBi6bG6Zszbp0ePRZ3v0_LFcIwJV1YuqsDTa62odOiAPq3RKkV_GJcQX01skHIhY7Com3plaFZcsc_minKp58Ia0kjjHhT0wYVawpYMr0nFcOFMPlA2aiAGBwZv1iijU8YLo4vhUX2LIc",
  "expires_in": 3599,
  "refresh_token": "1//06FpPtkmvR8QuCgYIARAAGAYSNwF-L9Ir0ZL3DygmBfOm5RF-A9Z1-I7Mcgg5P0NFGz2VLOfABkctSoXvVJUfCG4wRjQ3le0Thko",
  "scope": "https://www.googleapis.com/auth/appengine.admin https://www.googleapis.com/auth/compute https://www.googleapis.com/auth/accounts.reauth https://www.googleapis.com/auth/cloud-platform openid https://www.googleapis.com/auth/userinfo.email",
  "token_type": "Bearer",
  "id_token": "eyJhbGciOiJSUzI1NiIsImtpZCI6IjAzMmIyZWYzZDJjMjgwNjE1N2Y4YTliOWY0ZWY3Nzk4MzRmODVhZGEiLCJ0eXAiOiJKV1QifQ.eyJpc3MiOiJodHRwczovL2FjY291bnRzLmdvb2dsZS5jb20iLCJhenAiOiIzMjU1NTk0MDU1OS5hcHBzLmdvb2dsZXVzZXJjb250ZW50LmNvbSIsImF1ZCI6IjMyNTU1OTQwNTU5LmFwcHMuZ29vZ2xldXNlcmNvbnRlbnQuY29tIiwic3ViIjoiMTAxNDIwNTIzNTk3NzQ0Mjk1MDYyIiwiZW1haWwiOiJ6YWNoc3RhbWVnbmFAZ21haWwuY29tIiwiZW1haWxfdmVyaWZpZWQiOnRydWUsImF0X2hhc2giOiJoWU1CNWk5S1h5SThOWldLajNka1lBIiwiaWF0IjoxNjM3MDE5NzQwLCJleHAiOjE2MzcwMjMzNDB9.fQ3r21Rm7iAa_nJHo0Dc-QnI7aCbWVGXTUBmvSdldNra8TgUxArc3X7xIzjzc7vUwgBPXpP4azWZW_73NY0StLIRywupuTy1_tNPY-oBU1_4lI1EYh4AZl9WwAaCDafAZmKkM27gNeg_u3TJ8BwJIuK_erOXLguwzO04a6VJNBF8glEfPViNcYwKFGJGGwjpgfJtBLN09uKfL2F_XOwJHt8TZddfqmOQcUqM9ipvOIHThfZZPW7x-eTbNxZitrG_ysw5TDcR5aRGZphCIuo0ug7fYdiXyO7reBkIprBytTImQECYK8pNq-NxC7H_YR9NFnoqp9Z9J5LIu-IK0eRQgQ"
}.
2021-11-15 15:42:20,963 DEBUG    requests_oauthlib.oauth2_session Invoking 0 token response hooks.
2021-11-15 15:42:20,964 DEBUG    requests_oauthlib.oauth2_session Obtained token {u'token_type': u'Bearer', u'refresh_token': u'1//06FpPtkmvR8QuCgYIARAAGAYSNwF-L9Ir0ZL3DygmBfOm5RF-A9Z1-I7Mcgg5P0NFGz2VLOfABkctSoXvVJUfCG4wRjQ3le0Thko', u'scope': [u'https://www.googleapis.com/auth/appengine.admin', u'https://www.googleapis.com/auth/compute', u'https://www.googleapis.com/auth/accounts.reauth', u'https://www.googleapis.com/auth/cloud-platform', u'openid', u'https://www.googleapis.com/auth/userinfo.email'], u'access_token': u'ya29.a0ARrdaM_61IlTeS8V2z9nFjMrBi6bG6Zszbp0ePRZ3v0_LFcIwJV1YuqsDTa62odOiAPq3RKkV_GJcQX01skHIhY7Com3plaFZcsc_minKp58Ia0kjjHhT0wYVawpYMr0nFcOFMPlA2aiAGBwZv1iijU8YLo4vhUX2LIc', u'id_token': u'eyJhbGciOiJSUzI1NiIsImtpZCI6IjAzMmIyZWYzZDJjMjgwNjE1N2Y4YTliOWY0ZWY3Nzk4MzRmODVhZGEiLCJ0eXAiOiJKV1QifQ.eyJpc3MiOiJodHRwczovL2FjY291bnRzLmdvb2dsZS5jb20iLCJhenAiOiIzMjU1NTk0MDU1OS5hcHBzLmdvb2dsZXVzZXJjb250ZW50LmNvbSIsImF1ZCI6IjMyNTU1OTQwNTU5LmFwcHMuZ29vZ2xldXNlcmNvbnRlbnQuY29tIiwic3ViIjoiMTAxNDIwNTIzNTk3NzQ0Mjk1MDYyIiwiZW1haWwiOiJ6YWNoc3RhbWVnbmFAZ21haWwuY29tIiwiZW1haWxfdmVyaWZpZWQiOnRydWUsImF0X2hhc2giOiJoWU1CNWk5S1h5SThOWldLajNka1lBIiwiaWF0IjoxNjM3MDE5NzQwLCJleHAiOjE2MzcwMjMzNDB9.fQ3r21Rm7iAa_nJHo0Dc-QnI7aCbWVGXTUBmvSdldNra8TgUxArc3X7xIzjzc7vUwgBPXpP4azWZW_73NY0StLIRywupuTy1_tNPY-oBU1_4lI1EYh4AZl9WwAaCDafAZmKkM27gNeg_u3TJ8BwJIuK_erOXLguwzO04a6VJNBF8glEfPViNcYwKFGJGGwjpgfJtBLN09uKfL2F_XOwJHt8TZddfqmOQcUqM9ipvOIHThfZZPW7x-eTbNxZitrG_ysw5TDcR5aRGZphCIuo0ug7fYdiXyO7reBkIprBytTImQECYK8pNq-NxC7H_YR9NFnoqp9Z9J5LIu-IK0eRQgQ', u'expires_in': 3599, u'expires_at': 1637023339.963965}.
2021-11-15 15:42:20,985 INFO     ___FILE_ONLY___ 
You are now logged in as [zachstamegna@gmail.com].
Your current project is [high-comfort-332206].  You can change this setting by running:
  $ gcloud config set project PROJECT_ID

2021-11-15 15:42:20,991 INFO     root            Display format: "none"
