2021-11-15 17:14:29,807 DEBUG    root            Loaded Command Group: [u'gcloud', u'auth']
2021-11-15 17:14:29,851 DEBUG    root            Loaded Command Group: [u'gcloud', u'auth', u'login']
2021-11-15 17:14:29,853 DEBUG    root            Running [gcloud.auth.login] with arguments: []
2021-11-15 17:14:29,866 DEBUG    requests_oauthlib.oauth2_session Generated new state pYWULA6xm7mCfdw46VafTxc96sQ9xG.
2021-11-15 17:14:30,073 INFO     ___FILE_ONLY___ Your browser has been opened to visit:

    https://accounts.google.com/o/oauth2/auth?response_type=code&client_id=32555940559.apps.googleusercontent.com&redirect_uri=http%3A%2F%2Flocalhost%3A8085%2F&scope=openid+https%3A%2F%2Fwww.googleapis.com%2Fauth%2Fuserinfo.email+https%3A%2F%2Fwww.googleapis.com%2Fauth%2Fcloud-platform+https%3A%2F%2Fwww.googleapis.com%2Fauth%2Fappengine.admin+https%3A%2F%2Fwww.googleapis.com%2Fauth%2Fcompute+https%3A%2F%2Fwww.googleapis.com%2Fauth%2Faccounts.reauth&state=pYWULA6xm7mCfdw46VafTxc96sQ9xG&code_challenge=BnZRTDrMIYMDdQ-1CvwA79SzJV9jfRy1l9b2CmyLWCM&code_challenge_method=S256&access_type=offline


2021-11-15 17:14:35,057 INFO     google_auth_oauthlib.flow "GET /?state=pYWULA6xm7mCfdw46VafTxc96sQ9xG&code=4/0AX4XfWj0ahrawcnaW6sZ11hC-LK8rRn1kaFPje0tuO7dKq6t6BKMs1gvs9c7y6Myv3tWuw&scope=email%20openid%20https://www.googleapis.com/auth/userinfo.email%20https://www.googleapis.com/auth/cloud-platform%20https://www.googleapis.com/auth/appengine.admin%20https://www.googleapis.com/auth/compute%20https://www.googleapis.com/auth/accounts.reauth&authuser=0&prompt=consent HTTP/1.1" 200 959
2021-11-15 17:14:35,058 DEBUG    requests_oauthlib.oauth2_session Requesting url https://oauth2.googleapis.com/token using method POST.
2021-11-15 17:14:35,058 DEBUG    requests_oauthlib.oauth2_session Supplying headers {'Content-Type': 'application/x-www-form-urlencoded;charset=UTF-8', 'Accept': 'application/json', 'user-agent': 'google-cloud-sdk gcloud/364.0.0 command/gcloud.auth.login invocation-id/b60d18b237f44a9fb9925071cf4553c0 environment/None environment-version/None interactive/True from-script/False python/2.7.16 term/xterm-256color (Macintosh; Intel Mac OS X 19.6.0)'} and data {u'code': u'4/0AX4XfWj0ahrawcnaW6sZ11hC-LK8rRn1kaFPje0tuO7dKq6t6BKMs1gvs9c7y6Myv3tWuw', u'code_verifier': u'G~I33L49HIalergMYFHXr-TTH96u6zWhQbCtXumdajeFzVjkQjAbL5g2hGbi.UQog8u0O.kXfd.fpHm97fq1gQm4ljy4i2Cx1NpKwjT3mfOpZRL8.Kl81uFfd~sfep5l', u'redirect_uri': u'http://localhost:8085/', u'client_id': u'32555940559.apps.googleusercontent.com', u'client_secret': u'ZmssLNjJy2998hD4CTg2ejr2', u'grant_type': u'authorization_code'}
2021-11-15 17:14:35,058 DEBUG    requests_oauthlib.oauth2_session Passing through key word arguments {'verify': True, 'json': None, 'proxies': None, 'timeout': None, 'auth': None}.
2021-11-15 17:14:35,107 DEBUG    urllib3.connectionpool Starting new HTTPS connection (1): oauth2.googleapis.com:443
2021-11-15 17:14:35,337 DEBUG    urllib3.connectionpool https://oauth2.googleapis.com:443 "POST /token HTTP/1.1" 200 None
2021-11-15 17:14:35,340 DEBUG    requests_oauthlib.oauth2_session Prepared fetch token request body grant_type=authorization_code&client_id=32555940559.apps.googleusercontent.com&client_secret=ZmssLNjJy2998hD4CTg2ejr2&code_verifier=G%7EI33L49HIalergMYFHXr-TTH96u6zWhQbCtXumdajeFzVjkQjAbL5g2hGbi.UQog8u0O.kXfd.fpHm97fq1gQm4ljy4i2Cx1NpKwjT3mfOpZRL8.Kl81uFfd%7Esfep5l&code=4%2F0AX4XfWj0ahrawcnaW6sZ11hC-LK8rRn1kaFPje0tuO7dKq6t6BKMs1gvs9c7y6Myv3tWuw&redirect_uri=http%3A%2F%2Flocalhost%3A8085%2F
2021-11-15 17:14:35,340 DEBUG    requests_oauthlib.oauth2_session Request to fetch token completed with status 200.
2021-11-15 17:14:35,341 DEBUG    requests_oauthlib.oauth2_session Request headers were {'Content-Length': '391', 'Accept-Encoding': 'gzip, deflate', 'Accept': 'application/json', 'user-agent': 'google-cloud-sdk gcloud/364.0.0 command/gcloud.auth.login invocation-id/b60d18b237f44a9fb9925071cf4553c0 environment/None environment-version/None interactive/True from-script/False python/2.7.16 term/xterm-256color (Macintosh; Intel Mac OS X 19.6.0)', 'Connection': 'keep-alive', 'Content-Type': 'application/x-www-form-urlencoded;charset=UTF-8'}
2021-11-15 17:14:35,341 DEBUG    requests_oauthlib.oauth2_session Request body was code=4%2F0AX4XfWj0ahrawcnaW6sZ11hC-LK8rRn1kaFPje0tuO7dKq6t6BKMs1gvs9c7y6Myv3tWuw&code_verifier=G%7EI33L49HIalergMYFHXr-TTH96u6zWhQbCtXumdajeFzVjkQjAbL5g2hGbi.UQog8u0O.kXfd.fpHm97fq1gQm4ljy4i2Cx1NpKwjT3mfOpZRL8.Kl81uFfd%7Esfep5l&redirect_uri=http%3A%2F%2Flocalhost%3A8085%2F&client_id=32555940559.apps.googleusercontent.com&client_secret=ZmssLNjJy2998hD4CTg2ejr2&grant_type=authorization_code
2021-11-15 17:14:35,342 DEBUG    requests_oauthlib.oauth2_session Response headers were {'X-XSS-Protection': '0', 'X-Content-Type-Options': 'nosniff', 'Content-Encoding': 'gzip', 'Transfer-Encoding': 'chunked', 'Expires': 'Mon, 01 Jan 1990 00:00:00 GMT', 'Vary': 'Origin, X-Origin, Referer', 'Server': 'scaffolding on HTTPServer2', 'Pragma': 'no-cache', 'Cache-Control': 'no-cache, no-store, max-age=0, must-revalidate', 'Date': 'Tue, 16 Nov 2021 01:14:35 GMT', 'X-Frame-Options': 'SAMEORIGIN', 'Alt-Svc': 'h3=":443"; ma=2592000,h3-29=":443"; ma=2592000,h3-Q050=":443"; ma=2592000,h3-Q046=":443"; ma=2592000,h3-Q043=":443"; ma=2592000,quic=":443"; ma=2592000; v="46,43"', 'Content-Type': 'application/json; charset=utf-8'} and content {
  "access_token": "ya29.a0ARrdaM8rbBENbyXV8uE_x3AMFkqtIcPcIBkXgN1U33xouJ8y_lMCWYrw_1sTayK7A9-4MfC1mj6Mg08yS5XLr9B3xhO0QLtCQ9Z8QlAvLw8_05LGwl0btT8ZsR7SO9072J5Zj1BE-qcN6psTZQXqwMEYUoPNH3QdfN57",
  "expires_in": 3599,
  "refresh_token": "1//06WjTRUBWyMIjCgYIARAAGAYSNwF-L9IrTIARk2yKqj0A0K1ezgLZ12CYg2YLWkxjnQTBBYSclwNOSfUiQz4-y5higJ0JojR88Xk",
  "scope": "openid https://www.googleapis.com/auth/appengine.admin https://www.googleapis.com/auth/cloud-platform https://www.googleapis.com/auth/userinfo.email https://www.googleapis.com/auth/compute https://www.googleapis.com/auth/accounts.reauth",
  "token_type": "Bearer",
  "id_token": "eyJhbGciOiJSUzI1NiIsImtpZCI6IjAzMmIyZWYzZDJjMjgwNjE1N2Y4YTliOWY0ZWY3Nzk4MzRmODVhZGEiLCJ0eXAiOiJKV1QifQ.eyJpc3MiOiJodHRwczovL2FjY291bnRzLmdvb2dsZS5jb20iLCJhenAiOiIzMjU1NTk0MDU1OS5hcHBzLmdvb2dsZXVzZXJjb250ZW50LmNvbSIsImF1ZCI6IjMyNTU1OTQwNTU5LmFwcHMuZ29vZ2xldXNlcmNvbnRlbnQuY29tIiwic3ViIjoiMTAxNDIwNTIzNTk3NzQ0Mjk1MDYyIiwiZW1haWwiOiJ6YWNoc3RhbWVnbmFAZ21haWwuY29tIiwiZW1haWxfdmVyaWZpZWQiOnRydWUsImF0X2hhc2giOiJZSVMyS2lKb0dGUEpjODlRei1HUUlnIiwiaWF0IjoxNjM3MDI1Mjc1LCJleHAiOjE2MzcwMjg4NzV9.sJDoBYfyN5pFStn0SyMzxo88U7x5o6l3KvYTTToRzfFx756WAnESdVEi9QDukC7LkNQw-PB7ZPEI0_Zn-9di_z7RhhPXIVQH2SBzK0qkc9kYS77fxx8LKEISkWyw-wHim1larWqxKev_eiJdRKUzLYqYy2xOR9wCTVlBbbn-cxgMZNt_O7UhvAXXYQJ2PgCnxQRW3jq29hpxp352YZkXfjFdQP4m-EjlkQycYQrsOxob-MDG4pak0619leJvx_PJvDTVu3qcOg80p09kh_RDDBnEZAncH9jG00FVTL7OXtjUnzTfphVxhjF7E_0NuElcOpq95X-Kg_SFuuAPyZjEYw"
}.
2021-11-15 17:14:35,342 DEBUG    requests_oauthlib.oauth2_session Invoking 0 token response hooks.
2021-11-15 17:14:35,343 DEBUG    requests_oauthlib.oauth2_session Obtained token {u'token_type': u'Bearer', u'refresh_token': u'1//06WjTRUBWyMIjCgYIARAAGAYSNwF-L9IrTIARk2yKqj0A0K1ezgLZ12CYg2YLWkxjnQTBBYSclwNOSfUiQz4-y5higJ0JojR88Xk', u'scope': [u'openid', u'https://www.googleapis.com/auth/appengine.admin', u'https://www.googleapis.com/auth/cloud-platform', u'https://www.googleapis.com/auth/userinfo.email', u'https://www.googleapis.com/auth/compute', u'https://www.googleapis.com/auth/accounts.reauth'], u'access_token': u'ya29.a0ARrdaM8rbBENbyXV8uE_x3AMFkqtIcPcIBkXgN1U33xouJ8y_lMCWYrw_1sTayK7A9-4MfC1mj6Mg08yS5XLr9B3xhO0QLtCQ9Z8QlAvLw8_05LGwl0btT8ZsR7SO9072J5Zj1BE-qcN6psTZQXqwMEYUoPNH3QdfN57', u'id_token': u'eyJhbGciOiJSUzI1NiIsImtpZCI6IjAzMmIyZWYzZDJjMjgwNjE1N2Y4YTliOWY0ZWY3Nzk4MzRmODVhZGEiLCJ0eXAiOiJKV1QifQ.eyJpc3MiOiJodHRwczovL2FjY291bnRzLmdvb2dsZS5jb20iLCJhenAiOiIzMjU1NTk0MDU1OS5hcHBzLmdvb2dsZXVzZXJjb250ZW50LmNvbSIsImF1ZCI6IjMyNTU1OTQwNTU5LmFwcHMuZ29vZ2xldXNlcmNvbnRlbnQuY29tIiwic3ViIjoiMTAxNDIwNTIzNTk3NzQ0Mjk1MDYyIiwiZW1haWwiOiJ6YWNoc3RhbWVnbmFAZ21haWwuY29tIiwiZW1haWxfdmVyaWZpZWQiOnRydWUsImF0X2hhc2giOiJZSVMyS2lKb0dGUEpjODlRei1HUUlnIiwiaWF0IjoxNjM3MDI1Mjc1LCJleHAiOjE2MzcwMjg4NzV9.sJDoBYfyN5pFStn0SyMzxo88U7x5o6l3KvYTTToRzfFx756WAnESdVEi9QDukC7LkNQw-PB7ZPEI0_Zn-9di_z7RhhPXIVQH2SBzK0qkc9kYS77fxx8LKEISkWyw-wHim1larWqxKev_eiJdRKUzLYqYy2xOR9wCTVlBbbn-cxgMZNt_O7UhvAXXYQJ2PgCnxQRW3jq29hpxp352YZkXfjFdQP4m-EjlkQycYQrsOxob-MDG4pak0619leJvx_PJvDTVu3qcOg80p09kh_RDDBnEZAncH9jG00FVTL7OXtjUnzTfphVxhjF7E_0NuElcOpq95X-Kg_SFuuAPyZjEYw', u'expires_in': 3599, u'expires_at': 1637028874.342947}.
2021-11-15 17:14:35,357 INFO     ___FILE_ONLY___ 
You are now logged in as [zachstamegna@gmail.com].
Your current project is [high-comfort-332206].  You can change this setting by running:
  $ gcloud config set project PROJECT_ID

2021-11-15 17:14:35,357 INFO     root            Display format: "none"
