2021-11-15 17:11:03,689 DEBUG    root            Loaded Command Group: [u'gcloud', u'auth']
2021-11-15 17:11:03,762 DEBUG    root            Loaded Command Group: [u'gcloud', u'auth', u'login']
2021-11-15 17:11:03,766 DEBUG    root            Running [gcloud.auth.login] with arguments: []
2021-11-15 17:11:03,826 DEBUG    requests_oauthlib.oauth2_session Generated new state zg4HyD1zCU5yiw2ovy1GQCcTkdTiKW.
2021-11-15 17:11:04,051 INFO     ___FILE_ONLY___ Your browser has been opened to visit:

    https://accounts.google.com/o/oauth2/auth?response_type=code&client_id=32555940559.apps.googleusercontent.com&redirect_uri=http%3A%2F%2Flocalhost%3A8085%2F&scope=openid+https%3A%2F%2Fwww.googleapis.com%2Fauth%2Fuserinfo.email+https%3A%2F%2Fwww.googleapis.com%2Fauth%2Fcloud-platform+https%3A%2F%2Fwww.googleapis.com%2Fauth%2Fappengine.admin+https%3A%2F%2Fwww.googleapis.com%2Fauth%2Fcompute+https%3A%2F%2Fwww.googleapis.com%2Fauth%2Faccounts.reauth&state=zg4HyD1zCU5yiw2ovy1GQCcTkdTiKW&code_challenge=BDM6Nfw8LpRw2zVK4oa1KOWJI-hOQsqDpzjwpl8rMJk&code_challenge_method=S256&access_type=offline


2021-11-15 17:11:09,299 INFO     google_auth_oauthlib.flow "GET /?state=zg4HyD1zCU5yiw2ovy1GQCcTkdTiKW&code=4/0AX4XfWiTcBgIxxGFC3NXZ1zp8zJU2nRRGC2pkKDMcl9tRTW8MV8UylUX6mgvjmT2PVc_kg&scope=email%20openid%20https://www.googleapis.com/auth/userinfo.email%20https://www.googleapis.com/auth/cloud-platform%20https://www.googleapis.com/auth/appengine.admin%20https://www.googleapis.com/auth/compute%20https://www.googleapis.com/auth/accounts.reauth&authuser=0&prompt=consent HTTP/1.1" 200 959
2021-11-15 17:11:09,300 DEBUG    requests_oauthlib.oauth2_session Requesting url https://oauth2.googleapis.com/token using method POST.
2021-11-15 17:11:09,300 DEBUG    requests_oauthlib.oauth2_session Supplying headers {'Content-Type': 'application/x-www-form-urlencoded;charset=UTF-8', 'Accept': 'application/json', 'user-agent': 'google-cloud-sdk gcloud/364.0.0 command/gcloud.auth.login invocation-id/0b3dc45e1ee64327afcf323840877478 environment/None environment-version/None interactive/True from-script/False python/2.7.16 term/xterm-256color (Macintosh; Intel Mac OS X 19.6.0)'} and data {u'code': u'4/0AX4XfWiTcBgIxxGFC3NXZ1zp8zJU2nRRGC2pkKDMcl9tRTW8MV8UylUX6mgvjmT2PVc_kg', u'code_verifier': u'ZCXznuWf-0EcGm9LOw.4RoS_5Xx.8KfGYEybGqCzbUkaLhwUJadUC.oAToOfl96GRsUbvg8c2n.e2g-zb1nGfk9.TegXMOG-seZZx1FFe1lwBNA0I8QEPmJgZ7GSwYsr', u'redirect_uri': u'http://localhost:8085/', u'client_id': u'32555940559.apps.googleusercontent.com', u'client_secret': u'ZmssLNjJy2998hD4CTg2ejr2', u'grant_type': u'authorization_code'}
2021-11-15 17:11:09,300 DEBUG    requests_oauthlib.oauth2_session Passing through key word arguments {'verify': True, 'json': None, 'proxies': None, 'timeout': None, 'auth': None}.
2021-11-15 17:11:09,369 DEBUG    urllib3.connectionpool Starting new HTTPS connection (1): oauth2.googleapis.com:443
2021-11-15 17:11:09,636 DEBUG    urllib3.connectionpool https://oauth2.googleapis.com:443 "POST /token HTTP/1.1" 200 None
2021-11-15 17:11:09,639 DEBUG    requests_oauthlib.oauth2_session Prepared fetch token request body grant_type=authorization_code&client_id=32555940559.apps.googleusercontent.com&client_secret=ZmssLNjJy2998hD4CTg2ejr2&code_verifier=ZCXznuWf-0EcGm9LOw.4RoS_5Xx.8KfGYEybGqCzbUkaLhwUJadUC.oAToOfl96GRsUbvg8c2n.e2g-zb1nGfk9.TegXMOG-seZZx1FFe1lwBNA0I8QEPmJgZ7GSwYsr&code=4%2F0AX4XfWiTcBgIxxGFC3NXZ1zp8zJU2nRRGC2pkKDMcl9tRTW8MV8UylUX6mgvjmT2PVc_kg&redirect_uri=http%3A%2F%2Flocalhost%3A8085%2F
2021-11-15 17:11:09,639 DEBUG    requests_oauthlib.oauth2_session Request to fetch token completed with status 200.
2021-11-15 17:11:09,640 DEBUG    requests_oauthlib.oauth2_session Request headers were {'Content-Length': '387', 'Accept-Encoding': 'gzip, deflate', 'Accept': 'application/json', 'user-agent': 'google-cloud-sdk gcloud/364.0.0 command/gcloud.auth.login invocation-id/0b3dc45e1ee64327afcf323840877478 environment/None environment-version/None interactive/True from-script/False python/2.7.16 term/xterm-256color (Macintosh; Intel Mac OS X 19.6.0)', 'Connection': 'keep-alive', 'Content-Type': 'application/x-www-form-urlencoded;charset=UTF-8'}
2021-11-15 17:11:09,640 DEBUG    requests_oauthlib.oauth2_session Request body was code=4%2F0AX4XfWiTcBgIxxGFC3NXZ1zp8zJU2nRRGC2pkKDMcl9tRTW8MV8UylUX6mgvjmT2PVc_kg&code_verifier=ZCXznuWf-0EcGm9LOw.4RoS_5Xx.8KfGYEybGqCzbUkaLhwUJadUC.oAToOfl96GRsUbvg8c2n.e2g-zb1nGfk9.TegXMOG-seZZx1FFe1lwBNA0I8QEPmJgZ7GSwYsr&redirect_uri=http%3A%2F%2Flocalhost%3A8085%2F&client_id=32555940559.apps.googleusercontent.com&client_secret=ZmssLNjJy2998hD4CTg2ejr2&grant_type=authorization_code
2021-11-15 17:11:09,641 DEBUG    requests_oauthlib.oauth2_session Response headers were {'X-XSS-Protection': '0', 'X-Content-Type-Options': 'nosniff', 'Content-Encoding': 'gzip', 'Transfer-Encoding': 'chunked', 'Expires': 'Mon, 01 Jan 1990 00:00:00 GMT', 'Vary': 'Origin, X-Origin, Referer', 'Server': 'scaffolding on HTTPServer2', 'Pragma': 'no-cache', 'Cache-Control': 'no-cache, no-store, max-age=0, must-revalidate', 'Date': 'Tue, 16 Nov 2021 01:11:09 GMT', 'X-Frame-Options': 'SAMEORIGIN', 'Alt-Svc': 'h3=":443"; ma=2592000,h3-29=":443"; ma=2592000,h3-Q050=":443"; ma=2592000,h3-Q046=":443"; ma=2592000,h3-Q043=":443"; ma=2592000,quic=":443"; ma=2592000; v="46,43"', 'Content-Type': 'application/json; charset=utf-8'} and content {
  "access_token": "ya29.a0ARrdaM9jENtNuQKBjin2lqI3CexrQGzfaK1h6wW4OGJWQY3RUZWVESuoCM_m3yRQ_Q6YXs3nVk3F7J3gsptAyPtuf_hV7mhScLjWr5258h5rstoXHa0vsQLRy46nTLoxeIFyabBoKwh8YTBhBHQNX_h1K1ZrswD5naNH",
  "expires_in": 3599,
  "refresh_token": "1//06pP1ceSTNsHxCgYIARAAGAYSNwF-L9IrrBPSSyRUK4pX84LOPE8RJvDm-JDRHZTf-_aG9fKo-BdWpKY4ioYmZvBU7Yn0vGuKQb8",
  "scope": "https://www.googleapis.com/auth/accounts.reauth openid https://www.googleapis.com/auth/cloud-platform https://www.googleapis.com/auth/userinfo.email https://www.googleapis.com/auth/appengine.admin https://www.googleapis.com/auth/compute",
  "token_type": "Bearer",
  "id_token": "eyJhbGciOiJSUzI1NiIsImtpZCI6IjAzMmIyZWYzZDJjMjgwNjE1N2Y4YTliOWY0ZWY3Nzk4MzRmODVhZGEiLCJ0eXAiOiJKV1QifQ.eyJpc3MiOiJodHRwczovL2FjY291bnRzLmdvb2dsZS5jb20iLCJhenAiOiIzMjU1NTk0MDU1OS5hcHBzLmdvb2dsZXVzZXJjb250ZW50LmNvbSIsImF1ZCI6IjMyNTU1OTQwNTU5LmFwcHMuZ29vZ2xldXNlcmNvbnRlbnQuY29tIiwic3ViIjoiMTAxNDIwNTIzNTk3NzQ0Mjk1MDYyIiwiZW1haWwiOiJ6YWNoc3RhbWVnbmFAZ21haWwuY29tIiwiZW1haWxfdmVyaWZpZWQiOnRydWUsImF0X2hhc2giOiIweE9zR1A3WEV0STdmMzhhUmFWWkhnIiwiaWF0IjoxNjM3MDI1MDY5LCJleHAiOjE2MzcwMjg2Njl9.p5qQg4MU8xYWSNtUeu0w6skAwu8lZW92Aueo6PBtC790D25bU8FuKAQCtnDc5PkGcJ3sIFCEyHIyvHRu3n2O7xnxThM5CbgVjqIV-tQ4lfPq6_K56s4cnopNz85H0ITJ6BqkLTQ95SzfV-mRW-8taJ0or3_QUoyCFECPQ47LKuXk2Q8N80TIwgP2rT7JiNLtMowcwlwZfgB_5HHcyG7OmlGLV_PhZZHpejKyXbiPLz3SgQSE6VXn_3t-VBN7EVGaqGh6L5c6TnlaDZ9ljUoVZXnXPPatX5z-0WMr1arROa3dXGCkF4MVr22N7gnmOpW3bz9vYWXmRQ4RPVAEix5-2w"
}.
2021-11-15 17:11:09,641 DEBUG    requests_oauthlib.oauth2_session Invoking 0 token response hooks.
2021-11-15 17:11:09,641 DEBUG    requests_oauthlib.oauth2_session Obtained token {u'token_type': u'Bearer', u'refresh_token': u'1//06pP1ceSTNsHxCgYIARAAGAYSNwF-L9IrrBPSSyRUK4pX84LOPE8RJvDm-JDRHZTf-_aG9fKo-BdWpKY4ioYmZvBU7Yn0vGuKQb8', u'scope': [u'https://www.googleapis.com/auth/accounts.reauth', u'openid', u'https://www.googleapis.com/auth/cloud-platform', u'https://www.googleapis.com/auth/userinfo.email', u'https://www.googleapis.com/auth/appengine.admin', u'https://www.googleapis.com/auth/compute'], u'access_token': u'ya29.a0ARrdaM9jENtNuQKBjin2lqI3CexrQGzfaK1h6wW4OGJWQY3RUZWVESuoCM_m3yRQ_Q6YXs3nVk3F7J3gsptAyPtuf_hV7mhScLjWr5258h5rstoXHa0vsQLRy46nTLoxeIFyabBoKwh8YTBhBHQNX_h1K1ZrswD5naNH', u'id_token': u'eyJhbGciOiJSUzI1NiIsImtpZCI6IjAzMmIyZWYzZDJjMjgwNjE1N2Y4YTliOWY0ZWY3Nzk4MzRmODVhZGEiLCJ0eXAiOiJKV1QifQ.eyJpc3MiOiJodHRwczovL2FjY291bnRzLmdvb2dsZS5jb20iLCJhenAiOiIzMjU1NTk0MDU1OS5hcHBzLmdvb2dsZXVzZXJjb250ZW50LmNvbSIsImF1ZCI6IjMyNTU1OTQwNTU5LmFwcHMuZ29vZ2xldXNlcmNvbnRlbnQuY29tIiwic3ViIjoiMTAxNDIwNTIzNTk3NzQ0Mjk1MDYyIiwiZW1haWwiOiJ6YWNoc3RhbWVnbmFAZ21haWwuY29tIiwiZW1haWxfdmVyaWZpZWQiOnRydWUsImF0X2hhc2giOiIweE9zR1A3WEV0STdmMzhhUmFWWkhnIiwiaWF0IjoxNjM3MDI1MDY5LCJleHAiOjE2MzcwMjg2Njl9.p5qQg4MU8xYWSNtUeu0w6skAwu8lZW92Aueo6PBtC790D25bU8FuKAQCtnDc5PkGcJ3sIFCEyHIyvHRu3n2O7xnxThM5CbgVjqIV-tQ4lfPq6_K56s4cnopNz85H0ITJ6BqkLTQ95SzfV-mRW-8taJ0or3_QUoyCFECPQ47LKuXk2Q8N80TIwgP2rT7JiNLtMowcwlwZfgB_5HHcyG7OmlGLV_PhZZHpejKyXbiPLz3SgQSE6VXn_3t-VBN7EVGaqGh6L5c6TnlaDZ9ljUoVZXnXPPatX5z-0WMr1arROa3dXGCkF4MVr22N7gnmOpW3bz9vYWXmRQ4RPVAEix5-2w', u'expires_in': 3599, u'expires_at': 1637028668.641835}.
2021-11-15 17:11:09,659 INFO     ___FILE_ONLY___ 
You are now logged in as [zachstamegna@gmail.com].
Your current project is [high-comfort-332206].  You can change this setting by running:
  $ gcloud config set project PROJECT_ID

2021-11-15 17:11:09,665 INFO     root            Display format: "none"
