2021-11-15 22:48:42,943 DEBUG    root            Loaded Command Group: [u'gcloud', u'auth']
2021-11-15 22:48:42,995 DEBUG    root            Loaded Command Group: [u'gcloud', u'auth', u'login']
2021-11-15 22:48:42,998 DEBUG    root            Running [gcloud.auth.login] with arguments: []
2021-11-15 22:48:43,149 DEBUG    requests_oauthlib.oauth2_session Generated new state AnKqGOh2UzDc22xjTQLaDbO6DmUcPL.
2021-11-15 22:48:43,411 INFO     ___FILE_ONLY___ Your browser has been opened to visit:

    https://accounts.google.com/o/oauth2/auth?response_type=code&client_id=32555940559.apps.googleusercontent.com&redirect_uri=http%3A%2F%2Flocalhost%3A8085%2F&scope=openid+https%3A%2F%2Fwww.googleapis.com%2Fauth%2Fuserinfo.email+https%3A%2F%2Fwww.googleapis.com%2Fauth%2Fcloud-platform+https%3A%2F%2Fwww.googleapis.com%2Fauth%2Fappengine.admin+https%3A%2F%2Fwww.googleapis.com%2Fauth%2Fcompute+https%3A%2F%2Fwww.googleapis.com%2Fauth%2Faccounts.reauth&state=AnKqGOh2UzDc22xjTQLaDbO6DmUcPL&code_challenge=-mxTWkGnsznTqzDjdSr7cbDHspOYbhsZkeZDuOQKpi0&code_challenge_method=S256&access_type=offline


2021-11-15 22:48:48,790 INFO     google_auth_oauthlib.flow "GET /?state=AnKqGOh2UzDc22xjTQLaDbO6DmUcPL&code=4/0AX4XfWhabgxHnqmsx4lYDrkR-7ou9brD8xO1MU1dsyzN9ae5kQaB8N1S7zs1T6kIZmMA3g&scope=email%20openid%20https://www.googleapis.com/auth/userinfo.email%20https://www.googleapis.com/auth/cloud-platform%20https://www.googleapis.com/auth/appengine.admin%20https://www.googleapis.com/auth/compute%20https://www.googleapis.com/auth/accounts.reauth&authuser=0&prompt=consent HTTP/1.1" 200 959
2021-11-15 22:48:48,791 DEBUG    requests_oauthlib.oauth2_session Requesting url https://oauth2.googleapis.com/token using method POST.
2021-11-15 22:48:48,792 DEBUG    requests_oauthlib.oauth2_session Supplying headers {'Content-Type': 'application/x-www-form-urlencoded;charset=UTF-8', 'Accept': 'application/json', 'user-agent': 'google-cloud-sdk gcloud/364.0.0 command/gcloud.auth.login invocation-id/7426c7764de84c5ea9ced718b35dbe5d environment/None environment-version/None interactive/True from-script/False python/2.7.16 term/xterm-256color (Macintosh; Intel Mac OS X 19.6.0)'} and data {u'code': u'4/0AX4XfWhabgxHnqmsx4lYDrkR-7ou9brD8xO1MU1dsyzN9ae5kQaB8N1S7zs1T6kIZmMA3g', u'code_verifier': u'YIYf.d4he6LcC-QTJB3QV6VlqLTZjMAMPFNb75awJF7d~HLo7ZqlYqI_J1rFHfCvB_pZnE0z8l3ijQWlKpVjs989BinEqKvU1M.jJWi-X~TK_2pcp~PGeA7aq7WvX3DT', u'redirect_uri': u'http://localhost:8085/', u'client_id': u'32555940559.apps.googleusercontent.com', u'client_secret': u'ZmssLNjJy2998hD4CTg2ejr2', u'grant_type': u'authorization_code'}
2021-11-15 22:48:48,792 DEBUG    requests_oauthlib.oauth2_session Passing through key word arguments {'verify': True, 'json': None, 'proxies': None, 'timeout': None, 'auth': None}.
2021-11-15 22:48:48,902 DEBUG    urllib3.connectionpool Starting new HTTPS connection (1): oauth2.googleapis.com:443
2021-11-15 22:48:49,135 DEBUG    urllib3.connectionpool https://oauth2.googleapis.com:443 "POST /token HTTP/1.1" 200 None
2021-11-15 22:48:49,138 DEBUG    requests_oauthlib.oauth2_session Prepared fetch token request body grant_type=authorization_code&client_id=32555940559.apps.googleusercontent.com&client_secret=ZmssLNjJy2998hD4CTg2ejr2&code_verifier=YIYf.d4he6LcC-QTJB3QV6VlqLTZjMAMPFNb75awJF7d%7EHLo7ZqlYqI_J1rFHfCvB_pZnE0z8l3ijQWlKpVjs989BinEqKvU1M.jJWi-X%7ETK_2pcp%7EPGeA7aq7WvX3DT&code=4%2F0AX4XfWhabgxHnqmsx4lYDrkR-7ou9brD8xO1MU1dsyzN9ae5kQaB8N1S7zs1T6kIZmMA3g&redirect_uri=http%3A%2F%2Flocalhost%3A8085%2F
2021-11-15 22:48:49,138 DEBUG    requests_oauthlib.oauth2_session Request to fetch token completed with status 200.
2021-11-15 22:48:49,139 DEBUG    requests_oauthlib.oauth2_session Request headers were {'Content-Length': '393', 'Accept-Encoding': 'gzip, deflate', 'Accept': 'application/json', 'user-agent': 'google-cloud-sdk gcloud/364.0.0 command/gcloud.auth.login invocation-id/7426c7764de84c5ea9ced718b35dbe5d environment/None environment-version/None interactive/True from-script/False python/2.7.16 term/xterm-256color (Macintosh; Intel Mac OS X 19.6.0)', 'Connection': 'keep-alive', 'Content-Type': 'application/x-www-form-urlencoded;charset=UTF-8'}
2021-11-15 22:48:49,139 DEBUG    requests_oauthlib.oauth2_session Request body was code=4%2F0AX4XfWhabgxHnqmsx4lYDrkR-7ou9brD8xO1MU1dsyzN9ae5kQaB8N1S7zs1T6kIZmMA3g&code_verifier=YIYf.d4he6LcC-QTJB3QV6VlqLTZjMAMPFNb75awJF7d%7EHLo7ZqlYqI_J1rFHfCvB_pZnE0z8l3ijQWlKpVjs989BinEqKvU1M.jJWi-X%7ETK_2pcp%7EPGeA7aq7WvX3DT&redirect_uri=http%3A%2F%2Flocalhost%3A8085%2F&client_id=32555940559.apps.googleusercontent.com&client_secret=ZmssLNjJy2998hD4CTg2ejr2&grant_type=authorization_code
2021-11-15 22:48:49,140 DEBUG    requests_oauthlib.oauth2_session Response headers were {'X-XSS-Protection': '0', 'X-Content-Type-Options': 'nosniff', 'Content-Encoding': 'gzip', 'Transfer-Encoding': 'chunked', 'Expires': 'Mon, 01 Jan 1990 00:00:00 GMT', 'Vary': 'Origin, X-Origin, Referer', 'Server': 'scaffolding on HTTPServer2', 'Pragma': 'no-cache', 'Cache-Control': 'no-cache, no-store, max-age=0, must-revalidate', 'Date': 'Tue, 16 Nov 2021 06:48:49 GMT', 'X-Frame-Options': 'SAMEORIGIN', 'Alt-Svc': 'h3=":443"; ma=2592000,h3-29=":443"; ma=2592000,h3-Q050=":443"; ma=2592000,h3-Q046=":443"; ma=2592000,h3-Q043=":443"; ma=2592000,quic=":443"; ma=2592000; v="46,43"', 'Content-Type': 'application/json; charset=utf-8'} and content {
  "access_token": "ya29.a0ARrdaM83aO48-pGizAYwQRpD732mWHw-UrzcSuGpHCnNt0XNm-mG4LBbgHZ6uKT4TWF_XXZLRaE-ZETv8Fff3URwL_tio2jLOTzNvrZPYOyO-fw1dreMC_dQoFB41qgj0vSRMM-HuuLxebdBsYXr_q_h0sHc4LqLO4mj",
  "expires_in": 3599,
  "refresh_token": "1//062aQiZPmHxcACgYIARAAGAYSNwF-L9IrRqxSj9hrTb-wOaPx9-ded8x_QiS_dACzf6vR8DCE_xVr0L5BjD9DBuvBbc5t_AYQtK4",
  "scope": "openid https://www.googleapis.com/auth/cloud-platform https://www.googleapis.com/auth/appengine.admin https://www.googleapis.com/auth/compute https://www.googleapis.com/auth/userinfo.email https://www.googleapis.com/auth/accounts.reauth",
  "token_type": "Bearer",
  "id_token": "eyJhbGciOiJSUzI1NiIsImtpZCI6IjAzMmIyZWYzZDJjMjgwNjE1N2Y4YTliOWY0ZWY3Nzk4MzRmODVhZGEiLCJ0eXAiOiJKV1QifQ.eyJpc3MiOiJodHRwczovL2FjY291bnRzLmdvb2dsZS5jb20iLCJhenAiOiIzMjU1NTk0MDU1OS5hcHBzLmdvb2dsZXVzZXJjb250ZW50LmNvbSIsImF1ZCI6IjMyNTU1OTQwNTU5LmFwcHMuZ29vZ2xldXNlcmNvbnRlbnQuY29tIiwic3ViIjoiMTAxNDIwNTIzNTk3NzQ0Mjk1MDYyIiwiZW1haWwiOiJ6YWNoc3RhbWVnbmFAZ21haWwuY29tIiwiZW1haWxfdmVyaWZpZWQiOnRydWUsImF0X2hhc2giOiJkenVOb1doUGVFT1VDbDBpZVBreEdnIiwiaWF0IjoxNjM3MDQ1MzI5LCJleHAiOjE2MzcwNDg5Mjl9.A3fDeD1Kud3tqO0lsDS_-E6F_0WRxCmGUHEt7HPwJ2VGB3A2ASVuF4m2xErPzOor8wzbXDiD_P-qnvmMhvWFeDym9YxbBQKTyLDiV7qx71CyVgea8iPGPVeZFtOayZmA3K3u-XFbUYOSqYYg98MpweCTskjvJ51rcYkwJPoITBnz_DjZFznOcbu2xZnC0o4ntMxJl-qjnvL6B9OIEDN-OxpDX4oJ6bEV1A0GRBXiKAcIJUz1OEkNVLCbym7UXffPzVnCMITaRAAZ3MDILH-dA5JNWCOvTXb38tkxtXkCFtzQlc3X8ctk5GwhjFUszOPGS68Ckj56IZq2pkfmCKrdlA"
}.
2021-11-15 22:48:49,140 DEBUG    requests_oauthlib.oauth2_session Invoking 0 token response hooks.
2021-11-15 22:48:49,140 DEBUG    requests_oauthlib.oauth2_session Obtained token {u'token_type': u'Bearer', u'refresh_token': u'1//062aQiZPmHxcACgYIARAAGAYSNwF-L9IrRqxSj9hrTb-wOaPx9-ded8x_QiS_dACzf6vR8DCE_xVr0L5BjD9DBuvBbc5t_AYQtK4', u'scope': [u'openid', u'https://www.googleapis.com/auth/cloud-platform', u'https://www.googleapis.com/auth/appengine.admin', u'https://www.googleapis.com/auth/compute', u'https://www.googleapis.com/auth/userinfo.email', u'https://www.googleapis.com/auth/accounts.reauth'], u'access_token': u'ya29.a0ARrdaM83aO48-pGizAYwQRpD732mWHw-UrzcSuGpHCnNt0XNm-mG4LBbgHZ6uKT4TWF_XXZLRaE-ZETv8Fff3URwL_tio2jLOTzNvrZPYOyO-fw1dreMC_dQoFB41qgj0vSRMM-HuuLxebdBsYXr_q_h0sHc4LqLO4mj', u'id_token': u'eyJhbGciOiJSUzI1NiIsImtpZCI6IjAzMmIyZWYzZDJjMjgwNjE1N2Y4YTliOWY0ZWY3Nzk4MzRmODVhZGEiLCJ0eXAiOiJKV1QifQ.eyJpc3MiOiJodHRwczovL2FjY291bnRzLmdvb2dsZS5jb20iLCJhenAiOiIzMjU1NTk0MDU1OS5hcHBzLmdvb2dsZXVzZXJjb250ZW50LmNvbSIsImF1ZCI6IjMyNTU1OTQwNTU5LmFwcHMuZ29vZ2xldXNlcmNvbnRlbnQuY29tIiwic3ViIjoiMTAxNDIwNTIzNTk3NzQ0Mjk1MDYyIiwiZW1haWwiOiJ6YWNoc3RhbWVnbmFAZ21haWwuY29tIiwiZW1haWxfdmVyaWZpZWQiOnRydWUsImF0X2hhc2giOiJkenVOb1doUGVFT1VDbDBpZVBreEdnIiwiaWF0IjoxNjM3MDQ1MzI5LCJleHAiOjE2MzcwNDg5Mjl9.A3fDeD1Kud3tqO0lsDS_-E6F_0WRxCmGUHEt7HPwJ2VGB3A2ASVuF4m2xErPzOor8wzbXDiD_P-qnvmMhvWFeDym9YxbBQKTyLDiV7qx71CyVgea8iPGPVeZFtOayZmA3K3u-XFbUYOSqYYg98MpweCTskjvJ51rcYkwJPoITBnz_DjZFznOcbu2xZnC0o4ntMxJl-qjnvL6B9OIEDN-OxpDX4oJ6bEV1A0GRBXiKAcIJUz1OEkNVLCbym7UXffPzVnCMITaRAAZ3MDILH-dA5JNWCOvTXb38tkxtXkCFtzQlc3X8ctk5GwhjFUszOPGS68Ckj56IZq2pkfmCKrdlA', u'expires_in': 3599, u'expires_at': 1637048928.14077}.
2021-11-15 22:48:49,159 INFO     ___FILE_ONLY___ 
You are now logged in as [zachstamegna@gmail.com].
Your current project is [high-comfort-332206].  You can change this setting by running:
  $ gcloud config set project PROJECT_ID

2021-11-15 22:48:49,165 INFO     root            Display format: "none"
