2021-11-21 00:30:22,366 DEBUG    root            Loaded Command Group: [u'gcloud', u'auth']
2021-11-21 00:30:22,424 DEBUG    root            Loaded Command Group: [u'gcloud', u'auth', u'login']
2021-11-21 00:30:22,428 DEBUG    root            Running [gcloud.auth.login] with arguments: []
2021-11-21 00:30:22,569 DEBUG    requests_oauthlib.oauth2_session Generated new state kha5uFHbl2yyw4Hkb0nJnESwnSH923.
2021-11-21 00:30:23,101 INFO     ___FILE_ONLY___ Your browser has been opened to visit:

    https://accounts.google.com/o/oauth2/auth?response_type=code&client_id=32555940559.apps.googleusercontent.com&redirect_uri=http%3A%2F%2Flocalhost%3A8085%2F&scope=openid+https%3A%2F%2Fwww.googleapis.com%2Fauth%2Fuserinfo.email+https%3A%2F%2Fwww.googleapis.com%2Fauth%2Fcloud-platform+https%3A%2F%2Fwww.googleapis.com%2Fauth%2Fappengine.admin+https%3A%2F%2Fwww.googleapis.com%2Fauth%2Fcompute+https%3A%2F%2Fwww.googleapis.com%2Fauth%2Faccounts.reauth&state=kha5uFHbl2yyw4Hkb0nJnESwnSH923&code_challenge=jF0gv-nBOpcpLiAYtxAWTOfLYzANz6Ao2VM02fni-WY&code_challenge_method=S256&access_type=offline


2021-11-21 00:31:00,010 INFO     google_auth_oauthlib.flow "GET /?state=kha5uFHbl2yyw4Hkb0nJnESwnSH923&code=4/0AX4XfWjXBOKySeEKMblXqiYtaFBf_aMrukIVoEA3EfoDdKdrKll3f8E5AJ1pqRfImVXGzg&scope=email%20openid%20https://www.googleapis.com/auth/userinfo.email%20https://www.googleapis.com/auth/cloud-platform%20https://www.googleapis.com/auth/appengine.admin%20https://www.googleapis.com/auth/compute%20https://www.googleapis.com/auth/accounts.reauth&authuser=0&prompt=consent HTTP/1.1" 200 959
2021-11-21 00:31:00,015 DEBUG    requests_oauthlib.oauth2_session Requesting url https://oauth2.googleapis.com/token using method POST.
2021-11-21 00:31:00,015 DEBUG    requests_oauthlib.oauth2_session Supplying headers {'Content-Type': 'application/x-www-form-urlencoded;charset=UTF-8', 'Accept': 'application/json', 'user-agent': 'google-cloud-sdk gcloud/364.0.0 command/gcloud.auth.login invocation-id/424ef2f5b5bf407bad7ae99249ca79ee environment/None environment-version/None interactive/True from-script/False python/2.7.16 term/xterm-256color (Macintosh; Intel Mac OS X 19.6.0)'} and data {u'code': u'4/0AX4XfWjXBOKySeEKMblXqiYtaFBf_aMrukIVoEA3EfoDdKdrKll3f8E5AJ1pqRfImVXGzg', u'code_verifier': u'2Jfrf0wXT-0u6y~8YFQOgAMUKr2sKpO8EG9qNUjdQYWNh53a66J_tH1huTvqtNNwPQCOBg3GWs2Bnqbd_qof2aJqy5DLnkWj2O.t6~7lYlNUuz6Gayb-ps61jDRdzluC', u'redirect_uri': u'http://localhost:8085/', u'client_id': u'32555940559.apps.googleusercontent.com', u'client_secret': u'ZmssLNjJy2998hD4CTg2ejr2', u'grant_type': u'authorization_code'}
2021-11-21 00:31:00,015 DEBUG    requests_oauthlib.oauth2_session Passing through key word arguments {'verify': True, 'json': None, 'proxies': None, 'timeout': None, 'auth': None}.
2021-11-21 00:31:00,099 DEBUG    urllib3.connectionpool Starting new HTTPS connection (1): oauth2.googleapis.com:443
2021-11-21 00:31:00,389 DEBUG    urllib3.connectionpool https://oauth2.googleapis.com:443 "POST /token HTTP/1.1" 200 None
2021-11-21 00:31:00,392 DEBUG    requests_oauthlib.oauth2_session Prepared fetch token request body grant_type=authorization_code&client_id=32555940559.apps.googleusercontent.com&client_secret=ZmssLNjJy2998hD4CTg2ejr2&code_verifier=2Jfrf0wXT-0u6y%7E8YFQOgAMUKr2sKpO8EG9qNUjdQYWNh53a66J_tH1huTvqtNNwPQCOBg3GWs2Bnqbd_qof2aJqy5DLnkWj2O.t6%7E7lYlNUuz6Gayb-ps61jDRdzluC&code=4%2F0AX4XfWjXBOKySeEKMblXqiYtaFBf_aMrukIVoEA3EfoDdKdrKll3f8E5AJ1pqRfImVXGzg&redirect_uri=http%3A%2F%2Flocalhost%3A8085%2F
2021-11-21 00:31:00,392 DEBUG    requests_oauthlib.oauth2_session Request to fetch token completed with status 200.
2021-11-21 00:31:00,393 DEBUG    requests_oauthlib.oauth2_session Request headers were {'Content-Length': '391', 'Accept-Encoding': 'gzip, deflate', 'Accept': 'application/json', 'user-agent': 'google-cloud-sdk gcloud/364.0.0 command/gcloud.auth.login invocation-id/424ef2f5b5bf407bad7ae99249ca79ee environment/None environment-version/None interactive/True from-script/False python/2.7.16 term/xterm-256color (Macintosh; Intel Mac OS X 19.6.0)', 'Connection': 'keep-alive', 'Content-Type': 'application/x-www-form-urlencoded;charset=UTF-8'}
2021-11-21 00:31:00,393 DEBUG    requests_oauthlib.oauth2_session Request body was code=4%2F0AX4XfWjXBOKySeEKMblXqiYtaFBf_aMrukIVoEA3EfoDdKdrKll3f8E5AJ1pqRfImVXGzg&code_verifier=2Jfrf0wXT-0u6y%7E8YFQOgAMUKr2sKpO8EG9qNUjdQYWNh53a66J_tH1huTvqtNNwPQCOBg3GWs2Bnqbd_qof2aJqy5DLnkWj2O.t6%7E7lYlNUuz6Gayb-ps61jDRdzluC&redirect_uri=http%3A%2F%2Flocalhost%3A8085%2F&client_id=32555940559.apps.googleusercontent.com&client_secret=ZmssLNjJy2998hD4CTg2ejr2&grant_type=authorization_code
2021-11-21 00:31:00,394 DEBUG    requests_oauthlib.oauth2_session Response headers were {'X-XSS-Protection': '0', 'X-Content-Type-Options': 'nosniff', 'Content-Encoding': 'gzip', 'Transfer-Encoding': 'chunked', 'Expires': 'Mon, 01 Jan 1990 00:00:00 GMT', 'Vary': 'Origin, X-Origin, Referer', 'Server': 'scaffolding on HTTPServer2', 'Pragma': 'no-cache', 'Cache-Control': 'no-cache, no-store, max-age=0, must-revalidate', 'Date': 'Sun, 21 Nov 2021 08:31:00 GMT', 'X-Frame-Options': 'SAMEORIGIN', 'Alt-Svc': 'h3=":443"; ma=2592000,h3-29=":443"; ma=2592000,h3-Q050=":443"; ma=2592000,h3-Q046=":443"; ma=2592000,h3-Q043=":443"; ma=2592000,quic=":443"; ma=2592000; v="46,43"', 'Content-Type': 'application/json; charset=utf-8'} and content {
  "access_token": "ya29.a0ARrdaM8tOsYpHN9ATchg8_1BB5nxpiM5Oaf9Mk-yPonuFyUz9YxQN5e8Gnh7pShToH54Nw6zMxb-K-leO0Cd8HFYbtC6eAZM1eKC2PBkMbyD_asudZF7wFKpV1CIt4Zprl4nVuBnbqmwboSbkSIpflE0_g7WJYHW7IlD",
  "expires_in": 3599,
  "refresh_token": "1//06PnVVDdWd1vsCgYIARAAGAYSNwF-L9IrgY6w_KQaJB2iKjTKyOsgvMxFqQcJ9s2bfZXSCO5Sd1rZuPwZeOJ4v_Ko2ncFb2Paglw",
  "scope": "https://www.googleapis.com/auth/appengine.admin https://www.googleapis.com/auth/compute openid https://www.googleapis.com/auth/cloud-platform https://www.googleapis.com/auth/accounts.reauth https://www.googleapis.com/auth/userinfo.email",
  "token_type": "Bearer",
  "id_token": "eyJhbGciOiJSUzI1NiIsImtpZCI6IjAzMmIyZWYzZDJjMjgwNjE1N2Y4YTliOWY0ZWY3Nzk4MzRmODVhZGEiLCJ0eXAiOiJKV1QifQ.eyJpc3MiOiJodHRwczovL2FjY291bnRzLmdvb2dsZS5jb20iLCJhenAiOiIzMjU1NTk0MDU1OS5hcHBzLmdvb2dsZXVzZXJjb250ZW50LmNvbSIsImF1ZCI6IjMyNTU1OTQwNTU5LmFwcHMuZ29vZ2xldXNlcmNvbnRlbnQuY29tIiwic3ViIjoiMTAxNDIwNTIzNTk3NzQ0Mjk1MDYyIiwiZW1haWwiOiJ6YWNoc3RhbWVnbmFAZ21haWwuY29tIiwiZW1haWxfdmVyaWZpZWQiOnRydWUsImF0X2hhc2giOiJrYXdTeDZsZWRaOTRnakxBV2dBcE5RIiwiaWF0IjoxNjM3NDgzNDYwLCJleHAiOjE2Mzc0ODcwNjB9.gpNpWWl64H5epatuNZbcrWglwQdtUoeEifCbaEzExRRISwbWek0FFJ5EWMeFYG6QkzTQX48ZVX9zdAqJ74XiNgcdB0MylpuQxHa2APAvduYdA6DQqoO9KaQQs9SV6E8gJNARhrT_yfoD1fOAFcWvEsfbWke8No2ZdOPKdi49TATOtrwazD3C3bvy-jyDn18sNkQ0i3Npy4gKCloV2n0_A_xFMMxnOsHS4bovEHt8EpXMQDI_cUUBESR3cV5JktPCL9HMPGaN9xG2Nft_-faZ8gO_PAwEHA0eiBHkMp4E0YBKQR5XuMB4g2EXWhcJRVATXJju3H4JhjhzIAwf3gpIdg"
}.
2021-11-21 00:31:00,394 DEBUG    requests_oauthlib.oauth2_session Invoking 0 token response hooks.
2021-11-21 00:31:00,394 DEBUG    requests_oauthlib.oauth2_session Obtained token {u'token_type': u'Bearer', u'refresh_token': u'1//06PnVVDdWd1vsCgYIARAAGAYSNwF-L9IrgY6w_KQaJB2iKjTKyOsgvMxFqQcJ9s2bfZXSCO5Sd1rZuPwZeOJ4v_Ko2ncFb2Paglw', u'scope': [u'https://www.googleapis.com/auth/appengine.admin', u'https://www.googleapis.com/auth/compute', u'openid', u'https://www.googleapis.com/auth/cloud-platform', u'https://www.googleapis.com/auth/accounts.reauth', u'https://www.googleapis.com/auth/userinfo.email'], u'access_token': u'ya29.a0ARrdaM8tOsYpHN9ATchg8_1BB5nxpiM5Oaf9Mk-yPonuFyUz9YxQN5e8Gnh7pShToH54Nw6zMxb-K-leO0Cd8HFYbtC6eAZM1eKC2PBkMbyD_asudZF7wFKpV1CIt4Zprl4nVuBnbqmwboSbkSIpflE0_g7WJYHW7IlD', u'id_token': u'eyJhbGciOiJSUzI1NiIsImtpZCI6IjAzMmIyZWYzZDJjMjgwNjE1N2Y4YTliOWY0ZWY3Nzk4MzRmODVhZGEiLCJ0eXAiOiJKV1QifQ.eyJpc3MiOiJodHRwczovL2FjY291bnRzLmdvb2dsZS5jb20iLCJhenAiOiIzMjU1NTk0MDU1OS5hcHBzLmdvb2dsZXVzZXJjb250ZW50LmNvbSIsImF1ZCI6IjMyNTU1OTQwNTU5LmFwcHMuZ29vZ2xldXNlcmNvbnRlbnQuY29tIiwic3ViIjoiMTAxNDIwNTIzNTk3NzQ0Mjk1MDYyIiwiZW1haWwiOiJ6YWNoc3RhbWVnbmFAZ21haWwuY29tIiwiZW1haWxfdmVyaWZpZWQiOnRydWUsImF0X2hhc2giOiJrYXdTeDZsZWRaOTRnakxBV2dBcE5RIiwiaWF0IjoxNjM3NDgzNDYwLCJleHAiOjE2Mzc0ODcwNjB9.gpNpWWl64H5epatuNZbcrWglwQdtUoeEifCbaEzExRRISwbWek0FFJ5EWMeFYG6QkzTQX48ZVX9zdAqJ74XiNgcdB0MylpuQxHa2APAvduYdA6DQqoO9KaQQs9SV6E8gJNARhrT_yfoD1fOAFcWvEsfbWke8No2ZdOPKdi49TATOtrwazD3C3bvy-jyDn18sNkQ0i3Npy4gKCloV2n0_A_xFMMxnOsHS4bovEHt8EpXMQDI_cUUBESR3cV5JktPCL9HMPGaN9xG2Nft_-faZ8gO_PAwEHA0eiBHkMp4E0YBKQR5XuMB4g2EXWhcJRVATXJju3H4JhjhzIAwf3gpIdg', u'expires_in': 3599, u'expires_at': 1637487059.394798}.
2021-11-21 00:31:00,411 INFO     ___FILE_ONLY___ 
You are now logged in as [zachstamegna@gmail.com].
Your current project is [high-comfort-332206].  You can change this setting by running:
  $ gcloud config set project PROJECT_ID

2021-11-21 00:31:00,418 INFO     root            Display format: "none"
