2021-11-21 04:00:17,492 DEBUG    root            Loaded Command Group: [u'gcloud', u'auth']
2021-11-21 04:00:17,548 DEBUG    root            Loaded Command Group: [u'gcloud', u'auth', u'login']
2021-11-21 04:00:17,551 DEBUG    root            Running [gcloud.auth.login] with arguments: []
2021-11-21 04:00:17,606 DEBUG    requests_oauthlib.oauth2_session Generated new state C6fvClfC8mMH5hSMBZAQ29jGr7oArV.
2021-11-21 04:00:18,079 INFO     ___FILE_ONLY___ Your browser has been opened to visit:

    https://accounts.google.com/o/oauth2/auth?response_type=code&client_id=32555940559.apps.googleusercontent.com&redirect_uri=http%3A%2F%2Flocalhost%3A8085%2F&scope=openid+https%3A%2F%2Fwww.googleapis.com%2Fauth%2Fuserinfo.email+https%3A%2F%2Fwww.googleapis.com%2Fauth%2Fcloud-platform+https%3A%2F%2Fwww.googleapis.com%2Fauth%2Fappengine.admin+https%3A%2F%2Fwww.googleapis.com%2Fauth%2Fcompute+https%3A%2F%2Fwww.googleapis.com%2Fauth%2Faccounts.reauth&state=C6fvClfC8mMH5hSMBZAQ29jGr7oArV&code_challenge=JzrkPBw4zkxTgXTyIxUBKtR7GAGaeQ1hxyfrWx6dZac&code_challenge_method=S256&access_type=offline


2021-11-21 04:00:23,559 INFO     google_auth_oauthlib.flow "GET /?state=C6fvClfC8mMH5hSMBZAQ29jGr7oArV&code=4/0AX4XfWjMBfARZHTD2l8Bt3EcA4ENXhEAEuCzam269K5X75q1zScgWg6pPmQFLgeHi761Fw&scope=email%20openid%20https://www.googleapis.com/auth/userinfo.email%20https://www.googleapis.com/auth/cloud-platform%20https://www.googleapis.com/auth/appengine.admin%20https://www.googleapis.com/auth/compute%20https://www.googleapis.com/auth/accounts.reauth&authuser=0&prompt=consent HTTP/1.1" 200 959
2021-11-21 04:00:23,562 DEBUG    requests_oauthlib.oauth2_session Requesting url https://oauth2.googleapis.com/token using method POST.
2021-11-21 04:00:23,562 DEBUG    requests_oauthlib.oauth2_session Supplying headers {'Content-Type': 'application/x-www-form-urlencoded;charset=UTF-8', 'Accept': 'application/json', 'user-agent': 'google-cloud-sdk gcloud/364.0.0 command/gcloud.auth.login invocation-id/e29a494b6f6641fea1decda8f09d3f67 environment/None environment-version/None interactive/True from-script/False python/2.7.16 term/xterm-256color (Macintosh; Intel Mac OS X 19.6.0)'} and data {u'code': u'4/0AX4XfWjMBfARZHTD2l8Bt3EcA4ENXhEAEuCzam269K5X75q1zScgWg6pPmQFLgeHi761Fw', u'code_verifier': u'Nwb9yhLJiOYs0mzRwJYmfJZyS4XznDTQC.ar4ZeLNWCqohOj7nYj1Jq9NGqJZXBdby3Kvixd0b6uikITPeegc3msNYNZBFi.FCMnqIjacHRyA-PLv-k95TJow~QSl6Bw', u'redirect_uri': u'http://localhost:8085/', u'client_id': u'32555940559.apps.googleusercontent.com', u'client_secret': u'ZmssLNjJy2998hD4CTg2ejr2', u'grant_type': u'authorization_code'}
2021-11-21 04:00:23,562 DEBUG    requests_oauthlib.oauth2_session Passing through key word arguments {'verify': True, 'json': None, 'proxies': None, 'timeout': None, 'auth': None}.
2021-11-21 04:00:23,704 DEBUG    urllib3.connectionpool Starting new HTTPS connection (1): oauth2.googleapis.com:443
2021-11-21 04:00:23,936 DEBUG    urllib3.connectionpool https://oauth2.googleapis.com:443 "POST /token HTTP/1.1" 200 None
2021-11-21 04:00:23,938 DEBUG    requests_oauthlib.oauth2_session Prepared fetch token request body grant_type=authorization_code&client_id=32555940559.apps.googleusercontent.com&client_secret=ZmssLNjJy2998hD4CTg2ejr2&code_verifier=Nwb9yhLJiOYs0mzRwJYmfJZyS4XznDTQC.ar4ZeLNWCqohOj7nYj1Jq9NGqJZXBdby3Kvixd0b6uikITPeegc3msNYNZBFi.FCMnqIjacHRyA-PLv-k95TJow%7EQSl6Bw&code=4%2F0AX4XfWjMBfARZHTD2l8Bt3EcA4ENXhEAEuCzam269K5X75q1zScgWg6pPmQFLgeHi761Fw&redirect_uri=http%3A%2F%2Flocalhost%3A8085%2F
2021-11-21 04:00:23,938 DEBUG    requests_oauthlib.oauth2_session Request to fetch token completed with status 200.
2021-11-21 04:00:23,940 DEBUG    requests_oauthlib.oauth2_session Request headers were {'Content-Length': '389', 'Accept-Encoding': 'gzip, deflate', 'Accept': 'application/json', 'user-agent': 'google-cloud-sdk gcloud/364.0.0 command/gcloud.auth.login invocation-id/e29a494b6f6641fea1decda8f09d3f67 environment/None environment-version/None interactive/True from-script/False python/2.7.16 term/xterm-256color (Macintosh; Intel Mac OS X 19.6.0)', 'Connection': 'keep-alive', 'Content-Type': 'application/x-www-form-urlencoded;charset=UTF-8'}
2021-11-21 04:00:23,940 DEBUG    requests_oauthlib.oauth2_session Request body was code=4%2F0AX4XfWjMBfARZHTD2l8Bt3EcA4ENXhEAEuCzam269K5X75q1zScgWg6pPmQFLgeHi761Fw&code_verifier=Nwb9yhLJiOYs0mzRwJYmfJZyS4XznDTQC.ar4ZeLNWCqohOj7nYj1Jq9NGqJZXBdby3Kvixd0b6uikITPeegc3msNYNZBFi.FCMnqIjacHRyA-PLv-k95TJow%7EQSl6Bw&redirect_uri=http%3A%2F%2Flocalhost%3A8085%2F&client_id=32555940559.apps.googleusercontent.com&client_secret=ZmssLNjJy2998hD4CTg2ejr2&grant_type=authorization_code
2021-11-21 04:00:23,940 DEBUG    requests_oauthlib.oauth2_session Response headers were {'X-XSS-Protection': '0', 'X-Content-Type-Options': 'nosniff', 'Content-Encoding': 'gzip', 'Transfer-Encoding': 'chunked', 'Expires': 'Mon, 01 Jan 1990 00:00:00 GMT', 'Vary': 'Origin, X-Origin, Referer', 'Server': 'scaffolding on HTTPServer2', 'Pragma': 'no-cache', 'Cache-Control': 'no-cache, no-store, max-age=0, must-revalidate', 'Date': 'Sun, 21 Nov 2021 12:00:23 GMT', 'X-Frame-Options': 'SAMEORIGIN', 'Alt-Svc': 'h3=":443"; ma=2592000,h3-29=":443"; ma=2592000,h3-Q050=":443"; ma=2592000,h3-Q046=":443"; ma=2592000,h3-Q043=":443"; ma=2592000,quic=":443"; ma=2592000; v="46,43"', 'Content-Type': 'application/json; charset=utf-8'} and content {
  "access_token": "ya29.a0ARrdaM9-StHJGcrD4NWs8PUCZfOjIB3GhQkrpOnOQNyyf0foH4DYgBAzgKZKcptjKHaKbtm76Za40VtULyj3S-XVfEk3yzRM_GH0iGve63Evv4X1sEK_tyK01mypWrM1g45biGb5QdzKZULh6ENZnR1v7ZljdEDAGZ6g",
  "expires_in": 3599,
  "refresh_token": "1//06cFaweOy66dUCgYIARAAGAYSNwF-L9IrgQ4QLm5Z0pE52M4nnZG8DUESlvdbWGozIdsiXU16Tg4d6GR02n6K_w99Kig4l_25Hso",
  "scope": "https://www.googleapis.com/auth/appengine.admin https://www.googleapis.com/auth/userinfo.email https://www.googleapis.com/auth/accounts.reauth https://www.googleapis.com/auth/compute openid https://www.googleapis.com/auth/cloud-platform",
  "token_type": "Bearer",
  "id_token": "eyJhbGciOiJSUzI1NiIsImtpZCI6IjAzMmIyZWYzZDJjMjgwNjE1N2Y4YTliOWY0ZWY3Nzk4MzRmODVhZGEiLCJ0eXAiOiJKV1QifQ.eyJpc3MiOiJodHRwczovL2FjY291bnRzLmdvb2dsZS5jb20iLCJhenAiOiIzMjU1NTk0MDU1OS5hcHBzLmdvb2dsZXVzZXJjb250ZW50LmNvbSIsImF1ZCI6IjMyNTU1OTQwNTU5LmFwcHMuZ29vZ2xldXNlcmNvbnRlbnQuY29tIiwic3ViIjoiMTAxNDIwNTIzNTk3NzQ0Mjk1MDYyIiwiZW1haWwiOiJ6YWNoc3RhbWVnbmFAZ21haWwuY29tIiwiZW1haWxfdmVyaWZpZWQiOnRydWUsImF0X2hhc2giOiJGTll6dzZqbkMzNjNvWjNaUk9XQjBBIiwiaWF0IjoxNjM3NDk2MDIzLCJleHAiOjE2Mzc0OTk2MjN9.SfRJJ8S10ZUR6_Dz3Rl9dAbpzLFBGEoLNut11aEE-iG9zj83zU9As0TLOc33uszHp3HE7SWYG1-cLNrCPPcpRMITe6e3778d3WsVt7xu3x1a1ExV6qyxDlaWlyPaweInBpWBHypa68B7KRqEFv7Dbw8ebqd9bDzVEZXMMlwmHbq5ukQu3lht-nnn0ATK63O7hDXQ3JO9IVvYLM5LOdqPrQz2M1o7ZEanLRlOPfsa3d7eXal7_zxo3Bry2Mg105TT7RXn0Wd5gGx910J3Ohlj2trrM4ULHf8wTa-qi5y47PMCW1Rg0bc2rfxdxqrIJgoaVds6CgdBvgnH9-vc6zxxEQ"
}.
2021-11-21 04:00:23,941 DEBUG    requests_oauthlib.oauth2_session Invoking 0 token response hooks.
2021-11-21 04:00:23,941 DEBUG    requests_oauthlib.oauth2_session Obtained token {u'token_type': u'Bearer', u'refresh_token': u'1//06cFaweOy66dUCgYIARAAGAYSNwF-L9IrgQ4QLm5Z0pE52M4nnZG8DUESlvdbWGozIdsiXU16Tg4d6GR02n6K_w99Kig4l_25Hso', u'scope': [u'https://www.googleapis.com/auth/appengine.admin', u'https://www.googleapis.com/auth/userinfo.email', u'https://www.googleapis.com/auth/accounts.reauth', u'https://www.googleapis.com/auth/compute', u'openid', u'https://www.googleapis.com/auth/cloud-platform'], u'access_token': u'ya29.a0ARrdaM9-StHJGcrD4NWs8PUCZfOjIB3GhQkrpOnOQNyyf0foH4DYgBAzgKZKcptjKHaKbtm76Za40VtULyj3S-XVfEk3yzRM_GH0iGve63Evv4X1sEK_tyK01mypWrM1g45biGb5QdzKZULh6ENZnR1v7ZljdEDAGZ6g', u'id_token': u'eyJhbGciOiJSUzI1NiIsImtpZCI6IjAzMmIyZWYzZDJjMjgwNjE1N2Y4YTliOWY0ZWY3Nzk4MzRmODVhZGEiLCJ0eXAiOiJKV1QifQ.eyJpc3MiOiJodHRwczovL2FjY291bnRzLmdvb2dsZS5jb20iLCJhenAiOiIzMjU1NTk0MDU1OS5hcHBzLmdvb2dsZXVzZXJjb250ZW50LmNvbSIsImF1ZCI6IjMyNTU1OTQwNTU5LmFwcHMuZ29vZ2xldXNlcmNvbnRlbnQuY29tIiwic3ViIjoiMTAxNDIwNTIzNTk3NzQ0Mjk1MDYyIiwiZW1haWwiOiJ6YWNoc3RhbWVnbmFAZ21haWwuY29tIiwiZW1haWxfdmVyaWZpZWQiOnRydWUsImF0X2hhc2giOiJGTll6dzZqbkMzNjNvWjNaUk9XQjBBIiwiaWF0IjoxNjM3NDk2MDIzLCJleHAiOjE2Mzc0OTk2MjN9.SfRJJ8S10ZUR6_Dz3Rl9dAbpzLFBGEoLNut11aEE-iG9zj83zU9As0TLOc33uszHp3HE7SWYG1-cLNrCPPcpRMITe6e3778d3WsVt7xu3x1a1ExV6qyxDlaWlyPaweInBpWBHypa68B7KRqEFv7Dbw8ebqd9bDzVEZXMMlwmHbq5ukQu3lht-nnn0ATK63O7hDXQ3JO9IVvYLM5LOdqPrQz2M1o7ZEanLRlOPfsa3d7eXal7_zxo3Bry2Mg105TT7RXn0Wd5gGx910J3Ohlj2trrM4ULHf8wTa-qi5y47PMCW1Rg0bc2rfxdxqrIJgoaVds6CgdBvgnH9-vc6zxxEQ', u'expires_in': 3599, u'expires_at': 1637499622.941486}.
2021-11-21 04:00:23,964 INFO     ___FILE_ONLY___ 
You are now logged in as [zachstamegna@gmail.com].
Your current project is [high-comfort-332206].  You can change this setting by running:
  $ gcloud config set project PROJECT_ID

2021-11-21 04:00:23,975 INFO     root            Display format: "none"
