2021-11-21 13:42:03,303 DEBUG    root            Loaded Command Group: [u'gcloud', u'auth']
2021-11-21 13:42:03,363 DEBUG    root            Loaded Command Group: [u'gcloud', u'auth', u'login']
2021-11-21 13:42:03,366 DEBUG    root            Running [gcloud.auth.login] with arguments: []
2021-11-21 13:42:03,580 DEBUG    requests_oauthlib.oauth2_session Generated new state NnfgCR1sycwOJ9yzSVot7bwOr3AsQo.
2021-11-21 13:42:03,808 INFO     ___FILE_ONLY___ Your browser has been opened to visit:

    https://accounts.google.com/o/oauth2/auth?response_type=code&client_id=32555940559.apps.googleusercontent.com&redirect_uri=http%3A%2F%2Flocalhost%3A8085%2F&scope=openid+https%3A%2F%2Fwww.googleapis.com%2Fauth%2Fuserinfo.email+https%3A%2F%2Fwww.googleapis.com%2Fauth%2Fcloud-platform+https%3A%2F%2Fwww.googleapis.com%2Fauth%2Fappengine.admin+https%3A%2F%2Fwww.googleapis.com%2Fauth%2Fcompute+https%3A%2F%2Fwww.googleapis.com%2Fauth%2Faccounts.reauth&state=NnfgCR1sycwOJ9yzSVot7bwOr3AsQo&code_challenge=RJ5r4XKi8srM9LtyVJJw5VTmcxVx5Op0-qm7RSELPDA&code_challenge_method=S256&access_type=offline


2021-11-21 13:42:12,772 INFO     google_auth_oauthlib.flow "GET /?state=NnfgCR1sycwOJ9yzSVot7bwOr3AsQo&code=4/0AX4XfWjssyFg4hItJkN4MqiYW4Fx9Eaek7Et0yUJixIe_U4wnwF0rhTh6TlpSAbojZu-rw&scope=email%20openid%20https://www.googleapis.com/auth/userinfo.email%20https://www.googleapis.com/auth/cloud-platform%20https://www.googleapis.com/auth/appengine.admin%20https://www.googleapis.com/auth/compute%20https://www.googleapis.com/auth/accounts.reauth&authuser=0&prompt=consent HTTP/1.1" 200 959
2021-11-21 13:42:12,773 DEBUG    requests_oauthlib.oauth2_session Requesting url https://oauth2.googleapis.com/token using method POST.
2021-11-21 13:42:12,774 DEBUG    requests_oauthlib.oauth2_session Supplying headers {'Content-Type': 'application/x-www-form-urlencoded;charset=UTF-8', 'Accept': 'application/json', 'user-agent': 'google-cloud-sdk gcloud/364.0.0 command/gcloud.auth.login invocation-id/4288da03077b40738653506c6a1f1aa2 environment/None environment-version/None interactive/True from-script/False python/2.7.16 term/xterm-256color (Macintosh; Intel Mac OS X 19.6.0)'} and data {u'code': u'4/0AX4XfWjssyFg4hItJkN4MqiYW4Fx9Eaek7Et0yUJixIe_U4wnwF0rhTh6TlpSAbojZu-rw', u'code_verifier': u'woxWOl0LIEl8q6jbBRgIAO7tNUWuh~zG0-X1fz00qVlVPP0tdSt_.YfSjpvwf8AgoiJdQq-uOzOpszdfcLSYkxWcuJQQxunFd6kDMuY5GN-6BrtnQH06ldmpq~7sfp-.', u'redirect_uri': u'http://localhost:8085/', u'client_id': u'32555940559.apps.googleusercontent.com', u'client_secret': u'ZmssLNjJy2998hD4CTg2ejr2', u'grant_type': u'authorization_code'}
2021-11-21 13:42:12,774 DEBUG    requests_oauthlib.oauth2_session Passing through key word arguments {'verify': True, 'json': None, 'proxies': None, 'timeout': None, 'auth': None}.
2021-11-21 13:42:13,833 DEBUG    urllib3.connectionpool Starting new HTTPS connection (1): oauth2.googleapis.com:443
2021-11-21 13:42:14,174 DEBUG    urllib3.connectionpool https://oauth2.googleapis.com:443 "POST /token HTTP/1.1" 200 None
2021-11-21 13:42:14,176 DEBUG    requests_oauthlib.oauth2_session Prepared fetch token request body grant_type=authorization_code&client_id=32555940559.apps.googleusercontent.com&client_secret=ZmssLNjJy2998hD4CTg2ejr2&code_verifier=woxWOl0LIEl8q6jbBRgIAO7tNUWuh%7EzG0-X1fz00qVlVPP0tdSt_.YfSjpvwf8AgoiJdQq-uOzOpszdfcLSYkxWcuJQQxunFd6kDMuY5GN-6BrtnQH06ldmpq%7E7sfp-.&code=4%2F0AX4XfWjssyFg4hItJkN4MqiYW4Fx9Eaek7Et0yUJixIe_U4wnwF0rhTh6TlpSAbojZu-rw&redirect_uri=http%3A%2F%2Flocalhost%3A8085%2F
2021-11-21 13:42:14,176 DEBUG    requests_oauthlib.oauth2_session Request to fetch token completed with status 200.
2021-11-21 13:42:14,176 DEBUG    requests_oauthlib.oauth2_session Request headers were {'Content-Length': '391', 'Accept-Encoding': 'gzip, deflate', 'Accept': 'application/json', 'user-agent': 'google-cloud-sdk gcloud/364.0.0 command/gcloud.auth.login invocation-id/4288da03077b40738653506c6a1f1aa2 environment/None environment-version/None interactive/True from-script/False python/2.7.16 term/xterm-256color (Macintosh; Intel Mac OS X 19.6.0)', 'Connection': 'keep-alive', 'Content-Type': 'application/x-www-form-urlencoded;charset=UTF-8'}
2021-11-21 13:42:14,177 DEBUG    requests_oauthlib.oauth2_session Request body was code=4%2F0AX4XfWjssyFg4hItJkN4MqiYW4Fx9Eaek7Et0yUJixIe_U4wnwF0rhTh6TlpSAbojZu-rw&code_verifier=woxWOl0LIEl8q6jbBRgIAO7tNUWuh%7EzG0-X1fz00qVlVPP0tdSt_.YfSjpvwf8AgoiJdQq-uOzOpszdfcLSYkxWcuJQQxunFd6kDMuY5GN-6BrtnQH06ldmpq%7E7sfp-.&redirect_uri=http%3A%2F%2Flocalhost%3A8085%2F&client_id=32555940559.apps.googleusercontent.com&client_secret=ZmssLNjJy2998hD4CTg2ejr2&grant_type=authorization_code
2021-11-21 13:42:14,177 DEBUG    requests_oauthlib.oauth2_session Response headers were {'X-XSS-Protection': '0', 'X-Content-Type-Options': 'nosniff', 'Content-Encoding': 'gzip', 'Transfer-Encoding': 'chunked', 'Expires': 'Mon, 01 Jan 1990 00:00:00 GMT', 'Vary': 'Origin, X-Origin, Referer', 'Server': 'scaffolding on HTTPServer2', 'Pragma': 'no-cache', 'Cache-Control': 'no-cache, no-store, max-age=0, must-revalidate', 'Date': 'Sun, 21 Nov 2021 21:42:14 GMT', 'X-Frame-Options': 'SAMEORIGIN', 'Alt-Svc': 'h3=":443"; ma=2592000,h3-29=":443"; ma=2592000,h3-Q050=":443"; ma=2592000,h3-Q046=":443"; ma=2592000,h3-Q043=":443"; ma=2592000,quic=":443"; ma=2592000; v="46,43"', 'Content-Type': 'application/json; charset=utf-8'} and content {
  "access_token": "ya29.a0ARrdaM9wyvb0iApzecR2MNkNm2mRhVwgm6q1yOtYQYWgnA0lcz8BAiwQAJahGOMDveRI8QgQkjaXM1ohgVgy3MILyZtgqx6_uSq4vfndMm_zFsO1A8vHXw-34mj7KmfOQiX9XOJ2UKsJEPdJB2Sy5yP1wpZPIPa3_VHG",
  "expires_in": 3599,
  "refresh_token": "1//06Gc-zIidjTB2CgYIARAAGAYSNwF-L9IrhmYZMJQ5QPp2p4beXJg1ciXoI30E9Mkf60Zx1s-n2pURSM3Q6ZoRdbPmZcyMGRMWNzA",
  "scope": "https://www.googleapis.com/auth/accounts.reauth openid https://www.googleapis.com/auth/cloud-platform https://www.googleapis.com/auth/appengine.admin https://www.googleapis.com/auth/userinfo.email https://www.googleapis.com/auth/compute",
  "token_type": "Bearer",
  "id_token": "eyJhbGciOiJSUzI1NiIsImtpZCI6IjAzMmIyZWYzZDJjMjgwNjE1N2Y4YTliOWY0ZWY3Nzk4MzRmODVhZGEiLCJ0eXAiOiJKV1QifQ.eyJpc3MiOiJodHRwczovL2FjY291bnRzLmdvb2dsZS5jb20iLCJhenAiOiIzMjU1NTk0MDU1OS5hcHBzLmdvb2dsZXVzZXJjb250ZW50LmNvbSIsImF1ZCI6IjMyNTU1OTQwNTU5LmFwcHMuZ29vZ2xldXNlcmNvbnRlbnQuY29tIiwic3ViIjoiMTAxNDIwNTIzNTk3NzQ0Mjk1MDYyIiwiZW1haWwiOiJ6YWNoc3RhbWVnbmFAZ21haWwuY29tIiwiZW1haWxfdmVyaWZpZWQiOnRydWUsImF0X2hhc2giOiJRenZFMHkzMHlfa0VqaFpVclhBNXF3IiwiaWF0IjoxNjM3NTMwOTM0LCJleHAiOjE2Mzc1MzQ1MzR9.Yt1A6afayn1Ti86jZcVcL920IXc7iTzoAwCOEr6O7w-vKy6NcUSPTwF11pVh21ufAoH39S0zrOXFYXLnuWutiwke9P9Nu3W-8OvRcXjxRyNexD9eXbruDX5uTEZtjOrCcVSX3C-jwoRCcnsI1wcJl-X2JsC3O4P7OC8pp9SIUQtwRLhzNYTm0SYfwEnuXmmy9fWs4GCRN0xz-tpDuMJrh1vYQ2k3o5R5ttI1O12kagTQhlGvCiDL1wv0fur5dM-qsovIprVDNnwES92CCtIqTlkyx8AeCmhRKaTjC1NGe0HxI5CeKcm72ztPyeexl9mPspPt9u2SFZdf9FzCnRm3PQ"
}.
2021-11-21 13:42:14,177 DEBUG    requests_oauthlib.oauth2_session Invoking 0 token response hooks.
2021-11-21 13:42:14,177 DEBUG    requests_oauthlib.oauth2_session Obtained token {u'token_type': u'Bearer', u'refresh_token': u'1//06Gc-zIidjTB2CgYIARAAGAYSNwF-L9IrhmYZMJQ5QPp2p4beXJg1ciXoI30E9Mkf60Zx1s-n2pURSM3Q6ZoRdbPmZcyMGRMWNzA', u'scope': [u'https://www.googleapis.com/auth/accounts.reauth', u'openid', u'https://www.googleapis.com/auth/cloud-platform', u'https://www.googleapis.com/auth/appengine.admin', u'https://www.googleapis.com/auth/userinfo.email', u'https://www.googleapis.com/auth/compute'], u'access_token': u'ya29.a0ARrdaM9wyvb0iApzecR2MNkNm2mRhVwgm6q1yOtYQYWgnA0lcz8BAiwQAJahGOMDveRI8QgQkjaXM1ohgVgy3MILyZtgqx6_uSq4vfndMm_zFsO1A8vHXw-34mj7KmfOQiX9XOJ2UKsJEPdJB2Sy5yP1wpZPIPa3_VHG', u'id_token': u'eyJhbGciOiJSUzI1NiIsImtpZCI6IjAzMmIyZWYzZDJjMjgwNjE1N2Y4YTliOWY0ZWY3Nzk4MzRmODVhZGEiLCJ0eXAiOiJKV1QifQ.eyJpc3MiOiJodHRwczovL2FjY291bnRzLmdvb2dsZS5jb20iLCJhenAiOiIzMjU1NTk0MDU1OS5hcHBzLmdvb2dsZXVzZXJjb250ZW50LmNvbSIsImF1ZCI6IjMyNTU1OTQwNTU5LmFwcHMuZ29vZ2xldXNlcmNvbnRlbnQuY29tIiwic3ViIjoiMTAxNDIwNTIzNTk3NzQ0Mjk1MDYyIiwiZW1haWwiOiJ6YWNoc3RhbWVnbmFAZ21haWwuY29tIiwiZW1haWxfdmVyaWZpZWQiOnRydWUsImF0X2hhc2giOiJRenZFMHkzMHlfa0VqaFpVclhBNXF3IiwiaWF0IjoxNjM3NTMwOTM0LCJleHAiOjE2Mzc1MzQ1MzR9.Yt1A6afayn1Ti86jZcVcL920IXc7iTzoAwCOEr6O7w-vKy6NcUSPTwF11pVh21ufAoH39S0zrOXFYXLnuWutiwke9P9Nu3W-8OvRcXjxRyNexD9eXbruDX5uTEZtjOrCcVSX3C-jwoRCcnsI1wcJl-X2JsC3O4P7OC8pp9SIUQtwRLhzNYTm0SYfwEnuXmmy9fWs4GCRN0xz-tpDuMJrh1vYQ2k3o5R5ttI1O12kagTQhlGvCiDL1wv0fur5dM-qsovIprVDNnwES92CCtIqTlkyx8AeCmhRKaTjC1NGe0HxI5CeKcm72ztPyeexl9mPspPt9u2SFZdf9FzCnRm3PQ', u'expires_in': 3599, u'expires_at': 1637534533.177872}.
2021-11-21 13:42:14,193 INFO     ___FILE_ONLY___ 
You are now logged in as [zachstamegna@gmail.com].
Your current project is [high-comfort-332206].  You can change this setting by running:
  $ gcloud config set project PROJECT_ID

2021-11-21 13:42:14,197 INFO     root            Display format: "none"
2021-11-21 13:42:14,371 DEBUG    root            Checking for updates...
2021-11-21 13:42:14,416 DEBUG    urllib3.connectionpool Starting new HTTPS connection (1): dl.google.com:443
2021-11-21 13:42:14,533 DEBUG    urllib3.connectionpool https://dl.google.com:443 "GET /dl/cloudsdk/channels/rapid/components-2.json HTTP/1.1" 200 171933
2021-11-21 13:42:14,633 INFO     ___FILE_ONLY___ 

Updates are available for some Cloud SDK components.  To install them,
please run:
  $ gcloud components update


