2021-11-21 13:55:41,448 DEBUG    root            Loaded Command Group: [u'gcloud', u'auth']
2021-11-21 13:55:41,505 DEBUG    root            Loaded Command Group: [u'gcloud', u'auth', u'login']
2021-11-21 13:55:41,508 DEBUG    root            Running [gcloud.auth.login] with arguments: []
2021-11-21 13:55:41,622 DEBUG    requests_oauthlib.oauth2_session Generated new state GvoaO8KNuXP7IephCpFff7xNkk549x.
2021-11-21 13:55:41,836 INFO     ___FILE_ONLY___ Your browser has been opened to visit:

    https://accounts.google.com/o/oauth2/auth?response_type=code&client_id=32555940559.apps.googleusercontent.com&redirect_uri=http%3A%2F%2Flocalhost%3A8085%2F&scope=openid+https%3A%2F%2Fwww.googleapis.com%2Fauth%2Fuserinfo.email+https%3A%2F%2Fwww.googleapis.com%2Fauth%2Fcloud-platform+https%3A%2F%2Fwww.googleapis.com%2Fauth%2Fappengine.admin+https%3A%2F%2Fwww.googleapis.com%2Fauth%2Fcompute+https%3A%2F%2Fwww.googleapis.com%2Fauth%2Faccounts.reauth&state=GvoaO8KNuXP7IephCpFff7xNkk549x&code_challenge=-1FXMMPzciCHueecG4NzW9avKw8BsP50wkxij-o31Ss&code_challenge_method=S256&access_type=offline


2021-11-21 13:55:47,020 INFO     google_auth_oauthlib.flow "GET /?state=GvoaO8KNuXP7IephCpFff7xNkk549x&code=4/0AX4XfWhmpqTd-1CkjLHFs1azN6jaoHOu3wlgT4jqv3d4IuH4FcHg2sLg-wwss9HJJ2A5gA&scope=email%20openid%20https://www.googleapis.com/auth/userinfo.email%20https://www.googleapis.com/auth/cloud-platform%20https://www.googleapis.com/auth/appengine.admin%20https://www.googleapis.com/auth/compute%20https://www.googleapis.com/auth/accounts.reauth&authuser=0&prompt=consent HTTP/1.1" 200 959
2021-11-21 13:55:47,021 DEBUG    requests_oauthlib.oauth2_session Requesting url https://oauth2.googleapis.com/token using method POST.
2021-11-21 13:55:47,021 DEBUG    requests_oauthlib.oauth2_session Supplying headers {'Content-Type': 'application/x-www-form-urlencoded;charset=UTF-8', 'Accept': 'application/json', 'user-agent': 'google-cloud-sdk gcloud/364.0.0 command/gcloud.auth.login invocation-id/9791da1cbe814d4d9fb935543b2d1af5 environment/None environment-version/None interactive/True from-script/False python/2.7.16 term/xterm-256color (Macintosh; Intel Mac OS X 19.6.0)'} and data {u'code': u'4/0AX4XfWhmpqTd-1CkjLHFs1azN6jaoHOu3wlgT4jqv3d4IuH4FcHg2sLg-wwss9HJJ2A5gA', u'code_verifier': u'n~UReSPANX.DG8w2apXvuTfqAkon~sV.zH6sp79ePc_4maPovI~ZLmAj0AU7Vz5ca2dKOzgO.Jz16~EU1t7Hbvlhi_Oa.T9bHm8a27zClu6KGoRModG9FDi75S6uGJla', u'redirect_uri': u'http://localhost:8085/', u'client_id': u'32555940559.apps.googleusercontent.com', u'client_secret': u'ZmssLNjJy2998hD4CTg2ejr2', u'grant_type': u'authorization_code'}
2021-11-21 13:55:47,021 DEBUG    requests_oauthlib.oauth2_session Passing through key word arguments {'verify': True, 'json': None, 'proxies': None, 'timeout': None, 'auth': None}.
2021-11-21 13:55:47,058 DEBUG    urllib3.connectionpool Starting new HTTPS connection (1): oauth2.googleapis.com:443
2021-11-21 13:55:47,408 DEBUG    urllib3.connectionpool https://oauth2.googleapis.com:443 "POST /token HTTP/1.1" 200 None
2021-11-21 13:55:47,409 DEBUG    requests_oauthlib.oauth2_session Prepared fetch token request body grant_type=authorization_code&client_id=32555940559.apps.googleusercontent.com&client_secret=ZmssLNjJy2998hD4CTg2ejr2&code_verifier=n%7EUReSPANX.DG8w2apXvuTfqAkon%7EsV.zH6sp79ePc_4maPovI%7EZLmAj0AU7Vz5ca2dKOzgO.Jz16%7EEU1t7Hbvlhi_Oa.T9bHm8a27zClu6KGoRModG9FDi75S6uGJla&code=4%2F0AX4XfWhmpqTd-1CkjLHFs1azN6jaoHOu3wlgT4jqv3d4IuH4FcHg2sLg-wwss9HJJ2A5gA&redirect_uri=http%3A%2F%2Flocalhost%3A8085%2F
2021-11-21 13:55:47,409 DEBUG    requests_oauthlib.oauth2_session Request to fetch token completed with status 200.
2021-11-21 13:55:47,409 DEBUG    requests_oauthlib.oauth2_session Request headers were {'Content-Length': '395', 'Accept-Encoding': 'gzip, deflate', 'Accept': 'application/json', 'user-agent': 'google-cloud-sdk gcloud/364.0.0 command/gcloud.auth.login invocation-id/9791da1cbe814d4d9fb935543b2d1af5 environment/None environment-version/None interactive/True from-script/False python/2.7.16 term/xterm-256color (Macintosh; Intel Mac OS X 19.6.0)', 'Connection': 'keep-alive', 'Content-Type': 'application/x-www-form-urlencoded;charset=UTF-8'}
2021-11-21 13:55:47,410 DEBUG    requests_oauthlib.oauth2_session Request body was code=4%2F0AX4XfWhmpqTd-1CkjLHFs1azN6jaoHOu3wlgT4jqv3d4IuH4FcHg2sLg-wwss9HJJ2A5gA&code_verifier=n%7EUReSPANX.DG8w2apXvuTfqAkon%7EsV.zH6sp79ePc_4maPovI%7EZLmAj0AU7Vz5ca2dKOzgO.Jz16%7EEU1t7Hbvlhi_Oa.T9bHm8a27zClu6KGoRModG9FDi75S6uGJla&redirect_uri=http%3A%2F%2Flocalhost%3A8085%2F&client_id=32555940559.apps.googleusercontent.com&client_secret=ZmssLNjJy2998hD4CTg2ejr2&grant_type=authorization_code
2021-11-21 13:55:47,410 DEBUG    requests_oauthlib.oauth2_session Response headers were {'X-XSS-Protection': '0', 'X-Content-Type-Options': 'nosniff', 'Content-Encoding': 'gzip', 'Transfer-Encoding': 'chunked', 'Expires': 'Mon, 01 Jan 1990 00:00:00 GMT', 'Vary': 'Origin, X-Origin, Referer', 'Server': 'scaffolding on HTTPServer2', 'Pragma': 'no-cache', 'Cache-Control': 'no-cache, no-store, max-age=0, must-revalidate', 'Date': 'Sun, 21 Nov 2021 21:55:47 GMT', 'X-Frame-Options': 'SAMEORIGIN', 'Alt-Svc': 'h3=":443"; ma=2592000,h3-29=":443"; ma=2592000,h3-Q050=":443"; ma=2592000,h3-Q046=":443"; ma=2592000,h3-Q043=":443"; ma=2592000,quic=":443"; ma=2592000; v="46,43"', 'Content-Type': 'application/json; charset=utf-8'} and content {
  "access_token": "ya29.a0ARrdaM81biWBlBMHOg3jW8vuKBbXZ9Q082iyF7uO_pmIyQAXbh49X-DaUJqJNvFQ6vu4LdK4mNNg6euGXUqlRGeMC_yWahdWI3SA3YhN8Jr-yPriHATX4dwjnvTMi14lsrxcGWfs9r9SAQRHZp3ylBq5RQq6PQNBvf3R",
  "expires_in": 3599,
  "refresh_token": "1//06mOn5okJ_W0DCgYIARAAGAYSNwF-L9IrlkkMeBN8QvBDz7vuGjgHCri7WRNHQB_SlCH9CaRV95RQbg6qSCu6wurn_WltNunitOM",
  "scope": "openid https://www.googleapis.com/auth/compute https://www.googleapis.com/auth/userinfo.email https://www.googleapis.com/auth/accounts.reauth https://www.googleapis.com/auth/appengine.admin https://www.googleapis.com/auth/cloud-platform",
  "token_type": "Bearer",
  "id_token": "eyJhbGciOiJSUzI1NiIsImtpZCI6IjAzMmIyZWYzZDJjMjgwNjE1N2Y4YTliOWY0ZWY3Nzk4MzRmODVhZGEiLCJ0eXAiOiJKV1QifQ.eyJpc3MiOiJodHRwczovL2FjY291bnRzLmdvb2dsZS5jb20iLCJhenAiOiIzMjU1NTk0MDU1OS5hcHBzLmdvb2dsZXVzZXJjb250ZW50LmNvbSIsImF1ZCI6IjMyNTU1OTQwNTU5LmFwcHMuZ29vZ2xldXNlcmNvbnRlbnQuY29tIiwic3ViIjoiMTAxNDIwNTIzNTk3NzQ0Mjk1MDYyIiwiZW1haWwiOiJ6YWNoc3RhbWVnbmFAZ21haWwuY29tIiwiZW1haWxfdmVyaWZpZWQiOnRydWUsImF0X2hhc2giOiJxcjZoUmw0Wk5Cd0pnMXVmbW81ZTVnIiwiaWF0IjoxNjM3NTMxNzQ3LCJleHAiOjE2Mzc1MzUzNDd9.vWpjw3uxn7qJN-qapjz-Ud5LLrt0qB8fXNPXOvKRe5mAuFBFNCHyERiHtMKGP394KNWh1OOgxayhs91zLCWmwsWqXI1Lw3BopANJ8G6N-3BSQEE8pObw-_gi_-gha6DaxV9KYTGoCsgrXYA1bNENe59sqBNT9KCWFCZ_V2RNJu9Y1iTZ32MdwxPNzNCRHhbfRdGzNZUN-N4fNy09iVXWix8Ety5jmKrCrX-nuuRBu-qp7PobhQS-UNnN13gBWIdI6K6KEpE1_REL1kA6SqMK0uva1tZPVZtMLVb_pBnCEwyTirJIzkLxy2WD6zmQ7E3S2KVq31HQDhEF5ASt_5LtvQ"
}.
2021-11-21 13:55:47,410 DEBUG    requests_oauthlib.oauth2_session Invoking 0 token response hooks.
2021-11-21 13:55:47,410 DEBUG    requests_oauthlib.oauth2_session Obtained token {u'token_type': u'Bearer', u'refresh_token': u'1//06mOn5okJ_W0DCgYIARAAGAYSNwF-L9IrlkkMeBN8QvBDz7vuGjgHCri7WRNHQB_SlCH9CaRV95RQbg6qSCu6wurn_WltNunitOM', u'scope': [u'openid', u'https://www.googleapis.com/auth/compute', u'https://www.googleapis.com/auth/userinfo.email', u'https://www.googleapis.com/auth/accounts.reauth', u'https://www.googleapis.com/auth/appengine.admin', u'https://www.googleapis.com/auth/cloud-platform'], u'access_token': u'ya29.a0ARrdaM81biWBlBMHOg3jW8vuKBbXZ9Q082iyF7uO_pmIyQAXbh49X-DaUJqJNvFQ6vu4LdK4mNNg6euGXUqlRGeMC_yWahdWI3SA3YhN8Jr-yPriHATX4dwjnvTMi14lsrxcGWfs9r9SAQRHZp3ylBq5RQq6PQNBvf3R', u'id_token': u'eyJhbGciOiJSUzI1NiIsImtpZCI6IjAzMmIyZWYzZDJjMjgwNjE1N2Y4YTliOWY0ZWY3Nzk4MzRmODVhZGEiLCJ0eXAiOiJKV1QifQ.eyJpc3MiOiJodHRwczovL2FjY291bnRzLmdvb2dsZS5jb20iLCJhenAiOiIzMjU1NTk0MDU1OS5hcHBzLmdvb2dsZXVzZXJjb250ZW50LmNvbSIsImF1ZCI6IjMyNTU1OTQwNTU5LmFwcHMuZ29vZ2xldXNlcmNvbnRlbnQuY29tIiwic3ViIjoiMTAxNDIwNTIzNTk3NzQ0Mjk1MDYyIiwiZW1haWwiOiJ6YWNoc3RhbWVnbmFAZ21haWwuY29tIiwiZW1haWxfdmVyaWZpZWQiOnRydWUsImF0X2hhc2giOiJxcjZoUmw0Wk5Cd0pnMXVmbW81ZTVnIiwiaWF0IjoxNjM3NTMxNzQ3LCJleHAiOjE2Mzc1MzUzNDd9.vWpjw3uxn7qJN-qapjz-Ud5LLrt0qB8fXNPXOvKRe5mAuFBFNCHyERiHtMKGP394KNWh1OOgxayhs91zLCWmwsWqXI1Lw3BopANJ8G6N-3BSQEE8pObw-_gi_-gha6DaxV9KYTGoCsgrXYA1bNENe59sqBNT9KCWFCZ_V2RNJu9Y1iTZ32MdwxPNzNCRHhbfRdGzNZUN-N4fNy09iVXWix8Ety5jmKrCrX-nuuRBu-qp7PobhQS-UNnN13gBWIdI6K6KEpE1_REL1kA6SqMK0uva1tZPVZtMLVb_pBnCEwyTirJIzkLxy2WD6zmQ7E3S2KVq31HQDhEF5ASt_5LtvQ', u'expires_in': 3599, u'expires_at': 1637535346.410546}.
2021-11-21 13:55:47,419 INFO     ___FILE_ONLY___ 
You are now logged in as [zachstamegna@gmail.com].
Your current project is [high-comfort-332206].  You can change this setting by running:
  $ gcloud config set project PROJECT_ID

2021-11-21 13:55:47,422 INFO     root            Display format: "none"
