2021-11-21 16:04:37,013 DEBUG    root            Loaded Command Group: [u'gcloud', u'auth']
2021-11-21 16:04:37,087 DEBUG    root            Loaded Command Group: [u'gcloud', u'auth', u'login']
2021-11-21 16:04:37,090 DEBUG    root            Running [gcloud.auth.login] with arguments: []
2021-11-21 16:04:37,195 DEBUG    requests_oauthlib.oauth2_session Generated new state 9NIjRyCvDTu4CEKPqXopRBMzASOhHK.
2021-11-21 16:04:37,406 INFO     ___FILE_ONLY___ Your browser has been opened to visit:

    https://accounts.google.com/o/oauth2/auth?response_type=code&client_id=32555940559.apps.googleusercontent.com&redirect_uri=http%3A%2F%2Flocalhost%3A8085%2F&scope=openid+https%3A%2F%2Fwww.googleapis.com%2Fauth%2Fuserinfo.email+https%3A%2F%2Fwww.googleapis.com%2Fauth%2Fcloud-platform+https%3A%2F%2Fwww.googleapis.com%2Fauth%2Fappengine.admin+https%3A%2F%2Fwww.googleapis.com%2Fauth%2Fcompute+https%3A%2F%2Fwww.googleapis.com%2Fauth%2Faccounts.reauth&state=9NIjRyCvDTu4CEKPqXopRBMzASOhHK&code_challenge=JPBoGxALbCDmCizp398O9pgvNAyrzZd3R3F78iBilx4&code_challenge_method=S256&access_type=offline


2021-11-21 16:04:43,082 INFO     google_auth_oauthlib.flow "GET /?state=9NIjRyCvDTu4CEKPqXopRBMzASOhHK&code=4/0AX4XfWhvub7YJH2mSoGq2qpHD1myquzpcAb3OntcBjBeMhD2VwyRYyrcR-DpS-dddiLYPQ&scope=email%20openid%20https://www.googleapis.com/auth/userinfo.email%20https://www.googleapis.com/auth/cloud-platform%20https://www.googleapis.com/auth/appengine.admin%20https://www.googleapis.com/auth/compute%20https://www.googleapis.com/auth/accounts.reauth&authuser=0&prompt=consent HTTP/1.1" 200 959
2021-11-21 16:04:43,083 DEBUG    requests_oauthlib.oauth2_session Requesting url https://oauth2.googleapis.com/token using method POST.
2021-11-21 16:04:43,083 DEBUG    requests_oauthlib.oauth2_session Supplying headers {'Content-Type': 'application/x-www-form-urlencoded;charset=UTF-8', 'Accept': 'application/json', 'user-agent': 'google-cloud-sdk gcloud/364.0.0 command/gcloud.auth.login invocation-id/10d17a8f07df4597864ff9cfb9099182 environment/None environment-version/None interactive/True from-script/False python/2.7.16 term/xterm-256color (Macintosh; Intel Mac OS X 19.6.0)'} and data {u'code': u'4/0AX4XfWhvub7YJH2mSoGq2qpHD1myquzpcAb3OntcBjBeMhD2VwyRYyrcR-DpS-dddiLYPQ', u'code_verifier': u'p~pAWvb_25mc-7fqoynej7WiVsZI3rD..GiD~y6gaZTp7mqxGJ5bcRTLSKyDcSi0D9r-n1G7ZVuqXo8DkpuEfz_jxqxxppN7SXnUa81tcsyVwCn2fSXem0kL~jh~IFQn', u'redirect_uri': u'http://localhost:8085/', u'client_id': u'32555940559.apps.googleusercontent.com', u'client_secret': u'ZmssLNjJy2998hD4CTg2ejr2', u'grant_type': u'authorization_code'}
2021-11-21 16:04:43,084 DEBUG    requests_oauthlib.oauth2_session Passing through key word arguments {'verify': True, 'json': None, 'proxies': None, 'timeout': None, 'auth': None}.
2021-11-21 16:04:43,164 DEBUG    urllib3.connectionpool Starting new HTTPS connection (1): oauth2.googleapis.com:443
2021-11-21 16:04:43,403 DEBUG    urllib3.connectionpool https://oauth2.googleapis.com:443 "POST /token HTTP/1.1" 200 None
2021-11-21 16:04:43,405 DEBUG    requests_oauthlib.oauth2_session Prepared fetch token request body grant_type=authorization_code&client_id=32555940559.apps.googleusercontent.com&client_secret=ZmssLNjJy2998hD4CTg2ejr2&code_verifier=p%7EpAWvb_25mc-7fqoynej7WiVsZI3rD..GiD%7Ey6gaZTp7mqxGJ5bcRTLSKyDcSi0D9r-n1G7ZVuqXo8DkpuEfz_jxqxxppN7SXnUa81tcsyVwCn2fSXem0kL%7Ejh%7EIFQn&code=4%2F0AX4XfWhvub7YJH2mSoGq2qpHD1myquzpcAb3OntcBjBeMhD2VwyRYyrcR-DpS-dddiLYPQ&redirect_uri=http%3A%2F%2Flocalhost%3A8085%2F
2021-11-21 16:04:43,406 DEBUG    requests_oauthlib.oauth2_session Request to fetch token completed with status 200.
2021-11-21 16:04:43,406 DEBUG    requests_oauthlib.oauth2_session Request headers were {'Content-Length': '395', 'Accept-Encoding': 'gzip, deflate', 'Accept': 'application/json', 'user-agent': 'google-cloud-sdk gcloud/364.0.0 command/gcloud.auth.login invocation-id/10d17a8f07df4597864ff9cfb9099182 environment/None environment-version/None interactive/True from-script/False python/2.7.16 term/xterm-256color (Macintosh; Intel Mac OS X 19.6.0)', 'Connection': 'keep-alive', 'Content-Type': 'application/x-www-form-urlencoded;charset=UTF-8'}
2021-11-21 16:04:43,406 DEBUG    requests_oauthlib.oauth2_session Request body was code=4%2F0AX4XfWhvub7YJH2mSoGq2qpHD1myquzpcAb3OntcBjBeMhD2VwyRYyrcR-DpS-dddiLYPQ&code_verifier=p%7EpAWvb_25mc-7fqoynej7WiVsZI3rD..GiD%7Ey6gaZTp7mqxGJ5bcRTLSKyDcSi0D9r-n1G7ZVuqXo8DkpuEfz_jxqxxppN7SXnUa81tcsyVwCn2fSXem0kL%7Ejh%7EIFQn&redirect_uri=http%3A%2F%2Flocalhost%3A8085%2F&client_id=32555940559.apps.googleusercontent.com&client_secret=ZmssLNjJy2998hD4CTg2ejr2&grant_type=authorization_code
2021-11-21 16:04:43,407 DEBUG    requests_oauthlib.oauth2_session Response headers were {'X-XSS-Protection': '0', 'X-Content-Type-Options': 'nosniff', 'Content-Encoding': 'gzip', 'Transfer-Encoding': 'chunked', 'Expires': 'Mon, 01 Jan 1990 00:00:00 GMT', 'Vary': 'Origin, X-Origin, Referer', 'Server': 'scaffolding on HTTPServer2', 'Pragma': 'no-cache', 'Cache-Control': 'no-cache, no-store, max-age=0, must-revalidate', 'Date': 'Mon, 22 Nov 2021 00:04:43 GMT', 'X-Frame-Options': 'SAMEORIGIN', 'Alt-Svc': 'h3=":443"; ma=2592000,h3-29=":443"; ma=2592000,h3-Q050=":443"; ma=2592000,h3-Q046=":443"; ma=2592000,h3-Q043=":443"; ma=2592000,quic=":443"; ma=2592000; v="46,43"', 'Content-Type': 'application/json; charset=utf-8'} and content {
  "access_token": "ya29.a0ARrdaM-kAL9QqQkTGDrODz1briadUF87dShN4A9_U72hpciijwaLAaRlQ4wPDxwWFh5Rtu3nLQ5ERypjj90qYg1HRTluMW1Tbl1KZKQhbodnLF6FVJFc65DEbRGK0c_IqMb76Mo4Zvl5XA1GraRX-BG-pNzXwy2qNaOD",
  "expires_in": 3599,
  "refresh_token": "1//06Y0CejZHgoiuCgYIARAAGAYSNwF-L9IrCgPnmrNRq2KQEmuNMoKnrItoKRFBlB4oL38Tzot_A98MWQb7oaPcZIBUaRpwKD2wur4",
  "scope": "openid https://www.googleapis.com/auth/compute https://www.googleapis.com/auth/accounts.reauth https://www.googleapis.com/auth/appengine.admin https://www.googleapis.com/auth/userinfo.email https://www.googleapis.com/auth/cloud-platform",
  "token_type": "Bearer",
  "id_token": "eyJhbGciOiJSUzI1NiIsImtpZCI6IjAzMmIyZWYzZDJjMjgwNjE1N2Y4YTliOWY0ZWY3Nzk4MzRmODVhZGEiLCJ0eXAiOiJKV1QifQ.eyJpc3MiOiJodHRwczovL2FjY291bnRzLmdvb2dsZS5jb20iLCJhenAiOiIzMjU1NTk0MDU1OS5hcHBzLmdvb2dsZXVzZXJjb250ZW50LmNvbSIsImF1ZCI6IjMyNTU1OTQwNTU5LmFwcHMuZ29vZ2xldXNlcmNvbnRlbnQuY29tIiwic3ViIjoiMTAxNDIwNTIzNTk3NzQ0Mjk1MDYyIiwiZW1haWwiOiJ6YWNoc3RhbWVnbmFAZ21haWwuY29tIiwiZW1haWxfdmVyaWZpZWQiOnRydWUsImF0X2hhc2giOiJSQ2o1el9IRXFBdXFVYmwycjRaVnV3IiwiaWF0IjoxNjM3NTM5NDgzLCJleHAiOjE2Mzc1NDMwODN9.u66cqjnEn5kTzPd1jNUSdeRiLxzfjPekPIyXs9dExfWCxF8TpKmDWL9NXB_YO8fybPaAWMlbS9Q7r3z1ye73zhqTF7l0rJX5pC_h-LcLTlEAf2oo2KGbxdDglWwxlg9LTx9z8MNrL7mcHwsV2FEAY0c1nMQUIV-Jw_-4Jjp3CNrzp5vkXR4u4LeZ1YzNGxZcu09Oab9iA0HeHMM6UKw0fKmvmDPx7FLUnHCCqy1oVAeaBYFog2tMuNKCR4RdZY9UmYAllJ68SsYQAgNpCSB7KLM_KF2-0b2ICaU192c2GbyfzNUTu6t6ChHBQFt4qMLSH7hMIrwpuvVZeQ4wnfIzoQ"
}.
2021-11-21 16:04:43,407 DEBUG    requests_oauthlib.oauth2_session Invoking 0 token response hooks.
2021-11-21 16:04:43,407 DEBUG    requests_oauthlib.oauth2_session Obtained token {u'token_type': u'Bearer', u'refresh_token': u'1//06Y0CejZHgoiuCgYIARAAGAYSNwF-L9IrCgPnmrNRq2KQEmuNMoKnrItoKRFBlB4oL38Tzot_A98MWQb7oaPcZIBUaRpwKD2wur4', u'scope': [u'openid', u'https://www.googleapis.com/auth/compute', u'https://www.googleapis.com/auth/accounts.reauth', u'https://www.googleapis.com/auth/appengine.admin', u'https://www.googleapis.com/auth/userinfo.email', u'https://www.googleapis.com/auth/cloud-platform'], u'access_token': u'ya29.a0ARrdaM-kAL9QqQkTGDrODz1briadUF87dShN4A9_U72hpciijwaLAaRlQ4wPDxwWFh5Rtu3nLQ5ERypjj90qYg1HRTluMW1Tbl1KZKQhbodnLF6FVJFc65DEbRGK0c_IqMb76Mo4Zvl5XA1GraRX-BG-pNzXwy2qNaOD', u'id_token': u'eyJhbGciOiJSUzI1NiIsImtpZCI6IjAzMmIyZWYzZDJjMjgwNjE1N2Y4YTliOWY0ZWY3Nzk4MzRmODVhZGEiLCJ0eXAiOiJKV1QifQ.eyJpc3MiOiJodHRwczovL2FjY291bnRzLmdvb2dsZS5jb20iLCJhenAiOiIzMjU1NTk0MDU1OS5hcHBzLmdvb2dsZXVzZXJjb250ZW50LmNvbSIsImF1ZCI6IjMyNTU1OTQwNTU5LmFwcHMuZ29vZ2xldXNlcmNvbnRlbnQuY29tIiwic3ViIjoiMTAxNDIwNTIzNTk3NzQ0Mjk1MDYyIiwiZW1haWwiOiJ6YWNoc3RhbWVnbmFAZ21haWwuY29tIiwiZW1haWxfdmVyaWZpZWQiOnRydWUsImF0X2hhc2giOiJSQ2o1el9IRXFBdXFVYmwycjRaVnV3IiwiaWF0IjoxNjM3NTM5NDgzLCJleHAiOjE2Mzc1NDMwODN9.u66cqjnEn5kTzPd1jNUSdeRiLxzfjPekPIyXs9dExfWCxF8TpKmDWL9NXB_YO8fybPaAWMlbS9Q7r3z1ye73zhqTF7l0rJX5pC_h-LcLTlEAf2oo2KGbxdDglWwxlg9LTx9z8MNrL7mcHwsV2FEAY0c1nMQUIV-Jw_-4Jjp3CNrzp5vkXR4u4LeZ1YzNGxZcu09Oab9iA0HeHMM6UKw0fKmvmDPx7FLUnHCCqy1oVAeaBYFog2tMuNKCR4RdZY9UmYAllJ68SsYQAgNpCSB7KLM_KF2-0b2ICaU192c2GbyfzNUTu6t6ChHBQFt4qMLSH7hMIrwpuvVZeQ4wnfIzoQ', u'expires_in': 3599, u'expires_at': 1637543082.407605}.
2021-11-21 16:04:43,420 INFO     ___FILE_ONLY___ 
You are now logged in as [zachstamegna@gmail.com].
Your current project is [high-comfort-332206].  You can change this setting by running:
  $ gcloud config set project PROJECT_ID

2021-11-21 16:04:43,425 INFO     root            Display format: "none"
