2021-11-21 21:58:50,311 DEBUG    root            Loaded Command Group: [u'gcloud', u'auth']
2021-11-21 21:58:50,402 DEBUG    root            Loaded Command Group: [u'gcloud', u'auth', u'login']
2021-11-21 21:58:50,407 DEBUG    root            Running [gcloud.auth.login] with arguments: []
2021-11-21 21:58:50,531 DEBUG    requests_oauthlib.oauth2_session Generated new state pRk9Lbo2OOc3nNJBJDmBzdqJ2MBXOe.
2021-11-21 21:58:50,781 INFO     ___FILE_ONLY___ Your browser has been opened to visit:

    https://accounts.google.com/o/oauth2/auth?response_type=code&client_id=32555940559.apps.googleusercontent.com&redirect_uri=http%3A%2F%2Flocalhost%3A8085%2F&scope=openid+https%3A%2F%2Fwww.googleapis.com%2Fauth%2Fuserinfo.email+https%3A%2F%2Fwww.googleapis.com%2Fauth%2Fcloud-platform+https%3A%2F%2Fwww.googleapis.com%2Fauth%2Fappengine.admin+https%3A%2F%2Fwww.googleapis.com%2Fauth%2Fcompute+https%3A%2F%2Fwww.googleapis.com%2Fauth%2Faccounts.reauth&state=pRk9Lbo2OOc3nNJBJDmBzdqJ2MBXOe&code_challenge=pPOgCPj_vAECxiSQP5HZH0BEBWToHNztNzsceZt8itE&code_challenge_method=S256&access_type=offline


2021-11-21 21:58:57,052 INFO     google_auth_oauthlib.flow "GET /?state=pRk9Lbo2OOc3nNJBJDmBzdqJ2MBXOe&code=4/0AX4XfWhwVdIMv5AKBzL3zeI7qApkC3h2RJtfg8Lccb8phMRhdraLDmA8uhFmxsRQ1VB5_A&scope=email%20openid%20https://www.googleapis.com/auth/userinfo.email%20https://www.googleapis.com/auth/cloud-platform%20https://www.googleapis.com/auth/appengine.admin%20https://www.googleapis.com/auth/compute%20https://www.googleapis.com/auth/accounts.reauth&authuser=0&prompt=consent HTTP/1.1" 200 959
2021-11-21 21:58:57,052 DEBUG    requests_oauthlib.oauth2_session Requesting url https://oauth2.googleapis.com/token using method POST.
2021-11-21 21:58:57,052 DEBUG    requests_oauthlib.oauth2_session Supplying headers {'Content-Type': 'application/x-www-form-urlencoded;charset=UTF-8', 'Accept': 'application/json', 'user-agent': 'google-cloud-sdk gcloud/364.0.0 command/gcloud.auth.login invocation-id/c9bc263ac6a2440a968a5cafbfec4693 environment/None environment-version/None interactive/True from-script/False python/2.7.16 term/xterm-256color (Macintosh; Intel Mac OS X 19.6.0)'} and data {u'code': u'4/0AX4XfWhwVdIMv5AKBzL3zeI7qApkC3h2RJtfg8Lccb8phMRhdraLDmA8uhFmxsRQ1VB5_A', u'code_verifier': u'Zbu8lGXIo04JnAr2ME0yoTieEKKWu0DQfXMN_W~tsjvmhuPHocdo.9sVzPs3BTVCGwKeOHlQyGY208VGobLSEoIV-0V6KmuWUAwoOykBkBgyJvOT0aE1TA0b_GjR.O51', u'redirect_uri': u'http://localhost:8085/', u'client_id': u'32555940559.apps.googleusercontent.com', u'client_secret': u'ZmssLNjJy2998hD4CTg2ejr2', u'grant_type': u'authorization_code'}
2021-11-21 21:58:57,053 DEBUG    requests_oauthlib.oauth2_session Passing through key word arguments {'verify': True, 'json': None, 'proxies': None, 'timeout': None, 'auth': None}.
2021-11-21 21:58:57,127 DEBUG    urllib3.connectionpool Starting new HTTPS connection (1): oauth2.googleapis.com:443
2021-11-21 21:58:57,388 DEBUG    urllib3.connectionpool https://oauth2.googleapis.com:443 "POST /token HTTP/1.1" 200 None
2021-11-21 21:58:57,390 DEBUG    requests_oauthlib.oauth2_session Prepared fetch token request body grant_type=authorization_code&client_id=32555940559.apps.googleusercontent.com&client_secret=ZmssLNjJy2998hD4CTg2ejr2&code_verifier=Zbu8lGXIo04JnAr2ME0yoTieEKKWu0DQfXMN_W%7EtsjvmhuPHocdo.9sVzPs3BTVCGwKeOHlQyGY208VGobLSEoIV-0V6KmuWUAwoOykBkBgyJvOT0aE1TA0b_GjR.O51&code=4%2F0AX4XfWhwVdIMv5AKBzL3zeI7qApkC3h2RJtfg8Lccb8phMRhdraLDmA8uhFmxsRQ1VB5_A&redirect_uri=http%3A%2F%2Flocalhost%3A8085%2F
2021-11-21 21:58:57,390 DEBUG    requests_oauthlib.oauth2_session Request to fetch token completed with status 200.
2021-11-21 21:58:57,391 DEBUG    requests_oauthlib.oauth2_session Request headers were {'Content-Length': '389', 'Accept-Encoding': 'gzip, deflate', 'Accept': 'application/json', 'user-agent': 'google-cloud-sdk gcloud/364.0.0 command/gcloud.auth.login invocation-id/c9bc263ac6a2440a968a5cafbfec4693 environment/None environment-version/None interactive/True from-script/False python/2.7.16 term/xterm-256color (Macintosh; Intel Mac OS X 19.6.0)', 'Connection': 'keep-alive', 'Content-Type': 'application/x-www-form-urlencoded;charset=UTF-8'}
2021-11-21 21:58:57,391 DEBUG    requests_oauthlib.oauth2_session Request body was code=4%2F0AX4XfWhwVdIMv5AKBzL3zeI7qApkC3h2RJtfg8Lccb8phMRhdraLDmA8uhFmxsRQ1VB5_A&code_verifier=Zbu8lGXIo04JnAr2ME0yoTieEKKWu0DQfXMN_W%7EtsjvmhuPHocdo.9sVzPs3BTVCGwKeOHlQyGY208VGobLSEoIV-0V6KmuWUAwoOykBkBgyJvOT0aE1TA0b_GjR.O51&redirect_uri=http%3A%2F%2Flocalhost%3A8085%2F&client_id=32555940559.apps.googleusercontent.com&client_secret=ZmssLNjJy2998hD4CTg2ejr2&grant_type=authorization_code
2021-11-21 21:58:57,392 DEBUG    requests_oauthlib.oauth2_session Response headers were {'X-XSS-Protection': '0', 'X-Content-Type-Options': 'nosniff', 'Content-Encoding': 'gzip', 'Transfer-Encoding': 'chunked', 'Expires': 'Mon, 01 Jan 1990 00:00:00 GMT', 'Vary': 'Origin, X-Origin, Referer', 'Server': 'scaffolding on HTTPServer2', 'Pragma': 'no-cache', 'Cache-Control': 'no-cache, no-store, max-age=0, must-revalidate', 'Date': 'Mon, 22 Nov 2021 05:58:57 GMT', 'X-Frame-Options': 'SAMEORIGIN', 'Alt-Svc': 'h3=":443"; ma=2592000,h3-29=":443"; ma=2592000,h3-Q050=":443"; ma=2592000,h3-Q046=":443"; ma=2592000,h3-Q043=":443"; ma=2592000,quic=":443"; ma=2592000; v="46,43"', 'Content-Type': 'application/json; charset=utf-8'} and content {
  "access_token": "ya29.a0ARrdaM9P_PtEdzMkKBcYAMMmk9aZulwiDQePo_4re2HTfSRYTkQs_6CsQNQ6ZEz-Ye9BZ9ly3kJWlkwmUlVBHT4cfQGS41jM4WOqOrBqJYHcijctXi0v49XJeUs1OEeEZAvxwV-i21rYfuicG3UHCQN5xUikY9uYqDsT",
  "expires_in": 3599,
  "refresh_token": "1//06Xo6sOuZisY_CgYIARAAGAYSNwF-L9Ir85Iz--NEfr56tAf7bSDSg2aeZI2YDb-c5Tx-kJ1XmQVukDJkmZbh5teXnNeVmfm-RKs",
  "scope": "https://www.googleapis.com/auth/appengine.admin https://www.googleapis.com/auth/userinfo.email https://www.googleapis.com/auth/accounts.reauth openid https://www.googleapis.com/auth/cloud-platform https://www.googleapis.com/auth/compute",
  "token_type": "Bearer",
  "id_token": "eyJhbGciOiJSUzI1NiIsImtpZCI6IjAzMmIyZWYzZDJjMjgwNjE1N2Y4YTliOWY0ZWY3Nzk4MzRmODVhZGEiLCJ0eXAiOiJKV1QifQ.eyJpc3MiOiJodHRwczovL2FjY291bnRzLmdvb2dsZS5jb20iLCJhenAiOiIzMjU1NTk0MDU1OS5hcHBzLmdvb2dsZXVzZXJjb250ZW50LmNvbSIsImF1ZCI6IjMyNTU1OTQwNTU5LmFwcHMuZ29vZ2xldXNlcmNvbnRlbnQuY29tIiwic3ViIjoiMTAxNDIwNTIzNTk3NzQ0Mjk1MDYyIiwiZW1haWwiOiJ6YWNoc3RhbWVnbmFAZ21haWwuY29tIiwiZW1haWxfdmVyaWZpZWQiOnRydWUsImF0X2hhc2giOiJROUdfZlgxeDUxbG1BczBOeGJwS29nIiwiaWF0IjoxNjM3NTYwNzM3LCJleHAiOjE2Mzc1NjQzMzd9.gZPOXsY8RdN0aek2ol6QSxOsLYiqs_ysW_cCucyg0eOOdH-3-3_kWy4EEV2btfoke0i9avhHPXbV0OHu3RwKPQS7cJeCEHSMrmKT4rCzntAJLrMgQUMkC5mKq4B1FmSo_47ebUUh98fQRMY0oZjJOvhnFEtw8q0xMA4bxXfvpv5pPatqXpkcXoltLSNgqpwenFFnDQEWmNq4b17B_JObba0qlwugy5abXmamGU3kRs5ZcVjKxn0fyp0GX5JMW6zSQWXOYR09S4lrQyiaKWeJ_NGVAhGojggzUryegrgdgD4edm4x7O-V3fqjB6VOGJY2VKAMnZLXY4_49JBNQrI3Gw"
}.
2021-11-21 21:58:57,392 DEBUG    requests_oauthlib.oauth2_session Invoking 0 token response hooks.
2021-11-21 21:58:57,392 DEBUG    requests_oauthlib.oauth2_session Obtained token {u'token_type': u'Bearer', u'refresh_token': u'1//06Xo6sOuZisY_CgYIARAAGAYSNwF-L9Ir85Iz--NEfr56tAf7bSDSg2aeZI2YDb-c5Tx-kJ1XmQVukDJkmZbh5teXnNeVmfm-RKs', u'scope': [u'https://www.googleapis.com/auth/appengine.admin', u'https://www.googleapis.com/auth/userinfo.email', u'https://www.googleapis.com/auth/accounts.reauth', u'openid', u'https://www.googleapis.com/auth/cloud-platform', u'https://www.googleapis.com/auth/compute'], u'access_token': u'ya29.a0ARrdaM9P_PtEdzMkKBcYAMMmk9aZulwiDQePo_4re2HTfSRYTkQs_6CsQNQ6ZEz-Ye9BZ9ly3kJWlkwmUlVBHT4cfQGS41jM4WOqOrBqJYHcijctXi0v49XJeUs1OEeEZAvxwV-i21rYfuicG3UHCQN5xUikY9uYqDsT', u'id_token': u'eyJhbGciOiJSUzI1NiIsImtpZCI6IjAzMmIyZWYzZDJjMjgwNjE1N2Y4YTliOWY0ZWY3Nzk4MzRmODVhZGEiLCJ0eXAiOiJKV1QifQ.eyJpc3MiOiJodHRwczovL2FjY291bnRzLmdvb2dsZS5jb20iLCJhenAiOiIzMjU1NTk0MDU1OS5hcHBzLmdvb2dsZXVzZXJjb250ZW50LmNvbSIsImF1ZCI6IjMyNTU1OTQwNTU5LmFwcHMuZ29vZ2xldXNlcmNvbnRlbnQuY29tIiwic3ViIjoiMTAxNDIwNTIzNTk3NzQ0Mjk1MDYyIiwiZW1haWwiOiJ6YWNoc3RhbWVnbmFAZ21haWwuY29tIiwiZW1haWxfdmVyaWZpZWQiOnRydWUsImF0X2hhc2giOiJROUdfZlgxeDUxbG1BczBOeGJwS29nIiwiaWF0IjoxNjM3NTYwNzM3LCJleHAiOjE2Mzc1NjQzMzd9.gZPOXsY8RdN0aek2ol6QSxOsLYiqs_ysW_cCucyg0eOOdH-3-3_kWy4EEV2btfoke0i9avhHPXbV0OHu3RwKPQS7cJeCEHSMrmKT4rCzntAJLrMgQUMkC5mKq4B1FmSo_47ebUUh98fQRMY0oZjJOvhnFEtw8q0xMA4bxXfvpv5pPatqXpkcXoltLSNgqpwenFFnDQEWmNq4b17B_JObba0qlwugy5abXmamGU3kRs5ZcVjKxn0fyp0GX5JMW6zSQWXOYR09S4lrQyiaKWeJ_NGVAhGojggzUryegrgdgD4edm4x7O-V3fqjB6VOGJY2VKAMnZLXY4_49JBNQrI3Gw', u'expires_in': 3599, u'expires_at': 1637564336.392601}.
2021-11-21 21:58:57,406 INFO     ___FILE_ONLY___ 
You are now logged in as [zachstamegna@gmail.com].
Your current project is [high-comfort-332206].  You can change this setting by running:
  $ gcloud config set project PROJECT_ID

2021-11-21 21:58:57,411 INFO     root            Display format: "none"
