2021-11-17 15:32:48,795 DEBUG    root            Loaded Command Group: [u'gcloud', u'auth']
2021-11-17 15:32:48,881 DEBUG    root            Loaded Command Group: [u'gcloud', u'auth', u'login']
2021-11-17 15:32:48,884 DEBUG    root            Running [gcloud.auth.login] with arguments: []
2021-11-17 15:32:49,046 DEBUG    requests_oauthlib.oauth2_session Generated new state lEVhX2vsdQcC6DMf5qzZRXsWoTqVpe.
2021-11-17 15:32:49,293 INFO     ___FILE_ONLY___ Your browser has been opened to visit:

    https://accounts.google.com/o/oauth2/auth?response_type=code&client_id=32555940559.apps.googleusercontent.com&redirect_uri=http%3A%2F%2Flocalhost%3A8085%2F&scope=openid+https%3A%2F%2Fwww.googleapis.com%2Fauth%2Fuserinfo.email+https%3A%2F%2Fwww.googleapis.com%2Fauth%2Fcloud-platform+https%3A%2F%2Fwww.googleapis.com%2Fauth%2Fappengine.admin+https%3A%2F%2Fwww.googleapis.com%2Fauth%2Fcompute+https%3A%2F%2Fwww.googleapis.com%2Fauth%2Faccounts.reauth&state=lEVhX2vsdQcC6DMf5qzZRXsWoTqVpe&code_challenge=nkqDsq8lWqBTNryeKLMpO6vWTcBW9VMAuZPcpV4NPY4&code_challenge_method=S256&access_type=offline


2021-11-17 15:32:54,462 INFO     google_auth_oauthlib.flow "GET /?state=lEVhX2vsdQcC6DMf5qzZRXsWoTqVpe&code=4/0AX4XfWgu8M86thjqZBi0i2tsn95DTtSdXmA_o8koHioWgpo2-MHClyQX8OwEhROvuKbKxQ&scope=email%20openid%20https://www.googleapis.com/auth/userinfo.email%20https://www.googleapis.com/auth/cloud-platform%20https://www.googleapis.com/auth/appengine.admin%20https://www.googleapis.com/auth/compute%20https://www.googleapis.com/auth/accounts.reauth&authuser=0&prompt=consent HTTP/1.1" 200 959
2021-11-17 15:32:54,462 DEBUG    requests_oauthlib.oauth2_session Requesting url https://oauth2.googleapis.com/token using method POST.
2021-11-17 15:32:54,463 DEBUG    requests_oauthlib.oauth2_session Supplying headers {'Content-Type': 'application/x-www-form-urlencoded;charset=UTF-8', 'Accept': 'application/json', 'user-agent': 'google-cloud-sdk gcloud/364.0.0 command/gcloud.auth.login invocation-id/7149d7a842bf4042aa8eb74adfcda2d1 environment/None environment-version/None interactive/True from-script/False python/2.7.16 term/xterm-256color (Macintosh; Intel Mac OS X 19.6.0)'} and data {u'code': u'4/0AX4XfWgu8M86thjqZBi0i2tsn95DTtSdXmA_o8koHioWgpo2-MHClyQX8OwEhROvuKbKxQ', u'code_verifier': u'RGu6DT2ik6v6Cy7LwHtTmv9ayDFe2w1PNMEZvC~BjQ4PK7-3scjLq9vMGRBScc8EvR~1B_SdJNTVrlENIbc.JiiCamcZ4p37N9-B8YjZ_17fRO-mwbQ0MheALjFMSjQL', u'redirect_uri': u'http://localhost:8085/', u'client_id': u'32555940559.apps.googleusercontent.com', u'client_secret': u'ZmssLNjJy2998hD4CTg2ejr2', u'grant_type': u'authorization_code'}
2021-11-17 15:32:54,463 DEBUG    requests_oauthlib.oauth2_session Passing through key word arguments {'verify': True, 'json': None, 'proxies': None, 'timeout': None, 'auth': None}.
2021-11-17 15:32:54,526 DEBUG    urllib3.connectionpool Starting new HTTPS connection (1): oauth2.googleapis.com:443
2021-11-17 15:32:55,135 DEBUG    urllib3.connectionpool https://oauth2.googleapis.com:443 "POST /token HTTP/1.1" 200 None
2021-11-17 15:32:55,143 DEBUG    requests_oauthlib.oauth2_session Prepared fetch token request body grant_type=authorization_code&client_id=32555940559.apps.googleusercontent.com&client_secret=ZmssLNjJy2998hD4CTg2ejr2&code_verifier=RGu6DT2ik6v6Cy7LwHtTmv9ayDFe2w1PNMEZvC%7EBjQ4PK7-3scjLq9vMGRBScc8EvR%7E1B_SdJNTVrlENIbc.JiiCamcZ4p37N9-B8YjZ_17fRO-mwbQ0MheALjFMSjQL&code=4%2F0AX4XfWgu8M86thjqZBi0i2tsn95DTtSdXmA_o8koHioWgpo2-MHClyQX8OwEhROvuKbKxQ&redirect_uri=http%3A%2F%2Flocalhost%3A8085%2F
2021-11-17 15:32:55,143 DEBUG    requests_oauthlib.oauth2_session Request to fetch token completed with status 200.
2021-11-17 15:32:55,143 DEBUG    requests_oauthlib.oauth2_session Request headers were {'Content-Length': '391', 'Accept-Encoding': 'gzip, deflate', 'Accept': 'application/json', 'user-agent': 'google-cloud-sdk gcloud/364.0.0 command/gcloud.auth.login invocation-id/7149d7a842bf4042aa8eb74adfcda2d1 environment/None environment-version/None interactive/True from-script/False python/2.7.16 term/xterm-256color (Macintosh; Intel Mac OS X 19.6.0)', 'Connection': 'keep-alive', 'Content-Type': 'application/x-www-form-urlencoded;charset=UTF-8'}
2021-11-17 15:32:55,144 DEBUG    requests_oauthlib.oauth2_session Request body was code=4%2F0AX4XfWgu8M86thjqZBi0i2tsn95DTtSdXmA_o8koHioWgpo2-MHClyQX8OwEhROvuKbKxQ&code_verifier=RGu6DT2ik6v6Cy7LwHtTmv9ayDFe2w1PNMEZvC%7EBjQ4PK7-3scjLq9vMGRBScc8EvR%7E1B_SdJNTVrlENIbc.JiiCamcZ4p37N9-B8YjZ_17fRO-mwbQ0MheALjFMSjQL&redirect_uri=http%3A%2F%2Flocalhost%3A8085%2F&client_id=32555940559.apps.googleusercontent.com&client_secret=ZmssLNjJy2998hD4CTg2ejr2&grant_type=authorization_code
2021-11-17 15:32:55,144 DEBUG    requests_oauthlib.oauth2_session Response headers were {'X-XSS-Protection': '0', 'X-Content-Type-Options': 'nosniff', 'Content-Encoding': 'gzip', 'Transfer-Encoding': 'chunked', 'Expires': 'Mon, 01 Jan 1990 00:00:00 GMT', 'Vary': 'Origin, X-Origin, Referer', 'Server': 'scaffolding on HTTPServer2', 'Pragma': 'no-cache', 'Cache-Control': 'no-cache, no-store, max-age=0, must-revalidate', 'Date': 'Wed, 17 Nov 2021 23:32:55 GMT', 'X-Frame-Options': 'SAMEORIGIN', 'Alt-Svc': 'h3=":443"; ma=2592000,h3-29=":443"; ma=2592000,h3-Q050=":443"; ma=2592000,h3-Q046=":443"; ma=2592000,h3-Q043=":443"; ma=2592000,quic=":443"; ma=2592000; v="46,43"', 'Content-Type': 'application/json; charset=utf-8'} and content {
  "access_token": "ya29.a0ARrdaM9_x8Nh-TB-c4Ve3NYYYVF-NAhyd0uAbA8KWMPYNAdfvoT1WUCVf5E35ezBBJ13O1tPa-dzDp2jaukSGdCI2yz3MkqefTO8RvzGX-HFE17lzb2Kt0MfkLa5uoTxv5fxV8v8kZLHEDKw2_PGsuwQiNv3znF5qOWW",
  "expires_in": 3599,
  "refresh_token": "1//06Ozas9qXiqRoCgYIARAAGAYSNwF-L9IrDfNJTB35Uvi9MjxUZDob5UluicKoO6b2Tb63oQcGNX2Lyn7oHqgHZ0bbrhcCkFKA2WQ",
  "scope": "https://www.googleapis.com/auth/accounts.reauth https://www.googleapis.com/auth/cloud-platform https://www.googleapis.com/auth/appengine.admin https://www.googleapis.com/auth/compute https://www.googleapis.com/auth/userinfo.email openid",
  "token_type": "Bearer",
  "id_token": "eyJhbGciOiJSUzI1NiIsImtpZCI6IjAzMmIyZWYzZDJjMjgwNjE1N2Y4YTliOWY0ZWY3Nzk4MzRmODVhZGEiLCJ0eXAiOiJKV1QifQ.eyJpc3MiOiJodHRwczovL2FjY291bnRzLmdvb2dsZS5jb20iLCJhenAiOiIzMjU1NTk0MDU1OS5hcHBzLmdvb2dsZXVzZXJjb250ZW50LmNvbSIsImF1ZCI6IjMyNTU1OTQwNTU5LmFwcHMuZ29vZ2xldXNlcmNvbnRlbnQuY29tIiwic3ViIjoiMTAxNDIwNTIzNTk3NzQ0Mjk1MDYyIiwiZW1haWwiOiJ6YWNoc3RhbWVnbmFAZ21haWwuY29tIiwiZW1haWxfdmVyaWZpZWQiOnRydWUsImF0X2hhc2giOiJJMGtnWEdVeDR3Yy1mYlpHdlBPejRBIiwiaWF0IjoxNjM3MTkxOTc1LCJleHAiOjE2MzcxOTU1NzV9.LSFF4Ap4yyanKt3HIjj1Azv_ndbVhYwfdqYZkXPbL1m0kn82nR_uHE2fUkYHRJxHdYZepVxCIZHydEwkDhUcBqJnNvG2SjtlBJyWY-acEnHtGezpKWN3vLxYWjWr9Ry5053VKrDFhetKcF-HD4ockWaEzZBmGZgfrtgRhz6aqKAfT1aR86vgD2QDEcOOobwRYYxqT9uMeV3nQrpPt7b16jX-XHX9mvTs5QJNT8flT2tdcUJzlzeOsTWoFpAgeRoZvb0VfVL96mZv4Byggs4BKgqimgGb-Z8NRxqLbb69kvo3V1G8h342uBskQc-hKpjupODeQLuNaMjV51pSKzss3Q"
}.
2021-11-17 15:32:55,144 DEBUG    requests_oauthlib.oauth2_session Invoking 0 token response hooks.
2021-11-17 15:32:55,144 DEBUG    requests_oauthlib.oauth2_session Obtained token {u'token_type': u'Bearer', u'refresh_token': u'1//06Ozas9qXiqRoCgYIARAAGAYSNwF-L9IrDfNJTB35Uvi9MjxUZDob5UluicKoO6b2Tb63oQcGNX2Lyn7oHqgHZ0bbrhcCkFKA2WQ', u'scope': [u'https://www.googleapis.com/auth/accounts.reauth', u'https://www.googleapis.com/auth/cloud-platform', u'https://www.googleapis.com/auth/appengine.admin', u'https://www.googleapis.com/auth/compute', u'https://www.googleapis.com/auth/userinfo.email', u'openid'], u'access_token': u'ya29.a0ARrdaM9_x8Nh-TB-c4Ve3NYYYVF-NAhyd0uAbA8KWMPYNAdfvoT1WUCVf5E35ezBBJ13O1tPa-dzDp2jaukSGdCI2yz3MkqefTO8RvzGX-HFE17lzb2Kt0MfkLa5uoTxv5fxV8v8kZLHEDKw2_PGsuwQiNv3znF5qOWW', u'id_token': u'eyJhbGciOiJSUzI1NiIsImtpZCI6IjAzMmIyZWYzZDJjMjgwNjE1N2Y4YTliOWY0ZWY3Nzk4MzRmODVhZGEiLCJ0eXAiOiJKV1QifQ.eyJpc3MiOiJodHRwczovL2FjY291bnRzLmdvb2dsZS5jb20iLCJhenAiOiIzMjU1NTk0MDU1OS5hcHBzLmdvb2dsZXVzZXJjb250ZW50LmNvbSIsImF1ZCI6IjMyNTU1OTQwNTU5LmFwcHMuZ29vZ2xldXNlcmNvbnRlbnQuY29tIiwic3ViIjoiMTAxNDIwNTIzNTk3NzQ0Mjk1MDYyIiwiZW1haWwiOiJ6YWNoc3RhbWVnbmFAZ21haWwuY29tIiwiZW1haWxfdmVyaWZpZWQiOnRydWUsImF0X2hhc2giOiJJMGtnWEdVeDR3Yy1mYlpHdlBPejRBIiwiaWF0IjoxNjM3MTkxOTc1LCJleHAiOjE2MzcxOTU1NzV9.LSFF4Ap4yyanKt3HIjj1Azv_ndbVhYwfdqYZkXPbL1m0kn82nR_uHE2fUkYHRJxHdYZepVxCIZHydEwkDhUcBqJnNvG2SjtlBJyWY-acEnHtGezpKWN3vLxYWjWr9Ry5053VKrDFhetKcF-HD4ockWaEzZBmGZgfrtgRhz6aqKAfT1aR86vgD2QDEcOOobwRYYxqT9uMeV3nQrpPt7b16jX-XHX9mvTs5QJNT8flT2tdcUJzlzeOsTWoFpAgeRoZvb0VfVL96mZv4Byggs4BKgqimgGb-Z8NRxqLbb69kvo3V1G8h342uBskQc-hKpjupODeQLuNaMjV51pSKzss3Q', u'expires_in': 3599, u'expires_at': 1637195574.144456}.
2021-11-17 15:32:55,153 INFO     ___FILE_ONLY___ 
You are now logged in as [zachstamegna@gmail.com].
Your current project is [high-comfort-332206].  You can change this setting by running:
  $ gcloud config set project PROJECT_ID

2021-11-17 15:32:55,156 INFO     root            Display format: "none"
2021-11-17 15:32:55,327 DEBUG    root            Checking for updates...
2021-11-17 15:32:55,376 DEBUG    urllib3.connectionpool Starting new HTTPS connection (1): dl.google.com:443
2021-11-17 15:32:55,513 DEBUG    urllib3.connectionpool https://dl.google.com:443 "GET /dl/cloudsdk/channels/rapid/components-2.json HTTP/1.1" 200 171933
2021-11-17 15:32:55,609 DEBUG    root            Updating notification cache...
2021-11-17 15:32:55,609 DEBUG    root            Activating notification: [default]
2021-11-17 15:32:55,610 INFO     ___FILE_ONLY___ 

Updates are available for some Cloud SDK components.  To install them,
please run:
  $ gcloud components update


